***************************************************************************
*                       SPARC (version Apr 23, 2021)                      *
*   Copyright (c) 2020 Material Physics & Mechanics Group, Georgia Tech   *
*           Distributed under GNU General Public License 3 (GPL)          *
*                   Start time: Mon Jan 23 12:50:46 2023                  *
***************************************************************************
                           Input parameters                                
***************************************************************************
CELL: 39.1486737772564 39.1486737772564 39.1486737772564 
LATVEC:
1 0 0 
0 1 0 
0 0 1 
FD_GRID: 130 130 130
FD_ORDER: 12
BC: P P P
KPOINT_GRID: 1 1 1
KPOINT_SHIFT: 0 0 0
SPIN_TYP: 0
ELEC_TEMP_TYPE: Fermi-Dirac
ELEC_TEMP: 2400
CHEB_DEGREE: 25
NSTATES: 2200
#WARNING: Number of bands may be insufficient for efficient SCF convergence.
EXCHANGE_CORRELATION: GGA_PBE
CALC_STRESS: 0
CALC_PRES: 0
TWTIME: 1E+09
MD_FLAG: 1
MD_METHOD: NVT_NH
MD_TIMESTEP: 0.2
MD_NSTEP: 10
ION_VEL_DSTR: 2
ION_VEL_DSTR_RAND: 0
ION_TEMP: 2400
ION_TEMP_END: 2400
QMASS: 1653.65493345972
CHEFSI_BOUND_FLAG: 0
MAXIT_SCF: 20
MINIT_SCF: 3
MAXIT_POISSON: 3000
TOL_SCF: 3.00E-03
POISSON_SOLVER: AAR
TOL_POISSON: 3.00E-05
TOL_LANCZOS: 1.00E-02
TOL_PSEUDOCHARGE: 3.00E-05
MIXING_VARIABLE: potential
MIXING_PRECOND: none
#WARNING: the preconditioner for SCF has been turned off, this 
#might lead to slow SCF convergence. To specify SCF preconditioner, 
#use 'MIXING_PRECOND' in the .inpt file
MIXING_PARAMETER: 0.8
MIXING_HISTORY: 7
PULAY_FREQUENCY: 1
PULAY_RESTART: 0
REFERENCE_CUTOFF: 0.5
RHO_TRIGGER: 4
FIX_RAND: 0
VERBOSITY: 1
PRINT_FORCES: 1
PRINT_ATOMS: 0
PRINT_EIGEN: 0
PRINT_DENSITY: 0
PRINT_MDOUT: 0
PRINT_VELS: 1
PRINT_RESTART: 0
OUTPUT_FILE: He2000
***************************************************************************
                           Parallelization                                 
***************************************************************************
NP_SPIN_PARAL: 1
NP_KPOINT_PARAL: 1
NP_BAND_PARAL: 1100
NP_DOMAIN_PARAL: 1 1 1
NP_DOMAIN_PHI_PARAL: 10 10 11
EIG_SERIAL_MAXNS: 3000
***************************************************************************
                             Initialization                                
***************************************************************************
Number of processors               :  1100
Mesh spacing                       :  0.301144 (Bohr)
Number of symmetry adapted k-points:  1
Output printed to                  :  He2000.out
Total number of atom types         :  1
Total number of atoms              :  2000
Total number of electrons          :  4000
Atom type 1  (valence electrons)   :  He 2
Pseudopotential                    :  ../02_He_2_1.1_1.2_pbe_v1.0.psp8
Atomic mass                        :  4.002602
Pseudocharge radii of atom type 1  :  2.71 2.71 2.71 (x, y, z dir)
Number of atoms of type 1          :  2000
Estimated total memory usage       :  216.53 GB
Estimated memory per processor     :  201.57 MB
===================================================================
                    Self Consistent Field (SCF#1)                     
===================================================================
Iteration     Free Energy (Ha/atom)   SCF Error        Timing (sec)
1            -2.8210827798E+00        3.519E-02        52.272
2            -2.8211973658E+00        7.095E-03        10.192
3            -2.8211982491E+00        1.314E-03        9.123
Total number of SCF: 3     

k = [0.000, 0.000, 0.000]
Occupation of state 1980 = 2.000000000000000.
Occupation of state 2200 = 0.000000000920360.
====================================================================
                    Energy and force calculation                    
====================================================================
Free energy per atom               : -2.8211982491E+00 (Ha/atom)
Total free energy                  : -5.6423964983E+03 (Ha)
Band structure energy              : -1.7919493777E+03 (Ha)
Exchange correlation energy        : -2.1238523596E+03 (Ha)
Self and correction energy         : -5.7261391361E+03 (Ha)
Entropy*kb*T                       : -5.9994325241E-04 (Ha)
Fermi level                        :  2.2741795702E-01 (Ha)
RMS force                          :  3.9949380331E-02 (Ha/Bohr)
Maximum force                      :  1.2194561718E-01 (Ha/Bohr)
Time for force calculation         :  0.214 (sec)
MD step time                       :  73.637 (sec)
===================================================================
                    Self Consistent Field (SCF#2)                     
===================================================================
Iteration     Free Energy (Ha/atom)   SCF Error        Timing (sec)
1            -2.8211674948E+00        3.736E-02        11.267
2            -2.8212123375E+00        9.012E-03        10.337
3            -2.8212133521E+00        1.202E-03        9.250
Total number of SCF: 3     

k = [0.000, 0.000, 0.000]
Occupation of state 1980 = 2.000000000000000.
Occupation of state 2200 = 0.000000003764007.
====================================================================
                    Energy and force calculation                    
====================================================================
Free energy per atom               : -2.8212133521E+00 (Ha/atom)
Total free energy                  : -5.6424267043E+03 (Ha)
Band structure energy              : -1.7921795335E+03 (Ha)
Exchange correlation energy        : -2.1238714267E+03 (Ha)
Self and correction energy         : -5.7261417448E+03 (Ha)
Entropy*kb*T                       : -6.0550092763E-04 (Ha)
Fermi level                        :  2.2313171390E-01 (Ha)
RMS force                          :  3.9848108241E-02 (Ha/Bohr)
Maximum force                      :  1.2064723855E-01 (Ha/Bohr)
Time for force calculation         :  0.215 (sec)
MD step time                       :  33.328 (sec)
===================================================================
                    Self Consistent Field (SCF#3)                     
===================================================================
Iteration     Free Energy (Ha/atom)   SCF Error        Timing (sec)
1            -2.8211839902E+00        3.754E-02        10.342
2            -2.8212290854E+00        9.117E-03        11.348
3            -2.8212301113E+00        1.236E-03        9.242
Total number of SCF: 3     

k = [0.000, 0.000, 0.000]
Occupation of state 1980 = 2.000000000000000.
Occupation of state 2200 = 0.000000007050424.
====================================================================
                    Energy and force calculation                    
====================================================================
Free energy per atom               : -2.8212301113E+00 (Ha/atom)
Total free energy                  : -5.6424602226E+03 (Ha)
Band structure energy              : -1.7921785783E+03 (Ha)
Exchange correlation energy        : -2.1238618793E+03 (Ha)
Self and correction energy         : -5.7261447962E+03 (Ha)
Entropy*kb*T                       : -6.0710291693E-04 (Ha)
Fermi level                        :  2.2251776843E-01 (Ha)
RMS force                          :  3.9792185010E-02 (Ha/Bohr)
Maximum force                      :  1.2482725090E-01 (Ha/Bohr)
Time for force calculation         :  0.214 (sec)
MD step time                       :  33.414 (sec)
===================================================================
                    Self Consistent Field (SCF#4)                     
===================================================================
Iteration     Free Energy (Ha/atom)   SCF Error        Timing (sec)
1            -2.8212480630E+00        9.528E-03        10.404
2            -2.8212487409E+00        2.250E-03        11.366
3            -2.8212487873E+00        1.751E-04        9.193
Total number of SCF: 3     

k = [0.000, 0.000, 0.000]
Occupation of state 1980 = 2.000000000000000.
Occupation of state 2200 = 0.000000010149141.
====================================================================
                    Energy and force calculation                    
====================================================================
Free energy per atom               : -2.8212487873E+00 (Ha/atom)
Total free energy                  : -5.6424975747E+03 (Ha)
Band structure energy              : -1.7921823498E+03 (Ha)
Exchange correlation energy        : -2.1238502098E+03 (Ha)
Self and correction energy         : -5.7261481454E+03 (Ha)
Entropy*kb*T                       : -6.0696564198E-04 (Ha)
Fermi level                        :  2.2232749033E-01 (Ha)
RMS force                          :  3.9727389847E-02 (Ha/Bohr)
Maximum force                      :  1.2799067495E-01 (Ha/Bohr)
Time for force calculation         :  0.217 (sec)
MD step time                       :  33.441 (sec)
===================================================================
                    Self Consistent Field (SCF#5)                     
===================================================================
Iteration     Free Energy (Ha/atom)   SCF Error        Timing (sec)
1            -2.8212681598E+00        1.006E-02        10.171
2            -2.8212688558E+00        2.364E-03        10.142
3            -2.8212688326E+00        1.942E-04        9.663
Total number of SCF: 3     

k = [0.000, 0.000, 0.000]
Occupation of state 1980 = 2.000000000000000.
Occupation of state 2200 = 0.000000013023377.
====================================================================
                    Energy and force calculation                    
====================================================================
Free energy per atom               : -2.8212688326E+00 (Ha/atom)
Total free energy                  : -5.6425376652E+03 (Ha)
Band structure energy              : -1.7921802372E+03 (Ha)
Exchange correlation energy        : -2.1238373908E+03 (Ha)
Self and correction energy         : -5.7261517567E+03 (Ha)
Entropy*kb*T                       : -6.0599823102E-04 (Ha)
Fermi level                        :  2.2215137097E-01 (Ha)
RMS force                          :  3.9672224466E-02 (Ha/Bohr)
Maximum force                      :  1.3093605110E-01 (Ha/Bohr)
Time for force calculation         :  0.214 (sec)
MD step time                       :  31.384 (sec)
===================================================================
                    Self Consistent Field (SCF#6)                     
===================================================================
Iteration     Free Energy (Ha/atom)   SCF Error        Timing (sec)
1            -2.8212887985E+00        1.014E-02        10.149
2            -2.8212895592E+00        2.380E-03        10.024
3            -2.8212895841E+00        2.061E-04        9.050
Total number of SCF: 3     

k = [0.000, 0.000, 0.000]
Occupation of state 1980 = 2.000000000000000.
Occupation of state 2200 = 0.000000015787716.
====================================================================
                    Energy and force calculation                    
====================================================================
Free energy per atom               : -2.8212895841E+00 (Ha/atom)
Total free energy                  : -5.6425791681E+03 (Ha)
Band structure energy              : -1.7921768336E+03 (Ha)
Exchange correlation energy        : -2.1238230973E+03 (Ha)
Self and correction energy         : -5.7261555366E+03 (Ha)
Entropy*kb*T                       : -6.0474811152E-04 (Ha)
Fermi level                        :  2.2198022496E-01 (Ha)
RMS force                          :  3.9616846081E-02 (Ha/Bohr)
Maximum force                      :  1.3326692796E-01 (Ha/Bohr)
Time for force calculation         :  0.215 (sec)
MD step time                       :  30.694 (sec)
===================================================================
                    Self Consistent Field (SCF#7)                     
===================================================================
Iteration     Free Energy (Ha/atom)   SCF Error        Timing (sec)
1            -2.8213108738E+00        1.021E-02        10.276
2            -2.8213116078E+00        2.399E-03        10.119
3            -2.8213115869E+00        2.022E-04        9.041
Total number of SCF: 3     

k = [0.000, 0.000, 0.000]
Occupation of state 1980 = 2.000000000000000.
Occupation of state 2200 = 0.000000018565109.
====================================================================
                    Energy and force calculation                    
====================================================================
Free energy per atom               : -2.8213115869E+00 (Ha/atom)
Total free energy                  : -5.6426231738E+03 (Ha)
Band structure energy              : -1.7921772956E+03 (Ha)
Exchange correlation energy        : -2.1238065062E+03 (Ha)
Self and correction energy         : -5.7261594112E+03 (Ha)
Entropy*kb*T                       : -6.0372558409E-04 (Ha)
Fermi level                        :  2.2185689658E-01 (Ha)
RMS force                          :  3.9556876212E-02 (Ha/Bohr)
Maximum force                      :  1.3459581767E-01 (Ha/Bohr)
Time for force calculation         :  0.226 (sec)
MD step time                       :  31.913 (sec)
===================================================================
                    Self Consistent Field (SCF#8)                     
===================================================================
Iteration     Free Energy (Ha/atom)   SCF Error        Timing (sec)
1            -2.8213345121E+00        9.900E-03        10.122
2            -2.8213351869E+00        2.333E-03        10.073
3            -2.8213352363E+00        1.862E-04        9.055
Total number of SCF: 3     

k = [0.000, 0.000, 0.000]
Occupation of state 1980 = 2.000000000000000.
Occupation of state 2200 = 0.000000020226554.
====================================================================
                    Energy and force calculation                    
====================================================================
Free energy per atom               : -2.8213352363E+00 (Ha/atom)
Total free energy                  : -5.6426704726E+03 (Ha)
Band structure energy              : -1.7921797752E+03 (Ha)
Exchange correlation energy        : -2.1237880849E+03 (Ha)
Self and correction energy         : -5.7261632671E+03 (Ha)
Entropy*kb*T                       : -6.0242556342E-04 (Ha)
Fermi level                        :  2.2170014782E-01 (Ha)
RMS force                          :  3.9494375420E-02 (Ha/Bohr)
Maximum force                      :  1.3563547345E-01 (Ha/Bohr)
Time for force calculation         :  0.217 (sec)
MD step time                       :  30.658 (sec)
===================================================================
                    Self Consistent Field (SCF#9)                     
===================================================================
Iteration     Free Energy (Ha/atom)   SCF Error        Timing (sec)
1            -2.8213594142E+00        9.899E-03        11.195
2            -2.8213601920E+00        2.335E-03        10.209
3            -2.8213601790E+00        1.928E-04        9.123
Total number of SCF: 3     

k = [0.000, 0.000, 0.000]
Occupation of state 1980 = 2.000000000000000.
Occupation of state 2200 = 0.000000021091250.
====================================================================
                    Energy and force calculation                    
====================================================================
Free energy per atom               : -2.8213601790E+00 (Ha/atom)
Total free energy                  : -5.6427203580E+03 (Ha)
Band structure energy              : -1.7921816343E+03 (Ha)
Exchange correlation energy        : -2.1237666119E+03 (Ha)
Self and correction energy         : -5.7261668825E+03 (Ha)
Entropy*kb*T                       : -6.0108301567E-04 (Ha)
Fermi level                        :  2.2153766694E-01 (Ha)
RMS force                          :  3.9425308874E-02 (Ha/Bohr)
Maximum force                      :  1.3554103509E-01 (Ha/Bohr)
Time for force calculation         :  0.196 (sec)
MD step time                       :  31.918 (sec)
===================================================================
                    Self Consistent Field (SCF#10)                     
===================================================================
Iteration     Free Energy (Ha/atom)   SCF Error        Timing (sec)
1            -2.8213861615E+00        1.041E-02        11.211
2            -2.8213868735E+00        2.450E-03        10.076
3            -2.8213868992E+00        2.227E-04        9.014
Total number of SCF: 3     

k = [0.000, 0.000, 0.000]
Occupation of state 1980 = 2.000000000000000.
Occupation of state 2200 = 0.000000021790547.
====================================================================
                    Energy and force calculation                    
====================================================================
Free energy per atom               : -2.8213868992E+00 (Ha/atom)
Total free energy                  : -5.6427737984E+03 (Ha)
Band structure energy              : -1.7921899394E+03 (Ha)
Exchange correlation energy        : -2.1237422359E+03 (Ha)
Self and correction energy         : -5.7261699859E+03 (Ha)
Entropy*kb*T                       : -5.9996465931E-04 (Ha)
Fermi level                        :  2.2142071118E-01 (Ha)
RMS force                          :  3.9351032052E-02 (Ha/Bohr)
Maximum force                      :  1.3776119542E-01 (Ha/Bohr)
Time for force calculation         :  0.230 (sec)
MD step time                       :  31.732 (sec)
***************************************************************************
                               Timing info                                 
***************************************************************************
Total walltime                     :  362.166 sec
___________________________________________________________________________

***************************************************************************
*             Material Physics & Mechanics Group, Georgia Tech            *
*                       PI: Phanish Suryanarayana                         *
*                Main Developers: Qimen Xu, Abhiraj Sharma                *
*     Collaborators: J.E. Pask (LLNL), A.J. Medford (GT), E. Chow (GT)    *
*  Acknowledgements: U.S. DOE (DE-SC0019410); U.S. NSF (1333500,1553212)  *
***************************************************************************
                                                                           
