---------------------------------------
Begin Slurm Prolog: Feb-15-2023 17:38:09
Job ID:    712088
User ID:   bzhang376
Account:   gts-phanish6-coda20
Job name:  TiO2_vacuum
Partition: cpu-small
QOS:       inferno
---------------------------------------

Lmod is automatically replacing "gcc/10.3.0-o57x6h" with "intel/20.0.4".


The following have been reloaded with a version change:
  1) mvapich2/2.3.6-ouywal => mvapich2/2.3.6-z2duuy

---------------------------------------
Begin Slurm Epilog: Feb-15-2023 17:55:35
Job ID:        712088
Array Job ID:  _4294967294
User ID:       bzhang376
Account:       gts-phanish6-coda20
Job name:      TiO2_vacuum
Resources:     cpu=360,mem=2520G,node=30
Rsrc Used:     cput=4-08:36:00,vmem=9420K,walltime=00:17:26,mem=8212K,energy_used=0
Partition:     cpu-small
QOS:           inferno
Nodes:         atl1-1-02-002-23-2,atl1-1-02-002-24-[1-2],atl1-1-02-002-25-[1-2],atl1-1-02-002-26-[1-2],atl1-1-02-006-8-1,atl1-1-02-012-2-[1-2],atl1-1-02-012-3-[1-2],atl1-1-02-020-1-[1-2],atl1-1-02-020-2-[1-2],atl1-1-02-020-3-[1-2],atl1-1-02-020-4-1,atl1-1-02-020-6-2,atl1-1-02-020-10-1,atl1-1-02-020-13-2,atl1-1-02-020-17-[1-2],atl1-1-02-020-18-[1-2],atl1-1-02-020-28-2,atl1-1-02-020-29-1,atl1-1-02-020-32-2,atl1-1-02-020-33-1
---------------------------------------
