***************************************************************************
*                       SPARC (version Dec 19, 2022)                      *
*   Copyright (c) 2020 Material Physics & Mechanics Group, Georgia Tech   *
*           Distributed under GNU General Public License 3 (GPL)          *
*                   Start time: Wed Feb 15 17:38:13 2023                  *
***************************************************************************
                           Input parameters                                
***************************************************************************
LATVEC_SCALE: 17.5236981730929 11.2151152043688 44.9814825493465 
LATVEC:
1 0 0 
0 1 0 
0 0 1 
FD_GRID: 70 45 180
FD_ORDER: 12
BC: P P D
KPOINT_GRID: 2 2 1
KPOINT_SHIFT: 0.5 0.5 0
SPIN_TYP: 0
ELEC_TEMP_TYPE: Gaussian
SMEARING: 0.001836999861
EXCHANGE_CORRELATION: HSE
EXX_RANGE_FOCK: 0.106000
EXX_RANGE_PBE: 0.106000
NSTATES: 465
CHEB_DEGREE: 30
CHEFSI_BOUND_FLAG: 0
CALC_STRESS: 0
CALC_PRES: 0
MAXIT_SCF: 100
MINIT_SCF: 2
MAXIT_POISSON: 3000
TOL_SCF: 5.00E-04
POISSON_SOLVER: AAR
TOL_POISSON: 5.00E-06
TOL_LANCZOS: 1.00E-02
TOL_PSEUDOCHARGE: 5.00E-06
MIXING_VARIABLE: density
MIXING_PRECOND: kerker
TOL_PRECOND: 6.24E-05
PRECOND_KERKER_KTF: 1
PRECOND_KERKER_THRESH: 0.1
MIXING_PARAMETER: 0.3
MIXING_HISTORY: 7
PULAY_FREQUENCY: 1
PULAY_RESTART: 0
REFERENCE_CUTOFF: 0.5
RHO_TRIGGER: 4
FIX_RAND: 0
VERBOSITY: 1
PRINT_FORCES: 1
PRINT_ATOMS: 1
PRINT_EIGEN: 0
PRINT_DENSITY: 0
PRINT_ENERGY_DENSITY: 0
EXX_FRAC: 0.25
TOL_FOCK: 1.00E-04
TOL_SCF_INIT: 1.00E-03
MAXIT_FOCK: 20
MINIT_FOCK: 2
EXX_METHOD: FOURIER_SPACE
EXX_DIVERGENCE: AUXILIARY
EXX_MEM: 12
ACE_FLAG: 1
EXX_ACE_VALENCE_STATES: 3
EXX_DOWNSAMPLING: 1 1 1
OUTPUT_FILE: TiO2_HSE_44
***************************************************************************
                                Cell                                       
***************************************************************************
Lattice vectors (Bohr):
17.523698173092900 0.000000000000000 0.000000000000000 
0.000000000000000 11.215115204368800 0.000000000000000 
0.000000000000000 0.000000000000000 44.981482549346488 
Volume: 8.8402239818E+03 (Bohr^3)
***************************************************************************
                           Parallelization                                 
***************************************************************************
NP_SPIN_PARAL: 1
NP_KPOINT_PARAL: 2
NP_BAND_PARAL: 6
NP_DOMAIN_PARAL: 3 2 5
NP_DOMAIN_PHI_PARAL: 6 4 15
EIG_SERIAL_MAXNS: 1500
***************************************************************************
                             Initialization                                
***************************************************************************
Number of processors               :  360
Mesh spacing in x-direction        :  0.250339 (Bohr)
Mesh spacing in y-direction        :  0.249225 (Bohr)
Mesh spacing in z-direction        :  0.249897 (Bohr)
Number of symmetry adapted k-points:  2
Output printed to                  :  TiO2_HSE_44.out
Total number of atom types         :  2
Total number of atoms              :  96
Total number of electrons          :  768
Atom type 1  (valence electrons)   :  O 6
Pseudopotential                    :  ../08_O_6_1.2_1.4_pbe_n_v1.0.psp8
Pseudocharge radii of atom type 1  :  6.51 6.48 6.50 (x, y, z dir)
Number of atoms of type 1          :  64
Atom type 2  (valence electrons)   :  Ti 12
Pseudopotential                    :  ../22_Ti_12_2.0_2.8_pbe_n_v1.0.psp8
Pseudocharge radii of atom type 2  :  6.26 6.23 6.25 (x, y, z dir)
Number of atoms of type 2          :  32
Estimated total memory usage       :  182.25 GB
Estimated memory per processor     :  518.41 MB
===================================================================
                    Self Consistent Field (SCF#1)                     
===================================================================
Iteration     Free Energy (Ha/atom)   SCF Error        Timing (sec)
1            -3.0688325924E+01        1.465E-01        17.610
2            -3.0636725131E+01        5.264E-02        4.185
3            -3.0633738289E+01        3.452E-02        4.303
4            -3.0634828418E+01        2.822E-02        4.183
5            -3.0633370278E+01        8.563E-03        4.230
6            -3.0633372341E+01        4.141E-03        4.139
7            -3.0633372899E+01        3.537E-03        4.180
8            -3.0633372032E+01        1.592E-03        4.160
9            -3.0633367675E+01        1.309E-03        4.182
10           -3.0633369940E+01        3.190E-04        4.212
Total number of SCF: 10    

No.1 Exx outer loop. ACE timing: 276.422 (sec)
1            -3.0415400991E+01        1.063E-02        9.198
2            -3.0415900513E+01        1.257E-02        8.890
3            -3.0415362238E+01        6.357E-03        8.885
4            -3.0415230613E+01        2.243E-03        8.874
5            -3.0415252091E+01        1.569E-03        8.888
6            -3.0415224265E+01        1.175E-03        8.900
7            -3.0415213141E+01        4.358E-04        8.853
Total number of SCF: 7     
Exx outer loop error: 3.5054580922e-04 

No.2 Exx outer loop. ACE timing: 278.833 (sec)
1            -3.0415637072E+01        2.378E-03        9.121
2            -3.0415641354E+01        2.148E-03        8.801
3            -3.0415623482E+01        1.049E-03        8.824
4            -3.0415621047E+01        6.301E-04        8.803
5            -3.0415618270E+01        4.248E-04        8.788
Total number of SCF: 5     
Exx outer loop error: 1.9646341978e-04 

No.3 Exx outer loop. ACE timing: 276.822 (sec)
1            -3.0415646306E+01        8.820E-04        9.218
2            -3.0415646011E+01        5.349E-04        9.013
3            -3.0415647412E+01        1.423E-04        8.924
Total number of SCF: 3     
Exx outer loop error: 3.4988452328e-05 
====================================================================
                    Energy and force calculation                    
====================================================================
Free energy per atom               : -3.0415577435E+01 (Ha/atom)
Total free energy                  : -2.9198954337E+03 (Ha)
Band structure energy              : -7.6152119938E+02 (Ha)
Exchange correlation energy        : -5.1712503446E+02 (Ha)
Self and correction energy         : -3.8440875830E+03 (Ha)
-Entropy*kb*T                      : -1.7011861976E-07 (Ha)
Fermi level                        : -1.8791483916E-01 (Ha)
RMS force                          :  1.6416601765E-02 (Ha/Bohr)
Maximum force                      :  8.4049883188E-02 (Ha/Bohr)
Time for force calculation         :  0.196 (sec)
***************************************************************************
                               Timing info                                 
***************************************************************************
Total walltime                     :  1042.248 sec
___________________________________________________________________________

***************************************************************************
*             Material Physics & Mechanics Group, Georgia Tech            *
*                       PI: Phanish Suryanarayana                         *
*               List of contributors: See the documentation               *
*         Citation: See README.md or the documentation for details        *
*  Acknowledgements: U.S. DOE SC (DE-SC0019410), U.S. DOE NNSA (ASC)      *
*      {Preliminary developments: U.S. NSF (1333500,1663244,1553212)}     *
***************************************************************************
                                                                           
