***************************************************************************
*                       SPARC (version Apr 23, 2021)                      *
*   Copyright (c) 2020 Material Physics & Mechanics Group, Georgia Tech   *
*           Distributed under GNU General Public License 3 (GPL)          *
*                   Start time: Tue Jan 17 14:55:21 2023                  *
***************************************************************************
                           Input parameters                                
***************************************************************************
CELL: 50.6009011099014 30.9865970610724 33 
LATVEC:
1 0 0 
0 1 0 
0 0 1 
FD_GRID: 120 74 79
FD_ORDER: 12
BC: P P P
KPOINT_GRID: 4 4 1
KPOINT_SHIFT: 0.5 0.5 0
SPIN_TYP: 0
ELEC_TEMP_TYPE: Gaussian
SMEARING: 0.003674926479
CHEB_DEGREE: 19
NSTATES: 161
EXCHANGE_CORRELATION: GGA_PBE
CALC_STRESS: 0
CALC_PRES: 0
CHEFSI_BOUND_FLAG: 0
MAXIT_SCF: 1000
MINIT_SCF: 3
MAXIT_POISSON: 3000
TOL_SCF: 4.00E-04
POISSON_SOLVER: AAR
TOL_POISSON: 4.00E-06
TOL_LANCZOS: 1.00E-02
TOL_PSEUDOCHARGE: 4.00E-06
MIXING_VARIABLE: density
MIXING_PRECOND: kerker
TOL_PRECOND: 1.76E-04
PRECOND_KERKER_KTF: 1
PRECOND_KERKER_THRESH: 0.1
MIXING_PARAMETER: 0.5
MIXING_HISTORY: 7
PULAY_FREQUENCY: 1
PULAY_RESTART: 0
REFERENCE_CUTOFF: 0.5
RHO_TRIGGER: 4
FIX_RAND: 0
VERBOSITY: 1
PRINT_FORCES: 1
PRINT_ATOMS: 1
PRINT_EIGEN: 0
PRINT_DENSITY: 0
OUTPUT_FILE: Cs_110_surface
***************************************************************************
                           Parallelization                                 
***************************************************************************
NP_SPIN_PARAL: 1
NP_KPOINT_PARAL: 8
NP_BAND_PARAL: 24
NP_DOMAIN_PARAL: 2 1 1
NP_DOMAIN_PHI_PARAL: 8 6 8
EIG_SERIAL_MAXNS: 2000
***************************************************************************
                             Initialization                                
***************************************************************************
Number of processors               :  384
Mesh spacing in x-direction        :  0.421674 (Bohr)
Mesh spacing in y-direction        :  0.418738 (Bohr)
Mesh spacing in z direction        :  0.417722 (Bohr)
Number of symmetry adapted k-points:  8
Output printed to                  :  Cs_110_surface.out
Total number of atom types         :  1
Total number of atoms              :  29
Total number of electrons          :  261
Atom type 1  (valence electrons)   :  Cs 9
Pseudopotential                    :  ../55_Cs_9_2.2_2.5_pbe_n_v1.0.psp8
Pseudocharge radii of atom type 1  :  7.59 7.54 7.52 (x, y, z dir)
Number of atoms of type 1          :  29
Estimated total memory usage       :  80.93 GB
Estimated memory per processor     :  215.82 MB
===================================================================
                    Self Consistent Field (SCF#1)                     
===================================================================
Iteration     Free Energy (Ha/atom)   SCF Error        Timing (sec)
1            -2.3250671638E+01        8.680E-02        20.546
2            -2.3265511751E+01        4.595E-02        5.146
3            -2.3267728704E+01        2.050E-02        5.097
4            -2.3271169642E+01        7.079E-03        5.101
5            -2.3272989007E+01        4.736E-03        5.091
6            -2.3273992498E+01        1.691E-03        5.095
7            -2.3274481256E+01        1.318E-03        5.105
8            -2.3274749391E+01        7.154E-04        5.098
9            -2.3274894629E+01        3.912E-04        5.068
Total number of SCF: 9     

k = [-0.125, -0.125, 0.000]
Occupation of state 145 = 0.000000000000000.
Occupation of state 161 = 0.000000000000000.
====================================================================
                    Energy and force calculation                    
====================================================================
Free energy per atom               : -2.3274897595E+01 (Ha/atom)
Total free energy                  : -6.7497203025E+02 (Ha)
Band structure energy              : -1.2712915173E+02 (Ha)
Exchange correlation energy        : -1.9465175784E+02 (Ha)
Self and correction energy         : -8.3595705026E+02 (Ha)
Entropy*kb*T                       : -6.6231004450E-03 (Ha)
Fermi level                        : -2.0495102873E-02 (Ha)
RMS force                          :  1.1066422518E-03 (Ha/Bohr)
Maximum force                      :  2.0548507877E-03 (Ha/Bohr)
Time for force calculation         :  0.293 (sec)
***************************************************************************
                               Timing info                                 
***************************************************************************
Total walltime                     :  62.123 sec
___________________________________________________________________________

***************************************************************************
*             Material Physics & Mechanics Group, Georgia Tech            *
*                       PI: Phanish Suryanarayana                         *
*                Main Developers: Qimen Xu, Abhiraj Sharma                *
*     Collaborators: J.E. Pask (LLNL), A.J. Medford (GT), E. Chow (GT)    *
*  Acknowledgements: U.S. DOE (DE-SC0019410); U.S. NSF (1333500,1553212)  *
***************************************************************************
                                                                           
