***************************************************************************
*                       SPARC (version Apr 23, 2021)                      *
*   Copyright (c) 2020 Material Physics & Mechanics Group, Georgia Tech   *
*           Distributed under GNU General Public License 3 (GPL)          *
*                   Start time: Mon Apr  3 16:38:50 2023                  *
***************************************************************************
                           Input parameters                                
***************************************************************************
CELL: 30.6 30.6 30.6 
LATVEC:
1 0 0 
0 1 0 
0 0 1 
FD_GRID: 77 77 77
FD_ORDER: 12
BC: P P P
KPOINT_GRID: 1 1 1
KPOINT_SHIFT: 0 0 0
SPIN_TYP: 0
ELEC_TEMP_TYPE: Gaussian
SMEARING: 0.007349864435
CHEB_DEGREE: 20
NSTATES: 450
#WARNING: Number of bands may be insufficient for efficient SCF convergence.
EXCHANGE_CORRELATION: GGA_PBE
CALC_STRESS: 0
CALC_PRES: 0
CHEFSI_BOUND_FLAG: 0
MAXIT_SCF: 100
MINIT_SCF: 3
MAXIT_POISSON: 3000
TOL_SCF: 2.00E-03
POISSON_SOLVER: AAR
TOL_POISSON: 2.00E-05
TOL_LANCZOS: 1.00E-02
TOL_PSEUDOCHARGE: 2.00E-05
MIXING_VARIABLE: density
MIXING_PRECOND: kerker
TOL_PRECOND: 1.58E-04
PRECOND_KERKER_KTF: 1
PRECOND_KERKER_THRESH: 0.1
MIXING_PARAMETER: 0.5
MIXING_HISTORY: 7
PULAY_FREQUENCY: 1
PULAY_RESTART: 0
REFERENCE_CUTOFF: 0.5
RHO_TRIGGER: 4
FIX_RAND: 0
VERBOSITY: 1
PRINT_FORCES: 1
PRINT_ATOMS: 0
PRINT_EIGEN: 0
PRINT_DENSITY: 0
OUTPUT_FILE: Al256
***************************************************************************
                           Parallelization                                 
***************************************************************************
NP_SPIN_PARAL: 1
NP_KPOINT_PARAL: 1
NP_BAND_PARAL: 24
NP_DOMAIN_PARAL: 1 2 2
NP_DOMAIN_PHI_PARAL: 4 4 6
EIG_SERIAL_MAXNS: 2000
***************************************************************************
                             Initialization                                
***************************************************************************
Number of processors               :  96
Mesh spacing                       :  0.397403 (Bohr)
Number of symmetry adapted k-points:  1
Output printed to                  :  Al256.out
Total number of atom types         :  1
Total number of atoms              :  256
Total number of electrons          :  768
Atom type 1  (valence electrons)   :  Al 3
Pseudopotential                    :  ../13_Al_3_1.9_1.9_pbe_n_v1.0.psp8
Pseudocharge radii of atom type 1  :  6.36 6.36 6.36 (x, y, z dir)
Number of atoms of type 1          :  256
Estimated total memory usage       :  9.28 GB
Estimated memory per processor     :  98.98 MB
===================================================================
                    Self Consistent Field (SCF#1)                     
===================================================================
Iteration     Free Energy (Ha/atom)   SCF Error        Timing (sec)
1            -2.3002000543E+00        1.444E-01        8.519
2            -2.3113648289E+00        8.384E-02        2.343
3            -2.3145139189E+00        1.727E-02        2.164
4            -2.3157999341E+00        1.061E-02        2.075
5            -2.3163104982E+00        5.870E-03        2.069
6            -2.3165308417E+00        3.115E-03        2.095
7            -2.3166262433E+00        1.367E-03        2.047
Total number of SCF: 7     

k = [0.000, 0.000, 0.000]
Occupation of state 405 = 0.000373468416965.
Occupation of state 450 = 0.000000000000000.
====================================================================
                    Energy and force calculation                    
====================================================================
Free energy per atom               : -2.3166250115E+00 (Ha/atom)
Total free energy                  : -5.9305600295E+02 (Ha)
Band structure energy              :  1.6731455458E+01 (Ha)
Exchange correlation energy        : -2.8068993627E+02 (Ha)
Self and correction energy         : -7.9992559812E+02 (Ha)
Entropy*kb*T                       : -8.7681922494E-02 (Ha)
Fermi level                        :  1.7701887351E-01 (Ha)
RMS force                          :  3.5449919989E-02 (Ha/Bohr)
Maximum force                      :  1.0379920708E-01 (Ha/Bohr)
Time for force calculation         :  0.156 (sec)
***************************************************************************
                               Timing info                                 
***************************************************************************
Total walltime                     :  22.128 sec
___________________________________________________________________________

***************************************************************************
*             Material Physics & Mechanics Group, Georgia Tech            *
*                       PI: Phanish Suryanarayana                         *
*                Main Developers: Qimen Xu, Abhiraj Sharma                *
*     Collaborators: J.E. Pask (LLNL), A.J. Medford (GT), E. Chow (GT)    *
*  Acknowledgements: U.S. DOE (DE-SC0019410); U.S. NSF (1333500,1553212)  *
***************************************************************************
                                                                           
