***************************************************************************
*                       SPARC (version Apr 23, 2021)                      *
*   Copyright (c) 2020 Material Physics & Mechanics Group, Georgia Tech   *
*           Distributed under GNU General Public License 3 (GPL)          *
*                   Start time: Mon Apr  3 21:57:04 2023                  *
***************************************************************************
                           Input parameters                                
***************************************************************************
CELL: 50.6009011099014 30.9865970610724 34 
LATVEC:
1 0 0 
0 1 0 
0 0 1 
FD_GRID: 120 74 81
FD_ORDER: 12
BC: P P P
KPOINT_GRID: 4 4 1
KPOINT_SHIFT: 0.5 0.5 0
SPIN_TYP: 0
ELEC_TEMP_TYPE: Gaussian
SMEARING: 0.003674926479
CHEB_DEGREE: 19
NSTATES: 161
EXCHANGE_CORRELATION: GGA_PBE
CALC_STRESS: 0
CALC_PRES: 0
CHEFSI_BOUND_FLAG: 0
MAXIT_SCF: 1000
MINIT_SCF: 3
MAXIT_POISSON: 3000
TOL_SCF: 4.00E-04
POISSON_SOLVER: AAR
TOL_POISSON: 4.00E-06
TOL_LANCZOS: 1.00E-02
TOL_PSEUDOCHARGE: 4.00E-06
MIXING_VARIABLE: density
MIXING_PRECOND: kerker
TOL_PRECOND: 1.76E-04
PRECOND_KERKER_KTF: 1
PRECOND_KERKER_THRESH: 0.1
MIXING_PARAMETER: 0.7
MIXING_HISTORY: 7
PULAY_FREQUENCY: 1
PULAY_RESTART: 0
REFERENCE_CUTOFF: 0.5
RHO_TRIGGER: 5
FIX_RAND: 0
VERBOSITY: 1
PRINT_FORCES: 1
PRINT_ATOMS: 1
PRINT_EIGEN: 0
PRINT_DENSITY: 0
OUTPUT_FILE: Cs_110_surface
***************************************************************************
                           Parallelization                                 
***************************************************************************
NP_SPIN_PARAL: 1
NP_KPOINT_PARAL: 8
NP_BAND_PARAL: 24
NP_DOMAIN_PARAL: 1 1 1
NP_DOMAIN_PHI_PARAL: 8 4 6
EIG_SERIAL_MAXNS: 2000
***************************************************************************
                             Initialization                                
***************************************************************************
Number of processors               :  192
Mesh spacing in x-direction        :  0.421674 (Bohr)
Mesh spacing in y-direction        :  0.418738 (Bohr)
Mesh spacing in z direction        :  0.419753 (Bohr)
Number of symmetry adapted k-points:  8
Output printed to                  :  Cs_110_surface.out
Total number of atom types         :  1
Total number of atoms              :  29
Total number of electrons          :  261
Atom type 1  (valence electrons)   :  Cs 9
Pseudopotential                    :  ../55_Cs_9_2.2_2.5_pbe_n_v1.0.psp8
Pseudocharge radii of atom type 1  :  7.59 7.54 7.56 (x, y, z dir)
Number of atoms of type 1          :  29
Estimated total memory usage       :  82.98 GB
Estimated memory per processor     :  442.56 MB
===================================================================
                    Self Consistent Field (SCF#1)                     
===================================================================
Iteration     Free Energy (Ha/atom)   SCF Error        Timing (sec)
1            -2.3270193207E+01        8.638E-02        53.729
2            -2.3270109893E+01        3.343E-02        10.471
3            -2.3271082239E+01        1.764E-02        10.508
4            -2.3273008165E+01        5.235E-03        10.497
5            -2.3274009570E+01        2.462E-03        10.454
6            -2.3274540058E+01        1.358E-03        10.441
7            -2.3274817952E+01        6.714E-04        10.454
8            -2.3274964046E+01        3.447E-04        10.391
Total number of SCF: 8     

k = [-0.125, -0.125, 0.000]
Occupation of state 145 = 0.000000000000000.
Occupation of state 161 = 0.000000000000000.
====================================================================
                    Energy and force calculation                    
====================================================================
Free energy per atom               : -2.3274966984E+01 (Ha/atom)
Total free energy                  : -6.7497404254E+02 (Ha)
Band structure energy              : -1.2748261617E+02 (Ha)
Exchange correlation energy        : -1.9465206868E+02 (Ha)
Self and correction energy         : -8.3595703601E+02 (Ha)
Entropy*kb*T                       : -6.5873717450E-03 (Ha)
Fermi level                        : -2.1867486642E-02 (Ha)
RMS force                          :  1.8624565402E-03 (Ha/Bohr)
Maximum force                      :  2.9322528332E-03 (Ha/Bohr)
Time for force calculation         :  0.547 (sec)
***************************************************************************
                               Timing info                                 
***************************************************************************
Total walltime                     :  127.950 sec
___________________________________________________________________________

***************************************************************************
*             Material Physics & Mechanics Group, Georgia Tech            *
*                       PI: Phanish Suryanarayana                         *
*                Main Developers: Qimen Xu, Abhiraj Sharma                *
*     Collaborators: J.E. Pask (LLNL), A.J. Medford (GT), E. Chow (GT)    *
*  Acknowledgements: U.S. DOE (DE-SC0019410); U.S. NSF (1333500,1553212)  *
***************************************************************************
                                                                           
