***************************************************************************
*                       SPARC (version Apr 23, 2021)                      *
*   Copyright (c) 2020 Material Physics & Mechanics Group, Georgia Tech   *
*           Distributed under GNU General Public License 3 (GPL)          *
*                   Start time: Tue Jan 17 13:58:39 2023                  *
***************************************************************************
                           Input parameters                                
***************************************************************************
CELL: 50.6009011099014 30.9865970610724 37.1855889672006 
LATVEC:
1 0 0 
0 1 0 
0 0 1 
FD_GRID: 120 74 89
FD_ORDER: 12
BC: P P P
KPOINT_GRID: 2 2 1
KPOINT_SHIFT: 0 0 0
SPIN_TYP: 0
ELEC_TEMP_TYPE: Gaussian
SMEARING: 0.003674926479
CHEB_DEGREE: 19
NSTATES: 161
EXCHANGE_CORRELATION: GGA_PBE
CALC_STRESS: 0
CALC_PRES: 0
CHEFSI_BOUND_FLAG: 0
MAXIT_SCF: 1000
MINIT_SCF: 3
MAXIT_POISSON: 3000
TOL_SCF: 2.09E-04
POISSON_SOLVER: AAR
TOL_POISSON: 2.09E-06
TOL_LANCZOS: 1.00E-02
TOL_PSEUDOCHARGE: 2.09E-06
MIXING_VARIABLE: density
MIXING_PRECOND: kerker
TOL_PRECOND: 1.76E-04
PRECOND_KERKER_KTF: 1
PRECOND_KERKER_THRESH: 0.1
MIXING_PARAMETER: 0.5
MIXING_HISTORY: 7
PULAY_FREQUENCY: 1
PULAY_RESTART: 0
REFERENCE_CUTOFF: 0.5
RHO_TRIGGER: 4
FIX_RAND: 0
VERBOSITY: 1
PRINT_FORCES: 1
PRINT_ATOMS: 1
PRINT_EIGEN: 0
PRINT_DENSITY: 0
OUTPUT_FILE: Cs_110_surface
***************************************************************************
                           Parallelization                                 
***************************************************************************
NP_SPIN_PARAL: 1
NP_KPOINT_PARAL: 4
NP_BAND_PARAL: 24
NP_DOMAIN_PARAL: 2 1 2
NP_DOMAIN_PHI_PARAL: 8 6 8
EIG_SERIAL_MAXNS: 2000
***************************************************************************
                             Initialization                                
***************************************************************************
Number of processors               :  384
Mesh spacing in x-direction        :  0.421674 (Bohr)
Mesh spacing in y-direction        :  0.418738 (Bohr)
Mesh spacing in z direction        :  0.417816 (Bohr)
Number of symmetry adapted k-points:  4
Output printed to                  :  Cs_110_surface.out
Total number of atom types         :  1
Total number of atoms              :  29
Total number of electrons          :  261
Atom type 1  (valence electrons)   :  Cs 9
Pseudopotential                    :  ../55_Cs_9_2.2_2.5_pbe_n_v1.0.psp8
Pseudocharge radii of atom type 1  :  7.59 7.54 7.52 (x, y, z dir)
Number of atoms of type 1          :  29
Estimated total memory usage       :  45.67 GB
Estimated memory per processor     :  121.79 MB
===================================================================
                    Self Consistent Field (SCF#1)                     
===================================================================
Iteration     Free Energy (Ha/atom)   SCF Error        Timing (sec)
1            -2.3249209269E+01        8.704E-02        11.833
2            -2.3264558873E+01        4.599E-02        2.950
3            -2.3267060002E+01        2.052E-02        2.960
4            -2.3270719867E+01        7.437E-03        2.962
5            -2.3272742508E+01        4.793E-03        2.978
6            -2.3273867073E+01        2.070E-03        2.966
7            -2.3274436778E+01        1.475E-03        2.955
8            -2.3274739108E+01        1.041E-03        2.952
9            -2.3274907237E+01        5.297E-04        2.950
10           -2.3274992890E+01        4.661E-04        2.955
11           -2.3275040786E+01        3.200E-04        2.962
12           -2.3275066231E+01        2.804E-04        2.951
13           -2.3275083808E+01        3.412E-04        2.940
14           -2.3275091054E+01        1.450E-04        2.918
Total number of SCF: 14    

k = [0.000, 0.000, 0.000]
Occupation of state 145 = 0.000000000000000.
Occupation of state 161 = 0.000000000000000.
====================================================================
                    Energy and force calculation                    
====================================================================
Free energy per atom               : -2.3275092233E+01 (Ha/atom)
Total free energy                  : -6.7497767476E+02 (Ha)
Band structure energy              : -1.2889598695E+02 (Ha)
Exchange correlation energy        : -1.9464777792E+02 (Ha)
Self and correction energy         : -8.3595704937E+02 (Ha)
Entropy*kb*T                       : -6.3420085852E-03 (Ha)
Fermi level                        : -2.6489810969E-02 (Ha)
RMS force                          :  1.5201357194E-03 (Ha/Bohr)
Maximum force                      :  2.4962989022E-03 (Ha/Bohr)
Time for force calculation         :  0.160 (sec)
***************************************************************************
                               Timing info                                 
***************************************************************************
Total walltime                     :  50.865 sec
___________________________________________________________________________

***************************************************************************
*             Material Physics & Mechanics Group, Georgia Tech            *
*                       PI: Phanish Suryanarayana                         *
*                Main Developers: Qimen Xu, Abhiraj Sharma                *
*     Collaborators: J.E. Pask (LLNL), A.J. Medford (GT), E. Chow (GT)    *
*  Acknowledgements: U.S. DOE (DE-SC0019410); U.S. NSF (1333500,1553212)  *
***************************************************************************
                                                                           
