***************************************************************************
*                       SPARC (version Apr 23, 2021)                      *
*   Copyright (c) 2020 Material Physics & Mechanics Group, Georgia Tech   *
*           Distributed under GNU General Public License 3 (GPL)          *
*                   Start time: Tue Jan 17 12:26:17 2023                  *
***************************************************************************
                           Input parameters                                
***************************************************************************
CELL: 50.6009011099014 30.9865970610724 37.1855889672006 
LATVEC:
1 0 0 
0 1 0 
0 0 1 
FD_GRID: 337 207 248
FD_ORDER: 12
BC: P P P
KPOINT_GRID: 2 2 1
KPOINT_SHIFT: 0 0 0
SPIN_TYP: 0
ELEC_TEMP_TYPE: Gaussian
SMEARING: 0.003674926479
CHEB_DEGREE: 42
NSTATES: 161
EXCHANGE_CORRELATION: GGA_PBE
CALC_STRESS: 0
CALC_PRES: 0
CHEFSI_BOUND_FLAG: 0
MAXIT_SCF: 1000
MINIT_SCF: 3
MAXIT_POISSON: 3000
TOL_SCF: 2.09E-04
POISSON_SOLVER: AAR
TOL_POISSON: 2.09E-06
TOL_LANCZOS: 1.00E-02
TOL_PSEUDOCHARGE: 2.09E-06
MIXING_VARIABLE: density
MIXING_PRECOND: kerker
TOL_PRECOND: 2.25E-05
PRECOND_KERKER_KTF: 1
PRECOND_KERKER_THRESH: 0.1
MIXING_PARAMETER: 0.5
MIXING_HISTORY: 7
PULAY_FREQUENCY: 1
PULAY_RESTART: 0
REFERENCE_CUTOFF: 0.5
RHO_TRIGGER: 4
FIX_RAND: 0
VERBOSITY: 1
PRINT_FORCES: 1
PRINT_ATOMS: 1
PRINT_EIGEN: 0
PRINT_DENSITY: 0
OUTPUT_FILE: Cs_110_surface
***************************************************************************
                           Parallelization                                 
***************************************************************************
NP_SPIN_PARAL: 1
NP_KPOINT_PARAL: 4
NP_BAND_PARAL: 24
NP_DOMAIN_PARAL: 2 1 2
NP_DOMAIN_PHI_PARAL: 8 6 8
EIG_SERIAL_MAXNS: 2000
***************************************************************************
                             Initialization                                
***************************************************************************
Number of processors               :  384
Mesh spacing in x-direction        :  0.150151 (Bohr)
Mesh spacing in y-direction        :  0.149694 (Bohr)
Mesh spacing in z direction        :  0.149942 (Bohr)
Number of symmetry adapted k-points:  4
Output printed to                  :  Cs_110_surface.out
Total number of atom types         :  1
Total number of atoms              :  29
Total number of electrons          :  261
Atom type 1  (valence electrons)   :  Cs 9
Pseudopotential                    :  ../55_Cs_9_2.2_2.5_pbe_n_v1.0.psp8
Pseudocharge radii of atom type 1  :  6.16 6.14 6.15 (x, y, z dir)
Number of atoms of type 1          :  29
Estimated total memory usage       :  999.72 GB
Estimated memory per processor     :  2.60 GB
===================================================================
                    Self Consistent Field (SCF#1)                     
===================================================================
Iteration     Free Energy (Ha/atom)   SCF Error        Timing (sec)
1            -2.3094976957E+01        1.140E-01        519.605
2            -2.3233847328E+01        3.749E-02        131.262
3            -2.3254726358E+01        2.041E-02        130.971
4            -2.3263439256E+01        1.383E-02        131.445
5            -2.3268404240E+01        4.989E-03        130.700
6            -2.3271159341E+01        2.709E-03        130.587
7            -2.3272715875E+01        2.097E-03        130.683
8            -2.3273620943E+01        1.502E-03        130.119
9            -2.3274157613E+01        1.083E-03        130.781
10           -2.3274490223E+01        7.084E-04        130.679
11           -2.3274696661E+01        4.831E-04        130.081
12           -2.3274822873E+01        4.562E-04        129.533
13           -2.3274905214E+01        6.400E-04        130.150
14           -2.3274959214E+01        4.580E-04        129.950
15           -2.3274992673E+01        4.860E-04        130.019
16           -2.3275017818E+01        3.840E-04        130.202
17           -2.3275031714E+01        3.740E-04        129.289
18           -2.3275043534E+01        4.200E-04        129.762
19           -2.3275048521E+01        4.560E-04        129.639
20           -2.3275053809E+01        4.173E-04        130.065
21           -2.3275059050E+01        2.456E-04        129.326
22           -2.3275060015E+01        2.206E-04        129.926
23           -2.3275062387E+01        2.416E-04        129.845
24           -2.3275063871E+01        1.134E-04        128.742
Total number of SCF: 24    

k = [0.000, 0.000, 0.000]
Occupation of state 145 = 0.000000000000000.
Occupation of state 161 = 0.000000000000000.
====================================================================
                    Energy and force calculation                    
====================================================================
Free energy per atom               : -2.3275062233E+01 (Ha/atom)
Total free energy                  : -6.7497680475E+02 (Ha)
Band structure energy              : -1.2886337991E+02 (Ha)
Exchange correlation energy        : -1.9464413705E+02 (Ha)
Self and correction energy         : -8.3595875928E+02 (Ha)
Entropy*kb*T                       : -6.3844275815E-03 (Ha)
Fermi level                        : -2.6414115257E-02 (Ha)
RMS force                          :  1.5242804921E-03 (Ha/Bohr)
Maximum force                      :  2.7320149051E-03 (Ha/Bohr)
Time for force calculation         :  3.377 (sec)
***************************************************************************
                               Timing info                                 
***************************************************************************
Total walltime                     :  3521.924 sec
___________________________________________________________________________

***************************************************************************
*             Material Physics & Mechanics Group, Georgia Tech            *
*                       PI: Phanish Suryanarayana                         *
*                Main Developers: Qimen Xu, Abhiraj Sharma                *
*     Collaborators: J.E. Pask (LLNL), A.J. Medford (GT), E. Chow (GT)    *
*  Acknowledgements: U.S. DOE (DE-SC0019410); U.S. NSF (1333500,1553212)  *
***************************************************************************
                                                                           
