***************************************************************************
*                       SPARC (version Apr 23, 2021)                      *
*   Copyright (c) 2020 Material Physics & Mechanics Group, Georgia Tech   *
*           Distributed under GNU General Public License 3 (GPL)          *
*                   Start time: Tue Jan 17 14:39:45 2023                  *
***************************************************************************
                           Input parameters                                
***************************************************************************
CELL: 50.6009011099014 30.9865970610724 37.1855889672006 
LATVEC:
1 0 0 
0 1 0 
0 0 1 
FD_GRID: 110 67 81
FD_ORDER: 12
BC: P P P
KPOINT_GRID: 2 2 1
KPOINT_SHIFT: 0 0 0
SPIN_TYP: 0
ELEC_TEMP_TYPE: Gaussian
SMEARING: 0.003674926479
CHEB_DEGREE: 18
NSTATES: 161
EXCHANGE_CORRELATION: GGA_PBE
CALC_STRESS: 0
CALC_PRES: 0
CHEFSI_BOUND_FLAG: 0
MAXIT_SCF: 1000
MINIT_SCF: 3
MAXIT_POISSON: 3000
TOL_SCF: 2.09E-04
POISSON_SOLVER: AAR
TOL_POISSON: 2.09E-06
TOL_LANCZOS: 1.00E-02
TOL_PSEUDOCHARGE: 2.09E-06
MIXING_VARIABLE: density
MIXING_PRECOND: kerker
TOL_PRECOND: 2.12E-04
PRECOND_KERKER_KTF: 1
PRECOND_KERKER_THRESH: 0.1
MIXING_PARAMETER: 0.5
MIXING_HISTORY: 7
PULAY_FREQUENCY: 1
PULAY_RESTART: 0
REFERENCE_CUTOFF: 0.5
RHO_TRIGGER: 4
FIX_RAND: 0
VERBOSITY: 1
PRINT_FORCES: 1
PRINT_ATOMS: 1
PRINT_EIGEN: 0
PRINT_DENSITY: 0
OUTPUT_FILE: Cs_110_surface
***************************************************************************
                           Parallelization                                 
***************************************************************************
NP_SPIN_PARAL: 1
NP_KPOINT_PARAL: 4
NP_BAND_PARAL: 24
NP_DOMAIN_PARAL: 2 1 2
NP_DOMAIN_PHI_PARAL: 8 6 8
EIG_SERIAL_MAXNS: 2000
***************************************************************************
                             Initialization                                
***************************************************************************
Number of processors               :  384
Mesh spacing in x-direction        :  0.460008 (Bohr)
Mesh spacing in y-direction        :  0.462487 (Bohr)
Mesh spacing in z direction        :  0.459081 (Bohr)
Number of symmetry adapted k-points:  4
Output printed to                  :  Cs_110_surface.out
Total number of atom types         :  1
Total number of atoms              :  29
Total number of electrons          :  261
Atom type 1  (valence electrons)   :  Cs 9
Pseudopotential                    :  ../55_Cs_9_2.2_2.5_pbe_n_v1.0.psp8
Pseudocharge radii of atom type 1  :  7.82 7.86 7.80 (x, y, z dir)
Number of atoms of type 1          :  29
Estimated total memory usage       :  34.50 GB
Estimated memory per processor     :  91.99 MB
===================================================================
                    Self Consistent Field (SCF#1)                     
===================================================================
Iteration     Free Energy (Ha/atom)   SCF Error        Timing (sec)
1            -2.3255424371E+01        8.659E-02        8.871
2            -2.3267319012E+01        4.611E-02        2.123
3            -2.3268807291E+01        2.043E-02        2.134
4            -2.3271884432E+01        7.324E-03        2.135
5            -2.3273478406E+01        4.748E-03        2.140
6            -2.3274330596E+01        2.108E-03        2.122
7            -2.3274746131E+01        1.416E-03        2.147
8            -2.3274958946E+01        1.118E-03        2.140
9            -2.3275077214E+01        5.374E-04        2.124
10           -2.3275138762E+01        4.228E-04        2.107
11           -2.3275174104E+01        2.955E-04        2.131
12           -2.3275190081E+01        2.136E-04        2.106
13           -2.3275201182E+01        1.691E-04        2.144
Total number of SCF: 13    

k = [0.000, 0.000, 0.000]
Occupation of state 145 = 0.000000000000000.
Occupation of state 161 = 0.000000000000000.
====================================================================
                    Energy and force calculation                    
====================================================================
Free energy per atom               : -2.3275201353E+01 (Ha/atom)
Total free energy                  : -6.7498083924E+02 (Ha)
Band structure energy              : -1.2890022343E+02 (Ha)
Exchange correlation energy        : -1.9465081889E+02 (Ha)
Self and correction energy         : -8.3595554719E+02 (Ha)
Entropy*kb*T                       : -6.3195471261E-03 (Ha)
Fermi level                        : -2.6501090641E-02 (Ha)
RMS force                          :  1.6907263709E-03 (Ha/Bohr)
Maximum force                      :  3.1435968219E-03 (Ha/Bohr)
Time for force calculation         :  0.124 (sec)
***************************************************************************
                               Timing info                                 
***************************************************************************
Total walltime                     :  34.962 sec
___________________________________________________________________________

***************************************************************************
*             Material Physics & Mechanics Group, Georgia Tech            *
*                       PI: Phanish Suryanarayana                         *
*                Main Developers: Qimen Xu, Abhiraj Sharma                *
*     Collaborators: J.E. Pask (LLNL), A.J. Medford (GT), E. Chow (GT)    *
*  Acknowledgements: U.S. DOE (DE-SC0019410); U.S. NSF (1333500,1553212)  *
***************************************************************************
                                                                           
