---------------------------------------
Begin Slurm Prolog: Jan-23-2023 12:10:04
Job ID:    568146
User ID:   bzhang376
Account:   gts-phanish6-coda20
Job name:  He2000_mesh
Partition: cpu-small
QOS:       inferno
---------------------------------------

Lmod is automatically replacing "gcc/10.3.0-o57x6h" with "intel/20.0.4".


The following have been reloaded with a version change:
  1) mvapich2/2.3.6-ouywal => mvapich2/2.3.6-z2duuy

---------------------------------------
Begin Slurm Epilog: Jan-23-2023 12:12:42
Job ID:        568146
Array Job ID:  _4294967294
User ID:       bzhang376
Account:       gts-phanish6-coda20
Job name:      He2000_mesh
Resources:     cpu=384,mem=2688G,node=32
Rsrc Used:     cput=16:51:12,vmem=12216K,walltime=00:02:38,mem=11148K,energy_used=0
Partition:     cpu-small
QOS:           inferno
Nodes:         atl1-1-02-018-1-[1-2],atl1-1-02-018-2-1,atl1-1-02-018-3-[1-2],atl1-1-02-018-4-[1-2],atl1-1-02-018-5-[1-2],atl1-1-02-018-6-[1-2],atl1-1-02-018-7-[1-2],atl1-1-02-018-8-[1-2],atl1-1-02-018-9-[1-2],atl1-1-02-018-10-[1-2],atl1-1-02-018-11-[1-2],atl1-1-02-018-12-2,atl1-1-02-018-13-1,atl1-1-02-018-14-[1-2],atl1-1-02-018-15-[1-2],atl1-1-02-018-16-[1-2],atl1-1-02-018-17-2,atl1-1-02-018-18-[1-2]
---------------------------------------
