***************************************************************************
*                       SPARC (version Apr 23, 2021)                      *
*   Copyright (c) 2020 Material Physics & Mechanics Group, Georgia Tech   *
*           Distributed under GNU General Public License 3 (GPL)          *
*                   Start time: Sun Feb  5 00:05:17 2023                  *
***************************************************************************
                           Input parameters                                
***************************************************************************
CELL: 53.55 53.55 53.55 
LATVEC:
1 0 0 
0 1 0 
0 0 1 
FD_GRID: 81 81 81
FD_ORDER: 12
BC: P P P
KPOINT_GRID: 1 1 1
KPOINT_SHIFT: 0 0 0
SPIN_TYP: 0
ELEC_TEMP_TYPE: Fermi-Dirac
ELEC_TEMP: 1120
CHEB_DEGREE: 15
NSTATES: 2496
EXCHANGE_CORRELATION: GGA_PBE
CALC_STRESS: 0
CALC_PRES: 0
TWTIME: 1E+09
MD_FLAG: 1
MD_METHOD: NVT_NH
MD_TIMESTEP: 1
MD_NSTEP: 20
ION_VEL_DSTR: 2
ION_VEL_DSTR_RAND: 0
ION_TEMP: 1120
ION_TEMP_END: 1120
QMASS: 1653.65493345972
RESTART_FLAG: 1
CHEFSI_BOUND_FLAG: 0
MAXIT_SCF: 100
MINIT_SCF: 3
MAXIT_POISSON: 3000
TOL_SCF: 1.00E-04
POISSON_SOLVER: AAR
TOL_POISSON: 1.00E-06
TOL_LANCZOS: 1.00E-02
TOL_PSEUDOCHARGE: 1.00E-06
MIXING_VARIABLE: density
MIXING_PRECOND: kerker
TOL_PRECOND: 4.37E-04
PRECOND_KERKER_KTF: 1
PRECOND_KERKER_THRESH: 0
MIXING_PARAMETER: 1
MIXING_HISTORY: 7
PULAY_FREQUENCY: 1
PULAY_RESTART: 0
REFERENCE_CUTOFF: 0.5
RHO_TRIGGER: 4
FIX_RAND: 0
VERBOSITY: 1
PRINT_FORCES: 1
PRINT_ATOMS: 0
PRINT_EIGEN: 0
PRINT_DENSITY: 0
PRINT_MDOUT: 1
PRINT_VELS: 1
PRINT_RESTART: 1
PRINT_RESTART_FQ: 20
OUTPUT_FILE: Al1372
***************************************************************************
                           Parallelization                                 
***************************************************************************
NP_SPIN_PARAL: 1
NP_KPOINT_PARAL: 1
NP_BAND_PARAL: 512
NP_DOMAIN_PARAL: 1 1 3
NP_DOMAIN_PHI_PARAL: 13 9 13
EIG_SERIAL_MAXNS: 2000
EIG_PARAL_BLKSZ: 128
***************************************************************************
                             Initialization                                
***************************************************************************
Number of processors               :  1536
Mesh spacing                       :  0.661111 (Bohr)
Number of symmetry adapted k-points:  1
Output printed to                  :  Al1372.out
MD output printed to               :  Al1372.aimd
Total number of atom types         :  1
Total number of atoms              :  1372
Total number of electrons          :  4116
Atom type 1  (valence electrons)   :  Al 3
Pseudopotential                    :  ../13_Al_3_1.9_1.9_pbe_n_v1.0.psp8
Atomic mass                        :  26.9815385
Pseudocharge radii of atom type 1  :  7.93 7.93 7.93 (x, y, z dir)
Number of atoms of type 1          :  1372
Estimated total memory usage       :  59.41 GB
Estimated memory per processor     :  39.61 MB
===================================================================
                    Self Consistent Field (SCF#1)                     
===================================================================
Iteration     Free Energy (Ha/atom)   SCF Error        Timing (sec)
1            -2.3124172203E+00        1.486E-01        21.221
2            -2.3135419929E+00        3.057E-02        2.214
3            -2.3143171560E+00        4.902E-03        2.207
4            -2.3145650591E+00        1.177E-03        2.255
5            -2.3146489786E+00        5.129E-04        2.259
6            -2.3146786016E+00        1.693E-04        2.222
7            -2.3146894998E+00        1.287E-04        2.196
8            -2.3146936186E+00        5.538E-05        2.212
Total number of SCF: 8     

k = [0.000, 0.000, 0.000]
Occupation of state 2246 = 0.002020241116981.
Occupation of state 2496 = 0.000000033519985.
====================================================================
                    Energy and force calculation                    
====================================================================
Free energy per atom               : -2.3146935591E+00 (Ha/atom)
Total free energy                  : -3.1757595630E+03 (Ha)
Band structure energy              :  9.2842195478E+01 (Ha)
Exchange correlation energy        : -1.5040026576E+03 (Ha)
Self and correction energy         : -4.2868494349E+03 (Ha)
Entropy*kb*T                       : -6.5733555134E-01 (Ha)
Fermi level                        :  1.8572614480E-01 (Ha)
RMS force                          :  3.6673329540E-02 (Ha/Bohr)
Maximum force                      :  1.5126374687E-01 (Ha/Bohr)
Time for force calculation         :  0.114 (sec)
MD step time                       :  37.143 (sec)
===================================================================
                    Self Consistent Field (SCF#2)                     
===================================================================
Iteration     Free Energy (Ha/atom)   SCF Error        Timing (sec)
1            -2.3149193066E+00        2.301E-02        2.300
2            -2.3147225027E+00        3.705E-03        2.283
3            -2.3147233324E+00        1.042E-03        2.192
4            -2.3147233547E+00        2.331E-04        2.211
5            -2.3147233961E+00        4.544E-05        2.187
Total number of SCF: 5     

k = [0.000, 0.000, 0.000]
Occupation of state 2246 = 0.002150371526609.
Occupation of state 2496 = 0.000000100761180.
====================================================================
                    Energy and force calculation                    
====================================================================
Free energy per atom               : -2.3147233858E+00 (Ha/atom)
Total free energy                  : -3.1758004853E+03 (Ha)
Band structure energy              :  9.2873545038E+01 (Ha)
Exchange correlation energy        : -1.5039791535E+03 (Ha)
Self and correction energy         : -4.2868496054E+03 (Ha)
Entropy*kb*T                       : -6.5922292120E-01 (Ha)
Fermi level                        :  1.8570635472E-01 (Ha)
RMS force                          :  3.6593041036E-02 (Ha/Bohr)
Maximum force                      :  1.4589743130E-01 (Ha/Bohr)
Time for force calculation         :  0.112 (sec)
MD step time                       :  11.392 (sec)
===================================================================
                    Self Consistent Field (SCF#3)                     
===================================================================
Iteration     Free Energy (Ha/atom)   SCF Error        Timing (sec)
1            -2.3149777592E+00        2.301E-02        2.521
2            -2.3147828411E+00        3.708E-03        3.862
3            -2.3147833097E+00        1.020E-03        2.194
4            -2.3147832365E+00        2.356E-04        2.204
5            -2.3147832345E+00        5.061E-05        2.191
Total number of SCF: 5     

k = [0.000, 0.000, 0.000]
Occupation of state 2246 = 0.002136952158398.
Occupation of state 2496 = 0.000000161667996.
====================================================================
                    Energy and force calculation                    
====================================================================
Free energy per atom               : -2.3147832170E+00 (Ha/atom)
Total free energy                  : -3.1758825737E+03 (Ha)
Band structure energy              :  9.2973641740E+01 (Ha)
Exchange correlation energy        : -1.5039186985E+03 (Ha)
Self and correction energy         : -4.2868498315E+03 (Ha)
Entropy*kb*T                       : -6.5930128320E-01 (Ha)
Fermi level                        :  1.8571905567E-01 (Ha)
RMS force                          :  3.6360904186E-02 (Ha/Bohr)
Maximum force                      :  1.3868224147E-01 (Ha/Bohr)
Time for force calculation         :  0.112 (sec)
MD step time                       :  13.191 (sec)
===================================================================
                    Self Consistent Field (SCF#4)                     
===================================================================
Iteration     Free Energy (Ha/atom)   SCF Error        Timing (sec)
1            -2.3148746147E+00        4.505E-03        2.223
2            -2.3148706772E+00        6.906E-04        2.195
3            -2.3148707286E+00        1.863E-04        2.926
4            -2.3148707423E+00        5.775E-05        2.215
Total number of SCF: 4     

k = [0.000, 0.000, 0.000]
Occupation of state 2246 = 0.002105285700676.
Occupation of state 2496 = 0.000000195116925.
====================================================================
                    Energy and force calculation                    
====================================================================
Free energy per atom               : -2.3148706901E+00 (Ha/atom)
Total free energy                  : -3.1760025868E+03 (Ha)
Band structure energy              :  9.3141056703E+01 (Ha)
Exchange correlation energy        : -1.5038222408E+03 (Ha)
Self and correction energy         : -4.2868501387E+03 (Ha)
Entropy*kb*T                       : -6.5936374927E-01 (Ha)
Fermi level                        :  1.8574084672E-01 (Ha)
RMS force                          :  3.5990953983E-02 (Ha/Bohr)
Maximum force                      :  1.3134202580E-01 (Ha/Bohr)
Time for force calculation         :  0.113 (sec)
MD step time                       :  9.746 (sec)
===================================================================
                    Self Consistent Field (SCF#5)                     
===================================================================
Iteration     Free Energy (Ha/atom)   SCF Error        Timing (sec)
1            -2.3150000026E+00        6.987E-03        3.246
2            -2.3149834380E+00        1.138E-03        2.247
3            -2.3149835357E+00        2.992E-04        2.517
4            -2.3149835703E+00        1.123E-04        2.220
5            -2.3149835832E+00        1.202E-04        2.357
6            -2.3149835832E+00        1.052E-04        2.196
7            -2.3149835763E+00        9.867E-05        2.196
Total number of SCF: 7     

k = [0.000, 0.000, 0.000]
Occupation of state 2246 = 0.002073486022946.
Occupation of state 2496 = 0.000000244488888.
====================================================================
                    Energy and force calculation                    
====================================================================
Free energy per atom               : -2.3149832186E+00 (Ha/atom)
Total free energy                  : -3.1761569759E+03 (Ha)
Band structure energy              :  9.3371098690E+01 (Ha)
Exchange correlation energy        : -1.5036918001E+03 (Ha)
Self and correction energy         : -4.2868505347E+03 (Ha)
Entropy*kb*T                       : -6.5949241219E-01 (Ha)
Fermi level                        :  1.8577036989E-01 (Ha)
RMS force                          :  3.5502447220E-02 (Ha/Bohr)
Maximum force                      :  1.2634944763E-01 (Ha/Bohr)
Time for force calculation         :  0.112 (sec)
MD step time                       :  17.181 (sec)
===================================================================
                    Self Consistent Field (SCF#6)                     
===================================================================
Iteration     Free Energy (Ha/atom)   SCF Error        Timing (sec)
1            -2.3152594952E+00        1.803E-02        2.226
2            -2.3151223807E+00        3.953E-03        2.331
3            -2.3151209339E+00        8.916E-04        2.251
4            -2.3151209145E+00        1.164E-04        2.228
5            -2.3151209330E+00        4.249E-05        2.376
Total number of SCF: 5     

k = [0.000, 0.000, 0.000]
Occupation of state 2246 = 0.002051005021445.
Occupation of state 2496 = 0.000000274267040.
====================================================================
                    Energy and force calculation                    
====================================================================
Free energy per atom               : -2.3151208970E+00 (Ha/atom)
Total free energy                  : -3.1763458707E+03 (Ha)
Band structure energy              :  9.3655602650E+01 (Ha)
Exchange correlation energy        : -1.5035306793E+03 (Ha)
Self and correction energy         : -4.2868509951E+03 (Ha)
Entropy*kb*T                       : -6.5967695664E-01 (Ha)
Fermi level                        :  1.8580635727E-01 (Ha)
RMS force                          :  3.4875731542E-02 (Ha/Bohr)
Maximum force                      :  1.1971690830E-01 (Ha/Bohr)
Time for force calculation         :  0.199 (sec)
MD step time                       :  11.698 (sec)
===================================================================
                    Self Consistent Field (SCF#7)                     
===================================================================
Iteration     Free Energy (Ha/atom)   SCF Error        Timing (sec)
1            -2.3153939679E+00        1.626E-02        2.895
2            -2.3152841509E+00        3.551E-03        2.776
3            -2.3152829772E+00        7.990E-04        2.520
4            -2.3152829553E+00        1.152E-04        2.579
5            -2.3152829693E+00        5.016E-05        2.440
Total number of SCF: 5     

k = [0.000, 0.000, 0.000]
Occupation of state 2246 = 0.002046254284279.
Occupation of state 2496 = 0.000000299913545.
====================================================================
                    Energy and force calculation                    
====================================================================
Free energy per atom               : -2.3152829067E+00 (Ha/atom)
Total free energy                  : -3.1765681479E+03 (Ha)
Band structure energy              :  9.3984147640E+01 (Ha)
Exchange correlation energy        : -1.5033422347E+03 (Ha)
Self and correction energy         : -4.2868514889E+03 (Ha)
Entropy*kb*T                       : -6.5992331959E-01 (Ha)
Fermi level                        :  1.8584693150E-01 (Ha)
RMS force                          :  3.4154862730E-02 (Ha/Bohr)
Maximum force                      :  1.1162708349E-01 (Ha/Bohr)
Time for force calculation         :  0.112 (sec)
MD step time                       :  13.415 (sec)
===================================================================
                    Self Consistent Field (SCF#8)                     
===================================================================
Iteration     Free Energy (Ha/atom)   SCF Error        Timing (sec)
1            -2.3154970802E+00        8.648E-03        2.560
2            -2.3154695466E+00        1.796E-03        2.416
3            -2.3154693578E+00        4.469E-04        2.236
4            -2.3154693522E+00        9.192E-05        2.156
Total number of SCF: 4     

k = [0.000, 0.000, 0.000]
Occupation of state 2246 = 0.002050824450059.
Occupation of state 2496 = 0.000000315177414.
====================================================================
                    Energy and force calculation                    
====================================================================
Free energy per atom               : -2.3154692370E+00 (Ha/atom)
Total free energy                  : -3.1768237932E+03 (Ha)
Band structure energy              :  9.4345902041E+01 (Ha)
Exchange correlation energy        : -1.5031304957E+03 (Ha)
Self and correction energy         : -4.2868519846E+03 (Ha)
Entropy*kb*T                       : -6.6023008946E-01 (Ha)
Fermi level                        :  1.8589054286E-01 (Ha)
RMS force                          :  3.3350627818E-02 (Ha/Bohr)
Maximum force                      :  1.0357329589E-01 (Ha/Bohr)
Time for force calculation         :  0.112 (sec)
MD step time                       :  9.628 (sec)
===================================================================
                    Self Consistent Field (SCF#9)                     
===================================================================
Iteration     Free Energy (Ha/atom)   SCF Error        Timing (sec)
1            -2.3156968537E+00        7.076E-03        2.320
2            -2.3156787867E+00        1.233E-03        2.631
3            -2.3156789340E+00        4.323E-04        2.291
4            -2.3156789022E+00        5.178E-05        2.154
Total number of SCF: 4     

k = [0.000, 0.000, 0.000]
Occupation of state 2246 = 0.002059096945326.
Occupation of state 2496 = 0.000000325755082.
====================================================================
                    Energy and force calculation                    
====================================================================
Free energy per atom               : -2.3156788695E+00 (Ha/atom)
Total free energy                  : -3.1771114090E+03 (Ha)
Band structure energy              :  9.4729234117E+01 (Ha)
Exchange correlation energy        : -1.5028996597E+03 (Ha)
Self and correction energy         : -4.2868524598E+03 (Ha)
Entropy*kb*T                       : -6.6060056513E-01 (Ha)
Fermi level                        :  1.8593549214E-01 (Ha)
RMS force                          :  3.2462584031E-02 (Ha/Bohr)
Maximum force                      :  9.9357161129E-02 (Ha/Bohr)
Time for force calculation         :  0.113 (sec)
MD step time                       :  9.599 (sec)
===================================================================
                    Self Consistent Field (SCF#10)                     
===================================================================
Iteration     Free Energy (Ha/atom)   SCF Error        Timing (sec)
1            -2.3159361251E+00        8.582E-03        2.376
2            -2.3159084840E+00        1.711E-03        2.213
3            -2.3159083784E+00        4.698E-04        2.191
4            -2.3159083513E+00        8.304E-05        2.220
Total number of SCF: 4     

k = [0.000, 0.000, 0.000]
Occupation of state 2246 = 0.002068816832984.
Occupation of state 2496 = 0.000000334046942.
====================================================================
                    Energy and force calculation                    
====================================================================
Free energy per atom               : -2.3159082332E+00 (Ha/atom)
Total free energy                  : -3.1774260959E+03 (Ha)
Band structure energy              :  9.5127991282E+01 (Ha)
Exchange correlation energy        : -1.5026535913E+03 (Ha)
Self and correction energy         : -4.2868529135E+03 (Ha)
Entropy*kb*T                       : -6.6101718310E-01 (Ha)
Fermi level                        :  1.8598096220E-01 (Ha)
RMS force                          :  3.1519820631E-02 (Ha/Bohr)
Maximum force                      :  9.6840953324E-02 (Ha/Bohr)
Time for force calculation         :  0.113 (sec)
MD step time                       :  9.199 (sec)
===================================================================
                    Self Consistent Field (SCF#11)                     
===================================================================
Iteration     Free Energy (Ha/atom)   SCF Error        Timing (sec)
1            -2.3162021838E+00        1.120E-02        2.380
2            -2.3161514107E+00        2.299E-03        2.244
3            -2.3161511458E+00        5.623E-04        2.277
4            -2.3161511359E+00        1.240E-04        2.445
5            -2.3161511407E+00        4.205E-05        2.845
Total number of SCF: 5     

k = [0.000, 0.000, 0.000]
Occupation of state 2246 = 0.002072651708115.
Occupation of state 2496 = 0.000000344455291.
====================================================================
                    Energy and force calculation                    
====================================================================
Free energy per atom               : -2.3161511125E+00 (Ha/atom)
Total free energy                  : -3.1777593264E+03 (Ha)
Band structure energy              :  9.5538409638E+01 (Ha)
Exchange correlation energy        : -1.5023964641E+03 (Ha)
Self and correction energy         : -4.2868533516E+03 (Ha)
Entropy*kb*T                       : -6.6147606393E-01 (Ha)
Fermi level                        :  1.8602655176E-01 (Ha)
RMS force                          :  3.0539022953E-02 (Ha/Bohr)
Maximum force                      :  9.3049986507E-02 (Ha/Bohr)
Time for force calculation         :  0.129 (sec)
MD step time                       :  12.431 (sec)
===================================================================
                    Self Consistent Field (SCF#12)                     
===================================================================
Iteration     Free Energy (Ha/atom)   SCF Error        Timing (sec)
1            -2.3164321625E+00        9.176E-03        2.380
2            -2.3164003060E+00        1.877E-03        2.331
3            -2.3164000924E+00        4.453E-04        2.326
4            -2.3164000912E+00        8.879E-05        2.400
Total number of SCF: 4     

k = [0.000, 0.000, 0.000]
Occupation of state 2246 = 0.002060165126455.
Occupation of state 2496 = 0.000000351938926.
====================================================================
                    Energy and force calculation                    
====================================================================
Free energy per atom               : -2.3163999302E+00 (Ha/atom)
Total free energy                  : -3.1781007042E+03 (Ha)
Band structure energy              :  9.5961865542E+01 (Ha)
Exchange correlation energy        : -1.5021316340E+03 (Ha)
Self and correction energy         : -4.2868537850E+03 (Ha)
Entropy*kb*T                       : -6.6196650488E-01 (Ha)
Fermi level                        :  1.8607297243E-01 (Ha)
RMS force                          :  2.9540260209E-02 (Ha/Bohr)
Maximum force                      :  8.8092924883E-02 (Ha/Bohr)
Time for force calculation         :  0.117 (sec)
MD step time                       :  9.675 (sec)
===================================================================
                    Self Consistent Field (SCF#13)                     
===================================================================
Iteration     Free Energy (Ha/atom)   SCF Error        Timing (sec)
1            -2.3167538224E+00        1.575E-02        2.575
2            -2.3166503901E+00        3.369E-03        2.383
3            -2.3166494563E+00        7.851E-04        2.304
4            -2.3166494358E+00        1.255E-04        2.260
5            -2.3166494487E+00        5.461E-05        2.205
Total number of SCF: 5     

k = [0.000, 0.000, 0.000]
Occupation of state 2246 = 0.002048062373652.
Occupation of state 2496 = 0.000000362310527.
====================================================================
                    Energy and force calculation                    
====================================================================
Free energy per atom               : -2.3166493787E+00 (Ha/atom)
Total free energy                  : -3.1784429476E+03 (Ha)
Band structure energy              :  9.6393086146E+01 (Ha)
Exchange correlation energy        : -1.5018623722E+03 (Ha)
Self and correction energy         : -4.2868542272E+03 (Ha)
Entropy*kb*T                       : -6.6249759201E-01 (Ha)
Fermi level                        :  1.8611986267E-01 (Ha)
RMS force                          :  2.8513286400E-02 (Ha/Bohr)
Maximum force                      :  8.3880409444E-02 (Ha/Bohr)
Time for force calculation         :  0.112 (sec)
MD step time                       :  11.926 (sec)
===================================================================
                    Self Consistent Field (SCF#14)                     
===================================================================
Iteration     Free Energy (Ha/atom)   SCF Error        Timing (sec)
1            -2.3169152411E+00        7.774E-03        2.294
2            -2.3168939908E+00        1.540E-03        2.344
3            -2.3168938722E+00        3.947E-04        2.484
4            -2.3168938619E+00        6.646E-05        2.256
Total number of SCF: 4     

k = [0.000, 0.000, 0.000]
Occupation of state 2246 = 0.002068989798900.
Occupation of state 2496 = 0.000000369621741.
====================================================================
                    Energy and force calculation                    
====================================================================
Free energy per atom               : -2.3168938291E+00 (Ha/atom)
Total free energy                  : -3.1787783335E+03 (Ha)
Band structure energy              :  9.6831514775E+01 (Ha)
Exchange correlation energy        : -1.5015920326E+03 (Ha)
Self and correction energy         : -4.2868547123E+03 (Ha)
Entropy*kb*T                       : -6.6305588454E-01 (Ha)
Fermi level                        :  1.8616724588E-01 (Ha)
RMS force                          :  2.7487933106E-02 (Ha/Bohr)
Maximum force                      :  7.9430483249E-02 (Ha/Bohr)
Time for force calculation         :  0.113 (sec)
MD step time                       :  9.575 (sec)
===================================================================
                    Self Consistent Field (SCF#15)                     
===================================================================
Iteration     Free Energy (Ha/atom)   SCF Error        Timing (sec)
1            -2.3171554837E+00        8.246E-03        2.278
2            -2.3171281060E+00        1.332E-03        2.299
3            -2.3171284623E+00        5.093E-04        2.260
4            -2.3171284201E+00        6.065E-05        2.353
Total number of SCF: 4     

k = [0.000, 0.000, 0.000]
Occupation of state 2246 = 0.002092159434554.
Occupation of state 2496 = 0.000000377325336.
====================================================================
                    Energy and force calculation                    
====================================================================
Free energy per atom               : -2.3171283940E+00 (Ha/atom)
Total free energy                  : -3.1791001565E+03 (Ha)
Band structure energy              :  9.7275770732E+01 (Ha)
Exchange correlation energy        : -1.5013228601E+03 (Ha)
Self and correction energy         : -4.2868552693E+03 (Ha)
Entropy*kb*T                       : -6.6361327373E-01 (Ha)
Fermi level                        :  1.8621513473E-01 (Ha)
RMS force                          :  2.6485073703E-02 (Ha/Bohr)
Maximum force                      :  7.4295225510E-02 (Ha/Bohr)
Time for force calculation         :  0.113 (sec)
MD step time                       :  9.395 (sec)
===================================================================
                    Self Consistent Field (SCF#16)                     
===================================================================
Iteration     Free Energy (Ha/atom)   SCF Error        Timing (sec)
1            -2.3173985833E+00        1.098E-02        2.442
2            -2.3173492339E+00        2.161E-03        2.272
3            -2.3173491096E+00        5.603E-04        2.331
4            -2.3173490983E+00        1.248E-04        2.295
5            -2.3173491012E+00        3.227E-05        2.266
Total number of SCF: 5     

k = [0.000, 0.000, 0.000]
Occupation of state 2246 = 0.002091888606711.
Occupation of state 2496 = 0.000000382956523.
====================================================================
                    Energy and force calculation                    
====================================================================
Free energy per atom               : -2.3173490929E+00 (Ha/atom)
Total free energy                  : -3.1794029555E+03 (Ha)
Band structure energy              :  9.7722109918E+01 (Ha)
Exchange correlation energy        : -1.5010582957E+03 (Ha)
Self and correction energy         : -4.2868559375E+03 (Ha)
Entropy*kb*T                       : -6.6416870615E-01 (Ha)
Fermi level                        :  1.8626326686E-01 (Ha)
RMS force                          :  2.5501590904E-02 (Ha/Bohr)
Maximum force                      :  7.2580605284E-02 (Ha/Bohr)
Time for force calculation         :  0.115 (sec)
MD step time                       :  11.817 (sec)
===================================================================
                    Self Consistent Field (SCF#17)                     
===================================================================
Iteration     Free Energy (Ha/atom)   SCF Error        Timing (sec)
1            -2.3175710721E+00        7.074E-03        2.302
2            -2.3175541986E+00        1.102E-03        2.276
3            -2.3175543117E+00        2.957E-04        2.346
4            -2.3175543424E+00        1.091E-04        2.253
5            -2.3175543503E+00        1.185E-04        2.246
6            -2.3175543445E+00        1.109E-04        2.256
7            -2.3175543485E+00        1.031E-04        2.287
8            -2.3175543485E+00        7.607E-05        2.366
Total number of SCF: 8     

k = [0.000, 0.000, 0.000]
Occupation of state 2246 = 0.002066988787693.
Occupation of state 2496 = 0.000000395497592.
====================================================================
                    Energy and force calculation                    
====================================================================
Free energy per atom               : -2.3175541347E+00 (Ha/atom)
Total free energy                  : -3.1796842728E+03 (Ha)
Band structure energy              :  9.8167846466E+01 (Ha)
Exchange correlation energy        : -1.5008003504E+03 (Ha)
Self and correction energy         : -4.2868567449E+03 (Ha)
Entropy*kb*T                       : -6.6472421776E-01 (Ha)
Fermi level                        :  1.8631155033E-01 (Ha)
RMS force                          :  2.4559907771E-02 (Ha/Bohr)
Maximum force                      :  7.1454019698E-02 (Ha/Bohr)
Time for force calculation         :  0.132 (sec)
MD step time                       :  18.557 (sec)
===================================================================
                    Self Consistent Field (SCF#18)                     
===================================================================
Iteration     Free Energy (Ha/atom)   SCF Error        Timing (sec)
1            -2.3178832485E+00        1.811E-02        2.448
2            -2.3177462756E+00        3.897E-03        2.412
3            -2.3177447925E+00        8.685E-04        2.341
4            -2.3177447713E+00        1.001E-04        2.314
5            -2.3177447824E+00        4.513E-05        2.361
Total number of SCF: 5     

k = [0.000, 0.000, 0.000]
Occupation of state 2246 = 0.002057056936195.
Occupation of state 2496 = 0.000000401634698.
====================================================================
                    Energy and force calculation                    
====================================================================
Free energy per atom               : -2.3177447299E+00 (Ha/atom)
Total free energy                  : -3.1799457694E+03 (Ha)
Band structure energy              :  9.8607593049E+01 (Ha)
Exchange correlation energy        : -1.5005509711E+03 (Ha)
Self and correction energy         : -4.2868576988E+03 (Ha)
Entropy*kb*T                       : -6.6526575901E-01 (Ha)
Fermi level                        :  1.8635915417E-01 (Ha)
RMS force                          :  2.3656122780E-02 (Ha/Bohr)
Maximum force                      :  6.9047888755E-02 (Ha/Bohr)
Time for force calculation         :  0.117 (sec)
MD step time                       :  12.099 (sec)
===================================================================
                    Self Consistent Field (SCF#19)                     
===================================================================
Iteration     Free Energy (Ha/atom)   SCF Error        Timing (sec)
1            -2.3179769231E+00        1.185E-02        2.373
2            -2.3179214720E+00        2.458E-03        2.376
3            -2.3179209887E+00        5.828E-04        2.246
4            -2.3179209748E+00        9.379E-05        2.372
Total number of SCF: 4     

k = [0.000, 0.000, 0.000]
Occupation of state 2246 = 0.002058887043151.
Occupation of state 2496 = 0.000000406794195.
====================================================================
                    Energy and force calculation                    
====================================================================
Free energy per atom               : -2.3179208776E+00 (Ha/atom)
Total free energy                  : -3.1801874441E+03 (Ha)
Band structure energy              :  9.9034173623E+01 (Ha)
Exchange correlation energy        : -1.5003122635E+03 (Ha)
Self and correction energy         : -4.2868587887E+03 (Ha)
Entropy*kb*T                       : -6.6580533953E-01 (Ha)
Fermi level                        :  1.8640501687E-01 (Ha)
RMS force                          :  2.2816374112E-02 (Ha/Bohr)
Maximum force                      :  6.5979588056E-02 (Ha/Bohr)
Time for force calculation         :  0.121 (sec)
MD step time                       :  9.587 (sec)
===================================================================
                    Self Consistent Field (SCF#20)                     
===================================================================
Iteration     Free Energy (Ha/atom)   SCF Error        Timing (sec)
1            -2.3181343901E+00        1.130E-02        2.414
2            -2.3180838379E+00        2.328E-03        2.471
3            -2.3180834856E+00        5.935E-04        2.345
4            -2.3180834568E+00        1.339E-04        2.307
5            -2.3180834606E+00        3.393E-05        2.298
Total number of SCF: 5     

k = [0.000, 0.000, 0.000]
Occupation of state 2246 = 0.002054909682394.
Occupation of state 2496 = 0.000000416215827.
====================================================================
                    Energy and force calculation                    
====================================================================
Free energy per atom               : -2.3180834537E+00 (Ha/atom)
Total free energy                  : -3.1804104984E+03 (Ha)
Band structure energy              :  9.9442242401E+01 (Ha)
Exchange correlation energy        : -1.5000854553E+03 (Ha)
Self and correction energy         : -4.2868600033E+03 (Ha)
Entropy*kb*T                       : -6.6634631731E-01 (Ha)
Fermi level                        :  1.8644848534E-01 (Ha)
RMS force                          :  2.2023894206E-02 (Ha/Bohr)
Maximum force                      :  6.5285364991E-02 (Ha/Bohr)
Time for force calculation         :  0.116 (sec)
MD step time                       :  12.056 (sec)
***************************************************************************
                               Timing info                                 
***************************************************************************
Total walltime                     :  259.369 sec
___________________________________________________________________________

***************************************************************************
*             Material Physics & Mechanics Group, Georgia Tech            *
*                       PI: Phanish Suryanarayana                         *
*                Main Developers: Qimen Xu, Abhiraj Sharma                *
*     Collaborators: J.E. Pask (LLNL), A.J. Medford (GT), E. Chow (GT)    *
*  Acknowledgements: U.S. DOE (DE-SC0019410); U.S. NSF (1333500,1553212)  *
***************************************************************************
                                                                           
