---------------------------------------
Begin Slurm Prolog: Jan-23-2023 11:33:39
Job ID:    567920
User ID:   bzhang376
Account:   gts-phanish6-coda20
Job name:  Al1372_mesh
Partition: cpu-medium
QOS:       inferno
---------------------------------------

Lmod is automatically replacing "gcc/10.3.0-o57x6h" with "intel/20.0.4".


The following have been reloaded with a version change:
  1) mvapich2/2.3.6-ouywal => mvapich2/2.3.6-z2duuy

---------------------------------------
Begin Slurm Epilog: Jan-23-2023 11:35:23
Job ID:        567920
Array Job ID:  _4294967294
User ID:       bzhang376
Account:       gts-phanish6-coda20
Job name:      Al1372_mesh
Resources:     cpu=384,mem=4.50T,node=32
Rsrc Used:     cput=11:12:00,vmem=12404K,walltime=00:01:45,mem=11144K,energy_used=0
Partition:     cpu-medium
QOS:           inferno
Nodes:         atl1-1-02-003-1-[1-2],atl1-1-02-003-4-[1-2],atl1-1-02-003-5-[1-2],atl1-1-02-003-6-[1-2],atl1-1-02-003-8-[1-2],atl1-1-02-003-9-[1-2],atl1-1-02-003-10-[1-2],atl1-1-02-003-11-[1-2],atl1-1-02-003-13-[1-2],atl1-1-02-003-14-2,atl1-1-02-003-18-2,atl1-1-02-003-20-2,atl1-1-02-003-21-1,atl1-1-02-003-22-1,atl1-1-02-003-24-[1-2],atl1-1-02-003-25-[1-2],atl1-1-02-003-26-1,atl1-1-02-003-27-2,atl1-1-02-003-28-2,atl1-1-02-003-29-2,atl1-1-02-003-30-1
---------------------------------------
