***************************************************************************
*                       SPARC (version Apr 23, 2021)                      *
*   Copyright (c) 2020 Material Physics & Mechanics Group, Georgia Tech   *
*           Distributed under GNU General Public License 3 (GPL)          *
*                   Start time: Mon Apr  3 16:43:50 2023                  *
***************************************************************************
                           Input parameters                                
***************************************************************************
CELL: 30.6 30.6 30.6 
LATVEC:
1 0 0 
0 1 0 
0 0 1 
FD_GRID: 77 77 77
FD_ORDER: 12
BC: P P P
KPOINT_GRID: 1 1 1
KPOINT_SHIFT: 0 0 0
SPIN_TYP: 0
ELEC_TEMP_TYPE: Gaussian
SMEARING: 0.007349864435
CHEB_DEGREE: 20
NSTATES: 450
#WARNING: Number of bands may be insufficient for efficient SCF convergence.
EXCHANGE_CORRELATION: GGA_PBE
CALC_STRESS: 0
CALC_PRES: 0
CHEFSI_BOUND_FLAG: 0
MAXIT_SCF: 100
MINIT_SCF: 3
MAXIT_POISSON: 3000
TOL_SCF: 2.00E-03
POISSON_SOLVER: AAR
TOL_POISSON: 2.00E-05
TOL_LANCZOS: 1.00E-02
TOL_PSEUDOCHARGE: 2.00E-05
MIXING_VARIABLE: density
MIXING_PRECOND: kerker
TOL_PRECOND: 1.58E-04
PRECOND_KERKER_KTF: 1
PRECOND_KERKER_THRESH: 0.1
MIXING_PARAMETER: 0.5
MIXING_HISTORY: 7
PULAY_FREQUENCY: 1
PULAY_RESTART: 0
REFERENCE_CUTOFF: 0.5
RHO_TRIGGER: 4
FIX_RAND: 0
VERBOSITY: 1
PRINT_FORCES: 1
PRINT_ATOMS: 0
PRINT_EIGEN: 0
PRINT_DENSITY: 0
OUTPUT_FILE: Al256
***************************************************************************
                           Parallelization                                 
***************************************************************************
NP_SPIN_PARAL: 1
NP_KPOINT_PARAL: 1
NP_BAND_PARAL: 76
NP_DOMAIN_PARAL: 5 1 1
NP_DOMAIN_PHI_PARAL: 6 8 8
EIG_SERIAL_MAXNS: 2000
***************************************************************************
                             Initialization                                
***************************************************************************
Number of processors               :  384
Mesh spacing                       :  0.397403 (Bohr)
Number of symmetry adapted k-points:  1
Output printed to                  :  Al256.out
Total number of atom types         :  1
Total number of atoms              :  256
Total number of electrons          :  768
Atom type 1  (valence electrons)   :  Al 3
Pseudopotential                    :  ../13_Al_3_1.9_1.9_pbe_n_v1.0.psp8
Pseudocharge radii of atom type 1  :  6.36 6.36 6.36 (x, y, z dir)
Number of atoms of type 1          :  256
Estimated total memory usage       :  9.28 GB
Estimated memory per processor     :  24.74 MB
===================================================================
                    Self Consistent Field (SCF#1)                     
===================================================================
Iteration     Free Energy (Ha/atom)   SCF Error        Timing (sec)
1            -2.3004877251E+00        1.447E-01        3.287
2            -2.3115852944E+00        8.409E-02        0.722
3            -2.3147010825E+00        1.720E-02        0.712
4            -2.3158931974E+00        1.045E-02        0.713
5            -2.3163484607E+00        5.264E-03        0.719
6            -2.3165429441E+00        3.031E-03        0.711
7            -2.3166297437E+00        1.196E-03        0.723
Total number of SCF: 7     

k = [0.000, 0.000, 0.000]
Occupation of state 405 = 0.000722108909033.
Occupation of state 450 = 0.000000000000000.
====================================================================
                    Energy and force calculation                    
====================================================================
Free energy per atom               : -2.3166263406E+00 (Ha/atom)
Total free energy                  : -5.9305634319E+02 (Ha)
Band structure energy              :  1.6734975290E+01 (Ha)
Exchange correlation energy        : -2.8068840417E+02 (Ha)
Self and correction energy         : -7.9992559812E+02 (Ha)
Entropy*kb*T                       : -8.7570484887E-02 (Ha)
Fermi level                        :  1.7703742885E-01 (Ha)
RMS force                          :  3.5682958153E-02 (Ha/Bohr)
Maximum force                      :  1.0385591373E-01 (Ha/Bohr)
Time for force calculation         :  0.085 (sec)
***************************************************************************
                               Timing info                                 
***************************************************************************
Total walltime                     :  8.118 sec
___________________________________________________________________________

***************************************************************************
*             Material Physics & Mechanics Group, Georgia Tech            *
*                       PI: Phanish Suryanarayana                         *
*                Main Developers: Qimen Xu, Abhiraj Sharma                *
*     Collaborators: J.E. Pask (LLNL), A.J. Medford (GT), E. Chow (GT)    *
*  Acknowledgements: U.S. DOE (DE-SC0019410); U.S. NSF (1333500,1553212)  *
***************************************************************************
                                                                           
