***************************************************************************
*                       SPARC (version Apr 23, 2021)                      *
*   Copyright (c) 2020 Material Physics & Mechanics Group, Georgia Tech   *
*           Distributed under GNU General Public License 3 (GPL)          *
*                   Start time: Sun Jan 29 18:40:16 2023                  *
***************************************************************************
                           Input parameters                                
***************************************************************************
CELL: 38.25 38.25 38.25 
LATVEC:
1 0 0 
0 1 0 
0 0 1 
FD_GRID: 58 58 58
FD_ORDER: 12
BC: P P P
KPOINT_GRID: 1 1 1
KPOINT_SHIFT: 0 0 0
SPIN_TYP: 0
ELEC_TEMP_TYPE: Gaussian
SMEARING: 0.007349864435
CHEB_DEGREE: 15
NSTATES: 900
#WARNING: Number of bands may be insufficient for efficient SCF convergence.
EXCHANGE_CORRELATION: GGA_PBE
CALC_STRESS: 0
CALC_PRES: 0
CHEFSI_BOUND_FLAG: 0
MAXIT_SCF: 100
MINIT_SCF: 3
MAXIT_POISSON: 3000
TOL_SCF: 1.00E-04
POISSON_SOLVER: AAR
TOL_POISSON: 1.00E-06
TOL_LANCZOS: 1.00E-02
TOL_PSEUDOCHARGE: 1.00E-06
MIXING_VARIABLE: density
MIXING_PRECOND: none
#WARNING: the preconditioner for SCF has been turned off, this 
#might lead to slow SCF convergence. To specify SCF preconditioner, 
#use 'MIXING_PRECOND' in the .inpt file
MIXING_PARAMETER: 1
MIXING_HISTORY: 7
PULAY_FREQUENCY: 1
PULAY_RESTART: 0
REFERENCE_CUTOFF: 0.5
RHO_TRIGGER: 4
FIX_RAND: 0
VERBOSITY: 1
PRINT_FORCES: 1
PRINT_ATOMS: 0
PRINT_EIGEN: 0
PRINT_DENSITY: 0
OUTPUT_FILE: Al500
***************************************************************************
                           Parallelization                                 
***************************************************************************
NP_SPIN_PARAL: 1
NP_KPOINT_PARAL: 1
NP_BAND_PARAL: 312
NP_DOMAIN_PARAL: 1 1 1
NP_DOMAIN_PHI_PARAL: 6 7 7
EIG_SERIAL_MAXNS: 2000
***************************************************************************
                             Initialization                                
***************************************************************************
Number of processors               :  312
Mesh spacing                       :  0.659483 (Bohr)
Number of symmetry adapted k-points:  1
Output printed to                  :  Al500.out
Total number of atom types         :  1
Total number of atoms              :  500
Total number of electrons          :  1500
Atom type 1  (valence electrons)   :  Al 3
Pseudopotential                    :  ../13_Al_3_1.9_1.9_pbe_n_v1.0.psp8
Pseudocharge radii of atom type 1  :  7.91 7.91 7.91 (x, y, z dir)
Number of atoms of type 1          :  500
Estimated total memory usage       :  7.89 GB
Estimated memory per processor     :  25.90 MB
===================================================================
                    Self Consistent Field (SCF#1)                     
===================================================================
Iteration     Free Energy (Ha/atom)   SCF Error        Timing (sec)
1            -2.3123927534E+00        1.478E-01        5.721
2            -2.3332809409E+00        2.071E-01        0.761
3            -3.1766218526E+00        6.526E-01        0.775
4            -2.2784904579E+00        3.675E-01        0.785
5            -2.3675699252E+00        3.414E-01        0.757
6            -2.4305307516E+00        3.607E-01        0.756
7            -2.3398539092E+00        1.863E-01        0.759
8            -2.3559495812E+00        2.582E-01        0.776
9            -2.3316175589E+00        1.753E-01        0.760
10           -2.3285306945E+00        1.482E-01        0.761
11           -2.3394669618E+00        2.103E-01        0.760
12           -2.7687686749E+00        5.779E-01        0.761
13           -2.3627065032E+00        4.061E-01        0.763
14           -2.3181901767E+00        2.163E-01        0.771
15           -2.4745857427E+00        4.354E-01        0.764
16           -2.3276439990E+00        2.097E-01        0.784
17           -2.5248714899E+00        4.568E-01        0.773
18           -2.5673413168E+00        4.917E-01        0.762
19           -2.4083057267E+00        3.935E-01        0.762
20           -2.7602430975E+00        5.998E-01        0.760
21           -2.3238841230E+00        3.417E-01        0.760
22           -2.4822704901E+00        4.415E-01        0.760
23           -4.2692504948E+00        7.568E-01        0.763
24           -2.6576794181E+00        6.477E-01        0.761
25           -4.2202854396E+00        8.143E-01        0.766
26           -2.8689048468E+00        6.622E-01        0.762
27           -3.1840772913E+00        6.578E-01        0.776
28           -4.0187017812E+00        7.509E-01        0.760
29           -2.4365596146E+00        5.635E-01        0.763
30           -6.1255930020E+00        8.756E-01        0.760
31           -8.5354717842E+00        9.416E-01        0.764
32           -3.7204263297E+00        8.294E-01        0.769
33           -9.4621752664E+00        9.596E-01        0.762
34           -5.4387458790E+00        8.879E-01        0.755
35           -5.5646084799E+00        8.891E-01        0.755
36           -7.9305319227E+00        9.563E-01        0.760
37           -3.2480075191E+00        8.270E-01        0.764
38           -1.1912780280E+01        1.009E+00        0.758
39           -2.0825970800E+01        1.045E+00        0.760
40           -6.5994959646E+00        9.124E-01        0.763
41           -2.0886418459E+01        1.048E+00        0.778
42           -1.1591354402E+01        9.801E-01        0.772
43           -5.5938675955E+00        9.151E-01        0.763
44           -1.2914883182E+01        1.005E+00        0.751
45           -9.1901025592E+00        9.756E-01        0.763
46           -1.9305506370E+01        1.029E+00        0.760
47           -2.4227799338E+01        1.068E+00        0.752
48           -1.6224726905E+01        1.027E+00        0.762
49           -1.3863226947E+01        9.726E-01        0.767
50           -1.4614941719E+01        1.029E+00        0.761
51           -1.3094533470E+01        1.016E+00        0.787
52           -2.0355267713E+01        1.068E+00        0.838
53           -1.8649855673E+01        1.048E+00        0.776
54           -1.0818064503E+01        9.531E-01        0.765
55           -1.7518923211E+01        1.059E+00        0.763
56           -2.4149417019E+01        1.066E+00        0.771
57           -1.6133898269E+01        1.041E+00        0.765
58           -1.1940353684E+01        9.695E-01        0.759
59           -1.9247054753E+01        1.038E+00        0.754
60           -2.2784271819E+01        1.057E+00        0.775
61           -2.0062496454E+01        1.057E+00        0.759
62           -1.0377794342E+01        9.537E-01        0.763
63           -2.1545781262E+01        1.071E+00        0.762
64           -2.7210541143E+01        1.070E+00        0.754
65           -1.3639394616E+01        9.583E-01        0.760
66           -1.4011038019E+01        1.042E+00        0.760
67           -2.1981650922E+01        1.059E+00        0.749
68           -2.2744784944E+01        1.046E+00        0.753
69           -2.0717289684E+01        1.067E+00        0.759
70           -8.6694449686E+00        9.388E-01        0.760
71           -2.2123546596E+01        1.066E+00        0.757
72           -2.4717596476E+01        1.074E+00        0.754
73           -1.0306555948E+01        9.469E-01        0.761
74           -1.9243059139E+01        1.069E+00        0.761
