---------------------------------------
Begin Slurm Prolog: Jan-29-2023 18:40:13
Job ID:    610398
User ID:   bzhang376
Account:   gts-phanish6-coda20
Job name:  Al500_scf
Partition: cpu-medium
QOS:       inferno
---------------------------------------
srun: Job step aborted: Waiting up to 32 seconds for job step to finish.
slurmstepd: error: *** JOB 610398 ON atl1-1-01-004-1-2 CANCELLED AT 2023-01-29T18:41:18 ***
slurmstepd: error: *** STEP 610398.0 ON atl1-1-01-004-1-2 CANCELLED AT 2023-01-29T18:41:18 ***
---------------------------------------
Begin Slurm Epilog: Jan-29-2023 18:41:22
Job ID:        610398
Array Job ID:  _4294967294
User ID:       bzhang376
Account:       gts-phanish6-coda20
Job name:      Al500_scf
Resources:     cpu=312,mem=3744G,node=26
Rsrc Used:     cput=05:38:00,vmem=11668K,walltime=00:01:05,mem=10528K,energy_used=0
Partition:     cpu-medium
QOS:           inferno
Nodes:         atl1-1-01-004-1-2,atl1-1-01-004-2-[1-2],atl1-1-01-004-3-[1-2],atl1-1-01-004-4-[1-2],atl1-1-01-004-6-[1-2],atl1-1-01-004-8-1,atl1-1-01-004-9-[1-2],atl1-1-01-004-17-2,atl1-1-01-004-18-[1-2],atl1-1-01-004-19-[1-2],atl1-1-01-004-20-1,atl1-1-01-004-24-2,atl1-1-01-004-25-[1-2],atl1-1-01-004-26-[1-2],atl1-1-01-004-27-[1-2],atl1-1-01-004-28-1
---------------------------------------
