---------------------------------------
Begin Slurm Prolog: Feb-04-2023 23:48:03
Job ID:    631111
User ID:   bzhang376
Account:   gts-phanish6-coda20
Job name:  Al1372_1536
Partition: cpu-medium
QOS:       inferno
---------------------------------------
---------------------------------------
Begin Slurm Epilog: Feb-04-2023 23:50:49
Job ID:        631111
Array Job ID:  _4294967294
User ID:       bzhang376
Account:       gts-phanish6-coda20
Job name:      Al1372_1536
Resources:     cpu=1536,mem=18T,node=128
Rsrc Used:     cput=2-22:49:36,vmem=9280K,walltime=00:02:46,mem=8124K,energy_used=0
Partition:     cpu-medium
QOS:           inferno
Nodes:         atl1-1-01-003-1-[1-2],atl1-1-01-003-2-[1-2],atl1-1-01-003-3-[1-2],atl1-1-01-003-4-[1-2],atl1-1-01-003-5-[1-2],atl1-1-01-003-6-[1-2],atl1-1-01-003-7-2,atl1-1-01-003-8-[1-2],atl1-1-01-003-9-2,atl1-1-01-003-10-[1-2],atl1-1-01-003-11-[1-2],atl1-1-01-003-12-[1-2],atl1-1-01-003-13-[1-2],atl1-1-01-003-14-[1-2],atl1-1-01-003-15-[1-2],atl1-1-01-003-16-[1-2],atl1-1-01-003-17-[1-2],atl1-1-01-003-18-[1-2],atl1-1-01-003-19-[1-2],atl1-1-01-003-20-[1-2],atl1-1-01-003-21-1,atl1-1-01-003-22-[1-2],atl1-1-01-003-23-[1-2],atl1-1-01-003-24-[1-2],atl1-1-01-003-25-[1-2],atl1-1-01-003-26-[1-2],atl1-1-01-003-27-[1-2],atl1-1-01-003-28-1,atl1-1-01-003-29-[1-2],atl1-1-01-003-30-[1-2],atl1-1-01-003-31-[1-2],atl1-1-01-003-32-[1-2],atl1-1-01-004-1-[1-2],atl1-1-01-004-2-[1-2],atl1-1-01-004-3-[1-2],atl1-1-01-004-4-[1-2],atl1-1-01-004-5-[1-2],atl1-1-01-004-6-[1-2],atl1-1-01-004-7-[1-2],atl1-1-01-004-8-1,atl1-1-01-004-9-[1-2],atl1-1-01-004-10-[1-2],atl1-1-01-004-11-[1-2],atl1-1-01-004-12-[1-2],atl1-1-01-004-13-[1-2],atl1-1-01-004-14-[1-2],atl1-1-01-004-15-[1-2],atl1-1-01-004-16-[1-2],atl1-1-01-004-17-[1-2],atl1-1-01-004-18-[1-2],atl1-1-01-004-19-[1-2],atl1-1-01-004-20-[1-2],atl1-1-01-004-21-[1-2],atl1-1-01-004-22-[1-2],atl1-1-01-004-23-[1-2],atl1-1-01-004-24-[1-2],atl1-1-01-004-25-[1-2],atl1-1-01-004-26-[1-2],atl1-1-01-004-27-[1-2],atl1-1-01-004-28-[1-2],atl1-1-01-004-29-[1-2],atl1-1-01-004-30-[1-2],atl1-1-03-004-1-2,atl1-1-03-004-2-[1-2],atl1-1-03-004-3-1,atl1-1-03-004-4-1,atl1-1-03-004-6-1,atl1-1-03-004-7-[1-2],atl1-1-03-004-8-1
---------------------------------------
