***************************************************************************
*                       SPARC (version Dec 19, 2022)                      *
*   Copyright (c) 2020 Material Physics & Mechanics Group, Georgia Tech   *
*           Distributed under GNU General Public License 3 (GPL)          *
*                   Start time: Thu Feb 16 17:33:23 2023                  *
***************************************************************************
                           Input parameters                                
***************************************************************************
LATVEC_SCALE: 17.5236981730929 11.2151152043688 44.9814825493465 
LATVEC:
1 0 0 
0 1 0 
0 0 1 
FD_GRID: 70 45 180
FD_ORDER: 12
BC: P P D
KPOINT_GRID: 2 2 1
KPOINT_SHIFT: 0.5 0.5 0
SPIN_TYP: 0
ELEC_TEMP_TYPE: Gaussian
SMEARING: 0.001836999861
EXCHANGE_CORRELATION: HSE
EXX_RANGE_FOCK: 0.106000
EXX_RANGE_PBE: 0.106000
NSTATES: 465
CHEB_DEGREE: 30
CHEFSI_BOUND_FLAG: 0
CALC_STRESS: 0
CALC_PRES: 0
MAXIT_SCF: 100
MINIT_SCF: 2
MAXIT_POISSON: 3000
TOL_SCF: 5.00E-04
POISSON_SOLVER: AAR
TOL_POISSON: 5.00E-06
TOL_LANCZOS: 1.00E-02
TOL_PSEUDOCHARGE: 5.00E-06
MIXING_VARIABLE: density
MIXING_PRECOND: kerker
TOL_PRECOND: 6.24E-05
PRECOND_KERKER_KTF: 1
PRECOND_KERKER_THRESH: 0.1
MIXING_PARAMETER: 0.7
MIXING_HISTORY: 7
PULAY_FREQUENCY: 1
PULAY_RESTART: 0
REFERENCE_CUTOFF: 0.5
RHO_TRIGGER: 4
FIX_RAND: 0
VERBOSITY: 1
PRINT_FORCES: 1
PRINT_ATOMS: 1
PRINT_EIGEN: 0
PRINT_DENSITY: 0
PRINT_ENERGY_DENSITY: 0
EXX_FRAC: 0.25
TOL_FOCK: 1.00E-04
TOL_SCF_INIT: 1.00E-03
MAXIT_FOCK: 20
MINIT_FOCK: 2
EXX_METHOD: FOURIER_SPACE
EXX_DIVERGENCE: AUXILIARY
EXX_MEM: 12
ACE_FLAG: 1
EXX_ACE_VALENCE_STATES: 3
EXX_DOWNSAMPLING: 1 1 1
OUTPUT_FILE: TiO2_HSE_44
***************************************************************************
                                Cell                                       
***************************************************************************
Lattice vectors (Bohr):
17.523698173092900 0.000000000000000 0.000000000000000 
0.000000000000000 11.215115204368800 0.000000000000000 
0.000000000000000 0.000000000000000 44.981482549346488 
Volume: 8.8402239818E+03 (Bohr^3)
***************************************************************************
                           Parallelization                                 
***************************************************************************
NP_SPIN_PARAL: 1
NP_KPOINT_PARAL: 2
NP_BAND_PARAL: 6
NP_DOMAIN_PARAL: 5 2 5
NP_DOMAIN_PHI_PARAL: 6 5 20
EIG_SERIAL_MAXNS: 1500
***************************************************************************
                             Initialization                                
***************************************************************************
Number of processors               :  600
Mesh spacing in x-direction        :  0.250339 (Bohr)
Mesh spacing in y-direction        :  0.249225 (Bohr)
Mesh spacing in z-direction        :  0.249897 (Bohr)
Number of symmetry adapted k-points:  2
Output printed to                  :  TiO2_HSE_44.out
Total number of atom types         :  2
Total number of atoms              :  96
Total number of electrons          :  768
Atom type 1  (valence electrons)   :  O 6
Pseudopotential                    :  ../08_O_6_1.2_1.4_pbe_n_v1.0.psp8
Pseudocharge radii of atom type 1  :  6.51 6.48 6.50 (x, y, z dir)
Number of atoms of type 1          :  64
Atom type 2  (valence electrons)   :  Ti 12
Pseudopotential                    :  ../22_Ti_12_2.0_2.8_pbe_n_v1.0.psp8
Pseudocharge radii of atom type 2  :  6.26 6.23 6.25 (x, y, z dir)
Number of atoms of type 2          :  32
Estimated total memory usage       :  182.25 GB
Estimated memory per processor     :  311.05 MB
===================================================================
                    Self Consistent Field (SCF#1)                     
===================================================================
Iteration     Free Energy (Ha/atom)   SCF Error        Timing (sec)
1            -3.0688217694E+01        1.464E-01        17.592
2            -3.0687087343E+01        2.306E-01        2.759
3            -3.0639745049E+01        5.136E-02        2.650
4            -3.0635230211E+01        2.809E-02        2.714
5            -3.0633496252E+01        1.005E-02        2.747
6            -3.0633476988E+01        7.633E-03        2.664
7            -3.0633385850E+01        2.797E-03        2.659
8            -3.0633374522E+01        1.095E-03        2.687
9            -3.0633372743E+01        8.462E-04        2.723
Total number of SCF: 9     

No.1 Exx outer loop. ACE timing: 162.140 (sec)
1            -3.0415351675E+01        1.047E-02        5.632
2            -3.0415446841E+01        9.065E-03        5.496
3            -3.0415256301E+01        3.416E-03        5.418
4            -3.0415231293E+01        2.095E-03        5.466
5            -3.0415216575E+01        7.270E-04        5.424
6            -3.0415209770E+01        2.644E-04        5.342
Total number of SCF: 6     
Exx outer loop error: 3.0324977646e-04 

No.2 Exx outer loop. ACE timing: 166.121 (sec)
1            -3.0415637207E+01        2.294E-03        5.509
2            -3.0415630606E+01        1.433E-03        5.372
3            -3.0415626738E+01        5.017E-04        5.378
4            -3.0415624222E+01        2.287E-04        5.379
Total number of SCF: 4     
Exx outer loop error: 2.0379081075e-04 

No.3 Exx outer loop. ACE timing: 169.333 (sec)
1            -3.0415650099E+01        5.711E-04        5.514
2            -3.0415651057E+01        3.398E-04        5.322
Total number of SCF: 2     
Exx outer loop error: 5.5175431020e-05 
====================================================================
                    Energy and force calculation                    
====================================================================
Free energy per atom               : -3.0415540707E+01 (Ha/atom)
Total free energy                  : -2.9198919078E+03 (Ha)
Band structure energy              : -7.6046321150E+02 (Ha)
Exchange correlation energy        : -5.1712817626E+02 (Ha)
Self and correction energy         : -3.8440875830E+03 (Ha)
-Entropy*kb*T                      : -1.6943077116E-07 (Ha)
Fermi level                        : -1.8653649064E-01 (Ha)
RMS force                          :  1.6445886036E-02 (Ha/Bohr)
Maximum force                      :  8.4217484232E-02 (Ha/Bohr)
Time for force calculation         :  0.131 (sec)
***************************************************************************
                               Timing info                                 
***************************************************************************
Total walltime                     :  611.887 sec
___________________________________________________________________________

***************************************************************************
*             Material Physics & Mechanics Group, Georgia Tech            *
*                       PI: Phanish Suryanarayana                         *
*               List of contributors: See the documentation               *
*         Citation: See README.md or the documentation for details        *
*  Acknowledgements: U.S. DOE SC (DE-SC0019410), U.S. DOE NNSA (ASC)      *
*      {Preliminary developments: U.S. NSF (1333500,1663244,1553212)}     *
***************************************************************************
                                                                           
