---------------------------------------
Begin Slurm Prolog: Feb-15-2023 16:01:12
Job ID:    711667
User ID:   bzhang376
Account:   gts-phanish6-coda20
Job name:  Au_SOC_8
Partition: cpu-small
QOS:       inferno
---------------------------------------
---------------------------------------
Begin Slurm Epilog: Feb-15-2023 16:43:09
Job ID:        711667
Array Job ID:  _4294967294
User ID:       bzhang376
Account:       gts-phanish6-coda20
Job name:      Au_SOC_8
Resources:     cpu=120,mem=840G,node=10
Rsrc Used:     cput=3-11:58:00,vmem=9928K,walltime=00:41:59,mem=8752K,energy_used=0
Partition:     cpu-small
QOS:           inferno
Nodes:         atl1-1-02-020-17-2,atl1-1-02-020-18-[1-2],atl1-1-02-020-29-2,atl1-1-02-020-30-1,atl1-1-02-020-32-2,atl1-1-02-020-33-[1-2],atl1-1-02-020-34-[1-2]
---------------------------------------
