***************************************************************************
*                       SPARC (version Dec 19, 2022)                      *
*   Copyright (c) 2020 Material Physics & Mechanics Group, Georgia Tech   *
*           Distributed under GNU General Public License 3 (GPL)          *
*                   Start time: Wed Feb  8 19:08:18 2023                  *
***************************************************************************
                           Input parameters                                
***************************************************************************
LATVEC_SCALE: 1 1 1 
LATVEC:
0 10.1370473339769 0 
9.61260335675681 0 0 
0 -5.74558061042 -9.87761093623239 
FD_GRID: 42 40 48
FD_ORDER: 12
BC: P P P
KPOINT_GRID: 1 1 1
KPOINT_SHIFT: 0 0 0
SPIN_TYP: 1
ELEC_TEMP_TYPE: Fermi-Dirac
SMEARING: 0.001000000336
EXCHANGE_CORRELATION: SCAN
NSTATES: 65
CHEB_DEGREE: 33
CHEFSI_BOUND_FLAG: 0
CALC_STRESS: 1
MAXIT_SCF: 100
MINIT_SCF: 2
MAXIT_POISSON: 3000
TOL_SCF: 3.00E-04
POISSON_SOLVER: AAR
TOL_POISSON: 3.00E-06
TOL_LANCZOS: 1.00E-02
TOL_PSEUDOCHARGE: 3.00E-06
MIXING_VARIABLE: potential
MIXING_PRECOND: kerker
MIXING_PRECOND_MAG: none
TOL_PRECOND: 5.76E-05
PRECOND_KERKER_KTF: 1
PRECOND_KERKER_THRESH: 0.1
MIXING_PARAMETER: 0.5
MIXING_PARAMETER_MAG: 0.5
MIXING_HISTORY: 7
PULAY_FREQUENCY: 1
PULAY_RESTART: 0
REFERENCE_CUTOFF: 0.5
RHO_TRIGGER: 4
FIX_RAND: 0
VERBOSITY: 1
PRINT_FORCES: 1
PRINT_ATOMS: 1
PRINT_EIGEN: 0
PRINT_DENSITY: 0
PRINT_ENERGY_DENSITY: 0
OUTPUT_FILE: NiC2O4
***************************************************************************
                                Cell                                       
***************************************************************************
Lattice vectors (Bohr):
0.000000000000000 10.137047333976900 0.000000000000000 
9.612603356756811 0.000000000000000 0.000000000000000 
0.000000000000000 -5.745580610419999 -9.877610936232390 
Volume: 9.6250814394E+02 (Bohr^3)
***************************************************************************
                           Parallelization                                 
***************************************************************************
NP_SPIN_PARAL: 2
NP_KPOINT_PARAL: 1
NP_BAND_PARAL: 6
NP_DOMAIN_PARAL: 2 1 2
NP_DOMAIN_PHI_PARAL: 4 3 4
EIG_SERIAL_MAXNS: 1500
***************************************************************************
                             Initialization                                
***************************************************************************
Number of processors               :  48
Mesh spacing in x-direction        :  0.241358 (Bohr)
Mesh spacing in y-direction        :  0.240315 (Bohr)
Mesh spacing in z-direction        :  0.238065 (Bohr)
Number of symmetry adapted k-points:  1
Output printed to                  :  NiC2O4.out
Total number of atom types         :  3
Total number of atoms              :  14
Total number of electrons          :  100
Atom type 1  (valence electrons)   :  Ni 18
Pseudopotential                    :  ../28_Ni_18_1.7_2.2_pbe_n_v1.0.psp8
Pseudocharge radii of atom type 1  :  7.00 6.97 6.90 (x, y, z dir)
Number of atoms of type 1          :  2
Atom type 2  (valence electrons)   :  C 4
Pseudopotential                    :  ../06_C_4_1.2_1.2_pbe_n_v1.0.psp8
Pseudocharge radii of atom type 2  :  7.24 7.21 7.14 (x, y, z dir)
Number of atoms of type 2          :  4
Atom type 3  (valence electrons)   :  O 6
Pseudopotential                    :  ../08_O_6_1.2_1.4_pbe_n_v1.0.psp8
Pseudocharge radii of atom type 3  :  7.24 7.21 7.14 (x, y, z dir)
Number of atoms of type 3          :  8
Estimated total memory usage       :  511.88 MB
Estimated memory per processor     :  10.66 MB
========================================================================================
                    Self Consistent Field (SCF#1)                     
========================================================================================
Iteration     Free Energy (Ha/atom)    Magnetization     SCF Error        Timing (sec)
1            -3.4230497998E+01         2.1105E+00        1.088E-01        1.491
2            -3.3509165691E+01         4.3946E-04        2.429E-01        0.810
3            -3.3597282317E+01         1.9994E+00        1.293E-01        0.762
4            -3.3628359653E+01         1.9996E+00        6.207E-02        0.760
5            -3.3624339144E+01         3.8086E+00        3.173E-02        0.758
6            -3.3633023845E+01         3.9999E+00        2.074E-02        0.754
7            -3.3635115201E+01         4.0000E+00        1.390E-02        0.748
8            -3.3635210836E+01         4.0000E+00        8.330E-03        0.752
9            -3.3635515862E+01         4.0000E+00        4.653E-03        0.747
10           -3.3635625350E+01         4.0000E+00        2.514E-03        0.746
11           -3.3635654908E+01         4.0000E+00        1.560E-03        0.743
12           -3.3635644789E+01         4.0000E+00        1.380E-03        0.743
13           -3.3635613141E+01         4.0000E+00        7.111E-04        0.741
14           -3.3635601401E+01         4.0000E+00        5.741E-04        0.742
15           -3.3635592001E+01         4.0000E+00        4.965E-04        0.737
16           -3.3635575873E+01         4.0000E+00        3.315E-04        0.736
17           -3.3635581880E+01         4.0000E+00        2.038E-04        0.735
Total number of SCF: 17    
====================================================================
                    Energy and force calculation                    
====================================================================
Free energy per atom               : -3.3635581880E+01 (Ha/atom)
Total free energy                  : -4.7089814632E+02 (Ha)
Band structure energy              : -5.9466455013E+01 (Ha)
Exchange correlation energy        : -8.1609613852E+01 (Ha)
Self and correction energy         : -6.7976734236E+02 (Ha)
-Entropy*kb*T                      : -9.2990866846E-08 (Ha)
Fermi level                        :  1.2170065699E-01 (Ha)
RMS force                          :  1.7698552438E-02 (Ha/Bohr)
Maximum force                      :  2.4822527405E-02 (Ha/Bohr)
Time for force calculation         :  0.062 (sec)
Pressure                           : -4.2344905733E+00 (GPa)
Maximum stress                     :  6.1778706104E+00 (GPa)
Time for stress calculation        :  0.131 (sec)
***************************************************************************
                               Timing info                                 
***************************************************************************
Total walltime                     :  13.859 sec
___________________________________________________________________________

***************************************************************************
*             Material Physics & Mechanics Group, Georgia Tech            *
*                       PI: Phanish Suryanarayana                         *
*               List of contributors: See the documentation               *
*         Citation: See README.md or the documentation for details        *
*  Acknowledgements: U.S. DOE SC (DE-SC0019410), U.S. DOE NNSA (ASC)      *
*      {Preliminary developments: U.S. NSF (1333500,1663244,1553212)}     *
***************************************************************************
                                                                           
