---------------------------------------
Begin Slurm Prolog: Jan-17-2023 16:12:46
Job ID:    510982
User ID:   bzhang376
Account:   gts-phanish6-coda20
Job name:  Cs_110_mesh
Partition: cpu-small
QOS:       inferno
---------------------------------------

Lmod is automatically replacing "gcc/10.3.0-o57x6h" with "intel/20.0.4".


The following have been reloaded with a version change:
  1) mvapich2/2.3.6-ouywal => mvapich2/2.3.6-z2duuy

---------------------------------------
Begin Slurm Epilog: Jan-17-2023 16:13:30
Job ID:        510982
Array Job ID:  _4294967294
User ID:       bzhang376
Account:       gts-phanish6-coda20
Job name:      Cs_110_mesh
Resources:     cpu=768,mem=5376G,node=64
Rsrc Used:     cput=09:23:12,vmem=9040K,walltime=00:00:44,mem=7724K,energy_used=0
Partition:     cpu-small
QOS:           inferno
Nodes:         atl1-1-02-008-5-2,atl1-1-02-008-6-1,atl1-1-02-008-29-2,atl1-1-02-015-14-2,atl1-1-02-015-15-[1-2],atl1-1-02-015-16-[1-2],atl1-1-02-015-17-[1-2],atl1-1-02-015-18-[1-2],atl1-1-02-015-19-[1-2],atl1-1-02-015-20-[1-2],atl1-1-02-015-21-[1-2],atl1-1-02-015-22-[1-2],atl1-1-02-015-23-[1-2],atl1-1-02-015-24-[1-2],atl1-1-02-015-25-[1-2],atl1-1-02-015-26-[1-2],atl1-1-02-015-27-[1-2],atl1-1-02-015-28-[1-2],atl1-1-02-015-29-[1-2],atl1-1-02-015-30-[1-2],atl1-1-02-015-31-[1-2],atl1-1-02-015-32-[1-2],atl1-1-02-015-33-[1-2],atl1-1-02-015-34-[1-2],atl1-1-02-015-35-[1-2],atl1-1-02-015-36-[1-2],atl1-1-02-017-35-[1-2],atl1-1-02-017-36-1,atl1-1-02-019-17-[1-2],atl1-1-02-019-18-[1-2],atl1-1-02-019-19-[1-2],atl1-1-02-019-20-[1-2],atl1-1-02-019-21-[1-2],atl1-1-02-019-22-[1-2],atl1-1-02-019-23-1
---------------------------------------
