---------------------------------------
Begin Slurm Prolog: Jan-17-2023 16:04:27
Job ID:    510797
User ID:   bzhang376
Account:   gts-phanish6-coda20
Job name:  Cs_110_mesh
Partition: cpu-small
QOS:       inferno
---------------------------------------

Lmod is automatically replacing "gcc/10.3.0-o57x6h" with "intel/20.0.4".


The following have been reloaded with a version change:
  1) mvapich2/2.3.6-ouywal => mvapich2/2.3.6-z2duuy

---------------------------------------
Begin Slurm Epilog: Jan-17-2023 16:06:12
Job ID:        510797
Array Job ID:  _4294967294
User ID:       bzhang376
Account:       gts-phanish6-coda20
Job name:      Cs_110_mesh
Resources:     cpu=192,mem=1344G,node=16
Rsrc Used:     cput=05:42:24,vmem=10264K,walltime=00:01:47,mem=9264K,energy_used=0
Partition:     cpu-small
QOS:           inferno
Nodes:         atl1-1-02-019-13-[1-2],atl1-1-02-019-14-[1-2],atl1-1-02-019-15-[1-2],atl1-1-02-019-16-[1-2],atl1-1-02-019-17-[1-2],atl1-1-02-019-18-[1-2],atl1-1-02-019-19-[1-2],atl1-1-02-019-20-[1-2]
---------------------------------------
