***************************************************************************
*                       SPARC (version Apr 23, 2021)                      *
*   Copyright (c) 2020 Material Physics & Mechanics Group, Georgia Tech   *
*           Distributed under GNU General Public License 3 (GPL)          *
*                   Start time: Thu Jan 19 14:52:02 2023                  *
***************************************************************************
                           Input parameters                                
***************************************************************************
CELL: 30.6 30.6 30.6 
LATVEC:
1 0 0 
0 1 0 
0 0 1 
FD_GRID: 77 77 77
FD_ORDER: 12
BC: P P P
KPOINT_GRID: 1 1 1
KPOINT_SHIFT: 0 0 0
SPIN_TYP: 0
ELEC_TEMP_TYPE: Gaussian
SMEARING: 0.007349864435
CHEB_DEGREE: 20
NSTATES: 450
#WARNING: Number of bands may be insufficient for efficient SCF convergence.
EXCHANGE_CORRELATION: GGA_PBE
CALC_STRESS: 0
CALC_PRES: 0
CHEFSI_BOUND_FLAG: 0
MAXIT_SCF: 100
MINIT_SCF: 3
MAXIT_POISSON: 3000
TOL_SCF: 2.00E-03
POISSON_SOLVER: AAR
TOL_POISSON: 2.00E-05
TOL_LANCZOS: 1.00E-02
TOL_PSEUDOCHARGE: 2.00E-05
MIXING_VARIABLE: density
MIXING_PRECOND: kerker
TOL_PRECOND: 1.58E-04
PRECOND_KERKER_KTF: 1
PRECOND_KERKER_THRESH: 0.1
MIXING_PARAMETER: 0.8
MIXING_HISTORY: 7
PULAY_FREQUENCY: 1
PULAY_RESTART: 0
REFERENCE_CUTOFF: 0.5
RHO_TRIGGER: 4
FIX_RAND: 0
VERBOSITY: 1
PRINT_FORCES: 1
PRINT_ATOMS: 0
PRINT_EIGEN: 0
PRINT_DENSITY: 0
OUTPUT_FILE: Al256
***************************************************************************
                           Parallelization                                 
***************************************************************************
NP_SPIN_PARAL: 1
NP_KPOINT_PARAL: 1
NP_BAND_PARAL: 24
NP_DOMAIN_PARAL: 1 2 2
NP_DOMAIN_PHI_PARAL: 4 4 6
EIG_SERIAL_MAXNS: 2000
***************************************************************************
                             Initialization                                
***************************************************************************
Number of processors               :  96
Mesh spacing                       :  0.397403 (Bohr)
Number of symmetry adapted k-points:  1
Output printed to                  :  Al256.out
Total number of atom types         :  1
Total number of atoms              :  256
Total number of electrons          :  768
Atom type 1  (valence electrons)   :  Al 3
Pseudopotential                    :  ../13_Al_3_1.9_1.9_pbe_n_v1.0.psp8
Pseudocharge radii of atom type 1  :  6.36 6.36 6.36 (x, y, z dir)
Number of atoms of type 1          :  256
Estimated total memory usage       :  9.28 GB
Estimated memory per processor     :  98.98 MB
===================================================================
                    Self Consistent Field (SCF#1)                     
===================================================================
Iteration     Free Energy (Ha/atom)   SCF Error        Timing (sec)
1            -2.3002000543E+00        1.444E-01        7.450
2            -2.3110258867E+00        4.974E-02        1.870
3            -2.3145611807E+00        1.662E-02        1.862
4            -2.3158696672E+00        1.426E-02        1.871
5            -2.3163126019E+00        6.242E-03        1.855
6            -2.3165308946E+00        3.417E-03        1.849
7            -2.3166263586E+00        1.179E-03        1.829
Total number of SCF: 7     

k = [0.000, 0.000, 0.000]
Occupation of state 405 = 0.000375894318177.
Occupation of state 450 = 0.000000000000000.
====================================================================
                    Energy and force calculation                    
====================================================================
Free energy per atom               : -2.3166245377E+00 (Ha/atom)
Total free energy                  : -5.9305588166E+02 (Ha)
Band structure energy              :  1.6738880235E+01 (Ha)
Exchange correlation energy        : -2.8068743683E+02 (Ha)
Self and correction energy         : -7.9992559812E+02 (Ha)
Entropy*kb*T                       : -8.7690081241E-02 (Ha)
Fermi level                        :  1.7701930128E-01 (Ha)
RMS force                          :  3.5615212031E-02 (Ha/Bohr)
Maximum force                      :  1.0319883434E-01 (Ha/Bohr)
Time for force calculation         :  0.138 (sec)
***************************************************************************
                               Timing info                                 
***************************************************************************
Total walltime                     :  18.981 sec
___________________________________________________________________________

***************************************************************************
*             Material Physics & Mechanics Group, Georgia Tech            *
*                       PI: Phanish Suryanarayana                         *
*                Main Developers: Qimen Xu, Abhiraj Sharma                *
*     Collaborators: J.E. Pask (LLNL), A.J. Medford (GT), E. Chow (GT)    *
*  Acknowledgements: U.S. DOE (DE-SC0019410); U.S. NSF (1333500,1553212)  *
***************************************************************************
                                                                           
