---------------------------------------
Begin Slurm Prolog: Jan-19-2023 14:53:47
Job ID:    530088
User ID:   bzhang376
Account:   gts-phanish6-coda20
Job name:  Al256_mesh
Partition: cpu-small
QOS:       inferno
---------------------------------------

Lmod is automatically replacing "gcc/10.3.0-o57x6h" with "intel/20.0.4".


The following have been reloaded with a version change:
  1) mvapich2/2.3.6-ouywal => mvapich2/2.3.6-z2duuy

---------------------------------------
Begin Slurm Epilog: Jan-19-2023 14:54:08
Job ID:        530088
Array Job ID:  _4294967294
User ID:       bzhang376
Account:       gts-phanish6-coda20
Job name:      Al256_mesh
Resources:     cpu=96,mem=672G,node=8
Rsrc Used:     cput=00:35:12,vmem=1412K,walltime=00:00:22,mem=0,energy_used=0
Partition:     cpu-small
QOS:           inferno
Nodes:         atl1-1-01-004-13-1,atl1-1-01-004-14-[1-2],atl1-1-01-004-18-1,atl1-1-01-004-20-[1-2],atl1-1-01-004-30-2,atl1-1-02-003-18-1
---------------------------------------
