***************************************************************************
*                       SPARC (version Dec 19, 2022)                      *
*   Copyright (c) 2020 Material Physics & Mechanics Group, Georgia Tech   *
*           Distributed under GNU General Public License 3 (GPL)          *
*                   Start time: Mon Feb 13 15:53:48 2023                  *
***************************************************************************
                           Input parameters                                
***************************************************************************
CELL: 37.2956352 37.2956352 30 
LATVEC:
1 0 0 
-0.5 0.866025403784439 0 
0 0 1 
FD_GRID: 186 186 150
FD_ORDER: 12
BC: P P P
KPOINT_GRID: 1 1 1
KPOINT_SHIFT: 0 0 0
SPIN_TYP: 1
ELEC_TEMP_TYPE: Fermi-Dirac
SMEARING: 0.001000000336
EXCHANGE_CORRELATION: vdWDF1
NSTATES: 619
CHEB_DEGREE: 38
CHEFSI_BOUND_FLAG: 0
CALC_STRESS: 1
MAXIT_SCF: 100
MINIT_SCF: 2
MAXIT_POISSON: 3000
TOL_SCF: 5.00E-04
POISSON_SOLVER: AAR
TOL_POISSON: 5.00E-06
TOL_LANCZOS: 1.00E-02
TOL_PSEUDOCHARGE: 5.00E-06
MIXING_VARIABLE: density
MIXING_PRECOND: kerker
MIXING_PRECOND_MAG: none
TOL_PRECOND: 4.01E-05
PRECOND_KERKER_KTF: 1
PRECOND_KERKER_THRESH: 0.1
MIXING_PARAMETER: 0.5
MIXING_PARAMETER_MAG: 0.5
MIXING_HISTORY: 7
PULAY_FREQUENCY: 1
PULAY_RESTART: 0
REFERENCE_CUTOFF: 0.5
RHO_TRIGGER: 4
FIX_RAND: 0
VERBOSITY: 1
PRINT_FORCES: 1
PRINT_ATOMS: 1
PRINT_EIGEN: 0
PRINT_DENSITY: 0
PRINT_ENERGY_DENSITY: 0
VDWDF_GEN_KERNEL: 0
OUTPUT_FILE: graphene_z30
***************************************************************************
                                Cell                                       
***************************************************************************
Lattice vectors (Bohr):
37.295635200000000 0.000000000000000 0.000000000000000 
-18.647817599999996 32.298967533477132 0.000000000000000 
0.000000000000000 0.000000000000000 30.000000000000000 
Volume: 3.6138315314E+04 (Bohr^3)
***************************************************************************
                           Parallelization                                 
***************************************************************************
NP_SPIN_PARAL: 2
NP_KPOINT_PARAL: 1
NP_BAND_PARAL: 40
NP_DOMAIN_PARAL: 1 3 1
NP_DOMAIN_PHI_PARAL: 6 8 5
EIG_SERIAL_MAXNS: 1500
***************************************************************************
                             Initialization                                
***************************************************************************
Number of processors               :  240
Mesh spacing in x-direction        :  0.200514 (Bohr)
Mesh spacing in y-direction        :  0.200514 (Bohr)
Mesh spacing in z-direction        :  0.2 (Bohr)
Number of symmetry adapted k-points:  1
Output printed to                  :  graphene_z30.out
Total number of atom types         :  1
Total number of atoms              :  256
Total number of electrons          :  1024
Atom type 1  (valence electrons)   :  C 4
Pseudopotential                    :  ../06_C_4_1.2_1.2_pbe_n_v1.0.psp8
Pseudocharge radii of atom type 1  :  7.02 7.02 7.00 (x, y, z dir)
Number of atoms of type 1          :  256
Estimated total memory usage       :  289.21 GB
Estimated memory per processor     :  1.21 GB
========================================================================================
                    Self Consistent Field (SCF#1)                     
========================================================================================
Iteration     Free Energy (Ha/atom)    Magnetization     SCF Error        Timing (sec)
1            -6.0632379563E+00         1.1644E+01        2.787E-01        148.790
2            -6.1697740513E+00         8.1966E-01        1.693E-01        39.952
3            -6.2325590617E+00         5.2934E-04        8.209E-02        40.122
4            -6.1792107347E+00         9.5061E-06        5.033E-02        39.886
5            -6.1529564435E+00         9.4911E-07        4.080E-02        40.196
6            -6.1028050617E+00         8.6285E-07        2.791E-02        39.962
7            -6.0963057340E+00         2.0356E-07        2.049E-02        39.947
8            -6.0742416344E+00        -1.3485E-07        1.200E-02        40.108
9            -6.0699027998E+00         6.2811E-08        6.812E-03        39.965
10           -6.0691016751E+00        -9.2063E-08        3.831E-03        39.842
11           -6.0688543651E+00        -6.3176E-08        1.947E-03        39.574
12           -6.0688994790E+00        -2.9216E-08        6.800E-04        39.925
13           -6.0688828934E+00        -3.8286E-09        2.195E-04        39.732
Total number of SCF: 13    
====================================================================
                    Energy and force calculation                    
====================================================================
Free energy per atom               : -6.0688828934E+00 (Ha/atom)
Total free energy                  : -1.5536340207E+03 (Ha)
Band structure energy              : -3.6112947978E+02 (Ha)
Exchange correlation energy        : -5.6255275664E+02 (Ha)
Self and correction energy         : -2.6495978090E+03 (Ha)
-Entropy*kb*T                      : -3.2590244244E-08 (Ha)
Fermi level                        : -2.1159698178E-02 (Ha)
vdWDF energy                       :  6.6365432404E+00 (Ha)
RMS force                          :  3.9465586582E-03 (Ha/Bohr)
Maximum force                      :  3.9634188245E-03 (Ha/Bohr)
Time for force calculation         :  0.957 (sec)
Pressure                           :  2.1445750277E+00 (GPa)
Maximum stress                     :  2.3382442267E+00 (GPa)
Time for stress calculation        :  1.914 (sec)
***************************************************************************
                               Timing info                                 
***************************************************************************
Total walltime                     :  636.378 sec
___________________________________________________________________________

***************************************************************************
*             Material Physics & Mechanics Group, Georgia Tech            *
*                       PI: Phanish Suryanarayana                         *
*               List of contributors: See the documentation               *
*         Citation: See README.md or the documentation for details        *
*  Acknowledgements: U.S. DOE SC (DE-SC0019410), U.S. DOE NNSA (ASC)      *
*      {Preliminary developments: U.S. NSF (1333500,1663244,1553212)}     *
***************************************************************************
                                                                           
