***************************************************************************
*                       SPARC (version Dec 19, 2022)                      *
*   Copyright (c) 2020 Material Physics & Mechanics Group, Georgia Tech   *
*           Distributed under GNU General Public License 3 (GPL)          *
*                   Start time: Mon Feb 13 16:15:18 2023                  *
***************************************************************************
                           Input parameters                                
***************************************************************************
CELL: 37.2956352 37.2956352 30 
LATVEC:
1 0 0 
-0.5 0.866025403784439 0 
0 0 1 
FD_GRID: 186 186 150
FD_ORDER: 12
BC: P P P
KPOINT_GRID: 1 1 1
KPOINT_SHIFT: 0 0 0
SPIN_TYP: 1
ELEC_TEMP_TYPE: Fermi-Dirac
SMEARING: 0.001000000336
EXCHANGE_CORRELATION: vdWDF1
NSTATES: 619
CHEB_DEGREE: 38
CHEFSI_BOUND_FLAG: 0
CALC_STRESS: 1
MAXIT_SCF: 100
MINIT_SCF: 2
MAXIT_POISSON: 3000
TOL_SCF: 5.00E-04
POISSON_SOLVER: AAR
TOL_POISSON: 5.00E-06
TOL_LANCZOS: 1.00E-02
TOL_PSEUDOCHARGE: 5.00E-06
MIXING_VARIABLE: density
MIXING_PRECOND: kerker
MIXING_PRECOND_MAG: none
TOL_PRECOND: 4.01E-05
PRECOND_KERKER_KTF: 1
PRECOND_KERKER_THRESH: 0.1
MIXING_PARAMETER: 0.8
MIXING_PARAMETER_MAG: 0.8
MIXING_HISTORY: 7
PULAY_FREQUENCY: 1
PULAY_RESTART: 0
REFERENCE_CUTOFF: 0.5
RHO_TRIGGER: 4
FIX_RAND: 0
VERBOSITY: 1
PRINT_FORCES: 1
PRINT_ATOMS: 1
PRINT_EIGEN: 0
PRINT_DENSITY: 0
PRINT_ENERGY_DENSITY: 0
VDWDF_GEN_KERNEL: 0
OUTPUT_FILE: graphene_z30
***************************************************************************
                                Cell                                       
***************************************************************************
Lattice vectors (Bohr):
37.295635200000000 0.000000000000000 0.000000000000000 
-18.647817599999996 32.298967533477132 0.000000000000000 
0.000000000000000 0.000000000000000 30.000000000000000 
Volume: 3.6138315314E+04 (Bohr^3)
***************************************************************************
                           Parallelization                                 
***************************************************************************
NP_SPIN_PARAL: 2
NP_KPOINT_PARAL: 1
NP_BAND_PARAL: 40
NP_DOMAIN_PARAL: 1 3 1
NP_DOMAIN_PHI_PARAL: 6 8 5
EIG_SERIAL_MAXNS: 1500
***************************************************************************
                             Initialization                                
***************************************************************************
Number of processors               :  240
Mesh spacing in x-direction        :  0.200514 (Bohr)
Mesh spacing in y-direction        :  0.200514 (Bohr)
Mesh spacing in z-direction        :  0.2 (Bohr)
Number of symmetry adapted k-points:  1
Output printed to                  :  graphene_z30.out
Total number of atom types         :  1
Total number of atoms              :  256
Total number of electrons          :  1024
Atom type 1  (valence electrons)   :  C 4
Pseudopotential                    :  ../06_C_4_1.2_1.2_pbe_n_v1.0.psp8
Pseudocharge radii of atom type 1  :  7.02 7.02 7.00 (x, y, z dir)
Number of atoms of type 1          :  256
Estimated total memory usage       :  289.21 GB
Estimated memory per processor     :  1.21 GB
========================================================================================
                    Self Consistent Field (SCF#1)                     
========================================================================================
Iteration     Free Energy (Ha/atom)    Magnetization     SCF Error        Timing (sec)
1            -6.0632379563E+00         1.1644E+01        2.787E-01        148.529
2            -6.0853246830E+00         2.3374E-04        7.855E-02        40.121
3            -6.0834578231E+00         1.1226E-07        2.310E-02        40.121
4            -6.0782213568E+00         3.0667E-07        1.608E-02        39.957
5            -6.0748510547E+00         8.2632E-08        1.192E-02        39.929
6            -6.0729748586E+00        -2.3778E-08        8.614E-03        39.955
7            -6.0700148013E+00         6.0399E-08        5.290E-03        39.842
8            -6.0688115323E+00         1.9013E-08        3.589E-03        40.166
9            -6.0690155982E+00        -4.2615E-08        1.953E-03        40.142
10           -6.0688558310E+00        -1.9252E-08        1.075E-03        39.854
11           -6.0688773586E+00        -1.1386E-08        5.537E-04        40.027
12           -6.0688816750E+00        -1.7181E-09        1.875E-04        39.691
Total number of SCF: 12    
====================================================================
                    Energy and force calculation                    
====================================================================
Free energy per atom               : -6.0688816750E+00 (Ha/atom)
Total free energy                  : -1.5536337088E+03 (Ha)
Band structure energy              : -3.6103369254E+02 (Ha)
Exchange correlation energy        : -5.6255718541E+02 (Ha)
Self and correction energy         : -2.6495978090E+03 (Ha)
-Entropy*kb*T                      : -3.2589622230E-08 (Ha)
Fermi level                        : -2.1074904932E-02 (Ha)
vdWDF energy                       :  6.6368244646E+00 (Ha)
RMS force                          :  3.7117782952E-03 (Ha/Bohr)
Maximum force                      :  3.7276583848E-03 (Ha/Bohr)
Time for force calculation         :  0.953 (sec)
Pressure                           :  2.1574480473E+00 (GPa)
Maximum stress                     :  2.3761972765E+00 (GPa)
Time for stress calculation        :  1.927 (sec)
***************************************************************************
                               Timing info                                 
***************************************************************************
Total walltime                     :  596.289 sec
___________________________________________________________________________

***************************************************************************
*             Material Physics & Mechanics Group, Georgia Tech            *
*                       PI: Phanish Suryanarayana                         *
*               List of contributors: See the documentation               *
*         Citation: See README.md or the documentation for details        *
*  Acknowledgements: U.S. DOE SC (DE-SC0019410), U.S. DOE NNSA (ASC)      *
*      {Preliminary developments: U.S. NSF (1333500,1663244,1553212)}     *
***************************************************************************
                                                                           
