***************************************************************************
*                       SPARC (version Apr 23, 2021)                      *
*   Copyright (c) 2020 Material Physics & Mechanics Group, Georgia Tech   *
*           Distributed under GNU General Public License 3 (GPL)          *
*                   Start time: Mon Jan 16 16:35:15 2023                  *
***************************************************************************
                           Input parameters                                
***************************************************************************
CELL: 25.144879151142 30.5910856870902 31.8217984677594 
LATVEC:
1 0 0 
0.427397267517084 0.904063922363308 0 
0 0 1 
FD_GRID: 90 109 114
FD_ORDER: 12
BC: P P P
KPOINT_GRID: 1 1 1
KPOINT_SHIFT: 0 0 0
SPIN_TYP: 0
ELEC_TEMP_TYPE: Gaussian
SMEARING: 0.003674926479
CHEB_DEGREE: 29
NSTATES: 293
EXCHANGE_CORRELATION: GGA_PBE
CALC_STRESS: 0
CALC_PRES: 0
CHEFSI_BOUND_FLAG: 0
MAXIT_SCF: 1000
MINIT_SCF: 3
MAXIT_POISSON: 3000
TOL_SCF: 1.00E-05
POISSON_SOLVER: AAR
TOL_POISSON: 1.00E-07
TOL_LANCZOS: 1.00E-02
TOL_PSEUDOCHARGE: 1.00E-07
MIXING_VARIABLE: density
MIXING_PRECOND: kerker
TOL_PRECOND: 7.82E-05
PRECOND_KERKER_KTF: 1
PRECOND_KERKER_THRESH: 0.1
MIXING_PARAMETER: 0.5
MIXING_HISTORY: 7
PULAY_FREQUENCY: 1
PULAY_RESTART: 0
REFERENCE_CUTOFF: 0.5
RHO_TRIGGER: 4
FIX_RAND: 0
VERBOSITY: 1
PRINT_FORCES: 1
PRINT_ATOMS: 1
PRINT_EIGEN: 0
PRINT_DENSITY: 0
OUTPUT_FILE: Bi_111
***************************************************************************
                           Parallelization                                 
***************************************************************************
NP_SPIN_PARAL: 1
NP_KPOINT_PARAL: 1
NP_BAND_PARAL: 76
NP_DOMAIN_PARAL: 1 1 5
NP_DOMAIN_PHI_PARAL: 6 8 8
EIG_SERIAL_MAXNS: 2000
***************************************************************************
                             Initialization                                
***************************************************************************
Number of processors               :  384
Mesh spacing in x-direction        :  0.279388 (Bohr)
Mesh spacing in y-direction        :  0.280652 (Bohr)
Mesh spacing in z direction        :  0.279139 (Bohr)
Number of symmetry adapted k-points:  1
Output printed to                  :  Bi_111.out
Total number of atom types         :  1
Total number of atoms              :  32
Total number of electrons          :  480
Atom type 1  (valence electrons)   :  Bi 15
Pseudopotential                    :  ../83_Bi_15_2.4_2.8_pbe_n_v1.0.psp8
Pseudocharge radii of atom type 1  :  7.26 7.30 7.26 (x, y, z dir)
Number of atoms of type 1          :  32
Estimated total memory usage       :  14.88 GB
Estimated memory per processor     :  39.68 MB
===================================================================
                    Self Consistent Field (SCF#1)                     
===================================================================
Iteration     Free Energy (Ha/atom)   SCF Error        Timing (sec)
1            -7.6711093882E+01        1.815E-02        6.734
2            -7.6729276489E+01        1.022E-02        1.725
3            -7.6731903111E+01        4.517E-03        1.716
4            -7.6732273214E+01        1.936E-03        1.715
5            -7.6732320733E+01        7.775E-04        1.703
6            -7.6732326172E+01        4.162E-04        1.693
7            -7.6732325887E+01        2.381E-04        1.690
8            -7.6732325050E+01        1.409E-04        1.688
9            -7.6732324628E+01        9.385E-05        1.676
10           -7.6732324552E+01        6.226E-05        1.676
11           -7.6732324729E+01        3.851E-05        1.674
12           -7.6732324931E+01        2.595E-05        1.669
13           -7.6732325159E+01        1.759E-05        1.664
14           -7.6732325479E+01        1.276E-05        1.673
15           -7.6732325858E+01        8.224E-06        1.574
Total number of SCF: 15    

k = [0.000, 0.000, 0.000]
Occupation of state 264 = 0.000000000000000.
Occupation of state 293 = 0.000000000000000.
====================================================================
                    Energy and force calculation                    
====================================================================
Free energy per atom               : -7.6732326253E+01 (Ha/atom)
Total free energy                  : -2.4554344401E+03 (Ha)
Band structure energy              : -3.1676140614E+02 (Ha)
Exchange correlation energy        : -5.9979590623E+02 (Ha)
Self and correction energy         : -2.5431512417E+03 (Ha)
Entropy*kb*T                       : -3.4938743568E-03 (Ha)
Fermi level                        : -4.2412136211E-02 (Ha)
RMS force                          :  2.1353348100E-02 (Ha/Bohr)
Maximum force                      :  2.9394731267E-02 (Ha/Bohr)
Time for force calculation         :  0.070 (sec)
***************************************************************************
                               Timing info                                 
***************************************************************************
Total walltime                     :  31.012 sec
___________________________________________________________________________

***************************************************************************
*             Material Physics & Mechanics Group, Georgia Tech            *
*                       PI: Phanish Suryanarayana                         *
*                Main Developers: Qimen Xu, Abhiraj Sharma                *
*     Collaborators: J.E. Pask (LLNL), A.J. Medford (GT), E. Chow (GT)    *
*  Acknowledgements: U.S. DOE (DE-SC0019410); U.S. NSF (1333500,1553212)  *
***************************************************************************
                                                                           
