***************************************************************************
*                       SPARC (version Apr 23, 2021)                      *
*   Copyright (c) 2020 Material Physics & Mechanics Group, Georgia Tech   *
*           Distributed under GNU General Public License 3 (GPL)          *
*                   Start time: Mon Jan 16 16:25:19 2023                  *
***************************************************************************
                           Input parameters                                
***************************************************************************
CELL: 25.144879151142 30.5910856870902 31.8217984677594 
LATVEC:
1 0 0 
0.427397267517084 0.904063922363308 0 
0 0 1 
FD_GRID: 157 191 199
FD_ORDER: 12
BC: P P P
KPOINT_GRID: 1 1 1
KPOINT_SHIFT: 0 0 0
SPIN_TYP: 0
ELEC_TEMP_TYPE: Gaussian
SMEARING: 0.003674926479
CHEB_DEGREE: 42
NSTATES: 293
EXCHANGE_CORRELATION: GGA_PBE
CALC_STRESS: 0
CALC_PRES: 0
CHEFSI_BOUND_FLAG: 0
MAXIT_SCF: 1000
MINIT_SCF: 3
MAXIT_POISSON: 3000
TOL_SCF: 1.00E-05
POISSON_SOLVER: AAR
TOL_POISSON: 1.00E-07
TOL_LANCZOS: 1.00E-02
TOL_PSEUDOCHARGE: 1.00E-07
MIXING_VARIABLE: density
MIXING_PRECOND: kerker
TOL_PRECOND: 2.56E-05
PRECOND_KERKER_KTF: 1
PRECOND_KERKER_THRESH: 0.1
MIXING_PARAMETER: 0.5
MIXING_HISTORY: 7
PULAY_FREQUENCY: 1
PULAY_RESTART: 0
REFERENCE_CUTOFF: 0.5
RHO_TRIGGER: 4
FIX_RAND: 0
VERBOSITY: 1
PRINT_FORCES: 1
PRINT_ATOMS: 1
PRINT_EIGEN: 0
PRINT_DENSITY: 0
OUTPUT_FILE: Bi_111
***************************************************************************
                           Parallelization                                 
***************************************************************************
NP_SPIN_PARAL: 1
NP_KPOINT_PARAL: 1
NP_BAND_PARAL: 76
NP_DOMAIN_PARAL: 1 1 5
NP_DOMAIN_PHI_PARAL: 6 8 8
EIG_SERIAL_MAXNS: 2000
***************************************************************************
                             Initialization                                
***************************************************************************
Number of processors               :  384
Mesh spacing in x-direction        :  0.160158 (Bohr)
Mesh spacing in y-direction        :  0.160163 (Bohr)
Mesh spacing in z direction        :  0.159909 (Bohr)
Number of symmetry adapted k-points:  1
Output printed to                  :  Bi_111.out
Total number of atom types         :  1
Total number of atoms              :  32
Total number of electrons          :  480
Atom type 1  (valence electrons)   :  Bi 15
Pseudopotential                    :  ../83_Bi_15_2.4_2.8_pbe_n_v1.0.psp8
Pseudocharge radii of atom type 1  :  7.05 7.05 7.04 (x, y, z dir)
Number of atoms of type 1          :  32
Estimated total memory usage       :  79.41 GB
Estimated memory per processor     :  211.75 MB
===================================================================
                    Self Consistent Field (SCF#1)                     
===================================================================
Iteration     Free Energy (Ha/atom)   SCF Error        Timing (sec)
1            -7.6647533795E+01        1.801E-02        46.716
2            -7.6714889643E+01        1.103E-02        12.284
3            -7.6728666239E+01        7.516E-03        12.292
4            -7.6731566179E+01        4.234E-03        12.289
5            -7.6732178582E+01        1.955E-03        12.216
6            -7.6732309123E+01        9.501E-04        12.203
7            -7.6732335750E+01        5.446E-04        12.166
8            -7.6732338793E+01        3.201E-04        12.147
9            -7.6732337928E+01        2.023E-04        12.075
10           -7.6732336944E+01        1.384E-04        12.113
11           -7.6732336028E+01        9.535E-05        12.081
12           -7.6732336114E+01        6.355E-05        12.058
13           -7.6732337285E+01        4.380E-05        12.023
14           -7.6732338952E+01        2.662E-05        11.964
15           -7.6732339888E+01        1.617E-05        11.911
16           -7.6732340491E+01        9.677E-06        11.338
Total number of SCF: 16    

k = [0.000, 0.000, 0.000]
Occupation of state 264 = 0.000000000000000.
Occupation of state 293 = 0.000000000000000.
====================================================================
                    Energy and force calculation                    
====================================================================
Free energy per atom               : -7.6732341124E+01 (Ha/atom)
Total free energy                  : -2.4554349160E+03 (Ha)
Band structure energy              : -3.1674969562E+02 (Ha)
Exchange correlation energy        : -5.9979512618E+02 (Ha)
Self and correction energy         : -2.5431513299E+03 (Ha)
Entropy*kb*T                       : -3.4936555351E-03 (Ha)
Fermi level                        : -4.2386955478E-02 (Ha)
RMS force                          :  2.1327018812E-02 (Ha/Bohr)
Maximum force                      :  2.9363072855E-02 (Ha/Bohr)
Time for force calculation         :  0.310 (sec)
***************************************************************************
                               Timing info                                 
***************************************************************************
Total walltime                     :  230.365 sec
___________________________________________________________________________

***************************************************************************
*             Material Physics & Mechanics Group, Georgia Tech            *
*                       PI: Phanish Suryanarayana                         *
*                Main Developers: Qimen Xu, Abhiraj Sharma                *
*     Collaborators: J.E. Pask (LLNL), A.J. Medford (GT), E. Chow (GT)    *
*  Acknowledgements: U.S. DOE (DE-SC0019410); U.S. NSF (1333500,1553212)  *
***************************************************************************
                                                                           
