***************************************************************************
*                       SPARC (version Apr 23, 2021)                      *
*   Copyright (c) 2020 Material Physics & Mechanics Group, Georgia Tech   *
*           Distributed under GNU General Public License 3 (GPL)          *
*                   Start time: Mon Jan 16 16:36:54 2023                  *
***************************************************************************
                           Input parameters                                
***************************************************************************
CELL: 25.144879151142 30.5910856870902 31.8217984677594 
LATVEC:
1 0 0 
0.427397267517084 0.904063922363308 0 
0 0 1 
FD_GRID: 79 96 99
FD_ORDER: 12
BC: P P P
KPOINT_GRID: 1 1 1
KPOINT_SHIFT: 0 0 0
SPIN_TYP: 0
ELEC_TEMP_TYPE: Gaussian
SMEARING: 0.003674926479
CHEB_DEGREE: 26
NSTATES: 293
EXCHANGE_CORRELATION: GGA_PBE
CALC_STRESS: 0
CALC_PRES: 0
CHEFSI_BOUND_FLAG: 0
MAXIT_SCF: 1000
MINIT_SCF: 3
MAXIT_POISSON: 3000
TOL_SCF: 1.00E-05
POISSON_SOLVER: AAR
TOL_POISSON: 1.00E-07
TOL_LANCZOS: 1.00E-02
TOL_PSEUDOCHARGE: 1.00E-07
MIXING_VARIABLE: density
MIXING_PRECOND: kerker
TOL_PRECOND: 1.02E-04
PRECOND_KERKER_KTF: 1
PRECOND_KERKER_THRESH: 0.1
MIXING_PARAMETER: 0.5
MIXING_HISTORY: 7
PULAY_FREQUENCY: 1
PULAY_RESTART: 0
REFERENCE_CUTOFF: 0.5
RHO_TRIGGER: 4
FIX_RAND: 0
VERBOSITY: 1
PRINT_FORCES: 1
PRINT_ATOMS: 1
PRINT_EIGEN: 0
PRINT_DENSITY: 0
OUTPUT_FILE: Bi_111
***************************************************************************
                           Parallelization                                 
***************************************************************************
NP_SPIN_PARAL: 1
NP_KPOINT_PARAL: 1
NP_BAND_PARAL: 76
NP_DOMAIN_PARAL: 1 1 5
NP_DOMAIN_PHI_PARAL: 6 8 8
EIG_SERIAL_MAXNS: 2000
***************************************************************************
                             Initialization                                
***************************************************************************
Number of processors               :  384
Mesh spacing in x-direction        :  0.31829 (Bohr)
Mesh spacing in y-direction        :  0.318657 (Bohr)
Mesh spacing in z direction        :  0.321432 (Bohr)
Number of symmetry adapted k-points:  1
Output printed to                  :  Bi_111.out
Total number of atom types         :  1
Total number of atoms              :  32
Total number of electrons          :  480
Atom type 1  (valence electrons)   :  Bi 15
Pseudopotential                    :  ../83_Bi_15_2.4_2.8_pbe_n_v1.0.psp8
Pseudocharge radii of atom type 1  :  7.64 7.65 7.71 (x, y, z dir)
Number of atoms of type 1          :  32
Estimated total memory usage       :  9.99 GB
Estimated memory per processor     :  26.64 MB
===================================================================
                    Self Consistent Field (SCF#1)                     
===================================================================
Iteration     Free Energy (Ha/atom)   SCF Error        Timing (sec)
1            -7.6716159834E+01        1.833E-02        4.210
2            -7.6730045486E+01        1.004E-02        1.060
3            -7.6732006599E+01        4.181E-03        1.057
4            -7.6732291632E+01        1.850E-03        1.057
5            -7.6732330505E+01        7.932E-04        1.046
6            -7.6732335712E+01        4.032E-04        1.037
7            -7.6732335968E+01        2.325E-04        1.041
8            -7.6732335552E+01        1.375E-04        1.031
9            -7.6732335228E+01        8.552E-05        1.036
10           -7.6732335179E+01        5.842E-05        1.027
11           -7.6732335395E+01        3.511E-05        1.027
12           -7.6732335615E+01        2.512E-05        1.023
13           -7.6732335766E+01        1.747E-05        1.017
14           -7.6732336031E+01        1.247E-05        1.017
15           -7.6732336347E+01        8.345E-06        0.961
Total number of SCF: 15    

k = [0.000, 0.000, 0.000]
Occupation of state 264 = 0.000000000000000.
Occupation of state 293 = 0.000000000000000.
====================================================================
                    Energy and force calculation                    
====================================================================
Free energy per atom               : -7.6732336739E+01 (Ha/atom)
Total free energy                  : -2.4554347757E+03 (Ha)
Band structure energy              : -3.1676779267E+02 (Ha)
Exchange correlation energy        : -5.9979696036E+02 (Ha)
Self and correction energy         : -2.5431513441E+03 (Ha)
Entropy*kb*T                       : -3.4929405919E-03 (Ha)
Fermi level                        : -4.2424748772E-02 (Ha)
RMS force                          :  2.1375104276E-02 (Ha/Bohr)
Maximum force                      :  2.9428399563E-02 (Ha/Bohr)
Time for force calculation         :  0.050 (sec)
***************************************************************************
                               Timing info                                 
***************************************************************************
Total walltime                     :  19.268 sec
___________________________________________________________________________

***************************************************************************
*             Material Physics & Mechanics Group, Georgia Tech            *
*                       PI: Phanish Suryanarayana                         *
*                Main Developers: Qimen Xu, Abhiraj Sharma                *
*     Collaborators: J.E. Pask (LLNL), A.J. Medford (GT), E. Chow (GT)    *
*  Acknowledgements: U.S. DOE (DE-SC0019410); U.S. NSF (1333500,1553212)  *
***************************************************************************
                                                                           
