***************************************************************************
*                       SPARC (version Apr 23, 2021)                      *
*   Copyright (c) 2020 Material Physics & Mechanics Group, Georgia Tech   *
*           Distributed under GNU General Public License 3 (GPL)          *
*                   Start time: Mon Jan 16 16:38:22 2023                  *
***************************************************************************
                           Input parameters                                
***************************************************************************
CELL: 25.144879151142 30.5910856870902 31.8217984677594 
LATVEC:
1 0 0 
0.427397267517084 0.904063922363308 0 
0 0 1 
FD_GRID: 70 85 88
FD_ORDER: 12
BC: P P P
KPOINT_GRID: 1 1 1
KPOINT_SHIFT: 0 0 0
SPIN_TYP: 0
ELEC_TEMP_TYPE: Gaussian
SMEARING: 0.003674926479
CHEB_DEGREE: 23
NSTATES: 293
EXCHANGE_CORRELATION: GGA_PBE
CALC_STRESS: 0
CALC_PRES: 0
CHEFSI_BOUND_FLAG: 0
MAXIT_SCF: 1000
MINIT_SCF: 3
MAXIT_POISSON: 3000
TOL_SCF: 1.00E-05
POISSON_SOLVER: AAR
TOL_POISSON: 1.00E-07
TOL_LANCZOS: 1.00E-02
TOL_PSEUDOCHARGE: 1.00E-07
MIXING_VARIABLE: density
MIXING_PRECOND: kerker
TOL_PRECOND: 1.30E-04
PRECOND_KERKER_KTF: 1
PRECOND_KERKER_THRESH: 0.1
MIXING_PARAMETER: 0.5
MIXING_HISTORY: 7
PULAY_FREQUENCY: 1
PULAY_RESTART: 0
REFERENCE_CUTOFF: 0.5
RHO_TRIGGER: 4
FIX_RAND: 0
VERBOSITY: 1
PRINT_FORCES: 1
PRINT_ATOMS: 1
PRINT_EIGEN: 0
PRINT_DENSITY: 0
OUTPUT_FILE: Bi_111
***************************************************************************
                           Parallelization                                 
***************************************************************************
NP_SPIN_PARAL: 1
NP_KPOINT_PARAL: 1
NP_BAND_PARAL: 76
NP_DOMAIN_PARAL: 1 1 5
NP_DOMAIN_PHI_PARAL: 6 8 8
EIG_SERIAL_MAXNS: 2000
***************************************************************************
                             Initialization                                
***************************************************************************
Number of processors               :  384
Mesh spacing in x-direction        :  0.359213 (Bohr)
Mesh spacing in y-direction        :  0.359895 (Bohr)
Mesh spacing in z direction        :  0.361611 (Bohr)
Number of symmetry adapted k-points:  1
Output printed to                  :  Bi_111.out
Total number of atom types         :  1
Total number of atoms              :  32
Total number of electrons          :  480
Atom type 1  (valence electrons)   :  Bi 15
Pseudopotential                    :  ../83_Bi_15_2.4_2.8_pbe_n_v1.0.psp8
Pseudocharge radii of atom type 1  :  7.54 7.56 7.59 (x, y, z dir)
Number of atoms of type 1          :  32
Estimated total memory usage       :  6.97 GB
Estimated memory per processor     :  18.58 MB
===================================================================
                    Self Consistent Field (SCF#1)                     
===================================================================
Iteration     Free Energy (Ha/atom)   SCF Error        Timing (sec)
1            -7.6715868404E+01        1.821E-02        2.779
2            -7.6729849666E+01        1.015E-02        0.673
3            -7.6731854010E+01        4.433E-03        0.666
4            -7.6732141865E+01        2.051E-03        0.665
5            -7.6732178243E+01        8.892E-04        0.658
6            -7.6732182407E+01        4.526E-04        0.655
7            -7.6732182391E+01        2.700E-04        0.655
8            -7.6732181820E+01        1.609E-04        0.675
9            -7.6732181300E+01        8.943E-05        0.650
10           -7.6732181229E+01        5.966E-05        0.650
11           -7.6732181437E+01        3.797E-05        0.645
12           -7.6732181636E+01        2.843E-05        0.646
13           -7.6732181759E+01        2.056E-05        0.651
14           -7.6732181990E+01        1.415E-05        0.645
15           -7.6732182274E+01        9.996E-06        0.599
Total number of SCF: 15    

k = [0.000, 0.000, 0.000]
Occupation of state 264 = 0.000000000000000.
Occupation of state 293 = 0.000000000000000.
====================================================================
                    Energy and force calculation                    
====================================================================
Free energy per atom               : -7.6732182786E+01 (Ha/atom)
Total free energy                  : -2.4554298491E+03 (Ha)
Band structure energy              : -3.1677910340E+02 (Ha)
Exchange correlation energy        : -5.9980084847E+02 (Ha)
Self and correction energy         : -2.5431509822E+03 (Ha)
Entropy*kb*T                       : -3.4896336635E-03 (Ha)
Fermi level                        : -4.2458098440E-02 (Ha)
RMS force                          :  2.1412511084E-02 (Ha/Bohr)
Maximum force                      :  2.9507657356E-02 (Ha/Bohr)
Time for force calculation         :  0.037 (sec)
***************************************************************************
                               Timing info                                 
***************************************************************************
Total walltime                     :  12.496 sec
___________________________________________________________________________

***************************************************************************
*             Material Physics & Mechanics Group, Georgia Tech            *
*                       PI: Phanish Suryanarayana                         *
*                Main Developers: Qimen Xu, Abhiraj Sharma                *
*     Collaborators: J.E. Pask (LLNL), A.J. Medford (GT), E. Chow (GT)    *
*  Acknowledgements: U.S. DOE (DE-SC0019410); U.S. NSF (1333500,1553212)  *
***************************************************************************
                                                                           
