---------------------------------------
Begin Slurm Prolog: Jan-16-2023 16:38:20
Job ID:    495333
User ID:   bzhang376
Account:   gts-phanish6-coda20
Job name:  Bi_111_mesh
Partition: cpu-small
QOS:       inferno
---------------------------------------

Lmod is automatically replacing "gcc/10.3.0-o57x6h" with "intel/20.0.4".


The following have been reloaded with a version change:
  1) mvapich2/2.3.6-ouywal => mvapich2/2.3.6-z2duuy

---------------------------------------
Begin Slurm Epilog: Jan-16-2023 16:38:35
Job ID:        495333
Array Job ID:  _4294967294
User ID:       bzhang376
Account:       gts-phanish6-coda20
Job name:      Bi_111_mesh
Resources:     cpu=384,mem=2688G,node=32
Rsrc Used:     cput=01:42:24,vmem=1392K,walltime=00:00:16,mem=0,energy_used=0
Partition:     cpu-small
QOS:           inferno
Nodes:         atl1-1-02-018-1-[1-2],atl1-1-02-018-2-[1-2],atl1-1-02-018-3-[1-2],atl1-1-02-018-4-[1-2],atl1-1-02-018-5-[1-2],atl1-1-02-018-6-[1-2],atl1-1-02-018-7-[1-2],atl1-1-02-018-8-[1-2],atl1-1-02-018-9-1,atl1-1-02-018-10-[1-2],atl1-1-02-018-11-[1-2],atl1-1-02-018-12-[1-2],atl1-1-02-018-13-[1-2],atl1-1-02-018-14-[1-2],atl1-1-02-018-15-[1-2],atl1-1-02-018-17-2,atl1-1-02-018-18-2,atl1-1-02-018-19-1
---------------------------------------
