***************************************************************************
*                       SPARC (version Apr 23, 2021)                      *
*   Copyright (c) 2020 Material Physics & Mechanics Group, Georgia Tech   *
*           Distributed under GNU General Public License 3 (GPL)          *
*                   Start time: Mon Jan 16 18:05:25 2023                  *
***************************************************************************
                           Input parameters                                
***************************************************************************
CELL: 25.144879151142 30.5910856870902 20 
LATVEC:
1 0 0 
0.427397267517084 0.904063922363308 0 
0 0 1 
FD_GRID: 74 90 59
FD_ORDER: 12
BC: P P P
KPOINT_GRID: 4 4 1
KPOINT_SHIFT: 0.5 0.5 0
SPIN_TYP: 0
ELEC_TEMP_TYPE: Gaussian
SMEARING: 0.003674926479
CHEB_DEGREE: 25
NSTATES: 293
EXCHANGE_CORRELATION: GGA_PBE
CALC_STRESS: 0
CALC_PRES: 0
CHEFSI_BOUND_FLAG: 0
MAXIT_SCF: 1000
MINIT_SCF: 3
MAXIT_POISSON: 3000
TOL_SCF: 5.00E-04
POISSON_SOLVER: AAR
TOL_POISSON: 5.00E-06
TOL_LANCZOS: 1.00E-02
TOL_PSEUDOCHARGE: 5.00E-06
MIXING_VARIABLE: density
MIXING_PRECOND: kerker
TOL_PRECOND: 1.15E-04
PRECOND_KERKER_KTF: 1
PRECOND_KERKER_THRESH: 0.1
MIXING_PARAMETER: 0.8
MIXING_HISTORY: 7
PULAY_FREQUENCY: 1
PULAY_RESTART: 0
REFERENCE_CUTOFF: 0.5
RHO_TRIGGER: 4
FIX_RAND: 0
VERBOSITY: 1
PRINT_FORCES: 1
PRINT_ATOMS: 1
PRINT_EIGEN: 0
PRINT_DENSITY: 0
OUTPUT_FILE: Bi_111
***************************************************************************
                           Parallelization                                 
***************************************************************************
NP_SPIN_PARAL: 1
NP_KPOINT_PARAL: 8
NP_BAND_PARAL: 16
NP_DOMAIN_PARAL: 1 3 1
NP_DOMAIN_PHI_PARAL: 8 8 6
EIG_SERIAL_MAXNS: 2000
***************************************************************************
                             Initialization                                
***************************************************************************
Number of processors               :  384
Mesh spacing in x-direction        :  0.339796 (Bohr)
Mesh spacing in y-direction        :  0.339901 (Bohr)
Mesh spacing in z direction        :  0.338983 (Bohr)
Number of symmetry adapted k-points:  8
Output printed to                  :  Bi_111.out
Total number of atom types         :  1
Total number of atoms              :  32
Total number of electrons          :  480
Atom type 1  (valence electrons)   :  Bi 15
Pseudopotential                    :  ../83_Bi_15_2.4_2.8_pbe_n_v1.0.psp8
Pseudocharge radii of atom type 1  :  6.80 6.80 6.78 (x, y, z dir)
Number of atoms of type 1          :  32
Estimated total memory usage       :  82.43 GB
Estimated memory per processor     :  219.81 MB
===================================================================
                    Self Consistent Field (SCF#1)                     
===================================================================
Iteration     Free Energy (Ha/atom)   SCF Error        Timing (sec)
1            -7.6725562023E+01        1.736E-02        46.205
2            -7.6735285468E+01        5.611E-03        11.465
3            -7.6736675177E+01        2.140E-03        11.538
4            -7.6736859852E+01        6.966E-04        11.496
5            -7.6736883414E+01        4.044E-04        11.460
Total number of SCF: 5     

k = [-0.125, -0.125, 0.000]
Occupation of state 264 = 0.000000000000000.
Occupation of state 293 = 0.000000000000000.
====================================================================
                    Energy and force calculation                    
====================================================================
Free energy per atom               : -7.6736878718E+01 (Ha/atom)
Total free energy                  : -2.4555801190E+03 (Ha)
Band structure energy              : -2.8864409257E+02 (Ha)
Exchange correlation energy        : -5.9978346837E+02 (Ha)
Self and correction energy         : -2.5431511253E+03 (Ha)
Entropy*kb*T                       : -3.5627827788E-03 (Ha)
Fermi level                        :  1.5403342390E-02 (Ha)
RMS force                          :  2.1500748635E-02 (Ha/Bohr)
Maximum force                      :  3.3767219119E-02 (Ha/Bohr)
Time for force calculation         :  0.296 (sec)
***************************************************************************
                               Timing info                                 
***************************************************************************
Total walltime                     :  92.934 sec
___________________________________________________________________________

***************************************************************************
*             Material Physics & Mechanics Group, Georgia Tech            *
*                       PI: Phanish Suryanarayana                         *
*                Main Developers: Qimen Xu, Abhiraj Sharma                *
*     Collaborators: J.E. Pask (LLNL), A.J. Medford (GT), E. Chow (GT)    *
*  Acknowledgements: U.S. DOE (DE-SC0019410); U.S. NSF (1333500,1553212)  *
***************************************************************************
                                                                           
