***************************************************************************
*                       SPARC (version Apr 23, 2021)                      *
*   Copyright (c) 2020 Material Physics & Mechanics Group, Georgia Tech   *
*           Distributed under GNU General Public License 3 (GPL)          *
*                   Start time: Mon Jan 30 15:10:22 2023                  *
***************************************************************************
                           Input parameters                                
***************************************************************************
CELL: 26.96 26.96 26.96 
LATVEC:
1 0 0 
0 1 0 
0 0 1 
FD_GRID: 90 90 90
FD_ORDER: 12
BC: P P P
KPOINT_GRID: 1 1 1
KPOINT_SHIFT: 0 0 0
SPIN_TYP: 0
ELEC_TEMP_TYPE: Fermi-Dirac
ELEC_TEMP: 315.775024804068
CHEB_DEGREE: 25
NSTATES: 1200
#WARNING: Number of bands may be insufficient for efficient SCF convergence.
EXCHANGE_CORRELATION: GGA_PBE
CALC_STRESS: 0
CALC_PRES: 0
TWTIME: 1E+09
MD_FLAG: 1
MD_METHOD: NVT_NH
MD_TIMESTEP: 1.5
MD_NSTEP: 20
ION_VEL_DSTR: 2
ION_VEL_DSTR_RAND: 0
ION_TEMP: 315.775024804068
ION_TEMP_END: 315.775024804068
QMASS: 1653.65493345972
CHEFSI_BOUND_FLAG: 0
MAXIT_SCF: 100
MINIT_SCF: 3
MAXIT_POISSON: 3000
TOL_SCF: 2.00E-04
POISSON_SOLVER: AAR
TOL_POISSON: 2.00E-06
TOL_LANCZOS: 1.00E-02
TOL_PSEUDOCHARGE: 2.00E-06
MIXING_VARIABLE: density
MIXING_PRECOND: kerker
TOL_PRECOND: 8.97E-05
PRECOND_KERKER_KTF: 1
PRECOND_KERKER_THRESH: 0.1
MIXING_PARAMETER: 0.8
MIXING_HISTORY: 7
PULAY_FREQUENCY: 1
PULAY_RESTART: 0
REFERENCE_CUTOFF: 0.5
RHO_TRIGGER: 4
FIX_RAND: 0
VERBOSITY: 1
PRINT_FORCES: 1
PRINT_ATOMS: 0
PRINT_EIGEN: 0
PRINT_DENSITY: 0
PRINT_MDOUT: 1
PRINT_VELS: 1
PRINT_RESTART: 0
OUTPUT_FILE: C512
***************************************************************************
                           Parallelization                                 
***************************************************************************
NP_SPIN_PARAL: 1
NP_KPOINT_PARAL: 1
NP_BAND_PARAL: 80
NP_DOMAIN_PARAL: 1 1 1
NP_DOMAIN_PHI_PARAL: 4 4 5
EIG_SERIAL_MAXNS: 2000
***************************************************************************
                             Initialization                                
***************************************************************************
Number of processors               :  80
Mesh spacing                       :  0.299556 (Bohr)
Number of symmetry adapted k-points:  1
Output printed to                  :  C512.out
MD output printed to               :  C512.aimd
Total number of atom types         :  1
Total number of atoms              :  512
Total number of electrons          :  2048
Atom type 1  (valence electrons)   :  C 4
Pseudopotential                    :  ../06_C_4_1.2_1.2_pbe_n_v1.0.psp8
Atomic mass                        :  12.0106
Pseudocharge radii of atom type 1  :  6.59 6.59 6.59 (x, y, z dir)
Number of atoms of type 1          :  512
Estimated total memory usage       :  39.26 GB
Estimated memory per processor     :  502.51 MB
===================================================================
                    Self Consistent Field (SCF#1)                     
===================================================================
Iteration     Free Energy (Ha/atom)   SCF Error        Timing (sec)
1            -6.0241403617E+00        1.597E-01        34.053
2            -6.0145880791E+00        3.823E-02        8.493
3            -6.0143639104E+00        7.445E-03        8.520
4            -6.0143857327E+00        2.704E-03        8.515
5            -6.0143882359E+00        3.349E-04        8.487
6            -6.0143885211E+00        1.027E-04        8.450
Total number of SCF: 6     

k = [0.000, 0.000, 0.000]
Occupation of state 1080 = 0.000000000000000.
Occupation of state 1200 = 0.000000000000000.
====================================================================
                    Energy and force calculation                    
====================================================================
Free energy per atom               : -6.0143880649E+00 (Ha/atom)
Total free energy                  : -3.0793666892E+03 (Ha)
Band structure energy              :  9.6362314319E+01 (Ha)
Exchange correlation energy        : -1.1116659049E+03 (Ha)
Self and correction energy         : -5.2991312654E+03 (Ha)
Entropy*kb*T                       : -9.4355433702E-07 (Ha)
Fermi level                        :  5.0636665907E-01 (Ha)
RMS force                          :  6.9785487242E-02 (Ha/Bohr)
Maximum force                      :  1.5073478392E-01 (Ha/Bohr)
Time for force calculation         :  0.495 (sec)
MD step time                       :  77.535 (sec)
===================================================================
                    Self Consistent Field (SCF#2)                     
===================================================================
Iteration     Free Energy (Ha/atom)   SCF Error        Timing (sec)
1            -6.0157184956E+00        3.017E-02        8.608
2            -6.0147826801E+00        9.512E-03        8.581
3            -6.0147435550E+00        2.938E-03        8.540
4            -6.0147398513E+00        1.296E-03        8.532
5            -6.0147393123E+00        2.739E-04        8.509
6            -6.0147392726E+00        7.770E-05        8.471
Total number of SCF: 6     

k = [0.000, 0.000, 0.000]
Occupation of state 1080 = 0.000000000000000.
Occupation of state 1200 = 0.000000000000000.
====================================================================
                    Energy and force calculation                    
====================================================================
Free energy per atom               : -6.0147392651E+00 (Ha/atom)
Total free energy                  : -3.0795465037E+03 (Ha)
Band structure energy              :  9.6522180369E+01 (Ha)
Exchange correlation energy        : -1.1116170847E+03 (Ha)
Self and correction energy         : -5.2991311103E+03 (Ha)
Entropy*kb*T                       : -9.4461590543E-07 (Ha)
Fermi level                        :  5.0715473345E-01 (Ha)
RMS force                          :  6.6624968045E-02 (Ha/Bohr)
Maximum force                      :  1.5078236555E-01 (Ha/Bohr)
Time for force calculation         :  0.493 (sec)
MD step time                       :  51.997 (sec)
===================================================================
                    Self Consistent Field (SCF#3)                     
===================================================================
Iteration     Free Energy (Ha/atom)   SCF Error        Timing (sec)
1            -6.0165824205E+00        3.157E-02        8.582
2            -6.0156269640E+00        9.774E-03        8.535
3            -6.0155886128E+00        2.882E-03        8.546
4            -6.0155851873E+00        1.190E-03        8.554
5            -6.0155847797E+00        2.484E-04        8.513
6            -6.0155847450E+00        7.027E-05        8.441
Total number of SCF: 6     

k = [0.000, 0.000, 0.000]
Occupation of state 1080 = 0.000000000000000.
Occupation of state 1200 = 0.000000000000000.
====================================================================
                    Energy and force calculation                    
====================================================================
Free energy per atom               : -6.0155847399E+00 (Ha/atom)
Total free energy                  : -3.0799793868E+03 (Ha)
Band structure energy              :  9.6819027124E+01 (Ha)
Exchange correlation energy        : -1.1115129640E+03 (Ha)
Self and correction energy         : -5.2991309571E+03 (Ha)
Entropy*kb*T                       : -9.5339078488E-07 (Ha)
Fermi level                        :  5.0945359661E-01 (Ha)
RMS force                          :  5.8636086590E-02 (Ha/Bohr)
Maximum force                      :  1.2931083923E-01 (Ha/Bohr)
Time for force calculation         :  0.492 (sec)
MD step time                       :  51.895 (sec)
===================================================================
                    Self Consistent Field (SCF#4)                     
===================================================================
Iteration     Free Energy (Ha/atom)   SCF Error        Timing (sec)
1            -6.0164721179E+00        6.221E-04        8.545
2            -6.0164808479E+00        3.044E-04        8.511
3            -6.0164808214E+00        1.337E-04        8.444
Total number of SCF: 3     

k = [0.000, 0.000, 0.000]
Occupation of state 1080 = 0.000000000000000.
Occupation of state 1200 = 0.000000000000000.
====================================================================
                    Energy and force calculation                    
====================================================================
Free energy per atom               : -6.0164807099E+00 (Ha/atom)
Total free energy                  : -3.0804381235E+03 (Ha)
Band structure energy              :  9.7111767325E+01 (Ha)
Exchange correlation energy        : -1.1114091949E+03 (Ha)
Self and correction energy         : -5.2991310112E+03 (Ha)
Entropy*kb*T                       : -9.6967114628E-07 (Ha)
Fermi level                        :  5.1206040449E-01 (Ha)
RMS force                          :  4.9425027618E-02 (Ha/Bohr)
Maximum force                      :  1.0414387923E-01 (Ha/Bohr)
Time for force calculation         :  0.493 (sec)
MD step time                       :  26.195 (sec)
===================================================================
                    Self Consistent Field (SCF#5)                     
===================================================================
Iteration     Free Energy (Ha/atom)   SCF Error        Timing (sec)
1            -6.0172767983E+00        8.858E-04        8.554
2            -6.0172836704E+00        3.482E-04        8.513
3            -6.0172834058E+00        2.013E-04        8.503
4            -6.0172834860E+00        1.222E-04        8.451
Total number of SCF: 4     

k = [0.000, 0.000, 0.000]
Occupation of state 1080 = 0.000000000000000.
Occupation of state 1200 = 0.000000000000000.
====================================================================
                    Energy and force calculation                    
====================================================================
Free energy per atom               : -6.0172832640E+00 (Ha/atom)
Total free energy                  : -3.0808490312E+03 (Ha)
Band structure energy              :  9.7357638522E+01 (Ha)
Exchange correlation energy        : -1.1113230907E+03 (Ha)
Self and correction energy         : -5.2991311222E+03 (Ha)
Entropy*kb*T                       : -9.9318030311E-07 (Ha)
Fermi level                        :  5.1456786033E-01 (Ha)
RMS force                          :  3.9944572601E-02 (Ha/Bohr)
Maximum force                      :  8.2436218222E-02 (Ha/Bohr)
Time for force calculation         :  0.493 (sec)
MD step time                       :  34.738 (sec)
===================================================================
                    Self Consistent Field (SCF#6)                     
===================================================================
Iteration     Free Energy (Ha/atom)   SCF Error        Timing (sec)
1            -6.0179683453E+00        1.822E-03        8.540
2            -6.0179694558E+00        5.942E-04        8.543
3            -6.0179682639E+00        4.701E-04        8.522
4            -6.0179679003E+00        2.687E-04        8.527
5            -6.0179678491E+00        5.743E-05        8.463
Total number of SCF: 5     

k = [0.000, 0.000, 0.000]
Occupation of state 1080 = 0.000000000000000.
Occupation of state 1200 = 0.000000000000000.
====================================================================
                    Energy and force calculation                    
====================================================================
Free energy per atom               : -6.0179677231E+00 (Ha/atom)
Total free energy                  : -3.0811994742E+03 (Ha)
Band structure energy              :  9.7547776936E+01 (Ha)
Exchange correlation energy        : -1.1112569722E+03 (Ha)
Self and correction energy         : -5.2991311240E+03 (Ha)
Entropy*kb*T                       : -1.0166855357E-06 (Ha)
Fermi level                        :  5.1670136875E-01 (Ha)
RMS force                          :  3.0292818703E-02 (Ha/Bohr)
Maximum force                      :  6.2071908331E-02 (Ha/Bohr)
Time for force calculation         :  0.493 (sec)
MD step time                       :  43.298 (sec)
===================================================================
                    Self Consistent Field (SCF#7)                     
===================================================================
Iteration     Free Energy (Ha/atom)   SCF Error        Timing (sec)
1            -6.0184153145E+00        1.970E-03        8.542
2            -6.0184144887E+00        6.019E-04        8.523
3            -6.0184130134E+00        5.053E-04        8.525
4            -6.0184125788E+00        2.344E-04        8.521
5            -6.0184125246E+00        5.351E-05        8.458
Total number of SCF: 5     

k = [0.000, 0.000, 0.000]
Occupation of state 1080 = 0.000000000000000.
Occupation of state 1200 = 0.000000000000000.
====================================================================
                    Energy and force calculation                    
====================================================================
Free energy per atom               : -6.0184124878E+00 (Ha/atom)
Total free energy                  : -3.0814271938E+03 (Ha)
Band structure energy              :  9.7648346952E+01 (Ha)
Exchange correlation energy        : -1.1112231520E+03 (Ha)
Self and correction energy         : -5.2991309579E+03 (Ha)
Entropy*kb*T                       : -1.0344063338E-06 (Ha)
Fermi level                        :  5.1805609546E-01 (Ha)
RMS force                          :  2.3296844039E-02 (Ha/Bohr)
Maximum force                      :  5.6610618870E-02 (Ha/Bohr)
Time for force calculation         :  0.494 (sec)
MD step time                       :  43.275 (sec)
===================================================================
                    Self Consistent Field (SCF#8)                     
===================================================================
Iteration     Free Energy (Ha/atom)   SCF Error        Timing (sec)
1            -6.0186349809E+00        1.672E-03        8.566
2            -6.0186362994E+00        5.292E-04        8.517
3            -6.0186352358E+00        4.286E-04        8.524
4            -6.0186349951E+00        2.303E-04        8.516
5            -6.0186349240E+00        5.336E-05        8.433
Total number of SCF: 5     

k = [0.000, 0.000, 0.000]
Occupation of state 1080 = 0.000000000000000.
Occupation of state 1200 = 0.000000000000000.
====================================================================
                    Energy and force calculation                    
====================================================================
Free energy per atom               : -6.0186348970E+00 (Ha/atom)
Total free energy                  : -3.0815410672E+03 (Ha)
Band structure energy              :  9.7664912854E+01 (Ha)
Exchange correlation energy        : -1.1112180963E+03 (Ha)
Self and correction energy         : -5.2991307054E+03 (Ha)
Entropy*kb*T                       : -1.0387433823E-06 (Ha)
Fermi level                        :  5.1860021722E-01 (Ha)
RMS force                          :  1.9997097662E-02 (Ha/Bohr)
Maximum force                      :  5.0826557351E-02 (Ha/Bohr)
Time for force calculation         :  0.490 (sec)
MD step time                       :  43.259 (sec)
===================================================================
                    Self Consistent Field (SCF#9)                     
===================================================================
Iteration     Free Energy (Ha/atom)   SCF Error        Timing (sec)
1            -6.0186814884E+00        1.652E-03        8.600
2            -6.0186841726E+00        5.210E-04        8.495
3            -6.0186831057E+00        4.191E-04        8.509
4            -6.0186828822E+00        2.243E-04        8.502
5            -6.0186827970E+00        5.458E-05        8.442
Total number of SCF: 5     

k = [0.000, 0.000, 0.000]
Occupation of state 1080 = 0.000000000000000.
Occupation of state 1200 = 0.000000000000000.
====================================================================
                    Energy and force calculation                    
====================================================================
Free energy per atom               : -6.0186828034E+00 (Ha/atom)
Total free energy                  : -3.0815655953E+03 (Ha)
Band structure energy              :  9.7609336790E+01 (Ha)
Exchange correlation energy        : -1.1112374799E+03 (Ha)
Self and correction energy         : -5.2991304684E+03 (Ha)
Entropy*kb*T                       : -1.0332607344E-06 (Ha)
Fermi level                        :  5.1850054700E-01 (Ha)
RMS force                          :  2.0856542540E-02 (Ha/Bohr)
Maximum force                      :  5.0324188972E-02 (Ha/Bohr)
Time for force calculation         :  0.491 (sec)
MD step time                       :  43.254 (sec)
===================================================================
                    Self Consistent Field (SCF#10)                     
===================================================================
Iteration     Free Energy (Ha/atom)   SCF Error        Timing (sec)
1            -6.0185518570E+00        1.691E-03        8.550
2            -6.0185548545E+00        5.421E-04        8.506
3            -6.0185537984E+00        4.352E-04        8.490
4            -6.0185535431E+00        2.342E-04        8.499
5            -6.0185534262E+00        5.533E-05        8.425
Total number of SCF: 5     

k = [0.000, 0.000, 0.000]
Occupation of state 1080 = 0.000000000000000.
Occupation of state 1200 = 0.000000000000000.
====================================================================
                    Energy and force calculation                    
====================================================================
Free energy per atom               : -6.0185534143E+00 (Ha/atom)
Total free energy                  : -3.0814993481E+03 (Ha)
Band structure energy              :  9.7486004752E+01 (Ha)
Exchange correlation energy        : -1.1112791006E+03 (Ha)
Self and correction energy         : -5.2991303764E+03 (Ha)
Entropy*kb*T                       : -1.0231055574E-06 (Ha)
Fermi level                        :  5.1780403198E-01 (Ha)
RMS force                          :  2.5591182136E-02 (Ha/Bohr)
Maximum force                      :  5.7333557956E-02 (Ha/Bohr)
Time for force calculation         :  0.492 (sec)
MD step time                       :  43.174 (sec)
===================================================================
                    Self Consistent Field (SCF#11)                     
===================================================================
Iteration     Free Energy (Ha/atom)   SCF Error        Timing (sec)
1            -6.0183201233E+00        1.675E-03        8.519
2            -6.0183219829E+00        5.269E-04        8.501
3            -6.0183208666E+00        4.194E-04        8.493
4            -6.0183207206E+00        2.317E-04        8.518
5            -6.0183205652E+00        5.743E-05        8.416
Total number of SCF: 5     

k = [0.000, 0.000, 0.000]
Occupation of state 1080 = 0.000000000000000.
Occupation of state 1200 = 0.000000000000000.
====================================================================
                    Energy and force calculation                    
====================================================================
Free energy per atom               : -6.0183205819E+00 (Ha/atom)
Total free energy                  : -3.0813801379E+03 (Ha)
Band structure energy              :  9.7338843564E+01 (Ha)
Exchange correlation energy        : -1.1113284832E+03 (Ha)
Self and correction energy         : -5.2991304732E+03 (Ha)
Entropy*kb*T                       : -1.0102253282E-06 (Ha)
Fermi level                        :  5.1685891883E-01 (Ha)
RMS force                          :  3.0927735330E-02 (Ha/Bohr)
Maximum force                      :  6.6127225932E-02 (Ha/Bohr)
Time for force calculation         :  0.492 (sec)
MD step time                       :  43.156 (sec)
===================================================================
                    Self Consistent Field (SCF#12)                     
===================================================================
Iteration     Free Energy (Ha/atom)   SCF Error        Timing (sec)
1            -6.0180480392E+00        1.791E-03        8.546
2            -6.0180491669E+00        5.639E-04        8.515
3            -6.0180479937E+00        4.540E-04        8.509
4            -6.0180477452E+00        2.460E-04        8.513
5            -6.0180475655E+00        5.007E-05        8.549
Total number of SCF: 5     

k = [0.000, 0.000, 0.000]
Occupation of state 1080 = 0.000000000000000.
Occupation of state 1200 = 0.000000000000000.
====================================================================
                    Energy and force calculation                    
====================================================================
Free energy per atom               : -6.0180475614E+00 (Ha/atom)
Total free energy                  : -3.0812403514E+03 (Ha)
Band structure energy              :  9.7201642739E+01 (Ha)
Exchange correlation energy        : -1.1113748482E+03 (Ha)
Self and correction energy         : -5.2991306615E+03 (Ha)
Entropy*kb*T                       : -9.9986647633E-07 (Ha)
Fermi level                        :  5.1595109481E-01 (Ha)
RMS force                          :  3.5455491602E-02 (Ha/Bohr)
Maximum force                      :  7.5538543960E-02 (Ha/Bohr)
Time for force calculation         :  0.492 (sec)
MD step time                       :  43.340 (sec)
===================================================================
                    Self Consistent Field (SCF#13)                     
===================================================================
Iteration     Free Energy (Ha/atom)   SCF Error        Timing (sec)
1            -6.0177684780E+00        1.804E-03        8.518
2            -6.0177710906E+00        5.782E-04        8.509
3            -6.0177700068E+00        4.504E-04        8.495
4            -6.0177696983E+00        2.661E-04        8.518
5            -6.0177695259E+00        5.810E-05        8.445
Total number of SCF: 5     

k = [0.000, 0.000, 0.000]
Occupation of state 1080 = 0.000000000000000.
Occupation of state 1200 = 0.000000000000000.
====================================================================
                    Energy and force calculation                    
====================================================================
Free energy per atom               : -6.0177695287E+00 (Ha/atom)
Total free energy                  : -3.0810979987E+03 (Ha)
Band structure energy              :  9.7117732408E+01 (Ha)
Exchange correlation energy        : -1.1114048582E+03 (Ha)
Self and correction energy         : -5.2991307171E+03 (Ha)
Entropy*kb*T                       : -9.9552356522E-07 (Ha)
Fermi level                        :  5.1530299413E-01 (Ha)
RMS force                          :  3.8512179721E-02 (Ha/Bohr)
Maximum force                      :  9.1145362969E-02 (Ha/Bohr)
Time for force calculation         :  0.491 (sec)
MD step time                       :  43.195 (sec)
===================================================================
                    Self Consistent Field (SCF#14)                     
===================================================================
Iteration     Free Energy (Ha/atom)   SCF Error        Timing (sec)
1            -6.0175725474E+00        1.691E-03        8.533
2            -6.0175752619E+00        5.451E-04        8.510
3            -6.0175742788E+00        4.227E-04        8.500
4            -6.0175740741E+00        2.452E-04        8.493
5            -6.0175738965E+00        5.253E-05        8.432
Total number of SCF: 5     

k = [0.000, 0.000, 0.000]
Occupation of state 1080 = 0.000000000000000.
Occupation of state 1200 = 0.000000000000000.
====================================================================
                    Energy and force calculation                    
====================================================================
Free energy per atom               : -6.0175738829E+00 (Ha/atom)
Total free energy                  : -3.0809978281E+03 (Ha)
Band structure energy              :  9.7137133521E+01 (Ha)
Exchange correlation energy        : -1.1114019151E+03 (Ha)
Self and correction energy         : -5.2991304457E+03 (Ha)
Entropy*kb*T                       : -9.9677369251E-07 (Ha)
Fermi level                        :  5.1517647355E-01 (Ha)
RMS force                          :  3.9284682908E-02 (Ha/Bohr)
Maximum force                      :  9.6607478356E-02 (Ha/Bohr)
Time for force calculation         :  0.490 (sec)
MD step time                       :  43.170 (sec)
===================================================================
                    Self Consistent Field (SCF#15)                     
===================================================================
Iteration     Free Energy (Ha/atom)   SCF Error        Timing (sec)
1            -6.0174916145E+00        1.616E-03        8.529
2            -6.0174943031E+00        5.159E-04        8.503
3            -6.0174933612E+00        4.012E-04        8.494
4            -6.0174931316E+00        2.364E-04        8.506
5            -6.0174929968E+00        5.626E-05        8.433
Total number of SCF: 5     

k = [0.000, 0.000, 0.000]
Occupation of state 1080 = 0.000000000000000.
Occupation of state 1200 = 0.000000000000000.
====================================================================
                    Energy and force calculation                    
====================================================================
Free energy per atom               : -6.0174929743E+00 (Ha/atom)
Total free energy                  : -3.0809564028E+03 (Ha)
Band structure energy              :  9.7257384448E+01 (Ha)
Exchange correlation energy        : -1.1113654172E+03 (Ha)
Self and correction energy         : -5.2991299422E+03 (Ha)
Entropy*kb*T                       : -1.0040434142E-06 (Ha)
Fermi level                        :  5.1555143113E-01 (Ha)
RMS force                          :  3.7999602476E-02 (Ha/Bohr)
Maximum force                      :  9.7475759685E-02 (Ha/Bohr)
Time for force calculation         :  0.491 (sec)
MD step time                       :  43.175 (sec)
===================================================================
                    Self Consistent Field (SCF#16)                     
===================================================================
Iteration     Free Energy (Ha/atom)   SCF Error        Timing (sec)
1            -6.0174838820E+00        1.584E-03        8.527
2            -6.0174883458E+00        5.224E-04        8.517
3            -6.0174875163E+00        3.958E-04        8.496
4            -6.0174873371E+00        2.276E-04        8.519
5            -6.0174871885E+00        6.222E-05        8.438
Total number of SCF: 5     

k = [0.000, 0.000, 0.000]
Occupation of state 1080 = 0.000000000000000.
Occupation of state 1200 = 0.000000000000000.
====================================================================
                    Energy and force calculation                    
====================================================================
Free energy per atom               : -6.0174871656E+00 (Ha/atom)
Total free energy                  : -3.0809534288E+03 (Ha)
Band structure energy              :  9.7445333317E+01 (Ha)
Exchange correlation energy        : -1.1113049880E+03 (Ha)
Self and correction energy         : -5.2991294764E+03 (Ha)
Entropy*kb*T                       : -1.0179966199E-06 (Ha)
Fermi level                        :  5.1619721894E-01 (Ha)
RMS force                          :  3.5784381681E-02 (Ha/Bohr)
Maximum force                      :  8.8399681070E-02 (Ha/Bohr)
Time for force calculation         :  0.490 (sec)
MD step time                       :  43.203 (sec)
===================================================================
                    Self Consistent Field (SCF#17)                     
===================================================================
Iteration     Free Energy (Ha/atom)   SCF Error        Timing (sec)
1            -6.0174857913E+00        1.419E-03        8.524
2            -6.0174911454E+00        4.740E-04        8.499
3            -6.0174904598E+00        3.512E-04        8.492
4            -6.0174902964E+00        2.061E-04        8.502
5            -6.0174902153E+00        6.562E-05        8.433
Total number of SCF: 5     

k = [0.000, 0.000, 0.000]
Occupation of state 1080 = 0.000000000000000.
Occupation of state 1200 = 0.000000000000000.
====================================================================
                    Energy and force calculation                    
====================================================================
Free energy per atom               : -6.0174901929E+00 (Ha/atom)
Total free energy                  : -3.0809549788E+03 (Ha)
Band structure energy              :  9.7619048678E+01 (Ha)
Exchange correlation energy        : -1.1112464951E+03 (Ha)
Self and correction energy         : -5.2991294238E+03 (Ha)
Entropy*kb*T                       : -1.0310037490E-06 (Ha)
Fermi level                        :  5.1666216225E-01 (Ha)
RMS force                          :  3.4154346156E-02 (Ha/Bohr)
Maximum force                      :  8.8174211068E-02 (Ha/Bohr)
Time for force calculation         :  0.491 (sec)
MD step time                       :  43.153 (sec)
===================================================================
                    Self Consistent Field (SCF#18)                     
===================================================================
Iteration     Free Energy (Ha/atom)   SCF Error        Timing (sec)
1            -6.0174791976E+00        1.315E-03        8.525
2            -6.0174839178E+00        4.491E-04        8.500
3            -6.0174833534E+00        3.293E-04        8.503
4            -6.0174832441E+00        1.877E-04        8.440
Total number of SCF: 4     

k = [0.000, 0.000, 0.000]
Occupation of state 1080 = 0.000000000000000.
Occupation of state 1200 = 0.000000000000000.
====================================================================
                    Energy and force calculation                    
====================================================================
Free energy per atom               : -6.0174828734E+00 (Ha/atom)
Total free energy                  : -3.0809512312E+03 (Ha)
Band structure energy              :  9.7731686006E+01 (Ha)
Exchange correlation energy        : -1.1112065590E+03 (Ha)
Self and correction energy         : -5.2991298009E+03 (Ha)
Entropy*kb*T                       : -1.0310290913E-06 (Ha)
Fermi level                        :  5.1672452559E-01 (Ha)
RMS force                          :  3.3762449684E-02 (Ha/Bohr)
Maximum force                      :  9.1180570937E-02 (Ha/Bohr)
Time for force calculation         :  0.491 (sec)
MD step time                       :  34.677 (sec)
===================================================================
                    Self Consistent Field (SCF#19)                     
===================================================================
Iteration     Free Energy (Ha/atom)   SCF Error        Timing (sec)
1            -6.0174630844E+00        2.737E-03        8.544
2            -6.0174538489E+00        8.341E-04        8.526
3            -6.0174509092E+00        6.986E-04        8.509
4            -6.0174502586E+00        3.642E-04        8.507
5            -6.0174500611E+00        6.580E-05        8.419
Total number of SCF: 5     

k = [0.000, 0.000, 0.000]
Occupation of state 1080 = 0.000000000000000.
Occupation of state 1200 = 0.000000000000000.
====================================================================
                    Energy and force calculation                    
====================================================================
Free energy per atom               : -6.0174499662E+00 (Ha/atom)
Total free energy                  : -3.0809343827E+03 (Ha)
Band structure energy              :  9.7772232873E+01 (Ha)
Exchange correlation energy        : -1.1111891884E+03 (Ha)
Self and correction energy         : -5.2991304803E+03 (Ha)
Entropy*kb*T                       : -1.0137759822E-06 (Ha)
Fermi level                        :  5.1632561906E-01 (Ha)
RMS force                          :  3.4875590580E-02 (Ha/Bohr)
Maximum force                      :  8.5554728809E-02 (Ha/Bohr)
Time for force calculation         :  0.491 (sec)
MD step time                       :  43.210 (sec)
===================================================================
                    Self Consistent Field (SCF#20)                     
===================================================================
Iteration     Free Energy (Ha/atom)   SCF Error        Timing (sec)
1            -6.0173931769E+00        3.029E-03        8.523
2            -6.0173800601E+00        9.206E-04        8.512
3            -6.0173764342E+00        7.784E-04        8.497
4            -6.0173756198E+00        3.744E-04        8.511
5            -6.0173753569E+00        6.033E-05        8.421
Total number of SCF: 5     

k = [0.000, 0.000, 0.000]
Occupation of state 1080 = 0.000000000000000.
Occupation of state 1200 = 0.000000000000000.
====================================================================
                    Energy and force calculation                    
====================================================================
Free energy per atom               : -6.0173752797E+00 (Ha/atom)
Total free energy                  : -3.0808961432E+03 (Ha)
Band structure energy              :  9.7725047767E+01 (Ha)
Exchange correlation energy        : -1.1112021048E+03 (Ha)
Self and correction energy         : -5.2991312024E+03 (Ha)
Entropy*kb*T                       : -9.9777202758E-07 (Ha)
Fermi level                        :  5.1562757855E-01 (Ha)
RMS force                          :  3.6996211276E-02 (Ha/Bohr)
Maximum force                      :  8.7394250380E-02 (Ha/Bohr)
Time for force calculation         :  0.491 (sec)
MD step time                       :  43.171 (sec)
***************************************************************************
                               Timing info                                 
***************************************************************************
Total walltime                     :  882.170 sec
___________________________________________________________________________

***************************************************************************
*             Material Physics & Mechanics Group, Georgia Tech            *
*                       PI: Phanish Suryanarayana                         *
*                Main Developers: Qimen Xu, Abhiraj Sharma                *
*     Collaborators: J.E. Pask (LLNL), A.J. Medford (GT), E. Chow (GT)    *
*  Acknowledgements: U.S. DOE (DE-SC0019410); U.S. NSF (1333500,1553212)  *
***************************************************************************
                                                                           
