***************************************************************************
*                       SPARC (version Mar 31, 2023)                      *
*   Copyright (c) 2020 Material Physics & Mechanics Group, Georgia Tech   *
*           Distributed under GNU General Public License 3 (GPL)          *
*                   Start time: Mon Apr  3 21:49:24 2023                  *
***************************************************************************
                           Input parameters                                
***************************************************************************
CELL: 50.6009011099014 30.9865970610724 34 
LATVEC:
1 0 0 
0 1 0 
0 0 1 
FD_GRID: 121 74 81
FD_ORDER: 12
BC: P P P
KPOINT_GRID: 4 4 1
KPOINT_SHIFT: 0.5 0.5 0
SPIN_TYP: 0
ELEC_TEMP_TYPE: Gaussian
SMEARING: 0.003674926479
EXCHANGE_CORRELATION: GGA_PBE
NSTATES: 161
CHEB_DEGREE: 19
CHEFSI_BOUND_FLAG: 0
CALC_STRESS: 0
CALC_PRES: 0
MAXIT_SCF: 1000
MINIT_SCF: 2
MAXIT_POISSON: 3000
TOL_SCF: 4.00E-04
POISSON_SOLVER: AAR
TOL_POISSON: 4.00E-06
TOL_LANCZOS: 1.00E-02
TOL_PSEUDOCHARGE: 4.00E-07
MIXING_VARIABLE: density
MIXING_PRECOND: kerker
TOL_PRECOND: 1.75E-04
PRECOND_KERKER_KTF: 1
PRECOND_KERKER_THRESH: 0.1
MIXING_PARAMETER: 0.7
MIXING_HISTORY: 7
PULAY_FREQUENCY: 1
PULAY_RESTART: 0
REFERENCE_CUTOFF: 0.5
RHO_TRIGGER: 5
FIX_RAND: 0
VERBOSITY: 1
PRINT_FORCES: 1
PRINT_ATOMS: 1
PRINT_EIGEN: 0
PRINT_DENSITY: 0
PRINT_ENERGY_DENSITY: 0
OUTPUT_FILE: Cs_110_surface
***************************************************************************
                                Cell                                       
***************************************************************************
Lattice vectors (Bohr):
50.600901109901436 0.000000000000000 0.000000000000000 
0.000000000000000 30.986597061072377 0.000000000000000 
0.000000000000000 0.000000000000000 34.000000000000000 
Volume: 5.3310290943E+04 (Bohr^3)
Density: 7.2298575728E-02 (amu/Bohr^3), 8.1016866223E-01 (g/cc)
***************************************************************************
                           Parallelization                                 
***************************************************************************
NP_SPIN_PARAL: 1
NP_KPOINT_PARAL: 8
NP_BAND_PARAL: 12
NP_DOMAIN_PARAL: 1 1 1
NP_DOMAIN_PHI_PARAL: 6 4 4
EIG_SERIAL_MAXNS: 1500
***************************************************************************
                             Initialization                                
***************************************************************************
Number of processors               :  96
Mesh spacing in x-direction        :  0.418189 (Bohr)
Mesh spacing in y-direction        :  0.418738 (Bohr)
Mesh spacing in z-direction        :  0.419753 (Bohr)
Number of symmetry adapted k-points:  8
Output printed to                  :  Cs_110_surface.out
Total number of atom types         :  1
Total number of atoms              :  29
Total number of electrons          :  261
Atom type 1  (valence electrons)   :  Cs 9
Pseudopotential                    :  ../55_Cs_9_2.2_2.5_pbe_n_v1.0.psp8
Atomic mass                        :  132.90545196
Pseudocharge radii of atom type 1  :  7.95 7.96 7.98 (x, y, z dir)
Number of atoms of type 1          :  29
Estimated total memory usage       :  92.04 GB
Estimated memory per processor     :  981.75 MB
===================================================================
                    Self Consistent Field (SCF#1)                     
===================================================================
Iteration     Free Energy (Ha/atom)   SCF Error        Timing (sec)
1            -2.3269713555E+01        8.635E-02        52.900
2            -2.3269854175E+01        3.343E-02        9.418
3            -2.3270926588E+01        1.762E-02        9.489
4            -2.3272923525E+01        5.275E-03        9.508
5            -2.3273956588E+01        2.606E-03        9.581
6            -2.3274495459E+01        1.478E-03        9.486
7            -2.3274782665E+01        9.733E-04        9.479
8            -2.3274942264E+01        4.352E-04        9.393
9            -2.3275023971E+01        3.001E-04        9.438
Total number of SCF: 9     
====================================================================
                    Energy and force calculation                    
====================================================================
Free energy per atom               : -2.3275023971E+01 (Ha/atom)
Total free energy                  : -6.7497569515E+02 (Ha)
Band structure energy              : -1.2750737203E+02 (Ha)
Exchange correlation energy        : -1.9465765638E+02 (Ha)
Self and correction energy         : -8.3595711220E+02 (Ha)
-Entropy*kb*T                      : -6.6860774729E-03 (Ha)
Fermi level                        : -2.2102709790E-02 (Ha)
RMS force                          :  9.2008962887E-04 (Ha/Bohr)
Maximum force                      :  1.9190000194E-03 (Ha/Bohr)
Time for force calculation         :  0.487 (sec)
***************************************************************************
                               Timing info                                 
***************************************************************************
Total walltime                     :  129.744 sec
___________________________________________________________________________

***************************************************************************
*             Material Physics & Mechanics Group, Georgia Tech            *
*                       PI: Phanish Suryanarayana                         *
*               List of contributors: See the documentation               *
*         Citation: See README.md or the documentation for details        *
*  Acknowledgements: U.S. DOE SC (DE-SC0019410), U.S. DOE NNSA (ASC)      *
*      {Preliminary developments: U.S. NSF (1333500,1663244,1553212)}     *
***************************************************************************
                                                                           
