***************************************************************************
*                       SPARC (version Apr 23, 2021)                      *
*   Copyright (c) 2020 Material Physics & Mechanics Group, Georgia Tech   *
*           Distributed under GNU General Public License 3 (GPL)          *
*                   Start time: Mon Jan 23 14:02:49 2023                  *
***************************************************************************
                           Input parameters                                
***************************************************************************
CELL: 53.55 53.55 53.55 
LATVEC:
1 0 0 
0 1 0 
0 0 1 
FD_GRID: 97 97 97
FD_ORDER: 12
BC: P P P
KPOINT_GRID: 1 1 1
KPOINT_SHIFT: 0 0 0
SPIN_TYP: 0
ELEC_TEMP_TYPE: Gaussian
SMEARING: 0.007349864435
CHEB_DEGREE: 16
NSTATES: 2496
EXCHANGE_CORRELATION: GGA_PBE
CALC_STRESS: 0
CALC_PRES: 0
CHEFSI_BOUND_FLAG: 0
MAXIT_SCF: 100
MINIT_SCF: 3
MAXIT_POISSON: 3000
TOL_SCF: 1.00E-04
POISSON_SOLVER: AAR
TOL_POISSON: 1.00E-06
TOL_LANCZOS: 1.00E-02
TOL_PSEUDOCHARGE: 1.00E-06
MIXING_VARIABLE: density
MIXING_PRECOND: kerker
TOL_PRECOND: 3.05E-04
PRECOND_KERKER_KTF: 1
PRECOND_KERKER_THRESH: 0
MIXING_PARAMETER: 0.5
MIXING_HISTORY: 7
PULAY_FREQUENCY: 1
PULAY_RESTART: 0
REFERENCE_CUTOFF: 0.5
RHO_TRIGGER: 4
FIX_RAND: 0
VERBOSITY: 1
PRINT_FORCES: 1
PRINT_ATOMS: 0
PRINT_EIGEN: 0
PRINT_DENSITY: 0
OUTPUT_FILE: Al1372
***************************************************************************
                           Parallelization                                 
***************************************************************************
NP_SPIN_PARAL: 1
NP_KPOINT_PARAL: 1
NP_BAND_PARAL: 384
NP_DOMAIN_PARAL: 1 1 1
NP_DOMAIN_PHI_PARAL: 6 8 8
EIG_SERIAL_MAXNS: 2000
EIG_PARAL_BLKSZ: 128
***************************************************************************
                             Initialization                                
***************************************************************************
Number of processors               :  384
Mesh spacing                       :  0.552062 (Bohr)
Number of symmetry adapted k-points:  1
Output printed to                  :  Al1372.out
Total number of atom types         :  1
Total number of atoms              :  1372
Total number of electrons          :  4116
Atom type 1  (valence electrons)   :  Al 3
Pseudopotential                    :  ../13_Al_3_1.9_1.9_pbe_n_v1.0.psp8
Pseudocharge radii of atom type 1  :  7.18 7.18 7.18 (x, y, z dir)
Number of atoms of type 1          :  1372
Estimated total memory usage       :  102.03 GB
Estimated memory per processor     :  272.07 MB
===================================================================
                    Self Consistent Field (SCF#1)                     
===================================================================
Iteration     Free Energy (Ha/atom)   SCF Error        Timing (sec)
1            -2.3092421438E+00        1.470E-01        47.683
2            -2.3137237633E+00        8.769E-02        7.277
3            -2.3146796994E+00        1.267E-02        7.250
4            -2.3151648945E+00        5.148E-03        7.344
5            -2.3153397602E+00        1.659E-03        7.255
6            -2.3154076963E+00        1.040E-03        7.375
7            -2.3154345810E+00        3.882E-04        7.306
8            -2.3154456493E+00        3.824E-04        7.355
9            -2.3154502625E+00        4.141E-04        7.351
10           -2.3154522570E+00        4.588E-04        7.378
11           -2.3154531559E+00        6.963E-04        7.288
12           -2.3154534672E+00        2.913E-04        7.398
13           -2.3154536170E+00        2.122E-04        7.332
14           -2.3154536788E+00        2.034E-04        7.412
15           -2.3154537325E+00        2.372E-04        7.331
16           -2.3154537263E+00        1.106E-04        7.328
17           -2.3154537500E+00        9.920E-05        7.307
Total number of SCF: 17    

k = [0.000, 0.000, 0.000]
Occupation of state 2246 = 0.000002909373364.
Occupation of state 2496 = 0.000000000000000.
====================================================================
                    Energy and force calculation                    
====================================================================
Free energy per atom               : -2.3154536229E+00 (Ha/atom)
Total free energy                  : -3.1768023707E+03 (Ha)
Band structure energy              :  9.1458859209E+01 (Ha)
Exchange correlation energy        : -1.5039699911E+03 (Ha)
Self and correction energy         : -4.2870081329E+03 (Ha)
Entropy*kb*T                       : -4.3501707609E-01 (Ha)
Fermi level                        :  1.8547000922E-01 (Ha)
RMS force                          :  3.6592192648E-02 (Ha/Bohr)
Maximum force                      :  1.5106634113E-01 (Ha/Bohr)
Time for force calculation         :  0.283 (sec)
***************************************************************************
                               Timing info                                 
***************************************************************************
Total walltime                     :  166.106 sec
___________________________________________________________________________

***************************************************************************
*             Material Physics & Mechanics Group, Georgia Tech            *
*                       PI: Phanish Suryanarayana                         *
*                Main Developers: Qimen Xu, Abhiraj Sharma                *
*     Collaborators: J.E. Pask (LLNL), A.J. Medford (GT), E. Chow (GT)    *
*  Acknowledgements: U.S. DOE (DE-SC0019410); U.S. NSF (1333500,1553212)  *
***************************************************************************
                                                                           
