---------------------------------------
Begin Slurm Prolog: Jan-23-2023 14:07:18
Job ID:    569001
User ID:   bzhang376
Account:   gts-phanish6-coda20
Job name:  Al1372_mesh
Partition: cpu-medium
QOS:       inferno
---------------------------------------

Lmod is automatically replacing "gcc/10.3.0-o57x6h" with "intel/20.0.4".


The following have been reloaded with a version change:
  1) mvapich2/2.3.6-ouywal => mvapich2/2.3.6-z2duuy

---------------------------------------
Begin Slurm Epilog: Jan-23-2023 14:09:02
Job ID:        569001
Array Job ID:  _4294967294
User ID:       bzhang376
Account:       gts-phanish6-coda20
Job name:      Al1372_mesh
Resources:     cpu=384,mem=4.50T,node=32
Rsrc Used:     cput=11:05:36,vmem=8992K,walltime=00:01:44,mem=7668K,energy_used=0
Partition:     cpu-medium
QOS:           inferno
Nodes:         atl1-1-01-003-22-2,atl1-1-01-003-27-[1-2],atl1-1-01-003-28-[1-2],atl1-1-01-003-30-2,atl1-1-01-003-31-[1-2],atl1-1-02-002-2-[1-2],atl1-1-02-002-3-[1-2],atl1-1-02-002-4-[1-2],atl1-1-02-002-5-[1-2],atl1-1-02-002-6-[1-2],atl1-1-02-002-8-[1-2],atl1-1-02-002-9-[1-2],atl1-1-02-002-10-[1-2],atl1-1-02-002-11-[1-2],atl1-1-02-002-12-[1-2],atl1-1-02-002-13-[1-2],atl1-1-02-002-14-[1-2]
---------------------------------------
