***************************************************************************
*                       SPARC (version Apr 23, 2021)                      *
*   Copyright (c) 2020 Material Physics & Mechanics Group, Georgia Tech   *
*           Distributed under GNU General Public License 3 (GPL)          *
*                   Start time: Mon Jan 30 22:27:46 2023                  *
***************************************************************************
                           Input parameters                                
***************************************************************************
CELL: 53.55 53.55 53.55 
LATVEC:
1 0 0 
0 1 0 
0 0 1 
FD_GRID: 81 81 81
FD_ORDER: 12
BC: P P P
KPOINT_GRID: 1 1 1
KPOINT_SHIFT: 0 0 0
SPIN_TYP: 0
ELEC_TEMP_TYPE: Gaussian
SMEARING: 0.007349864435
CHEB_DEGREE: 15
NSTATES: 2496
EXCHANGE_CORRELATION: GGA_PBE
CALC_STRESS: 0
CALC_PRES: 0
CHEFSI_BOUND_FLAG: 0
MAXIT_SCF: 100
MINIT_SCF: 3
MAXIT_POISSON: 3000
TOL_SCF: 1.00E-05
POISSON_SOLVER: AAR
TOL_POISSON: 1.00E-07
TOL_LANCZOS: 1.00E-02
TOL_PSEUDOCHARGE: 1.00E-07
MIXING_VARIABLE: density
MIXING_PRECOND: kerker
TOL_PRECOND: 4.37E-04
PRECOND_KERKER_KTF: 1
PRECOND_KERKER_THRESH: 0
MIXING_PARAMETER: 1
MIXING_HISTORY: 7
PULAY_FREQUENCY: 1
PULAY_RESTART: 0
REFERENCE_CUTOFF: 0.5
RHO_TRIGGER: 4
FIX_RAND: 0
VERBOSITY: 1
PRINT_FORCES: 1
PRINT_ATOMS: 0
PRINT_EIGEN: 0
PRINT_DENSITY: 0
OUTPUT_FILE: Al1372
***************************************************************************
                           Parallelization                                 
***************************************************************************
NP_SPIN_PARAL: 1
NP_KPOINT_PARAL: 1
NP_BAND_PARAL: 384
NP_DOMAIN_PARAL: 1 1 1
NP_DOMAIN_PHI_PARAL: 6 8 8
EIG_SERIAL_MAXNS: 2000
EIG_PARAL_BLKSZ: 128
***************************************************************************
                             Initialization                                
***************************************************************************
Number of processors               :  384
Mesh spacing                       :  0.661111 (Bohr)
Number of symmetry adapted k-points:  1
Output printed to                  :  Al1372.out
Total number of atom types         :  1
Total number of atoms              :  1372
Total number of electrons          :  4116
Atom type 1  (valence electrons)   :  Al 3
Pseudopotential                    :  ../13_Al_3_1.9_1.9_pbe_n_v1.0.psp8
Pseudocharge radii of atom type 1  :  8.59 8.59 8.59 (x, y, z dir)
Number of atoms of type 1          :  1372
Estimated total memory usage       :  59.41 GB
Estimated memory per processor     :  158.42 MB
===================================================================
                    Self Consistent Field (SCF#1)                     
===================================================================
Iteration     Free Energy (Ha/atom)   SCF Error        Timing (sec)
1            -2.3123139363E+00        1.486E-01        39.091
2            -2.3134532967E+00        3.057E-02        4.927
3            -2.3142327396E+00        4.944E-03        4.957
4            -2.3144812480E+00        1.186E-03        4.937
5            -2.3145653308E+00        5.160E-04        4.932
6            -2.3145951067E+00        1.649E-04        4.913
7            -2.3146060607E+00        1.293E-04        5.118
8            -2.3146101851E+00        4.963E-05        5.077
9            -2.3146117701E+00        1.071E-04        4.987
10           -2.3146123884E+00        1.448E-04        4.915
11           -2.3146126307E+00        1.044E-04        4.926
12           -2.3146127256E+00        1.292E-04        4.956
13           -2.3146127641E+00        1.364E-04        4.985
14           -2.3146127857E+00        1.382E-04        4.937
15           -2.3146127837E+00        1.415E-04        5.004
16           -2.3146127906E+00        1.332E-04        5.030
17           -2.3146127895E+00        1.257E-04        4.924
18           -2.3146127898E+00        1.072E-04        4.938
19           -2.3146127907E+00        1.079E-04        5.011
20           -2.3146127904E+00        1.038E-04        4.960
21           -2.3146127907E+00        8.518E-05        4.973
22           -2.3146127903E+00        7.120E-05        4.959
23           -2.3146127899E+00        4.854E-05        4.924
24           -2.3146127906E+00        5.017E-05        4.911
25           -2.3146127902E+00        5.172E-05        4.935
26           -2.3146127922E+00        8.459E-05        4.910
27           -2.3146127916E+00        7.533E-05        5.030
28           -2.3146127894E+00        2.901E-05        4.916
29           -2.3146127893E+00        1.852E-05        4.936
30           -2.3146127894E+00        4.448E-06        4.929
Total number of SCF: 30    

k = [0.000, 0.000, 0.000]
Occupation of state 2246 = 0.000003099607877.
Occupation of state 2496 = 0.000000000000000.
====================================================================
                    Energy and force calculation                    
====================================================================
Free energy per atom               : -2.3146127885E+00 (Ha/atom)
Total free energy                  : -3.1756487458E+03 (Ha)
Band structure energy              :  9.2737657823E+01 (Ha)
Exchange correlation energy        : -1.5040051858E+03 (Ha)
Self and correction energy         : -4.2868494548E+03 (Ha)
Entropy*kb*T                       : -4.3577719087E-01 (Ha)
Fermi level                        :  1.8564696657E-01 (Ha)
RMS force                          :  3.6668136966E-02 (Ha/Bohr)
Maximum force                      :  1.5129943217E-01 (Ha/Bohr)
Time for force calculation         :  0.201 (sec)
***************************************************************************
                               Timing info                                 
***************************************************************************
Total walltime                     :  183.674 sec
___________________________________________________________________________

***************************************************************************
*             Material Physics & Mechanics Group, Georgia Tech            *
*                       PI: Phanish Suryanarayana                         *
*                Main Developers: Qimen Xu, Abhiraj Sharma                *
*     Collaborators: J.E. Pask (LLNL), A.J. Medford (GT), E. Chow (GT)    *
*  Acknowledgements: U.S. DOE (DE-SC0019410); U.S. NSF (1333500,1553212)  *
***************************************************************************
                                                                           
