---------------------------------------
Begin Slurm Prolog: Jan-30-2023 22:27:43
Job ID:    622144
User ID:   bzhang376
Account:   gts-phanish6-coda20
Job name:  Al1372_mesh
Partition: cpu-medium
QOS:       inferno
---------------------------------------
---------------------------------------
Begin Slurm Epilog: Jan-30-2023 22:30:50
Job ID:        622144
Array Job ID:  _4294967294
User ID:       bzhang376
Account:       gts-phanish6-coda20
Job name:      Al1372_mesh
Resources:     cpu=384,mem=4.50T,node=32
Rsrc Used:     cput=20:03:12,vmem=8896K,walltime=00:03:08,mem=7756K,energy_used=0
Partition:     cpu-medium
QOS:           inferno
Nodes:         atl1-1-01-003-4-2,atl1-1-01-003-6-2,atl1-1-01-003-8-1,atl1-1-01-003-12-2,atl1-1-01-003-15-1,atl1-1-01-003-16-2,atl1-1-01-003-23-2,atl1-1-01-003-27-1,atl1-1-01-003-30-[1-2],atl1-1-01-003-32-1,atl1-1-02-003-1-[1-2],atl1-1-02-003-2-[1-2],atl1-1-02-003-5-2,atl1-1-02-003-7-1,atl1-1-02-003-8-2,atl1-1-02-003-9-1,atl1-1-02-003-10-1,atl1-1-02-003-17-2,atl1-1-02-003-18-1,atl1-1-02-003-21-1,atl1-1-02-003-22-[1-2],atl1-1-02-003-23-[1-2],atl1-1-02-003-24-[1-2],atl1-1-02-003-26-1,atl1-1-02-003-29-2,atl1-1-02-003-30-1
---------------------------------------
