***************************************************************************
*                       SPARC (version Apr 19, 2023)                      *
*   Copyright (c) 2020 Material Physics & Mechanics Group, Georgia Tech   *
*           Distributed under GNU General Public License 3 (GPL)          *
*                   Start time: Mon May  1 16:21:25 2023                  *
***************************************************************************
                           Input parameters                                
***************************************************************************
CELL: 53.55 53.55 53.55 
LATVEC:
1 0 0 
0 1 0 
0 0 1 
FD_GRID: 82 82 82
FD_ORDER: 12
BC: P P P
KPOINT_GRID: 1 1 1
KPOINT_SHIFT: 0 0 0
SPIN_TYP: 0
ELEC_TEMP_TYPE: Fermi-Dirac
ELEC_TEMP: 1120
EXCHANGE_CORRELATION: GGA_PBE
NSTATES: 2496
CHEB_DEGREE: 15
CHEFSI_BOUND_FLAG: 0
CALC_STRESS: 0
CALC_PRES: 0
TWTIME: 1E+09
MD_FLAG: 1
MD_METHOD: NVT_NH
MD_TIMESTEP: 1
MD_NSTEP: 20
ION_VEL_DSTR: 2
ION_VEL_DSTR_RAND: 0
ION_TEMP: 1120
ION_TEMP_END: 1120
QMASS: 1653.65493345972
MAXIT_SCF: 100
MINIT_SCF: 2
MAXIT_POISSON: 3000
TOL_SCF: 2.00E-04
POISSON_SOLVER: AAR
TOL_POISSON: 2.00E-06
TOL_LANCZOS: 1.00E-02
TOL_PSEUDOCHARGE: 2.00E-07
MIXING_VARIABLE: density
MIXING_PRECOND: kerker
TOL_PRECOND: 4.26E-04
PRECOND_KERKER_KTF: 1
PRECOND_KERKER_THRESH: 0.01
MIXING_PARAMETER: 1
MIXING_HISTORY: 7
PULAY_FREQUENCY: 1
PULAY_RESTART: 0
REFERENCE_CUTOFF: 0.5
RHO_TRIGGER: 4
FIX_RAND: 0
VERBOSITY: 1
PRINT_FORCES: 1
PRINT_ATOMS: 0
PRINT_EIGEN: 0
PRINT_DENSITY: 0
PRINT_MDOUT: 1
PRINT_VELS: 1
PRINT_RESTART: 1
PRINT_RESTART_FQ: 20
PRINT_ENERGY_DENSITY: 0
OUTPUT_FILE: Al1372
***************************************************************************
                                Cell                                       
***************************************************************************
Lattice vectors (Bohr):
53.549999999999997 0.000000000000000 0.000000000000000 
0.000000000000000 53.549999999999997 0.000000000000000 
0.000000000000000 0.000000000000000 53.549999999999997 
Volume: 1.5356011387E+05 (Bohr^3)
Density: 2.4106957131E-01 (amu/Bohr^3), 2.7013950154E+00 (g/cc)
***************************************************************************
                           Parallelization                                 
***************************************************************************
NP_SPIN_PARAL: 1
NP_KPOINT_PARAL: 1
NP_BAND_PARAL: 312
NP_DOMAIN_PARAL: 1 1 1
NP_DOMAIN_PHI_PARAL: 6 4 13
EIG_SERIAL_MAXNS: 1500
EIG_PARAL_BLKSZ: 128
EIG_PARAL_ORFAC: 0.0e+00
EIG_PARAL_MAXNP: 91
***************************************************************************
                             Initialization                                
***************************************************************************
Number of processors               :  312
Mesh spacing                       :  0.653049 (Bohr)
Number of symmetry adapted k-points:  1
Output printed to                  :  Al1372.out
MD output printed to               :  Al1372.aimd
Total number of atom types         :  1
Total number of atoms              :  1372
Total number of electrons          :  4116
Atom type 1  (valence electrons)   :  Al 3
Pseudopotential                    :  ../13_Al_3_1.9_1.9_pbe_n_v1.0.psp8
Atomic mass                        :  26.9815385
Pseudocharge radii of atom type 1  :  8.49 8.49 8.49 (x, y, z dir)
Number of atoms of type 1          :  1372
Estimated total memory usage       :  73.59 GB
Estimated memory per processor     :  241.54 MB
===================================================================
                    Self Consistent Field (SCF#1)                     
===================================================================
Iteration     Free Energy (Ha/atom)   SCF Error        Timing (sec)
1            -2.3120962046E+00        1.484E-01        20.216
2            -2.3134333542E+00        3.040E-02        4.041
3            -2.3142570691E+00        5.041E-03        4.044
4            -2.3145223699E+00        1.419E-03        4.040
5            -2.3146125811E+00        6.901E-04        4.057
6            -2.3146450881E+00        3.353E-04        4.025
7            -2.3146572398E+00        2.569E-04        4.024
8            -2.3146620193E+00        4.119E-04        4.106
9            -2.3146638160E+00        3.156E-04        4.003
10           -2.3146644883E+00        3.480E-04        4.043
11           -2.3146648471E+00        2.070E-04        4.006
12           -2.3146649414E+00        2.255E-04        4.006
13           -2.3146650255E+00        2.402E-04        4.049
14           -2.3146651006E+00        2.302E-04        4.056
15           -2.3146651057E+00        2.175E-04        4.050
16           -2.3146650547E+00        1.659E-04        4.015
Total number of SCF: 16    
====================================================================
                    Energy and force calculation                    
====================================================================
Free energy per atom               : -2.3146650547E+00 (Ha/atom)
Total free energy                  : -3.1757204551E+03 (Ha)
Band structure energy              :  9.2838548335E+01 (Ha)
Exchange correlation energy        : -1.5039847880E+03 (Ha)
Self and correction energy         : -4.2868652881E+03 (Ha)
-Entropy*kb*T                      : -6.5930714717E-01 (Ha)
Fermi level                        :  1.8576906085E-01 (Ha)
RMS force                          :  3.6748847210E-02 (Ha/Bohr)
Maximum force                      :  1.5044285396E-01 (Ha/Bohr)
Time for force calculation         :  0.217 (sec)
MD step time                       :  81.294 (sec)
===================================================================
                    Self Consistent Field (SCF#2)                     
===================================================================
Iteration     Free Energy (Ha/atom)   SCF Error        Timing (sec)
1            -2.3148780409E+00        2.276E-02        4.072
2            -2.3147144462E+00        8.640E-03        4.113
3            -2.3146940959E+00        4.029E-03        4.138
4            -2.3146878698E+00        7.082E-04        4.191
5            -2.3146877803E+00        3.353E-04        4.327
6            -2.3146877309E+00        1.016E-04        4.107
Total number of SCF: 6     
====================================================================
                    Energy and force calculation                    
====================================================================
Free energy per atom               : -2.3146877309E+00 (Ha/atom)
Total free energy                  : -3.1757515668E+03 (Ha)
Band structure energy              :  9.2877834495E+01 (Ha)
Exchange correlation energy        : -1.5039611740E+03 (Ha)
Self and correction energy         : -4.2868649180E+03 (Ha)
-Entropy*kb*T                      : -6.5927164268E-01 (Ha)
Fermi level                        :  1.8577346302E-01 (Ha)
RMS force                          :  3.6666538128E-02 (Ha/Bohr)
Maximum force                      :  1.4488932411E-01 (Ha/Bohr)
Time for force calculation         :  0.226 (sec)
MD step time                       :  25.268 (sec)
===================================================================
                    Self Consistent Field (SCF#3)                     
===================================================================
Iteration     Free Energy (Ha/atom)   SCF Error        Timing (sec)
1            -2.3149405890E+00        2.294E-02        4.404
2            -2.3147763655E+00        8.923E-03        4.312
3            -2.3147543582E+00        4.124E-03        4.159
4            -2.3147478258E+00        6.971E-04        4.224
5            -2.3147477339E+00        3.429E-04        4.307
6            -2.3147476891E+00        8.125E-05        4.174
Total number of SCF: 6     
====================================================================
                    Energy and force calculation                    
====================================================================
Free energy per atom               : -2.3147476891E+00 (Ha/atom)
Total free energy                  : -3.1758338295E+03 (Ha)
Band structure energy              :  9.2977188522E+01 (Ha)
Exchange correlation energy        : -1.5039006145E+03 (Ha)
Self and correction energy         : -4.2868645254E+03 (Ha)
-Entropy*kb*T                      : -6.5929310111E-01 (Ha)
Fermi level                        :  1.8578474834E-01 (Ha)
RMS force                          :  3.6432710456E-02 (Ha/Bohr)
Maximum force                      :  1.3774230196E-01 (Ha/Bohr)
Time for force calculation         :  0.220 (sec)
MD step time                       :  25.894 (sec)
===================================================================
                    Self Consistent Field (SCF#4)                     
===================================================================
Iteration     Free Energy (Ha/atom)   SCF Error        Timing (sec)
1            -2.3148423528E+00        2.874E-03        4.181
2            -2.3148438543E+00        3.644E-04        4.355
3            -2.3148438873E+00        1.162E-04        4.171
Total number of SCF: 3     
====================================================================
                    Energy and force calculation                    
====================================================================
Free energy per atom               : -2.3148438873E+00 (Ha/atom)
Total free energy                  : -3.1759658134E+03 (Ha)
Band structure energy              :  9.3134822487E+01 (Ha)
Exchange correlation energy        : -1.5038049798E+03 (Ha)
Self and correction energy         : -4.2868641570E+03 (Ha)
-Entropy*kb*T                      : -6.5939037710E-01 (Ha)
Fermi level                        :  1.8580283342E-01 (Ha)
RMS force                          :  3.6054116617E-02 (Ha/Bohr)
Maximum force                      :  1.2923365246E-01 (Ha/Bohr)
Time for force calculation         :  0.246 (sec)
MD step time                       :  13.041 (sec)
===================================================================
                    Self Consistent Field (SCF#5)                     
===================================================================
Iteration     Free Energy (Ha/atom)   SCF Error        Timing (sec)
1            -2.3149728589E+00        3.021E-03        4.162
2            -2.3149739992E+00        5.321E-04        4.132
3            -2.3149740028E+00        1.936E-04        4.174
Total number of SCF: 3     
====================================================================
                    Energy and force calculation                    
====================================================================
Free energy per atom               : -2.3149740028E+00 (Ha/atom)
Total free energy                  : -3.1761443318E+03 (Ha)
Band structure energy              :  9.3343875269E+01 (Ha)
Exchange correlation energy        : -1.5036759203E+03 (Ha)
Self and correction energy         : -4.2868638458E+03 (Ha)
-Entropy*kb*T                      : -6.5954695141E-01 (Ha)
Fermi level                        :  1.8582678996E-01 (Ha)
RMS force                          :  3.5545535153E-02 (Ha/Bohr)
Maximum force                      :  1.2383842003E-01 (Ha/Bohr)
Time for force calculation         :  0.226 (sec)
MD step time                       :  12.778 (sec)
===================================================================
                    Self Consistent Field (SCF#6)                     
===================================================================
Iteration     Free Energy (Ha/atom)   SCF Error        Timing (sec)
1            -2.3151331463E+00        2.833E-03        4.222
2            -2.3151346697E+00        3.681E-04        4.186
3            -2.3151347133E+00        1.249E-04        4.409
Total number of SCF: 3     
====================================================================
                    Energy and force calculation                    
====================================================================
Free energy per atom               : -2.3151347133E+00 (Ha/atom)
Total free energy                  : -3.1763648266E+03 (Ha)
Band structure energy              :  9.3599644177E+01 (Ha)
Exchange correlation energy        : -1.5035164674E+03 (Ha)
Self and correction energy         : -4.2868636155E+03 (Ha)
-Entropy*kb*T                      : -6.5979147212E-01 (Ha)
Fermi level                        :  1.8585632158E-01 (Ha)
RMS force                          :  3.4920910967E-02 (Ha/Bohr)
Maximum force                      :  1.1717588113E-01 (Ha/Bohr)
Time for force calculation         :  0.218 (sec)
MD step time                       :  13.131 (sec)
===================================================================
                    Self Consistent Field (SCF#7)                     
===================================================================
Iteration     Free Energy (Ha/atom)   SCF Error        Timing (sec)
1            -2.3153218332E+00        2.979E-03        4.514
2            -2.3153230234E+00        4.129E-04        4.160
3            -2.3153230520E+00        1.339E-04        4.197
Total number of SCF: 3     
====================================================================
                    Energy and force calculation                    
====================================================================
Free energy per atom               : -2.3153230520E+00 (Ha/atom)
Total free energy                  : -3.1766232273E+03 (Ha)
Band structure energy              :  9.3896021272E+01 (Ha)
Exchange correlation energy        : -1.5033300967E+03 (Ha)
Self and correction energy         : -4.2868634806E+03 (Ha)
-Entropy*kb*T                      : -6.6008426950E-01 (Ha)
Fermi level                        :  1.8589067044E-01 (Ha)
RMS force                          :  3.4191598633E-02 (Ha/Bohr)
Maximum force                      :  1.1090478337E-01 (Ha/Bohr)
Time for force calculation         :  0.218 (sec)
MD step time                       :  13.171 (sec)
===================================================================
                    Self Consistent Field (SCF#8)                     
===================================================================
Iteration     Free Energy (Ha/atom)   SCF Error        Timing (sec)
1            -2.3155337805E+00        3.214E-03        4.218
2            -2.3155345328E+00        8.705E-04        4.274
3            -2.3155343826E+00        2.709E-04        4.361
4            -2.3155343666E+00        1.583E-04        4.105
Total number of SCF: 4     
====================================================================
                    Energy and force calculation                    
====================================================================
Free energy per atom               : -2.3155343666E+00 (Ha/atom)
Total free energy                  : -3.1769131509E+03 (Ha)
Band structure energy              :  9.4225185751E+01 (Ha)
Exchange correlation energy        : -1.5031194094E+03 (Ha)
Self and correction energy         : -4.2868634570E+03 (Ha)
-Entropy*kb*T                      : -6.6042572952E-01 (Ha)
Fermi level                        :  1.8592854797E-01 (Ha)
RMS force                          :  3.3375893627E-02 (Ha/Bohr)
Maximum force                      :  1.0469523959E-01 (Ha/Bohr)
Time for force calculation         :  0.227 (sec)
MD step time                       :  17.273 (sec)
===================================================================
                    Self Consistent Field (SCF#9)                     
===================================================================
Iteration     Free Energy (Ha/atom)   SCF Error        Timing (sec)
1            -2.3157610473E+00        3.079E-03        4.235
2            -2.3157620219E+00        5.699E-04        4.156
3            -2.3157620090E+00        2.034E-04        4.370
4            -2.3157620096E+00        6.935E-05        4.274
Total number of SCF: 4     
====================================================================
                    Energy and force calculation                    
====================================================================
Free energy per atom               : -2.3157620096E+00 (Ha/atom)
Total free energy                  : -3.1772254771E+03 (Ha)
Band structure energy              :  9.4588818520E+01 (Ha)
Exchange correlation energy        : -1.5028898794E+03 (Ha)
Self and correction energy         : -4.2868635657E+03 (Ha)
-Entropy*kb*T                      : -6.6082291625E-01 (Ha)
Fermi level                        :  1.8597054985E-01 (Ha)
RMS force                          :  3.2485074843E-02 (Ha/Bohr)
Maximum force                      :  9.9924030151E-02 (Ha/Bohr)
Time for force calculation         :  0.223 (sec)
MD step time                       :  17.346 (sec)
===================================================================
                    Self Consistent Field (SCF#10)                     
===================================================================
Iteration     Free Energy (Ha/atom)   SCF Error        Timing (sec)
1            -2.3159990291E+00        3.020E-03        4.176
2            -2.3160000520E+00        4.528E-04        4.192
3            -2.3160000884E+00        1.757E-04        4.282
Total number of SCF: 3     
====================================================================
                    Energy and force calculation                    
====================================================================
Free energy per atom               : -2.3160000884E+00 (Ha/atom)
Total free energy                  : -3.1775521213E+03 (Ha)
Band structure energy              :  9.4985286992E+01 (Ha)
Exchange correlation energy        : -1.5026455119E+03 (Ha)
Self and correction energy         : -4.2868638191E+03 (Ha)
-Entropy*kb*T                      : -6.6126409338E-01 (Ha)
Fermi level                        :  1.8601613619E-01 (Ha)
RMS force                          :  3.1526056316E-02 (Ha/Bohr)
Maximum force                      :  9.7157750393E-02 (Ha/Bohr)
Time for force calculation         :  0.216 (sec)
MD step time                       :  12.949 (sec)
===================================================================
                    Self Consistent Field (SCF#11)                     
===================================================================
Iteration     Free Energy (Ha/atom)   SCF Error        Timing (sec)
1            -2.3162399639E+00        3.080E-03        4.442
2            -2.3162409025E+00        6.235E-04        4.123
3            -2.3162408813E+00        2.121E-04        4.134
4            -2.3162408854E+00        7.892E-05        4.100
Total number of SCF: 4     
====================================================================
                    Energy and force calculation                    
====================================================================
Free energy per atom               : -2.3162408854E+00 (Ha/atom)
Total free energy                  : -3.1778824948E+03 (Ha)
Band structure energy              :  9.5400409490E+01 (Ha)
Exchange correlation energy        : -1.5023872212E+03 (Ha)
Self and correction energy         : -4.2868642283E+03 (Ha)
-Entropy*kb*T                      : -6.6174804910E-01 (Ha)
Fermi level                        :  1.8606369061E-01 (Ha)
RMS force                          :  3.0543325198E-02 (Ha/Bohr)
Maximum force                      :  9.3776279952E-02 (Ha/Bohr)
Time for force calculation         :  0.217 (sec)
MD step time                       :  17.102 (sec)
===================================================================
                    Self Consistent Field (SCF#12)                     
===================================================================
Iteration     Free Energy (Ha/atom)   SCF Error        Timing (sec)
1            -2.3164764470E+00        2.880E-03        4.180
2            -2.3164778712E+00        3.693E-04        4.189
3            -2.3164779186E+00        1.210E-04        4.358
Total number of SCF: 3     
====================================================================
                    Energy and force calculation                    
====================================================================
Free energy per atom               : -2.3164779186E+00 (Ha/atom)
Total free energy                  : -3.1782077044E+03 (Ha)
Band structure energy              :  9.5847710872E+01 (Ha)
Exchange correlation energy        : -1.5021225213E+03 (Ha)
Self and correction energy         : -4.2868648005E+03 (Ha)
-Entropy*kb*T                      : -6.6227100834E-01 (Ha)
Fermi level                        :  1.8611470709E-01 (Ha)
RMS force                          :  2.9521805996E-02 (Ha/Bohr)
Maximum force                      :  8.9803560970E-02 (Ha/Bohr)
Time for force calculation         :  0.219 (sec)
MD step time                       :  13.028 (sec)
===================================================================
                    Self Consistent Field (SCF#13)                     
===================================================================
Iteration     Free Energy (Ha/atom)   SCF Error        Timing (sec)
1            -2.3167067082E+00        2.959E-03        4.473
2            -2.3167079220E+00        4.485E-04        4.264
3            -2.3167079561E+00        1.699E-04        4.210
Total number of SCF: 3     
====================================================================
                    Energy and force calculation                    
====================================================================
Free energy per atom               : -2.3167079561E+00 (Ha/atom)
Total free energy                  : -3.1785233158E+03 (Ha)
Band structure energy              :  9.6309041443E+01 (Ha)
Exchange correlation energy        : -1.5018521772E+03 (Ha)
Self and correction energy         : -4.2868655263E+03 (Ha)
-Entropy*kb*T                      : -6.6281171620E-01 (Ha)
Fermi level                        :  1.8616715265E-01 (Ha)
RMS force                          :  2.8498429229E-02 (Ha/Bohr)
Maximum force                      :  8.5403912346E-02 (Ha/Bohr)
Time for force calculation         :  0.218 (sec)
MD step time                       :  13.251 (sec)
===================================================================
                    Self Consistent Field (SCF#14)                     
===================================================================
Iteration     Free Energy (Ha/atom)   SCF Error        Timing (sec)
1            -2.3169276287E+00        2.810E-03        4.227
2            -2.3169292402E+00        3.785E-04        4.347
3            -2.3169292982E+00        1.741E-04        4.309
Total number of SCF: 3     
====================================================================
                    Energy and force calculation                    
====================================================================
Free energy per atom               : -2.3169292982E+00 (Ha/atom)
Total free energy                  : -3.1788269971E+03 (Ha)
Band structure energy              :  9.6780691634E+01 (Ha)
Exchange correlation energy        : -1.5015802295E+03 (Ha)
Self and correction energy         : -4.2868663453E+03 (Ha)
-Entropy*kb*T                      : -6.6338760565E-01 (Ha)
Fermi level                        :  1.8622025624E-01 (Ha)
RMS force                          :  2.7477635388E-02 (Ha/Bohr)
Maximum force                      :  8.0665513398E-02 (Ha/Bohr)
Time for force calculation         :  0.216 (sec)
MD step time                       :  13.184 (sec)
===================================================================
                    Self Consistent Field (SCF#15)                     
===================================================================
Iteration     Free Energy (Ha/atom)   SCF Error        Timing (sec)
1            -2.3171419823E+00        3.074E-03        4.148
2            -2.3171430294E+00        6.120E-04        4.088
3            -2.3171430209E+00        2.064E-04        4.214
4            -2.3171430241E+00        8.054E-05        4.122
Total number of SCF: 4     
====================================================================
                    Energy and force calculation                    
====================================================================
Free energy per atom               : -2.3171430241E+00 (Ha/atom)
Total free energy                  : -3.1791202291E+03 (Ha)
Band structure energy              :  9.7251192738E+01 (Ha)
Exchange correlation energy        : -1.5013084696E+03 (Ha)
Self and correction energy         : -4.2868672069E+03 (Ha)
-Entropy*kb*T                      : -6.6396652136E-01 (Ha)
Fermi level                        :  1.8627225876E-01 (Ha)
RMS force                          :  2.6486909712E-02 (Ha/Bohr)
Maximum force                      :  7.5812998075E-02 (Ha/Bohr)
Time for force calculation         :  0.219 (sec)
MD step time                       :  16.879 (sec)
===================================================================
                    Self Consistent Field (SCF#16)                     
===================================================================
Iteration     Free Energy (Ha/atom)   SCF Error        Timing (sec)
1            -2.3173494791E+00        2.945E-03        7.250
2            -2.3173508086E+00        4.096E-04        4.233
3            -2.3173508636E+00        1.730E-04        4.086
Total number of SCF: 3     
====================================================================
                    Energy and force calculation                    
====================================================================
Free energy per atom               : -2.3173508636E+00 (Ha/atom)
Total free energy                  : -3.1794053849E+03 (Ha)
Band structure energy              :  9.7721316201E+01 (Ha)
Exchange correlation energy        : -1.5010436412E+03 (Ha)
Self and correction energy         : -4.2868680675E+03 (Ha)
-Entropy*kb*T                      : -6.6455094274E-01 (Ha)
Fermi level                        :  1.8632329595E-01 (Ha)
RMS force                          :  2.5501467708E-02 (Ha/Bohr)
Maximum force                      :  7.2448391681E-02 (Ha/Bohr)
Time for force calculation         :  0.217 (sec)
MD step time                       :  15.871 (sec)
===================================================================
                    Self Consistent Field (SCF#17)                     
===================================================================
Iteration     Free Energy (Ha/atom)   SCF Error        Timing (sec)
1            -2.3175535920E+00        2.981E-03        4.242
2            -2.3175547520E+00        4.379E-04        4.172
3            -2.3175547984E+00        1.694E-04        4.139
Total number of SCF: 3     
====================================================================
                    Energy and force calculation                    
====================================================================
Free energy per atom               : -2.3175547984E+00 (Ha/atom)
Total free energy                  : -3.1796851834E+03 (Ha)
Band structure energy              :  9.8170730826E+01 (Ha)
Exchange correlation energy        : -1.5007846917E+03 (Ha)
Self and correction energy         : -4.2868688925E+03 (Ha)
-Entropy*kb*T                      : -6.6512472309E-01 (Ha)
Fermi level                        :  1.8637070359E-01 (Ha)
RMS force                          :  2.4564266181E-02 (Ha/Bohr)
Maximum force                      :  7.0621150244E-02 (Ha/Bohr)
Time for force calculation         :  0.217 (sec)
MD step time                       :  12.875 (sec)
===================================================================
                    Self Consistent Field (SCF#18)                     
===================================================================
Iteration     Free Energy (Ha/atom)   SCF Error        Timing (sec)
1            -2.3177545717E+00        2.932E-03        4.172
2            -2.3177559626E+00        4.005E-04        4.148
3            -2.3177560208E+00        1.520E-04        4.395
Total number of SCF: 3     
====================================================================
                    Energy and force calculation                    
====================================================================
Free energy per atom               : -2.3177560208E+00 (Ha/atom)
Total free energy                  : -3.1799612605E+03 (Ha)
Band structure energy              :  9.8595909453E+01 (Ha)
Exchange correlation energy        : -1.5005346062E+03 (Ha)
Self and correction energy         : -4.2868696743E+03 (Ha)
-Entropy*kb*T                      : -6.6570264522E-01 (Ha)
Fermi level                        :  1.8641449797E-01 (Ha)
RMS force                          :  2.3666248079E-02 (Ha/Bohr)
Maximum force                      :  6.8486887592E-02 (Ha/Bohr)
Time for force calculation         :  0.218 (sec)
MD step time                       :  13.020 (sec)
===================================================================
                    Self Consistent Field (SCF#19)                     
===================================================================
Iteration     Free Energy (Ha/atom)   SCF Error        Timing (sec)
1            -2.3179520684E+00        3.123E-03        4.253
2            -2.3179530714E+00        6.777E-04        4.159
3            -2.3179530243E+00        2.225E-04        4.153
4            -2.3179530289E+00        1.220E-04        4.116
Total number of SCF: 4     
====================================================================
                    Energy and force calculation                    
====================================================================
Free energy per atom               : -2.3179530289E+00 (Ha/atom)
Total free energy                  : -3.1802315557E+03 (Ha)
Band structure energy              :  9.8990826400E+01 (Ha)
Exchange correlation energy        : -1.5002945286E+03 (Ha)
Self and correction energy         : -4.2868703815E+03 (Ha)
-Entropy*kb*T                      : -6.6625861152E-01 (Ha)
Fermi level                        :  1.8645374915E-01 (Ha)
RMS force                          :  2.2827721917E-02 (Ha/Bohr)
Maximum force                      :  6.6039323445E-02 (Ha/Bohr)
Time for force calculation         :  0.216 (sec)
MD step time                       :  16.990 (sec)
===================================================================
                    Self Consistent Field (SCF#20)                     
===================================================================
Iteration     Free Energy (Ha/atom)   SCF Error        Timing (sec)
1            -2.3181414141E+00        2.919E-03        4.426
2            -2.3181427791E+00        3.883E-04        4.130
3            -2.3181428395E+00        1.484E-04        4.198
Total number of SCF: 3     
====================================================================
                    Energy and force calculation                    
====================================================================
Free energy per atom               : -2.3181428395E+00 (Ha/atom)
Total free energy                  : -3.1804919757E+03 (Ha)
Band structure energy              :  9.9367538071E+01 (Ha)
Exchange correlation energy        : -1.5000692165E+03 (Ha)
Self and correction energy         : -4.2868710175E+03 (Ha)
-Entropy*kb*T                      : -6.6680149834E-01 (Ha)
Fermi level                        :  1.8649033205E-01 (Ha)
RMS force                          :  2.2027416156E-02 (Ha/Bohr)
Maximum force                      :  6.4857086939E-02 (Ha/Bohr)
Time for force calculation         :  0.218 (sec)
MD step time                       :  13.062 (sec)
***************************************************************************
                               Timing info                                 
***************************************************************************
Total walltime                     :  377.703 sec
___________________________________________________________________________

***************************************************************************
*             Material Physics & Mechanics Group, Georgia Tech            *
*                       PI: Phanish Suryanarayana                         *
*               List of contributors: See the documentation               *
*         Citation: See README.md or the documentation for details        *
*  Acknowledgements: U.S. DOE SC (DE-SC0019410), U.S. DOE NNSA (ASC)      *
*      {Preliminary developments: U.S. NSF (1333500,1663244,1553212)}     *
***************************************************************************
                                                                           
