***************************************************************************
*                       SPARC (version Apr 23, 2021)                      *
*   Copyright (c) 2020 Material Physics & Mechanics Group, Georgia Tech   *
*           Distributed under GNU General Public License 3 (GPL)          *
*                   Start time: Mon Jan 16 16:44:22 2023                  *
***************************************************************************
                           Input parameters                                
***************************************************************************
CELL: 25.144879151142 30.5910856870902 31.8217984677594 
LATVEC:
1 0 0 
0.427397267517084 0.904063922363308 0 
0 0 1 
FD_GRID: 74 90 94
FD_ORDER: 12
BC: P P P
KPOINT_GRID: 4 4 1
KPOINT_SHIFT: 0.5 0.5 0
SPIN_TYP: 0
ELEC_TEMP_TYPE: Gaussian
SMEARING: 0.003674926479
CHEB_DEGREE: 25
NSTATES: 293
EXCHANGE_CORRELATION: GGA_PBE
CALC_STRESS: 0
CALC_PRES: 0
CHEFSI_BOUND_FLAG: 0
MAXIT_SCF: 1000
MINIT_SCF: 3
MAXIT_POISSON: 3000
TOL_SCF: 1.00E-05
POISSON_SOLVER: AAR
TOL_POISSON: 1.00E-07
TOL_LANCZOS: 1.00E-02
TOL_PSEUDOCHARGE: 1.00E-07
MIXING_VARIABLE: density
MIXING_PRECOND: kerker
TOL_PRECOND: 1.15E-04
PRECOND_KERKER_KTF: 1
PRECOND_KERKER_THRESH: 0.1
MIXING_PARAMETER: 0.5
MIXING_HISTORY: 7
PULAY_FREQUENCY: 1
PULAY_RESTART: 0
REFERENCE_CUTOFF: 0.5
RHO_TRIGGER: 4
FIX_RAND: 0
VERBOSITY: 1
PRINT_FORCES: 1
PRINT_ATOMS: 1
PRINT_EIGEN: 0
PRINT_DENSITY: 0
OUTPUT_FILE: Bi_111
***************************************************************************
                           Parallelization                                 
***************************************************************************
NP_SPIN_PARAL: 1
NP_KPOINT_PARAL: 8
NP_BAND_PARAL: 16
NP_DOMAIN_PARAL: 1 1 3
NP_DOMAIN_PHI_PARAL: 6 8 8
EIG_SERIAL_MAXNS: 2000
***************************************************************************
                             Initialization                                
***************************************************************************
Number of processors               :  384
Mesh spacing in x-direction        :  0.339796 (Bohr)
Mesh spacing in y-direction        :  0.339901 (Bohr)
Mesh spacing in z direction        :  0.33853 (Bohr)
Number of symmetry adapted k-points:  8
Output printed to                  :  Bi_111.out
Total number of atom types         :  1
Total number of atoms              :  32
Total number of electrons          :  480
Atom type 1  (valence electrons)   :  Bi 15
Pseudopotential                    :  ../83_Bi_15_2.4_2.8_pbe_n_v1.0.psp8
Pseudocharge radii of atom type 1  :  7.48 7.48 7.45 (x, y, z dir)
Number of atoms of type 1          :  32
Estimated total memory usage       :  131.33 GB
Estimated memory per processor     :  350.21 MB
===================================================================
                    Self Consistent Field (SCF#1)                     
===================================================================
Iteration     Free Energy (Ha/atom)   SCF Error        Timing (sec)
1            -7.6722911711E+01        1.711E-02        72.655
2            -7.6735017504E+01        9.300E-03        18.160
3            -7.6736576985E+01        2.867E-03        18.153
4            -7.6736811557E+01        1.048E-03        18.166
5            -7.6736842287E+01        4.379E-04        18.098
6            -7.6736845794E+01        2.583E-04        18.122
7            -7.6736845689E+01        1.565E-04        18.120
8            -7.6736845162E+01        8.825E-05        18.124
9            -7.6736844951E+01        6.100E-05        18.111
10           -7.6736845037E+01        3.428E-05        18.104
11           -7.6736845242E+01        2.641E-05        18.141
12           -7.6736845419E+01        1.778E-05        18.121
13           -7.6736845576E+01        1.134E-05        18.119
14           -7.6736845831E+01        7.643E-06        18.070
Total number of SCF: 14    

k = [-0.125, -0.125, 0.000]
Occupation of state 264 = 0.000000000000000.
Occupation of state 293 = 0.000000000000000.
====================================================================
                    Energy and force calculation                    
====================================================================
Free energy per atom               : -7.6736846180E+01 (Ha/atom)
Total free energy                  : -2.4555790777E+03 (Ha)
Band structure energy              : -3.1745837111E+02 (Ha)
Exchange correlation energy        : -5.9976101214E+02 (Ha)
Self and correction energy         : -2.5431511430E+03 (Ha)
Entropy*kb*T                       : -4.1351741814E-03 (Ha)
Fermi level                        : -4.5184740311E-02 (Ha)
RMS force                          :  1.6349479410E-02 (Ha/Bohr)
Maximum force                      :  2.3144327782E-02 (Ha/Bohr)
Time for force calculation         :  0.482 (sec)
***************************************************************************
                               Timing info                                 
***************************************************************************
Total walltime                     :  309.424 sec
___________________________________________________________________________

***************************************************************************
*             Material Physics & Mechanics Group, Georgia Tech            *
*                       PI: Phanish Suryanarayana                         *
*                Main Developers: Qimen Xu, Abhiraj Sharma                *
*     Collaborators: J.E. Pask (LLNL), A.J. Medford (GT), E. Chow (GT)    *
*  Acknowledgements: U.S. DOE (DE-SC0019410); U.S. NSF (1333500,1553212)  *
***************************************************************************
                                                                           
