***************************************************************************
*                       SPARC (version Apr 23, 2021)                      *
*   Copyright (c) 2020 Material Physics & Mechanics Group, Georgia Tech   *
*           Distributed under GNU General Public License 3 (GPL)          *
*                   Start time: Mon Feb  6 15:36:51 2023                  *
***************************************************************************
                           Input parameters                                
***************************************************************************
CELL: 39.1486737772564 39.1486737772564 39.1486737772564 
LATVEC:
1 0 0 
0 1 0 
0 0 1 
FD_GRID: 130 130 130
FD_ORDER: 12
BC: P P P
KPOINT_GRID: 1 1 1
KPOINT_SHIFT: 0 0 0
SPIN_TYP: 0
ELEC_TEMP_TYPE: Fermi-Dirac
ELEC_TEMP: 2400
CHEB_DEGREE: 25
NSTATES: 2200
#WARNING: Number of bands may be insufficient for efficient SCF convergence.
EXCHANGE_CORRELATION: GGA_PBE
CALC_STRESS: 0
CALC_PRES: 0
TWTIME: 1E+09
MD_FLAG: 1
MD_METHOD: NVT_NH
MD_TIMESTEP: 0.2
MD_NSTEP: 10
ION_VEL_DSTR: 2
ION_VEL_DSTR_RAND: 0
ION_TEMP: 2400
ION_TEMP_END: 2400
QMASS: 1653.65493345972
CHEFSI_BOUND_FLAG: 0
MAXIT_SCF: 20
MINIT_SCF: 3
MAXIT_POISSON: 3000
TOL_SCF: 3.00E-03
POISSON_SOLVER: AAR
TOL_POISSON: 3.00E-05
TOL_LANCZOS: 1.00E-02
TOL_PSEUDOCHARGE: 3.00E-05
MIXING_VARIABLE: potential
MIXING_PRECOND: none
#WARNING: the preconditioner for SCF has been turned off, this 
#might lead to slow SCF convergence. To specify SCF preconditioner, 
#use 'MIXING_PRECOND' in the .inpt file
MIXING_PARAMETER: 0.8
MIXING_HISTORY: 7
PULAY_FREQUENCY: 1
PULAY_RESTART: 0
REFERENCE_CUTOFF: 0.5
RHO_TRIGGER: 4
FIX_RAND: 0
VERBOSITY: 1
PRINT_FORCES: 1
PRINT_ATOMS: 0
PRINT_EIGEN: 0
PRINT_DENSITY: 0
PRINT_MDOUT: 0
PRINT_VELS: 1
PRINT_RESTART: 0
OUTPUT_FILE: He2000
***************************************************************************
                           Parallelization                                 
***************************************************************************
NP_SPIN_PARAL: 1
NP_KPOINT_PARAL: 1
NP_BAND_PARAL: 2200
NP_DOMAIN_PARAL: 1 1 1
NP_DOMAIN_PHI_PARAL: 11 10 20
EIG_SERIAL_MAXNS: 3000
***************************************************************************
                             Initialization                                
***************************************************************************
Number of processors               :  2200
Mesh spacing                       :  0.301144 (Bohr)
Number of symmetry adapted k-points:  1
Output printed to                  :  He2000.out
Total number of atom types         :  1
Total number of atoms              :  2000
Total number of electrons          :  4000
Atom type 1  (valence electrons)   :  He 2
Pseudopotential                    :  ../02_He_2_1.1_1.2_pbe_v1.0.psp8
Atomic mass                        :  4.002602
Pseudocharge radii of atom type 1  :  2.71 2.71 2.71 (x, y, z dir)
Number of atoms of type 1          :  2000
Estimated total memory usage       :  216.53 GB
Estimated memory per processor     :  100.78 MB
===================================================================
                    Self Consistent Field (SCF#1)                     
===================================================================
Iteration     Free Energy (Ha/atom)   SCF Error        Timing (sec)
1            -2.8210834774E+00        3.520E-02        32.941
2            -2.8211973624E+00        7.104E-03        9.050
3            -2.8211982504E+00        1.318E-03        6.887
Total number of SCF: 3     

k = [0.000, 0.000, 0.000]
Occupation of state 1980 = 2.000000000000000.
Occupation of state 2200 = 0.000000000865009.
====================================================================
                    Energy and force calculation                    
====================================================================
Free energy per atom               : -2.8211982504E+00 (Ha/atom)
Total free energy                  : -5.6423965007E+03 (Ha)
Band structure energy              : -1.7919490189E+03 (Ha)
Exchange correlation energy        : -2.1238523583E+03 (Ha)
Self and correction energy         : -5.7261391361E+03 (Ha)
Entropy*kb*T                       : -5.9927432057E-04 (Ha)
Fermi level                        :  2.2726737878E-01 (Ha)
RMS force                          :  3.9949952762E-02 (Ha/Bohr)
Maximum force                      :  1.2195066850E-01 (Ha/Bohr)
Time for force calculation         :  0.085 (sec)
MD step time                       :  51.770 (sec)
===================================================================
                    Self Consistent Field (SCF#2)                     
===================================================================
Iteration     Free Energy (Ha/atom)   SCF Error        Timing (sec)
1            -2.8211674958E+00        3.738E-02        8.133
2            -2.8212123381E+00        9.015E-03        7.997
3            -2.8212133523E+00        1.203E-03        6.870
Total number of SCF: 3     

k = [0.000, 0.000, 0.000]
Occupation of state 1980 = 2.000000000000000.
Occupation of state 2200 = 0.000000003561975.
====================================================================
                    Energy and force calculation                    
====================================================================
Free energy per atom               : -2.8212133523E+00 (Ha/atom)
Total free energy                  : -5.6424267046E+03 (Ha)
Band structure energy              : -1.7921794752E+03 (Ha)
Exchange correlation energy        : -2.1238714154E+03 (Ha)
Self and correction energy         : -5.7261417448E+03 (Ha)
Entropy*kb*T                       : -6.0539599884E-04 (Ha)
Fermi level                        :  2.2311098289E-01 (Ha)
RMS force                          :  3.9848119464E-02 (Ha/Bohr)
Maximum force                      :  1.2064695264E-01 (Ha/Bohr)
Time for force calculation         :  0.085 (sec)
MD step time                       :  25.412 (sec)
===================================================================
                    Self Consistent Field (SCF#3)                     
===================================================================
Iteration     Free Energy (Ha/atom)   SCF Error        Timing (sec)
1            -2.8211839965E+00        3.754E-02        8.121
2            -2.8212290860E+00        9.115E-03        9.016
3            -2.8212301115E+00        1.236E-03        6.962
Total number of SCF: 3     

k = [0.000, 0.000, 0.000]
Occupation of state 1980 = 2.000000000000000.
Occupation of state 2200 = 0.000000007674673.
====================================================================
                    Energy and force calculation                    
====================================================================
Free energy per atom               : -2.8212301115E+00 (Ha/atom)
Total free energy                  : -5.6424602229E+03 (Ha)
Band structure energy              : -1.7921785475E+03 (Ha)
Exchange correlation energy        : -2.1238618746E+03 (Ha)
Self and correction energy         : -5.7261447962E+03 (Ha)
Entropy*kb*T                       : -6.0708750466E-04 (Ha)
Fermi level                        :  2.2251503044E-01 (Ha)
RMS force                          :  3.9792190234E-02 (Ha/Bohr)
Maximum force                      :  1.2482637857E-01 (Ha/Bohr)
Time for force calculation         :  0.085 (sec)
MD step time                       :  26.501 (sec)
===================================================================
                    Self Consistent Field (SCF#4)                     
===================================================================
Iteration     Free Energy (Ha/atom)   SCF Error        Timing (sec)
1            -2.8212480617E+00        9.529E-03        8.036
2            -2.8212487412E+00        2.251E-03        7.927
3            -2.8212487875E+00        1.752E-04        6.889
Total number of SCF: 3     

k = [0.000, 0.000, 0.000]
Occupation of state 1980 = 2.000000000000000.
Occupation of state 2200 = 0.000000010965650.
====================================================================
                    Energy and force calculation                    
====================================================================
Free energy per atom               : -2.8212487875E+00 (Ha/atom)
Total free energy                  : -5.6424975749E+03 (Ha)
Band structure energy              : -1.7921823294E+03 (Ha)
Exchange correlation energy        : -2.1238502082E+03 (Ha)
Self and correction energy         : -5.7261481455E+03 (Ha)
Entropy*kb*T                       : -6.0696938141E-04 (Ha)
Fermi level                        :  2.2232731033E-01 (Ha)
RMS force                          :  3.9727381505E-02 (Ha/Bohr)
Maximum force                      :  1.2799187197E-01 (Ha/Bohr)
Time for force calculation         :  0.086 (sec)
MD step time                       :  24.144 (sec)
===================================================================
                    Self Consistent Field (SCF#5)                     
===================================================================
Iteration     Free Energy (Ha/atom)   SCF Error        Timing (sec)
1            -2.8212681586E+00        1.006E-02        8.134
2            -2.8212688563E+00        2.364E-03        9.287
3            -2.8212688331E+00        1.942E-04        6.859
Total number of SCF: 3     

k = [0.000, 0.000, 0.000]
Occupation of state 1980 = 2.000000000000000.
Occupation of state 2200 = 0.000000013902774.
====================================================================
                    Energy and force calculation                    
====================================================================
Free energy per atom               : -2.8212688331E+00 (Ha/atom)
Total free energy                  : -5.6425376662E+03 (Ha)
Band structure energy              : -1.7921802063E+03 (Ha)
Exchange correlation energy        : -2.1238373879E+03 (Ha)
Self and correction energy         : -5.7261517567E+03 (Ha)
Entropy*kb*T                       : -6.0599971697E-04 (Ha)
Fermi level                        :  2.2215131017E-01 (Ha)
RMS force                          :  3.9672234337E-02 (Ha/Bohr)
Maximum force                      :  1.3093554554E-01 (Ha/Bohr)
Time for force calculation         :  0.092 (sec)
MD step time                       :  26.714 (sec)
===================================================================
                    Self Consistent Field (SCF#6)                     
===================================================================
Iteration     Free Energy (Ha/atom)   SCF Error        Timing (sec)
1            -2.8212887975E+00        1.014E-02        8.037
2            -2.8212895598E+00        2.380E-03        9.012
3            -2.8212895844E+00        2.062E-04        6.816
Total number of SCF: 3     

k = [0.000, 0.000, 0.000]
Occupation of state 1980 = 2.000000000000000.
Occupation of state 2200 = 0.000000016548033.
====================================================================
                    Energy and force calculation                    
====================================================================
Free energy per atom               : -2.8212895844E+00 (Ha/atom)
Total free energy                  : -5.6425791688E+03 (Ha)
Band structure energy              : -1.7921768128E+03 (Ha)
Exchange correlation energy        : -2.1238230943E+03 (Ha)
Self and correction energy         : -5.7261555366E+03 (Ha)
Entropy*kb*T                       : -6.0475036161E-04 (Ha)
Fermi level                        :  2.2198027885E-01 (Ha)
RMS force                          :  3.9616850593E-02 (Ha/Bohr)
Maximum force                      :  1.3326796584E-01 (Ha/Bohr)
Time for force calculation         :  0.086 (sec)
MD step time                       :  25.186 (sec)
===================================================================
                    Self Consistent Field (SCF#7)                     
===================================================================
Iteration     Free Energy (Ha/atom)   SCF Error        Timing (sec)
1            -2.8213108732E+00        1.021E-02        9.039
2            -2.8213116083E+00        2.399E-03        7.983
3            -2.8213115875E+00        2.022E-04        6.836
Total number of SCF: 3     

k = [0.000, 0.000, 0.000]
Occupation of state 1980 = 2.000000000000000.
Occupation of state 2200 = 0.000000018710248.
====================================================================
                    Energy and force calculation                    
====================================================================
Free energy per atom               : -2.8213115875E+00 (Ha/atom)
Total free energy                  : -5.6426231750E+03 (Ha)
Band structure energy              : -1.7921772799E+03 (Ha)
Exchange correlation energy        : -2.1238065048E+03 (Ha)
Self and correction energy         : -5.7261594112E+03 (Ha)
Entropy*kb*T                       : -6.0372647045E-04 (Ha)
Fermi level                        :  2.2185681539E-01 (Ha)
RMS force                          :  3.9556879935E-02 (Ha/Bohr)
Maximum force                      :  1.3459533842E-01 (Ha/Bohr)
Time for force calculation         :  0.086 (sec)
MD step time                       :  26.224 (sec)
===================================================================
                    Self Consistent Field (SCF#8)                     
===================================================================
Iteration     Free Energy (Ha/atom)   SCF Error        Timing (sec)
1            -2.8213345118E+00        9.900E-03        7.977
2            -2.8213351874E+00        2.334E-03        9.312
3            -2.8213352368E+00        1.863E-04        6.828
Total number of SCF: 3     

k = [0.000, 0.000, 0.000]
Occupation of state 1980 = 2.000000000000000.
Occupation of state 2200 = 0.000000019720958.
====================================================================
                    Energy and force calculation                    
====================================================================
Free energy per atom               : -2.8213352368E+00 (Ha/atom)
Total free energy                  : -5.6426704737E+03 (Ha)
Band structure energy              : -1.7921797608E+03 (Ha)
Exchange correlation energy        : -2.1237880832E+03 (Ha)
Self and correction energy         : -5.7261632671E+03 (Ha)
Entropy*kb*T                       : -6.0242671377E-04 (Ha)
Fermi level                        :  2.2170009205E-01 (Ha)
RMS force                          :  3.9494375447E-02 (Ha/Bohr)
Maximum force                      :  1.3563669906E-01 (Ha/Bohr)
Time for force calculation         :  0.098 (sec)
MD step time                       :  25.421 (sec)
===================================================================
                    Self Consistent Field (SCF#9)                     
===================================================================
Iteration     Free Energy (Ha/atom)   SCF Error        Timing (sec)
1            -2.8213594144E+00        9.899E-03        9.137
2            -2.8213601925E+00        2.335E-03        8.015
3            -2.8213601796E+00        1.929E-04        6.983
Total number of SCF: 3     

k = [0.000, 0.000, 0.000]
Occupation of state 1980 = 2.000000000000000.
Occupation of state 2200 = 0.000000020105563.
====================================================================
                    Energy and force calculation                    
====================================================================
Free energy per atom               : -2.8213601796E+00 (Ha/atom)
Total free energy                  : -5.6427203592E+03 (Ha)
Band structure energy              : -1.7921816226E+03 (Ha)
Exchange correlation energy        : -2.1237666104E+03 (Ha)
Self and correction energy         : -5.7261668824E+03 (Ha)
Entropy*kb*T                       : -6.0108400762E-04 (Ha)
Fermi level                        :  2.2153756461E-01 (Ha)
RMS force                          :  3.9425308991E-02 (Ha/Bohr)
Maximum force                      :  1.3554125495E-01 (Ha/Bohr)
Time for force calculation         :  0.092 (sec)
MD step time                       :  26.495 (sec)
===================================================================
                    Self Consistent Field (SCF#10)                     
===================================================================
Iteration     Free Energy (Ha/atom)   SCF Error        Timing (sec)
1            -2.8213861620E+00        1.041E-02        10.264
2            -2.8213868742E+00        2.450E-03        7.985
3            -2.8213868997E+00        2.227E-04        6.812
Total number of SCF: 3     

k = [0.000, 0.000, 0.000]
Occupation of state 1980 = 2.000000000000000.
Occupation of state 2200 = 0.000000020316961.
====================================================================
                    Energy and force calculation                    
====================================================================
Free energy per atom               : -2.8213868997E+00 (Ha/atom)
Total free energy                  : -5.6427737994E+03 (Ha)
Band structure energy              : -1.7921899318E+03 (Ha)
Exchange correlation energy        : -2.1237422341E+03 (Ha)
Self and correction energy         : -5.7261699858E+03 (Ha)
Entropy*kb*T                       : -5.9996591636E-04 (Ha)
Fermi level                        :  2.2142061284E-01 (Ha)
RMS force                          :  3.9351026956E-02 (Ha/Bohr)
Maximum force                      :  1.3776136110E-01 (Ha/Bohr)
Time for force calculation         :  0.112 (sec)
MD step time                       :  26.417 (sec)
***************************************************************************
                               Timing info                                 
***************************************************************************
Total walltime                     :  284.414 sec
___________________________________________________________________________

***************************************************************************
*             Material Physics & Mechanics Group, Georgia Tech            *
*                       PI: Phanish Suryanarayana                         *
*                Main Developers: Qimen Xu, Abhiraj Sharma                *
*     Collaborators: J.E. Pask (LLNL), A.J. Medford (GT), E. Chow (GT)    *
*  Acknowledgements: U.S. DOE (DE-SC0019410); U.S. NSF (1333500,1553212)  *
***************************************************************************
                                                                           
