***************************************************************************
*                       SPARC (version Apr 23, 2021)                      *
*   Copyright (c) 2020 Material Physics & Mechanics Group, Georgia Tech   *
*           Distributed under GNU General Public License 3 (GPL)          *
*                   Start time: Sun Jan 29 18:58:37 2023                  *
***************************************************************************
                           Input parameters                                
***************************************************************************
CELL: 26.96 26.96 26.96 
LATVEC:
1 0 0 
0 1 0 
0 0 1 
FD_GRID: 90 90 90
FD_ORDER: 12
BC: P P P
KPOINT_GRID: 1 1 1
KPOINT_SHIFT: 0 0 0
SPIN_TYP: 0
ELEC_TEMP_TYPE: Fermi-Dirac
ELEC_TEMP: 315.775024804068
CHEB_DEGREE: 25
NSTATES: 1200
#WARNING: Number of bands may be insufficient for efficient SCF convergence.
EXCHANGE_CORRELATION: GGA_PBE
CALC_STRESS: 0
CALC_PRES: 0
TWTIME: 1E+09
MD_FLAG: 1
MD_METHOD: NVT_NH
MD_TIMESTEP: 1.5
MD_NSTEP: 20
ION_VEL_DSTR: 2
ION_VEL_DSTR_RAND: 0
ION_TEMP: 315.775024804068
ION_TEMP_END: 315.775024804068
QMASS: 1653.65493345972
CHEFSI_BOUND_FLAG: 0
MAXIT_SCF: 100
MINIT_SCF: 3
MAXIT_POISSON: 3000
TOL_SCF: 2.00E-04
POISSON_SOLVER: AAR
TOL_POISSON: 2.00E-06
TOL_LANCZOS: 1.00E-02
TOL_PSEUDOCHARGE: 2.00E-06
MIXING_VARIABLE: density
MIXING_PRECOND: kerker
TOL_PRECOND: 8.97E-05
PRECOND_KERKER_KTF: 1
PRECOND_KERKER_THRESH: 0.1
MIXING_PARAMETER: 0.8
MIXING_HISTORY: 7
PULAY_FREQUENCY: 1
PULAY_RESTART: 0
REFERENCE_CUTOFF: 0.5
RHO_TRIGGER: 4
FIX_RAND: 0
VERBOSITY: 1
PRINT_FORCES: 1
PRINT_ATOMS: 0
PRINT_EIGEN: 0
PRINT_DENSITY: 0
PRINT_MDOUT: 1
PRINT_VELS: 1
PRINT_RESTART: 0
OUTPUT_FILE: C512
***************************************************************************
                           Parallelization                                 
***************************************************************************
NP_SPIN_PARAL: 1
NP_KPOINT_PARAL: 1
NP_BAND_PARAL: 600
NP_DOMAIN_PARAL: 1 1 1
NP_DOMAIN_PHI_PARAL: 6 10 10
EIG_SERIAL_MAXNS: 2000
***************************************************************************
                             Initialization                                
***************************************************************************
Number of processors               :  600
Mesh spacing                       :  0.299556 (Bohr)
Number of symmetry adapted k-points:  1
Output printed to                  :  C512.out
MD output printed to               :  C512.aimd
Total number of atom types         :  1
Total number of atoms              :  512
Total number of electrons          :  2048
Atom type 1  (valence electrons)   :  C 4
Pseudopotential                    :  ../06_C_4_1.2_1.2_pbe_n_v1.0.psp8
Atomic mass                        :  12.0106
Pseudocharge radii of atom type 1  :  6.59 6.59 6.59 (x, y, z dir)
Number of atoms of type 1          :  512
Estimated total memory usage       :  39.26 GB
Estimated memory per processor     :  67.00 MB
===================================================================
                    Self Consistent Field (SCF#1)                     
===================================================================
Iteration     Free Energy (Ha/atom)   SCF Error        Timing (sec)
1            -6.0240793085E+00        1.597E-01        11.623
2            -6.0145838228E+00        3.820E-02        2.326
3            -6.0143633614E+00        7.380E-03        2.831
4            -6.0143858015E+00        2.680E-03        2.281
5            -6.0143885116E+00        3.328E-04        2.260
6            -6.0143885753E+00        1.007E-04        2.234
Total number of SCF: 6     

k = [0.000, 0.000, 0.000]
Occupation of state 1080 = 0.000000000000000.
Occupation of state 1200 = 0.000000000000000.
====================================================================
                    Energy and force calculation                    
====================================================================
Free energy per atom               : -6.0143886886E+00 (Ha/atom)
Total free energy                  : -3.0793670085E+03 (Ha)
Band structure energy              :  9.6362533815E+01 (Ha)
Exchange correlation energy        : -1.1116658991E+03 (Ha)
Self and correction energy         : -5.2991312654E+03 (Ha)
Entropy*kb*T                       : -9.4353092434E-07 (Ha)
Fermi level                        :  5.0635940365E-01 (Ha)
RMS force                          :  6.9784534567E-02 (Ha/Bohr)
Maximum force                      :  1.5071693311E-01 (Ha/Bohr)
Time for force calculation         :  0.120 (sec)
MD step time                       :  24.761 (sec)
===================================================================
                    Self Consistent Field (SCF#2)                     
===================================================================
Iteration     Free Energy (Ha/atom)   SCF Error        Timing (sec)
1            -6.0157183638E+00        3.017E-02        2.280
2            -6.0147826378E+00        9.510E-03        2.262
3            -6.0147435466E+00        2.936E-03        2.232
4            -6.0147398487E+00        1.295E-03        2.771
5            -6.0147393105E+00        2.739E-04        2.218
6            -6.0147392704E+00        7.785E-05        2.153
Total number of SCF: 6     

k = [0.000, 0.000, 0.000]
Occupation of state 1080 = 0.000000000000000.
Occupation of state 1200 = 0.000000000000000.
====================================================================
                    Energy and force calculation                    
====================================================================
Free energy per atom               : -6.0147392634E+00 (Ha/atom)
Total free energy                  : -3.0795465029E+03 (Ha)
Band structure energy              :  9.6522187608E+01 (Ha)
Exchange correlation energy        : -1.1116170803E+03 (Ha)
Self and correction energy         : -5.2991311102E+03 (Ha)
Entropy*kb*T                       : -9.4458549417E-07 (Ha)
Fermi level                        :  5.0715472258E-01 (Ha)
RMS force                          :  6.6624805148E-02 (Ha/Bohr)
Maximum force                      :  1.5078220612E-01 (Ha/Bohr)
Time for force calculation         :  0.120 (sec)
MD step time                       :  14.232 (sec)
===================================================================
                    Self Consistent Field (SCF#3)                     
===================================================================
Iteration     Free Energy (Ha/atom)   SCF Error        Timing (sec)
1            -6.0165825440E+00        3.157E-02        2.383
2            -6.0156269680E+00        9.776E-03        2.237
3            -6.0155886110E+00        2.883E-03        2.583
4            -6.0155851776E+00        1.191E-03        2.162
5            -6.0155847686E+00        2.489E-04        2.205
6            -6.0155847334E+00        7.060E-05        2.156
Total number of SCF: 6     

k = [0.000, 0.000, 0.000]
Occupation of state 1080 = 0.000000000000000.
Occupation of state 1200 = 0.000000000000000.
====================================================================
                    Energy and force calculation                    
====================================================================
Free energy per atom               : -6.0155847287E+00 (Ha/atom)
Total free energy                  : -3.0799793811E+03 (Ha)
Band structure energy              :  9.6819031146E+01 (Ha)
Exchange correlation energy        : -1.1115129590E+03 (Ha)
Self and correction energy         : -5.2991309572E+03 (Ha)
Entropy*kb*T                       : -9.5341216586E-07 (Ha)
Fermi level                        :  5.0945346531E-01 (Ha)
RMS force                          :  5.8636010655E-02 (Ha/Bohr)
Maximum force                      :  1.2931089327E-01 (Ha/Bohr)
Time for force calculation         :  0.119 (sec)
MD step time                       :  13.948 (sec)
===================================================================
                    Self Consistent Field (SCF#4)                     
===================================================================
Iteration     Free Energy (Ha/atom)   SCF Error        Timing (sec)
1            -6.0164721602E+00        6.208E-04        2.222
2            -6.0164808270E+00        3.040E-04        2.694
3            -6.0164807784E+00        1.332E-04        2.131
Total number of SCF: 3     

k = [0.000, 0.000, 0.000]
Occupation of state 1080 = 0.000000000000000.
Occupation of state 1200 = 0.000000000000000.
====================================================================
                    Energy and force calculation                    
====================================================================
Free energy per atom               : -6.0164807003E+00 (Ha/atom)
Total free energy                  : -3.0804381186E+03 (Ha)
Band structure energy              :  9.7112089373E+01 (Ha)
Exchange correlation energy        : -1.1114091808E+03 (Ha)
Self and correction energy         : -5.2991310113E+03 (Ha)
Entropy*kb*T                       : -9.6977306447E-07 (Ha)
Fermi level                        :  5.1206529935E-01 (Ha)
RMS force                          :  4.9430993882E-02 (Ha/Bohr)
Maximum force                      :  1.0406534039E-01 (Ha/Bohr)
Time for force calculation         :  0.120 (sec)
MD step time                       :  7.271 (sec)
===================================================================
                    Self Consistent Field (SCF#5)                     
===================================================================
Iteration     Free Energy (Ha/atom)   SCF Error        Timing (sec)
1            -6.0172764716E+00        8.347E-04        2.191
2            -6.0172836194E+00        3.405E-04        2.175
3            -6.0172833983E+00        1.866E-04        2.199
Total number of SCF: 3     

k = [0.000, 0.000, 0.000]
Occupation of state 1080 = 0.000000000000000.
Occupation of state 1200 = 0.000000000000000.
====================================================================
                    Energy and force calculation                    
====================================================================
Free energy per atom               : -6.0172831330E+00 (Ha/atom)
Total free energy                  : -3.0808489641E+03 (Ha)
Band structure energy              :  9.7357718389E+01 (Ha)
Exchange correlation energy        : -1.1113229324E+03 (Ha)
Self and correction energy         : -5.2991311221E+03 (Ha)
Entropy*kb*T                       : -9.9351305769E-07 (Ha)
Fermi level                        :  5.1456767448E-01 (Ha)
RMS force                          :  4.0018802462E-02 (Ha/Bohr)
Maximum force                      :  8.2276600505E-02 (Ha/Bohr)
Time for force calculation         :  0.119 (sec)
MD step time                       :  6.785 (sec)
===================================================================
                    Self Consistent Field (SCF#6)                     
===================================================================
Iteration     Free Energy (Ha/atom)   SCF Error        Timing (sec)
1            -6.0179723525E+00        2.127E-03        2.242
2            -6.0179701367E+00        6.631E-04        2.234
3            -6.0179684348E+00        5.476E-04        2.751
4            -6.0179679548E+00        2.585E-04        2.239
5            -6.0179678957E+00        5.638E-05        2.191
Total number of SCF: 5     

k = [0.000, 0.000, 0.000]
Occupation of state 1080 = 0.000000000000000.
Occupation of state 1200 = 0.000000000000000.
====================================================================
                    Energy and force calculation                    
====================================================================
Free energy per atom               : -6.0179677765E+00 (Ha/atom)
Total free energy                  : -3.0811995016E+03 (Ha)
Band structure energy              :  9.7548009214E+01 (Ha)
Exchange correlation energy        : -1.1112569403E+03 (Ha)
Self and correction energy         : -5.2991311272E+03 (Ha)
Entropy*kb*T                       : -1.0164915473E-06 (Ha)
Fermi level                        :  5.1670272555E-01 (Ha)
RMS force                          :  3.0293541184E-02 (Ha/Bohr)
Maximum force                      :  6.2174105169E-02 (Ha/Bohr)
Time for force calculation         :  0.119 (sec)
MD step time                       :  11.902 (sec)
===================================================================
                    Self Consistent Field (SCF#7)                     
===================================================================
Iteration     Free Energy (Ha/atom)   SCF Error        Timing (sec)
1            -6.0184210034E+00        2.350E-03        2.254
2            -6.0184152276E+00        7.129E-04        2.220
3            -6.0184130680E+00        6.054E-04        2.726
4            -6.0184124791E+00        2.936E-04        2.754
5            -6.0184124207E+00        5.875E-05        2.176
Total number of SCF: 5     

k = [0.000, 0.000, 0.000]
Occupation of state 1080 = 0.000000000000000.
Occupation of state 1200 = 0.000000000000000.
====================================================================
                    Energy and force calculation                    
====================================================================
Free energy per atom               : -6.0184123725E+00 (Ha/atom)
Total free energy                  : -3.0814271347E+03 (Ha)
Band structure energy              :  9.7648219688E+01 (Ha)
Exchange correlation energy        : -1.1112231433E+03 (Ha)
Self and correction energy         : -5.2991309625E+03 (Ha)
Entropy*kb*T                       : -1.0344739934E-06 (Ha)
Fermi level                        :  5.1805476708E-01 (Ha)
RMS force                          :  2.3304479446E-02 (Ha/Bohr)
Maximum force                      :  5.6410856756E-02 (Ha/Bohr)
Time for force calculation         :  0.120 (sec)
MD step time                       :  12.351 (sec)
===================================================================
                    Self Consistent Field (SCF#8)                     
===================================================================
Iteration     Free Energy (Ha/atom)   SCF Error        Timing (sec)
1            -6.0186389817E+00        1.957E-03        2.213
2            -6.0186369218E+00        5.977E-04        2.182
3            -6.0186353639E+00        5.042E-04        2.188
4            -6.0186350352E+00        2.532E-04        2.689
5            -6.0186349376E+00        5.193E-05        2.142
Total number of SCF: 5     

k = [0.000, 0.000, 0.000]
Occupation of state 1080 = 0.000000000000000.
Occupation of state 1200 = 0.000000000000000.
====================================================================
                    Energy and force calculation                    
====================================================================
Free energy per atom               : -6.0186348581E+00 (Ha/atom)
Total free energy                  : -3.0815410474E+03 (Ha)
Band structure energy              :  9.7664950225E+01 (Ha)
Exchange correlation energy        : -1.1112181245E+03 (Ha)
Self and correction energy         : -5.2991307114E+03 (Ha)
Entropy*kb*T                       : -1.0385733663E-06 (Ha)
Fermi level                        :  5.1860066359E-01 (Ha)
RMS force                          :  2.0002019532E-02 (Ha/Bohr)
Maximum force                      :  5.0958238915E-02 (Ha/Bohr)
Time for force calculation         :  0.118 (sec)
MD step time                       :  11.632 (sec)
===================================================================
                    Self Consistent Field (SCF#9)                     
===================================================================
Iteration     Free Energy (Ha/atom)   SCF Error        Timing (sec)
1            -6.0186837452E+00        1.814E-03        2.196
2            -6.0186845882E+00        5.602E-04        2.162
3            -6.0186833110E+00        4.624E-04        2.162
4            -6.0186829886E+00        2.414E-04        2.175
5            -6.0186828835E+00        5.296E-05        2.134
Total number of SCF: 5     

k = [0.000, 0.000, 0.000]
Occupation of state 1080 = 0.000000000000000.
Occupation of state 1200 = 0.000000000000000.
====================================================================
                    Energy and force calculation                    
====================================================================
Free energy per atom               : -6.0186828691E+00 (Ha/atom)
Total free energy                  : -3.0815656290E+03 (Ha)
Band structure energy              :  9.7608834022E+01 (Ha)
Exchange correlation energy        : -1.1112375698E+03 (Ha)
Self and correction energy         : -5.2991304733E+03 (Ha)
Entropy*kb*T                       : -1.0334396871E-06 (Ha)
Fermi level                        :  5.1849813546E-01 (Ha)
RMS force                          :  2.0856110878E-02 (Ha/Bohr)
Maximum force                      :  5.0325035940E-02 (Ha/Bohr)
Time for force calculation         :  0.144 (sec)
MD step time                       :  11.066 (sec)
===================================================================
                    Self Consistent Field (SCF#10)                     
===================================================================
Iteration     Free Energy (Ha/atom)   SCF Error        Timing (sec)
1            -6.0185533276E+00        1.813E-03        2.705
2            -6.0185551890E+00        5.723E-04        2.702
3            -6.0185539722E+00        4.630E-04        2.210
4            -6.0185536660E+00        2.466E-04        2.205
5            -6.0185535395E+00        5.638E-05        2.177
Total number of SCF: 5     

k = [0.000, 0.000, 0.000]
Occupation of state 1080 = 0.000000000000000.
Occupation of state 1200 = 0.000000000000000.
====================================================================
                    Energy and force calculation                    
====================================================================
Free energy per atom               : -6.0185535238E+00 (Ha/atom)
Total free energy                  : -3.0814994042E+03 (Ha)
Band structure energy              :  9.7485854565E+01 (Ha)
Exchange correlation energy        : -1.1112791908E+03 (Ha)
Self and correction energy         : -5.2991303801E+03 (Ha)
Entropy*kb*T                       : -1.0231157837E-06 (Ha)
Fermi level                        :  5.1780522968E-01 (Ha)
RMS force                          :  2.5591244815E-02 (Ha/Bohr)
Maximum force                      :  5.7255319330E-02 (Ha/Bohr)
Time for force calculation         :  0.120 (sec)
MD step time                       :  12.225 (sec)
===================================================================
                    Self Consistent Field (SCF#11)                     
===================================================================
Iteration     Free Energy (Ha/atom)   SCF Error        Timing (sec)
1            -6.0183216617E+00        1.790E-03        2.254
2            -6.0183224714E+00        5.524E-04        2.748
3            -6.0183212563E+00        4.517E-04        2.748
4            -6.0183209766E+00        2.385E-04        2.748
5            -6.0183208233E+00        5.406E-05        2.173
Total number of SCF: 5     

k = [0.000, 0.000, 0.000]
Occupation of state 1080 = 0.000000000000000.
Occupation of state 1200 = 0.000000000000000.
====================================================================
                    Energy and force calculation                    
====================================================================
Free energy per atom               : -6.0183208196E+00 (Ha/atom)
Total free energy                  : -3.0813802597E+03 (Ha)
Band structure energy              :  9.7338492833E+01 (Ha)
Exchange correlation energy        : -1.1113285592E+03 (Ha)
Self and correction energy         : -5.2991304742E+03 (Ha)
Entropy*kb*T                       : -1.0103514409E-06 (Ha)
Fermi level                        :  5.1685712674E-01 (Ha)
RMS force                          :  3.0919136693E-02 (Ha/Bohr)
Maximum force                      :  6.5905861665E-02 (Ha/Bohr)
Time for force calculation         :  0.120 (sec)
MD step time                       :  12.891 (sec)
===================================================================
                    Self Consistent Field (SCF#12)                     
===================================================================
Iteration     Free Energy (Ha/atom)   SCF Error        Timing (sec)
1            -6.0180483961E+00        1.808E-03        2.273
2            -6.0180493566E+00        5.678E-04        2.222
3            -6.0180481511E+00        4.575E-04        2.176
4            -6.0180479083E+00        2.480E-04        2.691
5            -6.0180477019E+00        5.471E-05        2.154
Total number of SCF: 5     

k = [0.000, 0.000, 0.000]
Occupation of state 1080 = 0.000000000000000.
Occupation of state 1200 = 0.000000000000000.
====================================================================
                    Energy and force calculation                    
====================================================================
Free energy per atom               : -6.0180477037E+00 (Ha/atom)
Total free energy                  : -3.0812404243E+03 (Ha)
Band structure energy              :  9.7201456702E+01 (Ha)
Exchange correlation energy        : -1.1113749405E+03 (Ha)
Self and correction energy         : -5.2991306604E+03 (Ha)
Entropy*kb*T                       : -9.9952054102E-07 (Ha)
Fermi level                        :  5.1595197095E-01 (Ha)
RMS force                          :  3.5444974740E-02 (Ha/Bohr)
Maximum force                      :  7.5534317440E-02 (Ha/Bohr)
Time for force calculation         :  0.121 (sec)
MD step time                       :  11.741 (sec)
===================================================================
                    Self Consistent Field (SCF#13)                     
===================================================================
Iteration     Free Energy (Ha/atom)   SCF Error        Timing (sec)
1            -6.0177676736E+00        1.732E-03        2.206
2            -6.0177709573E+00        5.557E-04        2.165
3            -6.0177699291E+00        4.303E-04        2.176
4            -6.0177696816E+00        2.551E-04        2.187
5            -6.0177695184E+00        5.904E-05        2.147
Total number of SCF: 5     

k = [0.000, 0.000, 0.000]
Occupation of state 1080 = 0.000000000000000.
Occupation of state 1200 = 0.000000000000000.
====================================================================
                    Energy and force calculation                    
====================================================================
Free energy per atom               : -6.0177694856E+00 (Ha/atom)
Total free energy                  : -3.0810979766E+03 (Ha)
Band structure energy              :  9.7117275218E+01 (Ha)
Exchange correlation energy        : -1.1114049646E+03 (Ha)
Self and correction energy         : -5.2991307127E+03 (Ha)
Entropy*kb*T                       : -9.9554661941E-07 (Ha)
Fermi level                        :  5.1529993550E-01 (Ha)
RMS force                          :  3.8502796202E-02 (Ha/Bohr)
Maximum force                      :  9.1402986640E-02 (Ha/Bohr)
Time for force calculation         :  0.120 (sec)
MD step time                       :  11.102 (sec)
===================================================================
                    Self Consistent Field (SCF#14)                     
===================================================================
Iteration     Free Energy (Ha/atom)   SCF Error        Timing (sec)
1            -6.0175717940E+00        1.610E-03        2.204
2            -6.0175751079E+00        5.154E-04        2.183
3            -6.0175741434E+00        4.012E-04        2.179
4            -6.0175740017E+00        2.264E-04        2.189
5            -6.0175738345E+00        5.441E-05        2.191
Total number of SCF: 5     

k = [0.000, 0.000, 0.000]
Occupation of state 1080 = 0.000000000000000.
Occupation of state 1200 = 0.000000000000000.
====================================================================
                    Energy and force calculation                    
====================================================================
Free energy per atom               : -6.0175738282E+00 (Ha/atom)
Total free energy                  : -3.0809978000E+03 (Ha)
Band structure energy              :  9.7137115138E+01 (Ha)
Exchange correlation energy        : -1.1114019805E+03 (Ha)
Self and correction energy         : -5.2991304380E+03 (Ha)
Entropy*kb*T                       : -9.9663743882E-07 (Ha)
Fermi level                        :  5.1517651496E-01 (Ha)
RMS force                          :  3.9288231531E-02 (Ha/Bohr)
Maximum force                      :  9.6534090507E-02 (Ha/Bohr)
Time for force calculation         :  0.120 (sec)
MD step time                       :  11.164 (sec)
===================================================================
                    Self Consistent Field (SCF#15)                     
===================================================================
Iteration     Free Energy (Ha/atom)   SCF Error        Timing (sec)
1            -6.0174907346E+00        1.543E-03        2.239
2            -6.0174939768E+00        4.968E-04        2.243
3            -6.0174931391E+00        3.828E-04        2.227
4            -6.0174929099E+00        2.263E-04        2.240
5            -6.0174927952E+00        5.762E-05        2.182
Total number of SCF: 5     

k = [0.000, 0.000, 0.000]
Occupation of state 1080 = 0.000000000000000.
Occupation of state 1200 = 0.000000000000000.
====================================================================
                    Energy and force calculation                    
====================================================================
Free energy per atom               : -6.0174927861E+00 (Ha/atom)
Total free energy                  : -3.0809563065E+03 (Ha)
Band structure energy              :  9.7257377927E+01 (Ha)
Exchange correlation energy        : -1.1113654316E+03 (Ha)
Self and correction energy         : -5.2991299328E+03 (Ha)
Entropy*kb*T                       : -1.0044219428E-06 (Ha)
Fermi level                        :  5.1555069194E-01 (Ha)
RMS force                          :  3.7996999707E-02 (Ha/Bohr)
Maximum force                      :  9.7252451918E-02 (Ha/Bohr)
Time for force calculation         :  0.120 (sec)
MD step time                       :  11.379 (sec)
===================================================================
                    Self Consistent Field (SCF#16)                     
===================================================================
Iteration     Free Energy (Ha/atom)   SCF Error        Timing (sec)
1            -6.0174828252E+00        1.514E-03        2.877
2            -6.0174879053E+00        5.021E-04        2.241
3            -6.0174870934E+00        3.755E-04        2.224
4            -6.0174869231E+00        2.169E-04        2.261
5            -6.0174867899E+00        6.045E-05        2.190
Total number of SCF: 5     

k = [0.000, 0.000, 0.000]
Occupation of state 1080 = 0.000000000000000.
Occupation of state 1200 = 0.000000000000000.
====================================================================
                    Energy and force calculation                    
====================================================================
Free energy per atom               : -6.0174867586E+00 (Ha/atom)
Total free energy                  : -3.0809532204E+03 (Ha)
Band structure energy              :  9.7445618547E+01 (Ha)
Exchange correlation energy        : -1.1113049515E+03 (Ha)
Self and correction energy         : -5.2991294687E+03 (Ha)
Entropy*kb*T                       : -1.0176278707E-06 (Ha)
Fermi level                        :  5.1619612219E-01 (Ha)
RMS force                          :  3.5788535241E-02 (Ha/Bohr)
Maximum force                      :  8.8574972624E-02 (Ha/Bohr)
Time for force calculation         :  0.121 (sec)
MD step time                       :  12.011 (sec)
===================================================================
                    Self Consistent Field (SCF#17)                     
===================================================================
Iteration     Free Energy (Ha/atom)   SCF Error        Timing (sec)
1            -6.0174850455E+00        1.382E-03        2.219
2            -6.0174906344E+00        4.684E-04        2.197
3            -6.0174900038E+00        3.440E-04        2.194
4            -6.0174898414E+00        2.031E-04        2.174
5            -6.0174897726E+00        6.652E-05        2.137
Total number of SCF: 5     

k = [0.000, 0.000, 0.000]
Occupation of state 1080 = 0.000000000000000.
Occupation of state 1200 = 0.000000000000000.
====================================================================
                    Energy and force calculation                    
====================================================================
Free energy per atom               : -6.0174897593E+00 (Ha/atom)
Total free energy                  : -3.0809547568E+03 (Ha)
Band structure energy              :  9.7619133976E+01 (Ha)
Exchange correlation energy        : -1.1112464667E+03 (Ha)
Self and correction energy         : -5.2991294188E+03 (Ha)
Entropy*kb*T                       : -1.0314286208E-06 (Ha)
Fermi level                        :  5.1666109303E-01 (Ha)
RMS force                          :  3.4152137530E-02 (Ha/Bohr)
Maximum force                      :  8.7968123371E-02 (Ha/Bohr)
Time for force calculation         :  0.123 (sec)
MD step time                       :  11.163 (sec)
===================================================================
                    Self Consistent Field (SCF#18)                     
===================================================================
Iteration     Free Energy (Ha/atom)   SCF Error        Timing (sec)
1            -6.0174787149E+00        1.298E-03        2.216
2            -6.0174834661E+00        4.424E-04        2.702
3            -6.0174830050E+00        3.251E-04        2.207
4            -6.0174828943E+00        1.862E-04        2.157
Total number of SCF: 4     

k = [0.000, 0.000, 0.000]
Occupation of state 1080 = 0.000000000000000.
Occupation of state 1200 = 0.000000000000000.
====================================================================
                    Energy and force calculation                    
====================================================================
Free energy per atom               : -6.0174825218E+00 (Ha/atom)
Total free energy                  : -3.0809510512E+03 (Ha)
Band structure energy              :  9.7731960679E+01 (Ha)
Exchange correlation energy        : -1.1112065194E+03 (Ha)
Self and correction energy         : -5.2991297967E+03 (Ha)
Entropy*kb*T                       : -1.0311655455E-06 (Ha)
Fermi level                        :  5.1672203306E-01 (Ha)
RMS force                          :  3.3771424386E-02 (Ha/Bohr)
Maximum force                      :  9.1792473751E-02 (Ha/Bohr)
Time for force calculation         :  0.120 (sec)
MD step time                       :  9.505 (sec)
===================================================================
                    Self Consistent Field (SCF#19)                     
===================================================================
Iteration     Free Energy (Ha/atom)   SCF Error        Timing (sec)
1            -6.0174624160E+00        2.713E-03        2.195
2            -6.0174534982E+00        8.303E-04        2.169
3            -6.0174506069E+00        6.961E-04        2.192
4            -6.0174499887E+00        3.630E-04        2.242
5            -6.0174497895E+00        6.297E-05        2.194
Total number of SCF: 5     

k = [0.000, 0.000, 0.000]
Occupation of state 1080 = 0.000000000000000.
Occupation of state 1200 = 0.000000000000000.
====================================================================
                    Energy and force calculation                    
====================================================================
Free energy per atom               : -6.0174496753E+00 (Ha/atom)
Total free energy                  : -3.0809342338E+03 (Ha)
Band structure energy              :  9.7772336502E+01 (Ha)
Exchange correlation energy        : -1.1111891518E+03 (Ha)
Self and correction energy         : -5.2991304758E+03 (Ha)
Entropy*kb*T                       : -1.0140158618E-06 (Ha)
Fermi level                        :  5.1632178970E-01 (Ha)
RMS force                          :  3.4869677909E-02 (Ha/Bohr)
Maximum force                      :  8.5183440316E-02 (Ha/Bohr)
Time for force calculation         :  0.121 (sec)
MD step time                       :  11.245 (sec)
===================================================================
                    Self Consistent Field (SCF#20)                     
===================================================================
Iteration     Free Energy (Ha/atom)   SCF Error        Timing (sec)
1            -6.0173926750E+00        3.009E-03        2.241
2            -6.0173798589E+00        9.109E-04        2.244
3            -6.0173763622E+00        7.730E-04        2.765
4            -6.0173754896E+00        3.623E-04        2.267
5            -6.0173752587E+00        6.322E-05        2.181
Total number of SCF: 5     

k = [0.000, 0.000, 0.000]
Occupation of state 1080 = 0.000000000000000.
Occupation of state 1200 = 0.000000000000000.
====================================================================
                    Energy and force calculation                    
====================================================================
Free energy per atom               : -6.0173751839E+00 (Ha/atom)
Total free energy                  : -3.0808960942E+03 (Ha)
Band structure energy              :  9.7725276094E+01 (Ha)
Exchange correlation energy        : -1.1112020532E+03 (Ha)
Self and correction energy         : -5.2991311963E+03 (Ha)
Entropy*kb*T                       : -9.9787086049E-07 (Ha)
Fermi level                        :  5.1562798096E-01 (Ha)
RMS force                          :  3.6998072618E-02 (Ha/Bohr)
Maximum force                      :  8.6958968765E-02 (Ha/Bohr)
Time for force calculation         :  0.122 (sec)
MD step time                       :  11.926 (sec)
***************************************************************************
                               Timing info                                 
***************************************************************************
Total walltime                     :  240.331 sec
___________________________________________________________________________

***************************************************************************
*             Material Physics & Mechanics Group, Georgia Tech            *
*                       PI: Phanish Suryanarayana                         *
*                Main Developers: Qimen Xu, Abhiraj Sharma                *
*     Collaborators: J.E. Pask (LLNL), A.J. Medford (GT), E. Chow (GT)    *
*  Acknowledgements: U.S. DOE (DE-SC0019410); U.S. NSF (1333500,1553212)  *
***************************************************************************
                                                                           
