***************************************************************************
*                       SPARC (version Apr 23, 2021)                      *
*   Copyright (c) 2020 Material Physics & Mechanics Group, Georgia Tech   *
*           Distributed under GNU General Public License 3 (GPL)          *
*                   Start time: Thu Jan 19 12:08:45 2023                  *
***************************************************************************
                           Input parameters                                
***************************************************************************
CELL: 30.6 30.6 30.6 
LATVEC:
1 0 0 
0 1 0 
0 0 1 
FD_GRID: 255 255 255
FD_ORDER: 12
BC: P P P
KPOINT_GRID: 1 1 1
KPOINT_SHIFT: 0 0 0
SPIN_TYP: 0
ELEC_TEMP_TYPE: Gaussian
SMEARING: 0.007349864435
CHEB_DEGREE: 46
NSTATES: 450
#WARNING: Number of bands may be insufficient for efficient SCF convergence.
EXCHANGE_CORRELATION: GGA_PBE
CALC_STRESS: 0
CALC_PRES: 0
CHEFSI_BOUND_FLAG: 0
MAXIT_SCF: 100
MINIT_SCF: 3
MAXIT_POISSON: 3000
TOL_SCF: 1.00E-05
POISSON_SOLVER: AAR
TOL_POISSON: 1.00E-07
TOL_LANCZOS: 1.00E-02
TOL_PSEUDOCHARGE: 1.00E-07
MIXING_VARIABLE: density
MIXING_PRECOND: kerker
TOL_PRECOND: 1.44E-05
PRECOND_KERKER_KTF: 1
PRECOND_KERKER_THRESH: 0.1
MIXING_PARAMETER: 0.7
MIXING_HISTORY: 7
PULAY_FREQUENCY: 1
PULAY_RESTART: 0
REFERENCE_CUTOFF: 0.5
RHO_TRIGGER: 4
FIX_RAND: 0
VERBOSITY: 1
PRINT_FORCES: 1
PRINT_ATOMS: 0
PRINT_EIGEN: 0
PRINT_DENSITY: 0
OUTPUT_FILE: Al256
***************************************************************************
                           Parallelization                                 
***************************************************************************
NP_SPIN_PARAL: 1
NP_KPOINT_PARAL: 1
NP_BAND_PARAL: 76
NP_DOMAIN_PARAL: 5 1 1
NP_DOMAIN_PHI_PARAL: 6 8 8
EIG_SERIAL_MAXNS: 2000
***************************************************************************
                             Initialization                                
***************************************************************************
Number of processors               :  384
Mesh spacing                       :  0.12 (Bohr)
Number of symmetry adapted k-points:  1
Output printed to                  :  Al256.out
Total number of atom types         :  1
Total number of atoms              :  256
Total number of electrons          :  768
Atom type 1  (valence electrons)   :  Al 3
Pseudopotential                    :  ../13_Al_3_1.9_1.9_pbe_n_v1.0.psp8
Pseudocharge radii of atom type 1  :  6.36 6.36 6.36 (x, y, z dir)
Number of atoms of type 1          :  256
Estimated total memory usage       :  337.02 GB
Estimated memory per processor     :  898.72 MB
===================================================================
                    Self Consistent Field (SCF#1)                     
===================================================================
Iteration     Free Energy (Ha/atom)   SCF Error        Timing (sec)
1            -2.1978933407E+00        1.308E-01        148.028
2            -2.2757510621E+00        6.685E-02        38.848
3            -2.2999268480E+00        2.064E-02        38.816
4            -2.3089669224E+00        1.606E-02        38.730
5            -2.3128005649E+00        1.157E-02        38.851
6            -2.3146041841E+00        6.709E-03        39.729
7            -2.3155214145E+00        4.839E-03        39.318
8            -2.3160161637E+00        2.323E-03        39.300
9            -2.3162980588E+00        2.451E-03        40.519
10           -2.3164633203E+00        2.644E-03        39.276
11           -2.3165647386E+00        4.817E-03        38.636
12           -2.3166226984E+00        2.527E-03        38.022
13           -2.3166603253E+00        3.071E-03        37.763
14           -2.3166839950E+00        3.548E-03        38.006
15           -2.3166985226E+00        3.490E-03        37.913
16           -2.3167073347E+00        3.049E-03        38.308
17           -2.3167123721E+00        1.712E-03        37.892
18           -2.3167159794E+00        1.321E-03        37.856
19           -2.3167183479E+00        1.077E-03        37.916
20           -2.3167198709E+00        8.662E-04        37.840
21           -2.3167208142E+00        4.435E-04        37.758
22           -2.3167214549E+00        2.831E-04        37.891
23           -2.3167218760E+00        3.979E-05        37.488
24           -2.3167221560E+00        4.246E-05        37.197
25           -2.3167223420E+00        5.424E-05        37.125
26           -2.3167224637E+00        8.140E-05        37.496
27           -2.3167225443E+00        7.411E-05        37.287
28           -2.3167225977E+00        5.684E-05        37.327
29           -2.3167226332E+00        5.337E-05        37.125
30           -2.3167226565E+00        5.607E-05        37.405
31           -2.3167226728E+00        7.875E-05        37.463
32           -2.3167226830E+00        2.733E-05        37.107
33           -2.3167226896E+00        2.255E-05        37.081
34           -2.3167226941E+00        2.373E-05        37.397
35           -2.3167226974E+00        2.744E-05        37.254
36           -2.3167226998E+00        4.673E-05        37.052
37           -2.3167227010E+00        4.523E-05        37.459
38           -2.3167227020E+00        2.868E-05        37.462
39           -2.3167227024E+00        1.672E-05        37.096
40           -2.3167227024E+00        1.794E-05        37.113
41           -2.3167227033E+00        2.025E-05        37.103
42           -2.3167227036E+00        6.461E-06        36.260
Total number of SCF: 42    

k = [0.000, 0.000, 0.000]
Occupation of state 405 = 0.000855042986427.
Occupation of state 450 = 0.000000000000000.
====================================================================
                    Energy and force calculation                    
====================================================================
Free energy per atom               : -2.3167227038E+00 (Ha/atom)
Total free energy                  : -5.9308101217E+02 (Ha)
Band structure energy              :  1.6709954057E+01 (Ha)
Exchange correlation energy        : -2.8068691960E+02 (Ha)
Self and correction energy         : -7.9993027161E+02 (Ha)
Entropy*kb*T                       : -8.9676169785E-02 (Ha)
Fermi level                        :  1.7662916991E-01 (Ha)
RMS force                          :  3.5594627878E-02 (Ha/Bohr)
Maximum force                      :  1.0326212490E-01 (Ha/Bohr)
Time for force calculation         :  1.177 (sec)
***************************************************************************
                               Timing info                                 
***************************************************************************
Total walltime                     :  1707.167 sec
___________________________________________________________________________

***************************************************************************
*             Material Physics & Mechanics Group, Georgia Tech            *
*                       PI: Phanish Suryanarayana                         *
*                Main Developers: Qimen Xu, Abhiraj Sharma                *
*     Collaborators: J.E. Pask (LLNL), A.J. Medford (GT), E. Chow (GT)    *
*  Acknowledgements: U.S. DOE (DE-SC0019410); U.S. NSF (1333500,1553212)  *
***************************************************************************
                                                                           
