---------------------------------------
Begin Slurm Prolog: Jan-19-2023 12:08:42
Job ID:    528383
User ID:   bzhang376
Account:   gts-phanish6-coda20
Job name:  Al256_mesh
Partition: cpu-small
QOS:       inferno
---------------------------------------

Lmod is automatically replacing "gcc/10.3.0-o57x6h" with "intel/20.0.4".


The following have been reloaded with a version change:
  1) mvapich2/2.3.6-ouywal => mvapich2/2.3.6-z2duuy

---------------------------------------
Begin Slurm Epilog: Jan-19-2023 12:37:12
Job ID:        528383
Array Job ID:  _4294967294
User ID:       bzhang376
Account:       gts-phanish6-coda20
Job name:      Al256_mesh
Resources:     cpu=384,mem=2688G,node=32
Rsrc Used:     cput=7-14:24:00,vmem=8968K,walltime=00:28:30,mem=7720K,energy_used=0
Partition:     cpu-small
QOS:           inferno
Nodes:         atl1-1-02-005-3-2,atl1-1-02-005-4-2,atl1-1-02-005-8-1,atl1-1-02-005-9-1,atl1-1-02-005-10-2,atl1-1-02-005-11-[1-2],atl1-1-02-005-13-2,atl1-1-02-005-14-[1-2],atl1-1-02-005-17-[1-2],atl1-1-02-005-18-[1-2],atl1-1-02-005-19-[1-2],atl1-1-02-005-20-[1-2],atl1-1-02-005-21-1,atl1-1-02-005-22-2,atl1-1-02-005-25-[1-2],atl1-1-02-005-26-[1-2],atl1-1-02-006-1-[1-2],atl1-1-02-006-2-1,atl1-1-02-006-4-[1-2],atl1-1-02-006-5-[1-2],atl1-1-02-006-6-2
---------------------------------------
