---------------------------------------
Begin Slurm Prolog: Jan-19-2023 12:43:05
Job ID:    528668
User ID:   bzhang376
Account:   gts-phanish6-coda20
Job name:  Al256_mesh
Partition: cpu-small
QOS:       inferno
---------------------------------------

Lmod is automatically replacing "gcc/10.3.0-o57x6h" with "intel/20.0.4".


The following have been reloaded with a version change:
  1) mvapich2/2.3.6-ouywal => mvapich2/2.3.6-z2duuy

---------------------------------------
Begin Slurm Epilog: Jan-19-2023 12:43:28
Job ID:        528668
Array Job ID:  _4294967294
User ID:       bzhang376
Account:       gts-phanish6-coda20
Job name:      Al256_mesh
Resources:     cpu=384,mem=2688G,node=32
Rsrc Used:     cput=02:27:12,vmem=1212K,walltime=00:00:23,mem=0,energy_used=0
Partition:     cpu-small
QOS:           inferno
Nodes:         atl1-1-02-007-1-1,atl1-1-02-007-2-2,atl1-1-02-007-5-[1-2],atl1-1-02-007-6-1,atl1-1-02-007-7-[1-2],atl1-1-02-007-8-2,atl1-1-02-007-9-[1-2],atl1-1-02-007-10-[1-2],atl1-1-02-007-11-1,atl1-1-02-007-12-[1-2],atl1-1-02-007-13-[1-2],atl1-1-02-007-14-[1-2],atl1-1-02-007-15-[1-2],atl1-1-02-007-16-[1-2],atl1-1-02-007-17-[1-2],atl1-1-02-007-18-[1-2],atl1-1-02-007-19-[1-2],atl1-1-02-007-20-[1-2],atl1-1-02-007-23-1
---------------------------------------
