***************************************************************************
*                       SPARC (version Dec 19, 2022)                      *
*   Copyright (c) 2020 Material Physics & Mechanics Group, Georgia Tech   *
*           Distributed under GNU General Public License 3 (GPL)          *
*                   Start time: Fri Feb 10 18:42:36 2023                  *
***************************************************************************
                           Input parameters                                
***************************************************************************
CELL: 37.2956352 37.2956352 30 
LATVEC:
1 0 0 
-0.5 0.866025403784439 0 
0 0 1 
FD_GRID: 186 186 150
FD_ORDER: 12
BC: P P P
KPOINT_GRID: 1 1 1
KPOINT_SHIFT: 0 0 0
SPIN_TYP: 1
ELEC_TEMP_TYPE: Fermi-Dirac
SMEARING: 0.001000000336
EXCHANGE_CORRELATION: vdWDF1
NSTATES: 619
CHEB_DEGREE: 38
CHEFSI_BOUND_FLAG: 0
CALC_STRESS: 1
MAXIT_SCF: 100
MINIT_SCF: 2
MAXIT_POISSON: 3000
TOL_SCF: 5.00E-04
POISSON_SOLVER: AAR
TOL_POISSON: 5.00E-06
TOL_LANCZOS: 1.00E-02
TOL_PSEUDOCHARGE: 5.00E-06
MIXING_VARIABLE: density
MIXING_PRECOND: kerker
MIXING_PRECOND_MAG: none
TOL_PRECOND: 4.01E-05
PRECOND_KERKER_KTF: 1
PRECOND_KERKER_THRESH: 0.1
MIXING_PARAMETER: 0.3
MIXING_PARAMETER_MAG: 0.3
MIXING_HISTORY: 7
PULAY_FREQUENCY: 1
PULAY_RESTART: 0
REFERENCE_CUTOFF: 0.5
RHO_TRIGGER: 4
FIX_RAND: 0
VERBOSITY: 1
PRINT_FORCES: 1
PRINT_ATOMS: 1
PRINT_EIGEN: 0
PRINT_DENSITY: 0
PRINT_ENERGY_DENSITY: 0
VDWDF_GEN_KERNEL: 0
OUTPUT_FILE: graphene_z30
***************************************************************************
                                Cell                                       
***************************************************************************
Lattice vectors (Bohr):
37.295635200000000 0.000000000000000 0.000000000000000 
-18.647817599999996 32.298967533477132 0.000000000000000 
0.000000000000000 0.000000000000000 30.000000000000000 
Volume: 3.6138315314E+04 (Bohr^3)
***************************************************************************
                           Parallelization                                 
***************************************************************************
NP_SPIN_PARAL: 2
NP_KPOINT_PARAL: 1
NP_BAND_PARAL: 40
NP_DOMAIN_PARAL: 1 3 1
NP_DOMAIN_PHI_PARAL: 6 8 5
EIG_SERIAL_MAXNS: 1500
***************************************************************************
                             Initialization                                
***************************************************************************
Number of processors               :  240
Mesh spacing in x-direction        :  0.200514 (Bohr)
Mesh spacing in y-direction        :  0.200514 (Bohr)
Mesh spacing in z-direction        :  0.2 (Bohr)
Number of symmetry adapted k-points:  1
Output printed to                  :  graphene_z30.out
Total number of atom types         :  1
Total number of atoms              :  256
Total number of electrons          :  1024
Atom type 1  (valence electrons)   :  C 4
Pseudopotential                    :  ../06_C_4_1.2_1.2_pbe_n_v1.0.psp8
Pseudocharge radii of atom type 1  :  7.02 7.02 7.00 (x, y, z dir)
Number of atoms of type 1          :  256
Estimated total memory usage       :  289.21 GB
Estimated memory per processor     :  1.21 GB
========================================================================================
                    Self Consistent Field (SCF#1)                     
========================================================================================
Iteration     Free Energy (Ha/atom)    Magnetization     SCF Error        Timing (sec)
1            -6.0632379563E+00         1.1644E+01        2.787E-01        165.462
2            -6.2608879819E+00         9.7641E+00        2.222E-01        44.150
3            -6.2950384232E+00         2.8711E+00        1.634E-01        44.817
4            -6.1885754144E+00         1.7877E-05        6.352E-02        44.201
5            -6.1809211238E+00         1.3779E-05        5.568E-02        44.472
6            -6.1225560885E+00         1.5939E-07        3.500E-02        44.193
7            -6.1098918072E+00         5.2983E-07        2.920E-02        44.061
8            -6.0752312429E+00        -2.5170E-07        2.035E-02        44.235
9            -6.0728050130E+00         5.8822E-08        1.109E-02        44.083
10           -6.0708190500E+00         2.7781E-08        1.118E-02        44.081
11           -6.0690494184E+00         7.9341E-08        4.738E-03        43.813
12           -6.0688559592E+00         3.9176E-08        1.882E-03        44.065
13           -6.0688558505E+00        -4.8761E-08        7.793E-04        43.840
14           -6.0688795258E+00        -3.9283E-08        5.225E-04        43.888
15           -6.0688982992E+00        -1.8867E-08        2.891E-04        43.827
Total number of SCF: 15    
====================================================================
                    Energy and force calculation                    
====================================================================
Free energy per atom               : -6.0688982992E+00 (Ha/atom)
Total free energy                  : -1.5536379646E+03 (Ha)
Band structure energy              : -3.6043336180E+02 (Ha)
Exchange correlation energy        : -5.6256926236E+02 (Ha)
Self and correction energy         : -2.6495978090E+03 (Ha)
-Entropy*kb*T                      : -3.2588227927E-08 (Ha)
Fermi level                        : -2.0529903665E-02 (Ha)
vdWDF energy                       :  6.6383123064E+00 (Ha)
RMS force                          :  3.7472547596E-03 (Ha/Bohr)
Maximum force                      :  3.7595332801E-03 (Ha/Bohr)
Time for force calculation         :  1.048 (sec)
Pressure                           :  2.1048677458E+00 (GPa)
Maximum stress                     :  2.2559767430E+00 (GPa)
Time for stress calculation        :  2.085 (sec)
***************************************************************************
                               Timing info                                 
***************************************************************************
Total walltime                     :  791.962 sec
___________________________________________________________________________

***************************************************************************
*             Material Physics & Mechanics Group, Georgia Tech            *
*                       PI: Phanish Suryanarayana                         *
*               List of contributors: See the documentation               *
*         Citation: See README.md or the documentation for details        *
*  Acknowledgements: U.S. DOE SC (DE-SC0019410), U.S. DOE NNSA (ASC)      *
*      {Preliminary developments: U.S. NSF (1333500,1663244,1553212)}     *
***************************************************************************
                                                                           
