***************************************************************************
*                       SPARC (version Apr 23, 2021)                      *
*   Copyright (c) 2020 Material Physics & Mechanics Group, Georgia Tech   *
*           Distributed under GNU General Public License 3 (GPL)          *
*                   Start time: Thu Jan 19 12:23:47 2023                  *
***************************************************************************
                           Input parameters                                
***************************************************************************
CELL: 20.22 20.22 20.22 
LATVEC:
1 0 0 
0 1 0 
0 0 1 
FD_GRID: 72 72 72
FD_ORDER: 12
BC: P P P
KPOINT_GRID: 1 1 1
KPOINT_SHIFT: 0 0 0
SPIN_TYP: 0
ELEC_TEMP_TYPE: Fermi-Dirac
SMEARING: 0.001
CHEB_DEGREE: 27
NSTATES: 480
#WARNING: Number of bands may be insufficient for efficient SCF convergence.
EXCHANGE_CORRELATION: GGA_PBE
CALC_STRESS: 0
CALC_PRES: 0
CHEFSI_BOUND_FLAG: 0
MAXIT_SCF: 100
MINIT_SCF: 3
MAXIT_POISSON: 3000
TOL_SCF: 1.00E-05
POISSON_SOLVER: AAR
TOL_POISSON: 1.00E-07
TOL_LANCZOS: 1.00E-02
TOL_PSEUDOCHARGE: 1.00E-07
MIXING_VARIABLE: density
MIXING_PRECOND: kerker
TOL_PRECOND: 7.89E-05
PRECOND_KERKER_KTF: 1
PRECOND_KERKER_THRESH: 0.1
MIXING_PARAMETER: 0.3
MIXING_HISTORY: 7
PULAY_FREQUENCY: 1
PULAY_RESTART: 0
REFERENCE_CUTOFF: 0.5
RHO_TRIGGER: 4
FIX_RAND: 0
VERBOSITY: 1
PRINT_FORCES: 1
PRINT_ATOMS: 0
PRINT_EIGEN: 0
PRINT_DENSITY: 0
OUTPUT_FILE: C216
***************************************************************************
                           Parallelization                                 
***************************************************************************
NP_SPIN_PARAL: 1
NP_KPOINT_PARAL: 1
NP_BAND_PARAL: 96
NP_DOMAIN_PARAL: 1 2 2
NP_DOMAIN_PHI_PARAL: 6 8 8
EIG_SERIAL_MAXNS: 2000
***************************************************************************
                             Initialization                                
***************************************************************************
Number of processors               :  384
Mesh spacing                       :  0.280833 (Bohr)
Number of symmetry adapted k-points:  1
Output printed to                  :  C216.out
Total number of atom types         :  1
Total number of atoms              :  216
Total number of electrons          :  864
Atom type 1  (valence electrons)   :  C 4
Pseudopotential                    :  ../06_C_4_1.2_1.2_pbe_n_v1.0.psp8
Pseudocharge radii of atom type 1  :  7.02 7.02 7.02 (x, y, z dir)
Number of atoms of type 1          :  216
Estimated total memory usage       :  8.09 GB
Estimated memory per processor     :  21.57 MB
===================================================================
                    Self Consistent Field (SCF#1)                     
===================================================================
Iteration     Free Energy (Ha/atom)   SCF Error        Timing (sec)
1            -5.9484661743E+00        2.214E-01        2.551
2            -5.9388637772E+00        1.420E-01        0.536
3            -5.9316162728E+00        4.590E-02        0.533
4            -5.9311497080E+00        1.610E-02        0.542
5            -5.9311830954E+00        8.315E-03        0.542
6            -5.9312069815E+00        4.089E-03        0.526
7            -5.9312170991E+00        1.660E-03        0.535
8            -5.9312196935E+00        5.848E-04        0.524
9            -5.9312202692E+00        2.704E-04        0.529
10           -5.9312204020E+00        1.052E-04        0.541
11           -5.9312204528E+00        4.112E-05        0.523
12           -5.9312204749E+00        2.453E-05        0.546
13           -5.9312204857E+00        9.535E-06        0.528
Total number of SCF: 13    

k = [0.000, 0.000, 0.000]
Occupation of state 432 = 1.505828031529406.
Occupation of state 480 = 0.000000000000000.
====================================================================
                    Energy and force calculation                    
====================================================================
Free energy per atom               : -5.9312204576E+00 (Ha/atom)
Total free energy                  : -1.2811436188E+03 (Ha)
Band structure energy              :  3.2739637741E+01 (Ha)
Exchange correlation energy        : -4.7284717008E+02 (Ha)
Self and correction energy         : -2.2355575962E+03 (Ha)
Entropy*kb*T                       : -3.1546372965E-03 (Ha)
Fermi level                        :  4.2340554964E-01 (Ha)
RMS force                          :  3.7679304132E-01 (Ha/Bohr)
Maximum force                      :  2.9073829444E+00 (Ha/Bohr)
Time for force calculation         :  0.098 (sec)
***************************************************************************
                               Timing info                                 
***************************************************************************
Total walltime                     :  9.414 sec
___________________________________________________________________________

***************************************************************************
*             Material Physics & Mechanics Group, Georgia Tech            *
*                       PI: Phanish Suryanarayana                         *
*                Main Developers: Qimen Xu, Abhiraj Sharma                *
*     Collaborators: J.E. Pask (LLNL), A.J. Medford (GT), E. Chow (GT)    *
*  Acknowledgements: U.S. DOE (DE-SC0019410); U.S. NSF (1333500,1553212)  *
***************************************************************************
                                                                           
