***************************************************************************
*                       SPARC (version Apr 23, 2021)                      *
*   Copyright (c) 2020 Material Physics & Mechanics Group, Georgia Tech   *
*           Distributed under GNU General Public License 3 (GPL)          *
*                   Start time: Thu Jan 19 12:22:05 2023                  *
***************************************************************************
                           Input parameters                                
***************************************************************************
CELL: 20.22 20.22 20.22 
LATVEC:
1 0 0 
0 1 0 
0 0 1 
FD_GRID: 92 92 92
FD_ORDER: 12
BC: P P P
KPOINT_GRID: 1 1 1
KPOINT_SHIFT: 0 0 0
SPIN_TYP: 0
ELEC_TEMP_TYPE: Fermi-Dirac
SMEARING: 0.001
CHEB_DEGREE: 33
NSTATES: 480
#WARNING: Number of bands may be insufficient for efficient SCF convergence.
EXCHANGE_CORRELATION: GGA_PBE
CALC_STRESS: 0
CALC_PRES: 0
CHEFSI_BOUND_FLAG: 0
MAXIT_SCF: 100
MINIT_SCF: 3
MAXIT_POISSON: 3000
TOL_SCF: 1.00E-05
POISSON_SOLVER: AAR
TOL_POISSON: 1.00E-07
TOL_LANCZOS: 1.00E-02
TOL_PSEUDOCHARGE: 1.00E-07
MIXING_VARIABLE: density
MIXING_PRECOND: kerker
TOL_PRECOND: 4.83E-05
PRECOND_KERKER_KTF: 1
PRECOND_KERKER_THRESH: 0.1
MIXING_PARAMETER: 0.3
MIXING_HISTORY: 7
PULAY_FREQUENCY: 1
PULAY_RESTART: 0
REFERENCE_CUTOFF: 0.5
RHO_TRIGGER: 4
FIX_RAND: 0
VERBOSITY: 1
PRINT_FORCES: 1
PRINT_ATOMS: 0
PRINT_EIGEN: 0
PRINT_DENSITY: 0
OUTPUT_FILE: C216
***************************************************************************
                           Parallelization                                 
***************************************************************************
NP_SPIN_PARAL: 1
NP_KPOINT_PARAL: 1
NP_BAND_PARAL: 96
NP_DOMAIN_PARAL: 1 2 2
NP_DOMAIN_PHI_PARAL: 6 8 8
EIG_SERIAL_MAXNS: 2000
***************************************************************************
                             Initialization                                
***************************************************************************
Number of processors               :  384
Mesh spacing                       :  0.219783 (Bohr)
Number of symmetry adapted k-points:  1
Output printed to                  :  C216.out
Total number of atom types         :  1
Total number of atoms              :  216
Total number of electrons          :  864
Atom type 1  (valence electrons)   :  C 4
Pseudopotential                    :  ../06_C_4_1.2_1.2_pbe_n_v1.0.psp8
Pseudocharge radii of atom type 1  :  6.59 6.59 6.59 (x, y, z dir)
Number of atoms of type 1          :  216
Estimated total memory usage       :  16.87 GB
Estimated memory per processor     :  44.99 MB
===================================================================
                    Self Consistent Field (SCF#1)                     
===================================================================
Iteration     Free Energy (Ha/atom)   SCF Error        Timing (sec)
1            -5.9436230024E+00        2.205E-01        5.388
2            -5.9377249632E+00        1.421E-01        1.228
3            -5.9311694656E+00        4.556E-02        1.232
4            -5.9308672135E+00        1.601E-02        1.219
5            -5.9309528374E+00        8.333E-03        1.236
6            -5.9309936149E+00        4.195E-03        1.213
7            -5.9310101610E+00        1.635E-03        1.208
8            -5.9310150123E+00        6.521E-04        1.204
9            -5.9310165101E+00        3.572E-04        1.207
10           -5.9310170169E+00        1.389E-04        1.202
11           -5.9310171719E+00        6.460E-05        1.199
12           -5.9310172228E+00        4.060E-05        1.206
13           -5.9310172518E+00        1.815E-05        1.189
14           -5.9310172397E+00        1.150E-05        1.202
15           -5.9310172566E+00        4.844E-06        1.174
Total number of SCF: 15    

k = [0.000, 0.000, 0.000]
Occupation of state 432 = 1.501048802512440.
Occupation of state 480 = 0.000000000000000.
====================================================================
                    Energy and force calculation                    
====================================================================
Free energy per atom               : -5.9310172589E+00 (Ha/atom)
Total free energy                  : -1.2810997279E+03 (Ha)
Band structure energy              :  3.2763274927E+01 (Ha)
Exchange correlation energy        : -4.7283964546E+02 (Ha)
Self and correction energy         : -2.2355765674E+03 (Ha)
Entropy*kb*T                       : -3.1611578633E-03 (Ha)
Fermi level                        :  4.2345069274E-01 (Ha)
RMS force                          :  3.7684362863E-01 (Ha/Bohr)
Maximum force                      :  2.9070052072E+00 (Ha/Bohr)
Time for force calculation         :  0.129 (sec)
***************************************************************************
                               Timing info                                 
***************************************************************************
Total walltime                     :  22.901 sec
___________________________________________________________________________

***************************************************************************
*             Material Physics & Mechanics Group, Georgia Tech            *
*                       PI: Phanish Suryanarayana                         *
*                Main Developers: Qimen Xu, Abhiraj Sharma                *
*     Collaborators: J.E. Pask (LLNL), A.J. Medford (GT), E. Chow (GT)    *
*  Acknowledgements: U.S. DOE (DE-SC0019410); U.S. NSF (1333500,1553212)  *
***************************************************************************
                                                                           
