---------------------------------------
Begin Slurm Prolog: Jan-19-2023 12:22:02
Job ID:    528492
User ID:   bzhang376
Account:   gts-phanish6-coda20
Job name:  C216_mesh
Partition: cpu-small
QOS:       inferno
---------------------------------------

Lmod is automatically replacing "gcc/10.3.0-o57x6h" with "intel/20.0.4".


The following have been reloaded with a version change:
  1) mvapich2/2.3.6-ouywal => mvapich2/2.3.6-z2duuy

---------------------------------------
Begin Slurm Epilog: Jan-19-2023 12:22:28
Job ID:        528492
Array Job ID:  _4294967294
User ID:       bzhang376
Account:       gts-phanish6-coda20
Job name:      C216_mesh
Resources:     cpu=384,mem=2688G,node=32
Rsrc Used:     cput=02:46:24,vmem=1436K,walltime=00:00:26,mem=0,energy_used=0
Partition:     cpu-small
QOS:           inferno
Nodes:         atl1-1-02-011-11-2,atl1-1-02-011-12-1,atl1-1-02-011-13-2,atl1-1-02-011-14-[1-2],atl1-1-02-011-15-[1-2],atl1-1-02-011-16-[1-2],atl1-1-02-011-17-[1-2],atl1-1-02-011-18-[1-2],atl1-1-02-011-19-[1-2],atl1-1-02-011-20-[1-2],atl1-1-02-011-21-[1-2],atl1-1-02-011-22-[1-2],atl1-1-02-011-23-[1-2],atl1-1-02-011-24-[1-2],atl1-1-02-011-25-[1-2],atl1-1-02-011-26-[1-2],atl1-1-02-011-27-[1-2],atl1-1-02-011-28-1
---------------------------------------
