***************************************************************************
*                       SPARC (version Dec 19, 2022)                      *
*   Copyright (c) 2020 Material Physics & Mechanics Group, Georgia Tech   *
*           Distributed under GNU General Public License 3 (GPL)          *
*                   Start time: Thu Feb  9 14:44:53 2023                  *
***************************************************************************
                           Input parameters                                
***************************************************************************
LATVEC_SCALE: 8.76184908654647 5.6075576021844 52.9814825493465 
LATVEC:
1 0 0 
0 1 0 
0 0 1 
FD_GRID: 55 35 331
FD_ORDER: 12
BC: P P D
KPOINT_GRID: 1 1 1
KPOINT_SHIFT: 0 0 0
SPIN_TYP: 0
ELEC_TEMP_TYPE: Gaussian
SMEARING: 0.001836999861
EXCHANGE_CORRELATION: HSE
EXX_RANGE_FOCK: 0.106000
EXX_RANGE_PBE: 0.106000
NSTATES: 120
CHEB_DEGREE: 40
CHEFSI_BOUND_FLAG: 0
CALC_STRESS: 0
CALC_PRES: 0
MAXIT_SCF: 100
MINIT_SCF: 2
MAXIT_POISSON: 3000
TOL_SCF: 1.00E-04
POISSON_SOLVER: AAR
TOL_POISSON: 1.00E-06
TOL_LANCZOS: 1.00E-02
TOL_PSEUDOCHARGE: 1.00E-06
MIXING_VARIABLE: density
MIXING_PRECOND: kerker
TOL_PRECOND: 2.56E-05
PRECOND_KERKER_KTF: 1
PRECOND_KERKER_THRESH: 0.1
MIXING_PARAMETER: 0.3
MIXING_HISTORY: 7
PULAY_FREQUENCY: 1
PULAY_RESTART: 0
REFERENCE_CUTOFF: 0.5
RHO_TRIGGER: 4
FIX_RAND: 0
VERBOSITY: 1
PRINT_FORCES: 1
PRINT_ATOMS: 1
PRINT_EIGEN: 1
PRINT_DENSITY: 0
PRINT_ENERGY_DENSITY: 0
EXX_FRAC: 0.25
TOL_FOCK: 2.00E-05
TOL_SCF_INIT: 1.00E-03
MAXIT_FOCK: 20
MINIT_FOCK: 2
EXX_METHOD: FOURIER_SPACE
EXX_DIVERGENCE: AUXILIARY
EXX_MEM: 100
ACE_FLAG: 1
EXX_ACE_VALENCE_STATES: 10000
EXX_DOWNSAMPLING: 1 1 1
OUTPUT_FILE: TiO2_HSE
***************************************************************************
                                Cell                                       
***************************************************************************
Lattice vectors (Bohr):
8.761849086546469 0.000000000000000 0.000000000000000 
0.000000000000000 5.607557602184396 0.000000000000000 
0.000000000000000 0.000000000000000 52.981482549346488 
Volume: 2.6031165831E+03 (Bohr^3)
***************************************************************************
                           Parallelization                                 
***************************************************************************
NP_SPIN_PARAL: 1
NP_KPOINT_PARAL: 1
NP_BAND_PARAL: 1
NP_DOMAIN_PARAL: 3 2 16
NP_DOMAIN_PHI_PARAL: 3 2 16
EIG_SERIAL_MAXNS: 1500
***************************************************************************
                             Initialization                                
***************************************************************************
Number of processors               :  96
Mesh spacing in x-direction        :  0.159306 (Bohr)
Mesh spacing in y-direction        :  0.160216 (Bohr)
Mesh spacing in z-direction        :  0.160065 (Bohr)
Number of symmetry adapted k-points:  1
Output printed to                  :  TiO2_HSE.out
Final eigenvalues printed to       :  TiO2_HSE.eigen
Total number of atom types         :  2
Total number of atoms              :  24
Total number of electrons          :  192
Atom type 1  (valence electrons)   :  O 6
Pseudopotential                    :  ../08_O_6_1.2_1.4_pbe_n_v1.0.psp8
Pseudocharge radii of atom type 1  :  6.37 6.41 6.40 (x, y, z dir)
Number of atoms of type 1          :  16
Atom type 2  (valence electrons)   :  Ti 12
Pseudopotential                    :  ../22_Ti_12_2.0_2.8_pbe_n_v1.0.psp8
Pseudocharge radii of atom type 2  :  6.37 6.41 6.40 (x, y, z dir)
Number of atoms of type 2          :  8
Estimated total memory usage       :  6.61 GB
Estimated memory per processor     :  70.50 MB
===================================================================
                    Self Consistent Field (SCF#1)                     
===================================================================
Iteration     Free Energy (Ha/atom)   SCF Error        Timing (sec)
1            -3.0660604199E+01        1.466E-01        5.382
2            -3.0622197714E+01        6.314E-02        1.461
3            -3.0618793321E+01        4.040E-02        1.503
4            -3.0620479763E+01        3.259E-02        1.515
5            -3.0618838330E+01        1.230E-02        1.531
6            -3.0618810620E+01        3.809E-03        1.427
7            -3.0618856633E+01        3.912E-03        1.410
8            -3.0618848528E+01        1.295E-03        1.429
9            -3.0618850012E+01        7.487E-04        1.420
Total number of SCF: 9     

No.1 Exx outer loop. ACE timing: 4.619 (sec)
1            -3.0405274439E+01        1.338E-02        1.834
2            -3.0405730868E+01        1.359E-02        1.763
3            -3.0405713437E+01        1.335E-02        1.859
4            -3.0405781181E+01        1.403E-02        1.831
5            -3.0405769194E+01        1.414E-02        1.868
6            -3.0405376643E+01        9.660E-03        1.822
7            -3.0405073122E+01        3.487E-03        1.807
8            -3.0405038532E+01        8.364E-04        1.724
9            -3.0405041793E+01        3.856E-04        1.733
10           -3.0405043702E+01        2.060E-04        1.767
11           -3.0405043249E+01        1.076E-04        1.747
12           -3.0405043075E+01        6.075E-05        1.875
Total number of SCF: 12    
Exx outer loop error: 7.1987289568e-04 

No.2 Exx outer loop. ACE timing: 4.223 (sec)
1            -3.0405256625E+01        8.561E-04        1.837
2            -3.0405279616E+01        1.404E-03        1.790
3            -3.0405272330E+01        7.969E-04        1.766
4            -3.0405269694E+01        3.674E-04        1.768
5            -3.0405271638E+01        1.451E-04        1.771
6            -3.0405272787E+01        7.027E-05        1.756
Total number of SCF: 6     
Exx outer loop error: 7.8014095446e-05 

No.3 Exx outer loop. ACE timing: 4.194 (sec)
1            -3.0405277808E+01        2.127E-04        1.836
2            -3.0405279135E+01        3.024E-04        1.738
3            -3.0405278958E+01        1.337E-04        1.716
4            -3.0405278895E+01        9.119E-05        1.762
Total number of SCF: 4     
Exx outer loop error: 2.8429278611e-05 

No.4 Exx outer loop. ACE timing: 4.398 (sec)
1            -3.0405279297E+01        8.123E-05        1.813
Total number of SCF: 1     
Exx outer loop error: 2.0679142649e-06 
====================================================================
                    Energy and force calculation                    
====================================================================
Free energy per atom               : -3.0405275162E+01 (Ha/atom)
Total free energy                  : -7.2972660388E+02 (Ha)
Band structure energy              : -1.8933470408E+02 (Ha)
Exchange correlation energy        : -1.2976626943E+02 (Ha)
Self and correction energy         : -9.6103594885E+02 (Ha)
-Entropy*kb*T                      : -3.7670503505E-09 (Ha)
Fermi level                        : -3.0545153605E-01 (Ha)
RMS force                          :  6.8780370019E-02 (Ha/Bohr)
Maximum force                      :  1.4224705831E-01 (Ha/Bohr)
Time for force calculation         :  0.126 (sec)
***************************************************************************
                               Timing info                                 
***************************************************************************
Total walltime                     :  76.661 sec
___________________________________________________________________________

***************************************************************************
*             Material Physics & Mechanics Group, Georgia Tech            *
*                       PI: Phanish Suryanarayana                         *
*               List of contributors: See the documentation               *
*         Citation: See README.md or the documentation for details        *
*  Acknowledgements: U.S. DOE SC (DE-SC0019410), U.S. DOE NNSA (ASC)      *
*      {Preliminary developments: U.S. NSF (1333500,1663244,1553212)}     *
***************************************************************************
                                                                           
