***************************************************************************
*                       SPARC (version Dec 19, 2022)                      *
*   Copyright (c) 2020 Material Physics & Mechanics Group, Georgia Tech   *
*           Distributed under GNU General Public License 3 (GPL)          *
*                   Start time: Fri Feb 17 15:38:35 2023                  *
***************************************************************************
                           Input parameters                                
***************************************************************************
LATVEC_SCALE: 17.5236981730929 11.2151152043688 44.9814825493465 
LATVEC:
1 0 0 
0 1 0 
0 0 1 
FD_GRID: 70 45 180
FD_ORDER: 12
BC: P P D
KPOINT_GRID: 2 2 1
KPOINT_SHIFT: 0.5 0.5 0
SPIN_TYP: 0
ELEC_TEMP_TYPE: Gaussian
SMEARING: 0.001836999861
EXCHANGE_CORRELATION: HSE
EXX_RANGE_FOCK: 0.106000
EXX_RANGE_PBE: 0.106000
NSTATES: 465
CHEB_DEGREE: 30
CHEFSI_BOUND_FLAG: 0
CALC_STRESS: 0
CALC_PRES: 0
MAXIT_SCF: 100
MINIT_SCF: 2
MAXIT_POISSON: 3000
TOL_SCF: 5.00E-04
POISSON_SOLVER: AAR
TOL_POISSON: 5.00E-06
TOL_LANCZOS: 1.00E-02
TOL_PSEUDOCHARGE: 5.00E-06
MIXING_VARIABLE: density
MIXING_PRECOND: kerker
TOL_PRECOND: 6.24E-05
PRECOND_KERKER_KTF: 1
PRECOND_KERKER_THRESH: 0.1
MIXING_PARAMETER: 0.7
MIXING_HISTORY: 7
PULAY_FREQUENCY: 1
PULAY_RESTART: 0
REFERENCE_CUTOFF: 0.5
RHO_TRIGGER: 4
FIX_RAND: 0
VERBOSITY: 1
PRINT_FORCES: 1
PRINT_ATOMS: 1
PRINT_EIGEN: 0
PRINT_DENSITY: 0
PRINT_ENERGY_DENSITY: 0
EXX_FRAC: 0.25
TOL_FOCK: 1.00E-04
TOL_SCF_INIT: 1.00E-03
MAXIT_FOCK: 20
MINIT_FOCK: 2
EXX_METHOD: FOURIER_SPACE
EXX_DIVERGENCE: AUXILIARY
EXX_MEM: 12
ACE_FLAG: 1
EXX_ACE_VALENCE_STATES: 3
EXX_DOWNSAMPLING: 1 1 1
OUTPUT_FILE: TiO2_HSE_44
***************************************************************************
                                Cell                                       
***************************************************************************
Lattice vectors (Bohr):
17.523698173092900 0.000000000000000 0.000000000000000 
0.000000000000000 11.215115204368800 0.000000000000000 
0.000000000000000 0.000000000000000 44.981482549346488 
Volume: 8.8402239818E+03 (Bohr^3)
***************************************************************************
                           Parallelization                                 
***************************************************************************
NP_SPIN_PARAL: 1
NP_KPOINT_PARAL: 2
NP_BAND_PARAL: 6
NP_DOMAIN_PARAL: 2 2 10
NP_DOMAIN_PHI_PARAL: 6 4 20
EIG_SERIAL_MAXNS: 1500
***************************************************************************
                             Initialization                                
***************************************************************************
Number of processors               :  480
Mesh spacing in x-direction        :  0.250339 (Bohr)
Mesh spacing in y-direction        :  0.249225 (Bohr)
Mesh spacing in z-direction        :  0.249897 (Bohr)
Number of symmetry adapted k-points:  2
Output printed to                  :  TiO2_HSE_44.out
Total number of atom types         :  2
Total number of atoms              :  96
Total number of electrons          :  768
Atom type 1  (valence electrons)   :  O 6
Pseudopotential                    :  ../08_O_6_1.2_1.4_pbe_n_v1.0.psp8
Pseudocharge radii of atom type 1  :  6.51 6.48 6.50 (x, y, z dir)
Number of atoms of type 1          :  64
Atom type 2  (valence electrons)   :  Ti 12
Pseudopotential                    :  ../22_Ti_12_2.0_2.8_pbe_n_v1.0.psp8
Pseudocharge radii of atom type 2  :  6.26 6.23 6.25 (x, y, z dir)
Number of atoms of type 2          :  32
Estimated total memory usage       :  182.25 GB
Estimated memory per processor     :  388.81 MB
===================================================================
                    Self Consistent Field (SCF#1)                     
===================================================================
Iteration     Free Energy (Ha/atom)   SCF Error        Timing (sec)
1            -3.0688300936E+01        1.464E-01        12.309
2            -3.0687239124E+01        2.311E-01        3.087
3            -3.0639871414E+01        5.189E-02        3.050
4            -3.0635280497E+01        2.834E-02        3.116
5            -3.0633515842E+01        1.020E-02        3.102
6            -3.0633476008E+01        7.734E-03        3.126
7            -3.0633389718E+01        3.172E-03        3.129
8            -3.0633374896E+01        1.279E-03        3.092
9            -3.0633373070E+01        8.718E-04        3.145
Total number of SCF: 9     

No.1 Exx outer loop. ACE timing: 205.414 (sec)
1            -3.0415347530E+01        1.044E-02        7.657
2            -3.0415441974E+01        9.058E-03        7.519
3            -3.0415257366E+01        3.484E-03        7.481
4            -3.0415230614E+01        2.187E-03        7.490
5            -3.0415216973E+01        7.723E-04        7.526
6            -3.0415211017E+01        2.781E-04        7.383
Total number of SCF: 6     
Exx outer loop error: 2.9795465999e-04 

No.2 Exx outer loop. ACE timing: 207.024 (sec)
1            -3.0415639582E+01        2.295E-03        6.942
2            -3.0415632272E+01        1.436E-03        6.736
3            -3.0415628604E+01        4.806E-04        6.839
Total number of SCF: 3     
Exx outer loop error: 2.5552235314e-04 

No.3 Exx outer loop. ACE timing: 188.284 (sec)
1            -3.0415655254E+01        8.221E-04        6.992
2            -3.0415655062E+01        6.713E-04        6.717
3            -3.0415653763E+01        8.187E-05        6.763
Total number of SCF: 3     
Exx outer loop error: 3.2044868019e-05 
====================================================================
                    Energy and force calculation                    
====================================================================
Free energy per atom               : -3.0415589674E+01 (Ha/atom)
Total free energy                  : -2.9198966087E+03 (Ha)
Band structure energy              : -7.6057342990E+02 (Ha)
Exchange correlation energy        : -5.1712059608E+02 (Ha)
Self and correction energy         : -3.8440875830E+03 (Ha)
-Entropy*kb*T                      : -1.6943960552E-07 (Ha)
Fermi level                        : -1.8684184238E-01 (Ha)
RMS force                          :  1.6456300843E-02 (Ha/Bohr)
Maximum force                      :  8.4306314168E-02 (Ha/Bohr)
Time for force calculation         :  0.134 (sec)
***************************************************************************
                               Timing info                                 
***************************************************************************
Total walltime                     :  725.572 sec
___________________________________________________________________________

***************************************************************************
*             Material Physics & Mechanics Group, Georgia Tech            *
*                       PI: Phanish Suryanarayana                         *
*               List of contributors: See the documentation               *
*         Citation: See README.md or the documentation for details        *
*  Acknowledgements: U.S. DOE SC (DE-SC0019410), U.S. DOE NNSA (ASC)      *
*      {Preliminary developments: U.S. NSF (1333500,1663244,1553212)}     *
***************************************************************************
                                                                           
