***************************************************************************
*                       SPARC (version Apr 23, 2021)                      *
*   Copyright (c) 2020 Material Physics & Mechanics Group, Georgia Tech   *
*           Distributed under GNU General Public License 3 (GPL)          *
*                   Start time: Thu Jan 19 14:30:52 2023                  *
***************************************************************************
                           Input parameters                                
***************************************************************************
CELL: 20.22 20.22 20.22 
LATVEC:
1 0 0 
0 1 0 
0 0 1 
FD_GRID: 81 81 81
FD_ORDER: 12
BC: P P P
KPOINT_GRID: 1 1 1
KPOINT_SHIFT: 0 0 0
SPIN_TYP: 0
ELEC_TEMP_TYPE: Fermi-Dirac
SMEARING: 0.001
CHEB_DEGREE: 30
NSTATES: 480
#WARNING: Number of bands may be insufficient for efficient SCF convergence.
EXCHANGE_CORRELATION: GGA_PBE
CALC_STRESS: 0
CALC_PRES: 0
CHEFSI_BOUND_FLAG: 0
MAXIT_SCF: 100
MINIT_SCF: 3
MAXIT_POISSON: 3000
TOL_SCF: 5.00E-03
POISSON_SOLVER: AAR
TOL_POISSON: 5.00E-05
TOL_LANCZOS: 1.00E-02
TOL_PSEUDOCHARGE: 5.00E-05
MIXING_VARIABLE: density
MIXING_PRECOND: kerker
TOL_PRECOND: 6.23E-05
PRECOND_KERKER_KTF: 1
PRECOND_KERKER_THRESH: 0.1
MIXING_PARAMETER: 0.3
MIXING_HISTORY: 7
PULAY_FREQUENCY: 1
PULAY_RESTART: 0
REFERENCE_CUTOFF: 0.5
RHO_TRIGGER: 4
FIX_RAND: 0
VERBOSITY: 1
PRINT_FORCES: 1
PRINT_ATOMS: 0
PRINT_EIGEN: 0
PRINT_DENSITY: 0
OUTPUT_FILE: C216
***************************************************************************
                           Parallelization                                 
***************************************************************************
NP_SPIN_PARAL: 1
NP_KPOINT_PARAL: 1
NP_BAND_PARAL: 96
NP_DOMAIN_PARAL: 1 1 1
NP_DOMAIN_PHI_PARAL: 4 4 6
EIG_SERIAL_MAXNS: 2000
***************************************************************************
                             Initialization                                
***************************************************************************
Number of processors               :  96
Mesh spacing                       :  0.24963 (Bohr)
Number of symmetry adapted k-points:  1
Output printed to                  :  C216.out
Total number of atom types         :  1
Total number of atoms              :  216
Total number of electrons          :  864
Atom type 1  (valence electrons)   :  C 4
Pseudopotential                    :  ../06_C_4_1.2_1.2_pbe_n_v1.0.psp8
Pseudocharge radii of atom type 1  :  2.75 2.75 2.75 (x, y, z dir)
Number of atoms of type 1          :  216
Estimated total memory usage       :  11.51 GB
Estimated memory per processor     :  122.82 MB
===================================================================
                    Self Consistent Field (SCF#1)                     
===================================================================
Iteration     Free Energy (Ha/atom)   SCF Error        Timing (sec)
1            -5.9349627788E+00        1.855E-01        10.166
2            -5.9338394944E+00        1.198E-01        2.475
3            -5.9309923992E+00        3.744E-02        2.457
4            -5.9308949095E+00        1.456E-02        2.458
5            -5.9309470534E+00        6.620E-03        2.448
6            -5.9309541948E+00        3.063E-03        2.425
Total number of SCF: 6     

k = [0.000, 0.000, 0.000]
Occupation of state 432 = 1.520066296732464.
Occupation of state 480 = 0.000000000000000.
====================================================================
                    Energy and force calculation                    
====================================================================
Free energy per atom               : -5.9309382181E+00 (Ha/atom)
Total free energy                  : -1.2810826551E+03 (Ha)
Band structure energy              :  3.2728510173E+01 (Ha)
Exchange correlation energy        : -4.7282558012E+02 (Ha)
Self and correction energy         : -2.2355543605E+03 (Ha)
Entropy*kb*T                       : -3.1067312262E-03 (Ha)
Fermi level                        :  4.2346932668E-01 (Ha)
RMS force                          :  3.7913956322E-01 (Ha/Bohr)
Maximum force                      :  2.9082581511E+00 (Ha/Bohr)
Time for force calculation         :  0.113 (sec)
***************************************************************************
                               Timing info                                 
***************************************************************************
Total walltime                     :  22.861 sec
___________________________________________________________________________

***************************************************************************
*             Material Physics & Mechanics Group, Georgia Tech            *
*                       PI: Phanish Suryanarayana                         *
*                Main Developers: Qimen Xu, Abhiraj Sharma                *
*     Collaborators: J.E. Pask (LLNL), A.J. Medford (GT), E. Chow (GT)    *
*  Acknowledgements: U.S. DOE (DE-SC0019410); U.S. NSF (1333500,1553212)  *
***************************************************************************
                                                                           
