---------------------------------------
Begin Slurm Prolog: Jan-19-2023 14:28:41
Job ID:    529766
User ID:   bzhang376
Account:   gts-phanish6-coda20
Job name:  C216_mesh
Partition: cpu-small
QOS:       inferno
---------------------------------------

Lmod is automatically replacing "gcc/10.3.0-o57x6h" with "intel/20.0.4".


The following have been reloaded with a version change:
  1) mvapich2/2.3.6-ouywal => mvapich2/2.3.6-z2duuy

---------------------------------------
Begin Slurm Epilog: Jan-19-2023 14:29:27
Job ID:        529766
Array Job ID:  _4294967294
User ID:       bzhang376
Account:       gts-phanish6-coda20
Job name:      C216_mesh
Resources:     cpu=96,mem=672G,node=8
Rsrc Used:     cput=01:13:36,vmem=9228K,walltime=00:00:46,mem=8280K,energy_used=0
Partition:     cpu-small
QOS:           inferno
Nodes:         atl1-1-03-002-7-2,atl1-1-03-002-8-2,atl1-1-03-002-9-1,atl1-1-03-002-10-[1-2],atl1-1-03-002-11-2,atl1-1-03-002-12-[1-2]
---------------------------------------
