---------------------------------------
Begin Slurm Prolog: Jan-19-2023 14:30:50
Job ID:    529772
User ID:   bzhang376
Account:   gts-phanish6-coda20
Job name:  C216_mesh
Partition: cpu-small
QOS:       inferno
---------------------------------------

Lmod is automatically replacing "gcc/10.3.0-o57x6h" with "intel/20.0.4".


The following have been reloaded with a version change:
  1) mvapich2/2.3.6-ouywal => mvapich2/2.3.6-z2duuy

---------------------------------------
Begin Slurm Epilog: Jan-19-2023 14:31:16
Job ID:        529772
Array Job ID:  _4294967294
User ID:       bzhang376
Account:       gts-phanish6-coda20
Job name:      C216_mesh
Resources:     cpu=96,mem=672G,node=8
Rsrc Used:     cput=00:43:12,vmem=1372K,walltime=00:00:27,mem=0,energy_used=0
Partition:     cpu-small
QOS:           inferno
Nodes:         atl1-1-02-003-18-1,atl1-1-02-003-23-1,atl1-1-02-003-24-[1-2],atl1-1-02-003-25-1,atl1-1-02-003-26-[1-2],atl1-1-02-003-27-2
---------------------------------------
