***************************************************************************
*                       SPARC (version Apr 23, 2021)                      *
*   Copyright (c) 2020 Material Physics & Mechanics Group, Georgia Tech   *
*           Distributed under GNU General Public License 3 (GPL)          *
*                   Start time: Mon Apr  3 16:38:51 2023                  *
***************************************************************************
                           Input parameters                                
***************************************************************************
CELL: 20.22 20.22 20.22 
LATVEC:
1 0 0 
0 1 0 
0 0 1 
FD_GRID: 81 81 81
FD_ORDER: 12
BC: P P P
KPOINT_GRID: 1 1 1
KPOINT_SHIFT: 0 0 0
SPIN_TYP: 0
ELEC_TEMP_TYPE: Fermi-Dirac
SMEARING: 0.001
CHEB_DEGREE: 30
NSTATES: 480
#WARNING: Number of bands may be insufficient for efficient SCF convergence.
EXCHANGE_CORRELATION: GGA_PBE
CALC_STRESS: 0
CALC_PRES: 0
CHEFSI_BOUND_FLAG: 0
MAXIT_SCF: 100
MINIT_SCF: 3
MAXIT_POISSON: 3000
TOL_SCF: 3.00E-03
POISSON_SOLVER: AAR
TOL_POISSON: 3.00E-05
TOL_LANCZOS: 1.00E-02
TOL_PSEUDOCHARGE: 3.00E-05
MIXING_VARIABLE: density
MIXING_PRECOND: kerker
TOL_PRECOND: 6.23E-05
PRECOND_KERKER_KTF: 1
PRECOND_KERKER_THRESH: 0.1
MIXING_PARAMETER: 0.8
MIXING_HISTORY: 7
PULAY_FREQUENCY: 1
PULAY_RESTART: 0
REFERENCE_CUTOFF: 0.5
RHO_TRIGGER: 5
FIX_RAND: 0
VERBOSITY: 1
PRINT_FORCES: 1
PRINT_ATOMS: 0
PRINT_EIGEN: 0
PRINT_DENSITY: 0
OUTPUT_FILE: C216
***************************************************************************
                           Parallelization                                 
***************************************************************************
NP_SPIN_PARAL: 1
NP_KPOINT_PARAL: 1
NP_BAND_PARAL: 48
NP_DOMAIN_PARAL: 1 1 1
NP_DOMAIN_PHI_PARAL: 3 4 4
EIG_SERIAL_MAXNS: 2000
***************************************************************************
                             Initialization                                
***************************************************************************
Number of processors               :  48
Mesh spacing                       :  0.24963 (Bohr)
Number of symmetry adapted k-points:  1
Output printed to                  :  C216.out
Total number of atom types         :  1
Total number of atoms              :  216
Total number of electrons          :  864
Atom type 1  (valence electrons)   :  C 4
Pseudopotential                    :  ../06_C_4_1.2_1.2_pbe_n_v1.0.psp8
Pseudocharge radii of atom type 1  :  3.25 3.25 3.25 (x, y, z dir)
Number of atoms of type 1          :  216
Estimated total memory usage       :  11.51 GB
Estimated memory per processor     :  245.64 MB
===================================================================
                    Self Consistent Field (SCF#1)                     
===================================================================
Iteration     Free Energy (Ha/atom)   SCF Error        Timing (sec)
1            -5.9490048253E+00        2.055E-01        26.949
2            -5.9336794433E+00        7.722E-02        5.325
3            -5.9316987167E+00        3.905E-02        5.312
4            -5.9310647089E+00        1.437E-02        5.299
5            -5.9309841713E+00        5.848E-03        5.302
6            -5.9309897672E+00        3.693E-03        5.293
7            -5.9309765638E+00        1.078E-03        5.222
Total number of SCF: 7     

k = [0.000, 0.000, 0.000]
Occupation of state 432 = 1.523838864623081.
Occupation of state 480 = 0.000000000000000.
====================================================================
                    Energy and force calculation                    
====================================================================
Free energy per atom               : -5.9309754631E+00 (Ha/atom)
Total free energy                  : -1.2810907000E+03 (Ha)
Band structure energy              :  3.2734148561E+01 (Ha)
Exchange correlation energy        : -4.7284541552E+02 (Ha)
Self and correction energy         : -2.2355567658E+03 (Ha)
Entropy*kb*T                       : -3.1126684875E-03 (Ha)
Fermi level                        :  4.2335202484E-01 (Ha)
RMS force                          :  3.7682947502E-01 (Ha/Bohr)
Maximum force                      :  2.9030205439E+00 (Ha/Bohr)
Time for force calculation         :  0.228 (sec)
***************************************************************************
                               Timing info                                 
***************************************************************************
Total walltime                     :  59.368 sec
___________________________________________________________________________

***************************************************************************
*             Material Physics & Mechanics Group, Georgia Tech            *
*                       PI: Phanish Suryanarayana                         *
*                Main Developers: Qimen Xu, Abhiraj Sharma                *
*     Collaborators: J.E. Pask (LLNL), A.J. Medford (GT), E. Chow (GT)    *
*  Acknowledgements: U.S. DOE (DE-SC0019410); U.S. NSF (1333500,1553212)  *
***************************************************************************
                                                                           
