***************************************************************************
*                       SPARC (version Mar 31, 2023)                      *
*   Copyright (c) 2020 Material Physics & Mechanics Group, Georgia Tech   *
*           Distributed under GNU General Public License 3 (GPL)          *
*                   Start time: Thu Apr  6 16:52:03 2023                  *
***************************************************************************
                           Input parameters                                
***************************************************************************
CELL: 37.29563211 32.2989648 30 
LATVEC:
1 0 0 
0 1 0 
0 0 1 
FD_GRID: 129 112 104
FD_ORDER: 12
BC: P P P
KPOINT_GRID: 1 1 1
KPOINT_SHIFT: 0 0 0
SPIN_TYP: 1
ELEC_TEMP_TYPE: Fermi-Dirac
SMEARING: 0.001000000336
EXCHANGE_CORRELATION: vdWDF1
NSTATES: 614
CHEB_DEGREE: 26
CHEFSI_BOUND_FLAG: 0
CALC_STRESS: 1
MAXIT_SCF: 100
MINIT_SCF: 2
MAXIT_POISSON: 3000
TOL_SCF: 5.00E-03
POISSON_SOLVER: AAR
TOL_POISSON: 5.00E-05
TOL_LANCZOS: 1.00E-02
TOL_PSEUDOCHARGE: 5.00E-06
MIXING_VARIABLE: density
MIXING_PRECOND: kerker
MIXING_PRECOND_MAG: none
TOL_PRECOND: 8.33E-05
PRECOND_KERKER_KTF: 1
PRECOND_KERKER_THRESH: 0.1
MIXING_PARAMETER: 0.5
MIXING_PARAMETER_MAG: 0.5
MIXING_HISTORY: 7
PULAY_FREQUENCY: 1
PULAY_RESTART: 0
REFERENCE_CUTOFF: 0.5
RHO_TRIGGER: 4
FIX_RAND: 0
VERBOSITY: 1
PRINT_FORCES: 1
PRINT_ATOMS: 1
PRINT_EIGEN: 0
PRINT_DENSITY: 0
PRINT_ENERGY_DENSITY: 0
OUTPUT_FILE: graphene_z30
***************************************************************************
                                Cell                                       
***************************************************************************
Lattice vectors (Bohr):
37.295632110000000 0.000000000000000 0.000000000000000 
0.000000000000000 32.298964800000000 0.000000000000000 
0.000000000000000 0.000000000000000 30.000000000000000 
Volume: 3.6138309261E+04 (Bohr^3)
Density: 8.4417131359E-02 (amu/Bohr^3), 9.4596765833E-01 (g/cc)
***************************************************************************
                           Parallelization                                 
***************************************************************************
NP_SPIN_PARAL: 2
NP_KPOINT_PARAL: 1
NP_BAND_PARAL: 320
NP_DOMAIN_PARAL: 3 1 1
NP_DOMAIN_PHI_PARAL: 16 12 10
EIG_SERIAL_MAXNS: 1500
***************************************************************************
                             Initialization                                
***************************************************************************
Number of processors               :  1920
Mesh spacing in x-direction        :  0.289113 (Bohr)
Mesh spacing in y-direction        :  0.288384 (Bohr)
Mesh spacing in z-direction        :  0.288462 (Bohr)
Number of symmetry adapted k-points:  1
Output printed to                  :  graphene_z30.out
Total number of atom types         :  1
Total number of atoms              :  254
Total number of electrons          :  1016
Atom type 1  (valence electrons)   :  C 4
Pseudopotential                    :  ../06_C_4_1.2_1.2_pbe_n_v1.0.psp8
Atomic mass                        :  12.0106
Pseudocharge radii of atom type 1  :  6.36 6.34 6.35 (x, y, z dir)
Number of atoms of type 1          :  254
Estimated total memory usage       :  91.40 GB
Estimated memory per processor     :  48.75 MB
========================================================================================
                    Self Consistent Field (SCF#1)                     
========================================================================================
Iteration     Free Energy (Ha/atom)    Magnetization     SCF Error        Timing (sec)
1            -6.0665939975E+00         1.2086E+01        2.804E-01        13.388
2            -6.1656941327E+00         5.8279E+00        1.681E-01        1.540
3            -6.2170351835E+00         3.9544E+00        8.662E-02        1.530
4            -6.1859558174E+00         2.3039E+00        6.206E-02        1.565
5            -6.1615718221E+00         2.1113E+00        4.997E-02        1.523
6            -6.1469858434E+00         3.6073E+00        4.278E-02        1.536
7            -6.1185844853E+00         2.3513E+00        4.044E-02        2.576
8            -6.1046199018E+00         3.5859E+00        2.924E-02        1.618
9            -6.0896227834E+00         2.7325E+00        2.317E-02        1.530
10           -6.0804031267E+00         3.1834E+00        1.840E-02        1.677
11           -6.0688213772E+00         1.4665E+00        1.908E-02        1.509
12           -6.0674940123E+00         1.9040E+00        1.299E-02        1.516
13           -6.0664656296E+00         2.2954E+00        9.261E-03        1.519
14           -6.0649093857E+00         2.1500E+00        8.262E-03        1.572
15           -6.0645168270E+00         2.0529E+00        6.512E-03        1.973
16           -6.0644953935E+00         2.1465E+00        4.147E-03        1.518
Total number of SCF: 16    
====================================================================
                    Energy and force calculation                    
====================================================================
Free energy per atom               : -6.0644953935E+00 (Ha/atom)
Total free energy                  : -1.5403818300E+03 (Ha)
Band structure energy              : -3.7680568695E+02 (Ha)
Exchange correlation energy        : -5.5735930060E+02 (Ha)
Self and correction energy         : -2.6288670987E+03 (Ha)
-Entropy*kb*T                      : -2.0039577196E-03 (Ha)
Fermi level                        : -3.6450252236E-02 (Ha)
vdWDF energy                       :  6.5856698897E+00 (Ha)
RMS force                          :  4.2326025398E-02 (Ha/Bohr)
Maximum force                      :  1.6549059250E-01 (Ha/Bohr)
Time for force calculation         :  0.072 (sec)
Pressure                           :  2.6683835266E+00 (GPa)
Maximum stress                     :  4.8727410694E+00 (GPa)
Time for stress calculation        :  0.123 (sec)
***************************************************************************
                               Timing info                                 
***************************************************************************
Total walltime                     :  39.070 sec
___________________________________________________________________________

***************************************************************************
*             Material Physics & Mechanics Group, Georgia Tech            *
*                       PI: Phanish Suryanarayana                         *
*               List of contributors: See the documentation               *
*         Citation: See README.md or the documentation for details        *
*  Acknowledgements: U.S. DOE SC (DE-SC0019410), U.S. DOE NNSA (ASC)      *
*      {Preliminary developments: U.S. NSF (1333500,1663244,1553212)}     *
***************************************************************************
                                                                           
