***************************************************************************
*                       SPARC (version Apr 23, 2021)                      *
*   Copyright (c) 2020 Material Physics & Mechanics Group, Georgia Tech   *
*           Distributed under GNU General Public License 3 (GPL)          *
*                   Start time: Mon Jan 30 11:40:35 2023                  *
***************************************************************************
                           Input parameters                                
***************************************************************************
CELL: 38.25 38.25 38.25 
LATVEC:
1 0 0 
0 1 0 
0 0 1 
FD_GRID: 58 58 58
FD_ORDER: 12
BC: P P P
KPOINT_GRID: 1 1 1
KPOINT_SHIFT: 0 0 0
SPIN_TYP: 0
ELEC_TEMP_TYPE: Fermi-Dirac
ELEC_TEMP: 1120
CHEB_DEGREE: 15
NSTATES: 900
#WARNING: Number of bands may be insufficient for efficient SCF convergence.
EXCHANGE_CORRELATION: GGA_PBE
CALC_STRESS: 0
CALC_PRES: 0
TWTIME: 1E+09
MD_FLAG: 1
MD_METHOD: NVT_NH
MD_TIMESTEP: 1
MD_NSTEP: 20
ION_VEL_DSTR: 2
ION_VEL_DSTR_RAND: 0
ION_TEMP: 1120
ION_TEMP_END: 1120
QMASS: 1653.65493345972
CHEFSI_BOUND_FLAG: 0
MAXIT_SCF: 100
MINIT_SCF: 3
MAXIT_POISSON: 3000
TOL_SCF: 1.00E-04
POISSON_SOLVER: AAR
TOL_POISSON: 1.00E-06
TOL_LANCZOS: 1.00E-02
TOL_PSEUDOCHARGE: 1.00E-06
MIXING_VARIABLE: density
MIXING_PRECOND: kerker
TOL_PRECOND: 4.35E-04
PRECOND_KERKER_KTF: 1
PRECOND_KERKER_THRESH: 0.1
MIXING_PARAMETER: 0.5
MIXING_HISTORY: 7
PULAY_FREQUENCY: 1
PULAY_RESTART: 0
REFERENCE_CUTOFF: 0.5
RHO_TRIGGER: 4
FIX_RAND: 0
VERBOSITY: 1
PRINT_FORCES: 1
PRINT_ATOMS: 0
PRINT_EIGEN: 0
PRINT_DENSITY: 0
PRINT_MDOUT: 1
PRINT_VELS: 1
PRINT_RESTART: 1
PRINT_RESTART_FQ: 20
OUTPUT_FILE: Al500
***************************************************************************
                           Parallelization                                 
***************************************************************************
NP_SPIN_PARAL: 1
NP_KPOINT_PARAL: 1
NP_BAND_PARAL: 900
NP_DOMAIN_PARAL: 1 1 1
NP_DOMAIN_PHI_PARAL: 9 9 9
EIG_SERIAL_MAXNS: 2000
***************************************************************************
                             Initialization                                
***************************************************************************
Number of processors               :  900
Mesh spacing                       :  0.659483 (Bohr)
Number of symmetry adapted k-points:  1
Output printed to                  :  Al500.out
MD output printed to               :  Al500.aimd
Total number of atom types         :  1
Total number of atoms              :  500
Total number of electrons          :  1500
Atom type 1  (valence electrons)   :  Al 3
Pseudopotential                    :  ../13_Al_3_1.9_1.9_pbe_n_v1.0.psp8
Atomic mass                        :  26.9815385
Pseudocharge radii of atom type 1  :  7.91 7.91 7.91 (x, y, z dir)
Number of atoms of type 1          :  500
Estimated total memory usage       :  7.89 GB
Estimated memory per processor     :  8.98 MB
===================================================================
                    Self Consistent Field (SCF#1)                     
===================================================================
Iteration     Free Energy (Ha/atom)   SCF Error        Timing (sec)
1            -2.3123887832E+00        1.477E-01        2.527
2            -2.3143084538E+00        8.327E-02        0.637
3            -2.3147850214E+00        2.036E-02        0.673
4            -2.3150751616E+00        1.870E-02        0.626
5            -2.3150304152E+00        4.865E-03        0.675
6            -2.3150605206E+00        2.121E-03        0.622
7            -2.3150734949E+00        1.150E-03        0.611
8            -2.3150789049E+00        1.022E-03        0.608
9            -2.3150807021E+00        3.470E-04        0.614
10           -2.3150815995E+00        1.262E-04        0.605
11           -2.3150820093E+00        9.420E-05        0.593
Total number of SCF: 11    

k = [0.000, 0.000, 0.000]
Occupation of state 810 = 0.011895579007026.
Occupation of state 900 = 0.000000112999875.
====================================================================
                    Energy and force calculation                    
====================================================================
Free energy per atom               : -2.3150819328E+00 (Ha/atom)
Total free energy                  : -1.1575409664E+03 (Ha)
Band structure energy              :  3.3524911689E+01 (Ha)
Exchange correlation energy        : -5.4809371747E+02 (Ha)
Self and correction energy         : -1.5622606515E+03 (Ha)
Entropy*kb*T                       : -2.6092351098E-01 (Ha)
Fermi level                        :  1.8690916303E-01 (Ha)
RMS force                          :  3.6487025227E-02 (Ha/Bohr)
Maximum force                      :  1.2631126103E-01 (Ha/Bohr)
Time for force calculation         :  0.039 (sec)
MD step time                       :  9.088 (sec)
===================================================================
                    Self Consistent Field (SCF#2)                     
===================================================================
Iteration     Free Energy (Ha/atom)   SCF Error        Timing (sec)
1            -2.3153048327E+00        2.271E-02        0.644
2            -2.3152079428E+00        1.545E-02        0.621
3            -2.3151604108E+00        1.094E-02        0.617
4            -2.3151120819E+00        2.652E-03        0.624
5            -2.3151108326E+00        1.157E-03        0.630
6            -2.3151110145E+00        1.063E-03        0.614
7            -2.3151105951E+00        3.077E-04        0.608
8            -2.3151106018E+00        1.495E-04        0.616
9            -2.3151105839E+00        5.626E-05        0.591
Total number of SCF: 9     

k = [0.000, 0.000, 0.000]
Occupation of state 810 = 0.012005216414240.
Occupation of state 900 = 0.000000237096089.
====================================================================
                    Energy and force calculation                    
====================================================================
Free energy per atom               : -2.3151105544E+00 (Ha/atom)
Total free energy                  : -1.1575552772E+03 (Ha)
Band structure energy              :  3.3537565384E+01 (Ha)
Exchange correlation energy        : -5.4808390165E+02 (Ha)
Self and correction energy         : -1.5622606116E+03 (Ha)
Entropy*kb*T                       : -2.6110048528E-01 (Ha)
Fermi level                        :  1.8690891241E-01 (Ha)
RMS force                          :  3.6385044135E-02 (Ha/Bohr)
Maximum force                      :  1.2193882287E-01 (Ha/Bohr)
Time for force calculation         :  0.043 (sec)
MD step time                       :  5.773 (sec)
===================================================================
                    Self Consistent Field (SCF#3)                     
===================================================================
Iteration     Free Energy (Ha/atom)   SCF Error        Timing (sec)
1            -2.3153693358E+00        2.290E-02        0.646
2            -2.3152777928E+00        1.605E-02        0.619
3            -2.3152251567E+00        1.123E-02        0.620
4            -2.3151747131E+00        2.684E-03        0.618
5            -2.3151735189E+00        1.259E-03        0.615
6            -2.3151736999E+00        1.179E-03        0.617
7            -2.3151731870E+00        2.908E-04        0.622
8            -2.3151731544E+00        1.409E-04        0.619
9            -2.3151731515E+00        4.445E-05        0.592
Total number of SCF: 9     

k = [0.000, 0.000, 0.000]
Occupation of state 810 = 0.012042228562338.
Occupation of state 900 = 0.000000340302979.
====================================================================
                    Energy and force calculation                    
====================================================================
Free energy per atom               : -2.3151731385E+00 (Ha/atom)
Total free energy                  : -1.1575865693E+03 (Ha)
Band structure energy              :  3.3574445443E+01 (Ha)
Exchange correlation energy        : -5.4806037191E+02 (Ha)
Self and correction energy         : -1.5622605970E+03 (Ha)
Entropy*kb*T                       : -2.6123145502E-01 (Ha)
Fermi level                        :  1.8692720483E-01 (Ha)
RMS force                          :  3.6143096596E-02 (Ha/Bohr)
Maximum force                      :  1.1960303942E-01 (Ha/Bohr)
Time for force calculation         :  0.039 (sec)
MD step time                       :  5.672 (sec)
===================================================================
                    Self Consistent Field (SCF#4)                     
===================================================================
Iteration     Free Energy (Ha/atom)   SCF Error        Timing (sec)
1            -2.3152758982E+00        5.801E-03        0.648
2            -2.3152985645E+00        8.678E-03        0.626
3            -2.3152657582E+00        1.237E-03        0.615
4            -2.3152662950E+00        6.812E-04        0.616
5            -2.3152662094E+00        3.829E-04        0.613
6            -2.3152661534E+00        1.356E-04        0.616
7            -2.3152661391E+00        5.145E-05        0.600
Total number of SCF: 7     

k = [0.000, 0.000, 0.000]
Occupation of state 810 = 0.012080505041194.
Occupation of state 900 = 0.000000399315456.
====================================================================
                    Energy and force calculation                    
====================================================================
Free energy per atom               : -2.3152661292E+00 (Ha/atom)
Total free energy                  : -1.1576330646E+03 (Ha)
Band structure energy              :  3.3634978777E+01 (Ha)
Exchange correlation energy        : -5.4802380694E+02 (Ha)
Self and correction energy         : -1.5622606087E+03 (Ha)
Entropy*kb*T                       : -2.6148766032E-01 (Ha)
Fermi level                        :  1.8695998475E-01 (Ha)
RMS force                          :  3.5755537451E-02 (Ha/Bohr)
Maximum force                      :  1.1689091426E-01 (Ha/Bohr)
Time for force calculation         :  0.040 (sec)
MD step time                       :  4.434 (sec)
===================================================================
                    Self Consistent Field (SCF#5)                     
===================================================================
Iteration     Free Energy (Ha/atom)   SCF Error        Timing (sec)
1            -2.3153983204E+00        6.108E-03        0.638
2            -2.3154231366E+00        9.194E-03        0.621
3            -2.3153866681E+00        1.262E-03        0.628
4            -2.3153871204E+00        6.763E-04        0.617
5            -2.3153870747E+00        2.987E-04        0.618
6            -2.3153870414E+00        1.046E-04        0.615
7            -2.3153870417E+00        4.301E-05        0.596
Total number of SCF: 7     

k = [0.000, 0.000, 0.000]
Occupation of state 810 = 0.012091668693386.
Occupation of state 900 = 0.000000446512654.
====================================================================
                    Energy and force calculation                    
====================================================================
Free energy per atom               : -2.3153870303E+00 (Ha/atom)
Total free energy                  : -1.1576935151E+03 (Ha)
Band structure energy              :  3.3717611628E+01 (Ha)
Exchange correlation energy        : -5.4797504323E+02 (Ha)
Self and correction energy         : -1.5622606499E+03 (Ha)
Entropy*kb*T                       : -2.6186524717E-01 (Ha)
Fermi level                        :  1.8700640971E-01 (Ha)
RMS force                          :  3.5223948555E-02 (Ha/Bohr)
Maximum force                      :  1.1280689726E-01 (Ha/Bohr)
Time for force calculation         :  0.040 (sec)
MD step time                       :  4.437 (sec)
===================================================================
                    Self Consistent Field (SCF#6)                     
===================================================================
Iteration     Free Energy (Ha/atom)   SCF Error        Timing (sec)
1            -2.3155480684E+00        6.600E-03        0.643
2            -2.3155778671E+00        1.008E-02        0.620
3            -2.3155333838E+00        1.253E-03        0.617
4            -2.3155340200E+00        7.787E-04        0.612
5            -2.3155339824E+00        5.515E-04        0.614
6            -2.3155338581E+00        1.163E-04        0.611
7            -2.3155338504E+00        4.713E-05        0.596
Total number of SCF: 7     

k = [0.000, 0.000, 0.000]
Occupation of state 810 = 0.012082391516962.
Occupation of state 900 = 0.000000488482013.
====================================================================
                    Energy and force calculation                    
====================================================================
Free energy per atom               : -2.3155338307E+00 (Ha/atom)
Total free energy                  : -1.1577669153E+03 (Ha)
Band structure energy              :  3.3819712204E+01 (Ha)
Exchange correlation energy        : -5.4791523770E+02 (Ha)
Self and correction energy         : -1.5622607343E+03 (Ha)
Entropy*kb*T                       : -2.6235276178E-01 (Ha)
Fermi level                        :  1.8706538837E-01 (Ha)
RMS force                          :  3.4564951893E-02 (Ha/Bohr)
Maximum force                      :  1.0812025982E-01 (Ha/Bohr)
Time for force calculation         :  0.039 (sec)
MD step time                       :  4.419 (sec)
===================================================================
                    Self Consistent Field (SCF#7)                     
===================================================================
Iteration     Free Energy (Ha/atom)   SCF Error        Timing (sec)
1            -2.3157194631E+00        6.706E-03        0.656
2            -2.3157487535E+00        1.004E-02        0.618
3            -2.3157038628E+00        1.252E-03        0.629
4            -2.3157044479E+00        7.273E-04        0.615
5            -2.3157044398E+00        4.768E-04        0.614
6            -2.3157043435E+00        1.095E-04        0.610
7            -2.3157043378E+00        5.168E-05        0.595
Total number of SCF: 7     

k = [0.000, 0.000, 0.000]
Occupation of state 810 = 0.012089270428209.
Occupation of state 900 = 0.000000514073375.
====================================================================
                    Energy and force calculation                    
====================================================================
Free energy per atom               : -2.3157043155E+00 (Ha/atom)
Total free energy                  : -1.1578521577E+03 (Ha)
Band structure energy              :  3.3937793362E+01 (Ha)
Exchange correlation energy        : -5.4784587857E+02 (Ha)
Self and correction energy         : -1.5622608626E+03 (Ha)
Entropy*kb*T                       : -2.6293489331E-01 (Ha)
Fermi level                        :  1.8713518761E-01 (Ha)
RMS force                          :  3.3795200643E-02 (Ha/Bohr)
Maximum force                      :  1.0227578891E-01 (Ha/Bohr)
Time for force calculation         :  0.040 (sec)
MD step time                       :  4.438 (sec)
===================================================================
                    Self Consistent Field (SCF#8)                     
===================================================================
Iteration     Free Energy (Ha/atom)   SCF Error        Timing (sec)
1            -2.3159299114E+00        9.154E-03        0.645
2            -2.3159914550E+00        1.448E-02        0.620
3            -2.3158964392E+00        1.403E-03        0.615
4            -2.3158975155E+00        9.233E-04        0.616
5            -2.3158973839E+00        5.288E-04        0.623
6            -2.3158972732E+00        1.952E-04        0.606
7            -2.3158972547E+00        5.999E-05        0.597
Total number of SCF: 7     

k = [0.000, 0.000, 0.000]
Occupation of state 810 = 0.012209688127126.
Occupation of state 900 = 0.000000526382371.
====================================================================
                    Energy and force calculation                    
====================================================================
Free energy per atom               : -2.3158972304E+00 (Ha/atom)
Total free energy                  : -1.1579486152E+03 (Ha)
Band structure energy              :  3.4068266032E+01 (Ha)
Exchange correlation energy        : -5.4776829201E+02 (Ha)
Self and correction energy         : -1.5622610261E+03 (Ha)
Entropy*kb*T                       : -2.6360164825E-01 (Ha)
Fermi level                        :  1.8721380223E-01 (Ha)
RMS force                          :  3.2931681658E-02 (Ha/Bohr)
Maximum force                      :  9.6730686730E-02 (Ha/Bohr)
Time for force calculation         :  0.041 (sec)
MD step time                       :  4.423 (sec)
===================================================================
                    Self Consistent Field (SCF#9)                     
===================================================================
Iteration     Free Energy (Ha/atom)   SCF Error        Timing (sec)
1            -2.3161485146E+00        9.851E-03        0.633
2            -2.3162212496E+00        1.572E-02        0.617
3            -2.3161089708E+00        1.462E-03        0.612
4            -2.3161102302E+00        1.015E-03        0.612
5            -2.3161100681E+00        6.351E-04        0.615
6            -2.3161099116E+00        2.250E-04        0.610
7            -2.3161098788E+00        7.253E-05        0.591
Total number of SCF: 7     

k = [0.000, 0.000, 0.000]
Occupation of state 810 = 0.012516229402851.
Occupation of state 900 = 0.000000535497481.
====================================================================
                    Energy and force calculation                    
====================================================================
Free energy per atom               : -2.3161098444E+00 (Ha/atom)
Total free energy                  : -1.1580549222E+03 (Ha)
Band structure energy              :  3.4207790471E+01 (Ha)
Exchange correlation energy        : -5.4768399463E+02 (Ha)
Self and correction energy         : -1.5622612174E+03 (Ha)
Entropy*kb*T                       : -2.6434099353E-01 (Ha)
Fermi level                        :  1.8729932587E-01 (Ha)
RMS force                          :  3.1989670544E-02 (Ha/Bohr)
Maximum force                      :  8.9860445783E-02 (Ha/Bohr)
Time for force calculation         :  0.040 (sec)
MD step time                       :  4.391 (sec)
===================================================================
                    Self Consistent Field (SCF#10)                     
===================================================================
Iteration     Free Energy (Ha/atom)   SCF Error        Timing (sec)
1            -2.3163871073E+00        1.088E-02        0.629
2            -2.3164757580E+00        1.742E-02        0.616
3            -2.3163376721E+00        1.555E-03        0.610
4            -2.3163388359E+00        9.277E-04        0.619
5            -2.3163388659E+00        6.445E-04        0.610
6            -2.3163387228E+00        2.594E-04        0.604
7            -2.3163387039E+00        8.153E-05        0.592
Total number of SCF: 7     

k = [0.000, 0.000, 0.000]
Occupation of state 810 = 0.012882828513115.
Occupation of state 900 = 0.000000543656524.
====================================================================
                    Energy and force calculation                    
====================================================================
Free energy per atom               : -2.3163386400E+00 (Ha/atom)
Total free energy                  : -1.1581693200E+03 (Ha)
Band structure energy              :  3.4353742812E+01 (Ha)
Exchange correlation energy        : -5.4759453303E+02 (Ha)
Self and correction energy         : -1.5622614268E+03 (Ha)
Entropy*kb*T                       : -2.6513958418E-01 (Ha)
Fermi level                        :  1.8739036244E-01 (Ha)
RMS force                          :  3.0996651768E-02 (Ha/Bohr)
Maximum force                      :  8.3680994764E-02 (Ha/Bohr)
Time for force calculation         :  0.040 (sec)
MD step time                       :  4.384 (sec)
===================================================================
                    Self Consistent Field (SCF#11)                     
===================================================================
Iteration     Free Energy (Ha/atom)   SCF Error        Timing (sec)
1            -2.3166523867E+00        1.312E-02        0.640
2            -2.3167815704E+00        2.114E-02        0.615
3            -2.3165781635E+00        1.722E-03        0.611
4            -2.3165795418E+00        9.147E-04        0.609
5            -2.3165797157E+00        6.857E-04        0.607
6            -2.3165795721E+00        2.697E-04        0.609
7            -2.3165795454E+00        9.003E-05        0.593
Total number of SCF: 7     

k = [0.000, 0.000, 0.000]
Occupation of state 810 = 0.013282651498417.
Occupation of state 900 = 0.000000551792126.
====================================================================
                    Energy and force calculation                    
====================================================================
Free energy per atom               : -2.3165794544E+00 (Ha/atom)
Total free energy                  : -1.1582897272E+03 (Ha)
Band structure energy              :  3.4503600231E+01 (Ha)
Exchange correlation energy        : -5.4750141753E+02 (Ha)
Self and correction energy         : -1.5622616382E+03 (Ha)
Entropy*kb*T                       : -2.6598847882E-01 (Ha)
Fermi level                        :  1.8748545174E-01 (Ha)
RMS force                          :  2.9960586559E-02 (Ha/Bohr)
Maximum force                      :  7.9907698893E-02 (Ha/Bohr)
Time for force calculation         :  0.040 (sec)
MD step time                       :  4.384 (sec)
===================================================================
                    Self Consistent Field (SCF#12)                     
===================================================================
Iteration     Free Energy (Ha/atom)   SCF Error        Timing (sec)
1            -2.3169304301E+00        1.560E-02        0.634
2            -2.3171156283E+00        2.522E-02        0.621
3            -2.3168241835E+00        2.094E-03        0.613
4            -2.3168255660E+00        8.772E-04        0.613
5            -2.3168259628E+00        6.104E-04        0.678
6            -2.3168258748E+00        3.285E-04        0.614
7            -2.3168258233E+00        1.163E-04        0.607
8            -2.3168258239E+00        8.785E-05        0.594
Total number of SCF: 8     

k = [0.000, 0.000, 0.000]
Occupation of state 810 = 0.013659305968604.
Occupation of state 900 = 0.000000562487923.
====================================================================
                    Energy and force calculation                    
====================================================================
Free energy per atom               : -2.3168257209E+00 (Ha/atom)
Total free energy                  : -1.1584128604E+03 (Ha)
Band structure energy              :  3.4657029865E+01 (Ha)
Exchange correlation energy        : -5.4740591371E+02 (Ha)
Self and correction energy         : -1.5622618435E+03 (Ha)
Entropy*kb*T                       : -2.6687000897E-01 (Ha)
Fermi level                        :  1.8758430136E-01 (Ha)
RMS force                          :  2.8904778625E-02 (Ha/Bohr)
Maximum force                      :  7.8372578324E-02 (Ha/Bohr)
Time for force calculation         :  0.040 (sec)
MD step time                       :  5.081 (sec)
===================================================================
                    Self Consistent Field (SCF#13)                     
===================================================================
Iteration     Free Energy (Ha/atom)   SCF Error        Timing (sec)
1            -2.3170880086E+00        7.146E-03        0.636
2            -2.3171178554E+00        1.048E-02        0.613
3            -2.3170701644E+00        1.440E-03        0.608
4            -2.3170703121E+00        7.520E-04        0.613
5            -2.3170703688E+00        2.982E-04        0.610
6            -2.3170703421E+00        1.025E-04        0.639
7            -2.3170703434E+00        8.580E-05        0.587
Total number of SCF: 7     

k = [0.000, 0.000, 0.000]
Occupation of state 810 = 0.013994317942509.
Occupation of state 900 = 0.000000571150303.
====================================================================
                    Energy and force calculation                    
====================================================================
Free energy per atom               : -2.3170702243E+00 (Ha/atom)
Total free energy                  : -1.1585351122E+03 (Ha)
Band structure energy              :  3.4812983443E+01 (Ha)
Exchange correlation energy        : -5.4730968121E+02 (Ha)
Self and correction energy         : -1.5622620350E+03 (Ha)
Entropy*kb*T                       : -2.6779873994E-01 (Ha)
Fermi level                        :  1.8768646072E-01 (Ha)
RMS force                          :  2.7833100853E-02 (Ha/Bohr)
Maximum force                      :  7.8344783505E-02 (Ha/Bohr)
Time for force calculation         :  0.040 (sec)
MD step time                       :  4.407 (sec)
===================================================================
                    Self Consistent Field (SCF#14)                     
===================================================================
Iteration     Free Energy (Ha/atom)   SCF Error        Timing (sec)
1            -2.3173996105E+00        1.475E-02        0.631
2            -2.3175683027E+00        2.410E-02        0.626
3            -2.3173061837E+00        1.977E-03        0.607
4            -2.3173074068E+00        8.930E-04        0.636
5            -2.3173078389E+00        7.757E-04        0.612
6            -2.3173076239E+00        2.701E-04        0.662
7            -2.3173076181E+00        1.106E-04        0.665
8            -2.3173076037E+00        8.063E-05        0.633
Total number of SCF: 8     

k = [0.000, 0.000, 0.000]
Occupation of state 810 = 0.014334039055789.
Occupation of state 900 = 0.000000581169030.
====================================================================
                    Energy and force calculation                    
====================================================================
Free energy per atom               : -2.3173075301E+00 (Ha/atom)
Total free energy                  : -1.1586537650E+03 (Ha)
Band structure energy              :  3.4970654345E+01 (Ha)
Exchange correlation energy        : -5.4721392986E+02 (Ha)
Self and correction energy         : -1.5622622169E+03 (Ha)
Entropy*kb*T                       : -2.6874577182E-01 (Ha)
Fermi level                        :  1.8779083181E-01 (Ha)
RMS force                          :  2.6768887369E-02 (Ha/Bohr)
Maximum force                      :  7.7065781281E-02 (Ha/Bohr)
Time for force calculation         :  0.040 (sec)
MD step time                       :  5.177 (sec)
===================================================================
                    Self Consistent Field (SCF#15)                     
===================================================================
Iteration     Free Energy (Ha/atom)   SCF Error        Timing (sec)
1            -2.3175509241E+00        6.766E-03        0.691
2            -2.3175786885E+00        9.969E-03        0.616
3            -2.3175353732E+00        1.328E-03        0.615
4            -2.3175356728E+00        7.170E-04        0.611
5            -2.3175356860E+00        2.182E-04        0.611
6            -2.3175356652E+00        8.534E-05        0.592
Total number of SCF: 6     

k = [0.000, 0.000, 0.000]
Occupation of state 810 = 0.014689685891229.
Occupation of state 900 = 0.000000586486384.
====================================================================
                    Energy and force calculation                    
====================================================================
Free energy per atom               : -2.3175355795E+00 (Ha/atom)
Total free energy                  : -1.1587677897E+03 (Ha)
Band structure energy              :  3.5128546303E+01 (Ha)
Exchange correlation energy        : -5.4711964955E+02 (Ha)
Self and correction energy         : -1.5622623905E+03 (Ha)
Entropy*kb*T                       : -2.6972429931E-01 (Ha)
Fermi level                        :  1.8789647235E-01 (Ha)
RMS force                          :  2.5724866385E-02 (Ha/Bohr)
Maximum force                      :  7.5183880598E-02 (Ha/Bohr)
Time for force calculation         :  0.040 (sec)
MD step time                       :  3.837 (sec)
===================================================================
                    Self Consistent Field (SCF#16)                     
===================================================================
Iteration     Free Energy (Ha/atom)   SCF Error        Timing (sec)
1            -2.3178217416E+00        1.277E-02        0.636
2            -2.3179510038E+00        2.094E-02        0.613
3            -2.3177530973E+00        1.763E-03        0.611
4            -2.3177544636E+00        9.711E-04        0.614
5            -2.3177546467E+00        7.777E-04        0.605
6            -2.3177544501E+00        3.477E-04        0.608
7            -2.3177543967E+00        9.333E-05        0.588
Total number of SCF: 7     

k = [0.000, 0.000, 0.000]
Occupation of state 810 = 0.015090116086427.
Occupation of state 900 = 0.000000592062077.
====================================================================
                    Energy and force calculation                    
====================================================================
Free energy per atom               : -2.3177543286E+00 (Ha/atom)
Total free energy                  : -1.1588771643E+03 (Ha)
Band structure energy              :  3.5283043997E+01 (Ha)
Exchange correlation energy        : -5.4702811718E+02 (Ha)
Self and correction energy         : -1.5622625539E+03 (Ha)
Entropy*kb*T                       : -2.7069232701E-01 (Ha)
Fermi level                        :  1.8800105501E-01 (Ha)
RMS force                          :  2.4725604413E-02 (Ha/Bohr)
Maximum force                      :  7.2742334428E-02 (Ha/Bohr)
Time for force calculation         :  0.040 (sec)
MD step time                       :  4.379 (sec)
===================================================================
                    Self Consistent Field (SCF#17)                     
===================================================================
Iteration     Free Energy (Ha/atom)   SCF Error        Timing (sec)
1            -2.3180716084E+00        1.583E-02        0.630
2            -2.3182714684E+00        2.611E-02        0.612
3            -2.3179629723E+00        1.986E-03        0.611
4            -2.3179649983E+00        1.017E-03        0.613
5            -2.3179651630E+00        7.101E-04        0.606
6            -2.3179650286E+00        3.284E-04        0.606
7            -2.3179649820E+00        9.207E-05        0.590
Total number of SCF: 7     

k = [0.000, 0.000, 0.000]
Occupation of state 810 = 0.015552581250161.
Occupation of state 900 = 0.000000594290217.
====================================================================
                    Energy and force calculation                    
====================================================================
Free energy per atom               : -2.3179649185E+00 (Ha/atom)
Total free energy                  : -1.1589824592E+03 (Ha)
Band structure energy              :  3.5431389964E+01 (Ha)
Exchange correlation energy        : -5.4694009336E+02 (Ha)
Self and correction energy         : -1.5622627047E+03 (Ha)
Entropy*kb*T                       : -2.7165725146E-01 (Ha)
Fermi level                        :  1.8810277413E-01 (Ha)
RMS force                          :  2.3770025985E-02 (Ha/Bohr)
Maximum force                      :  7.0212722737E-02 (Ha/Bohr)
Time for force calculation         :  0.041 (sec)
MD step time                       :  4.373 (sec)
===================================================================
                    Self Consistent Field (SCF#18)                     
===================================================================
Iteration     Free Energy (Ha/atom)   SCF Error        Timing (sec)
1            -2.3182762477E+00        1.597E-02        0.632
2            -2.3184793632E+00        2.631E-02        0.621
3            -2.3181658719E+00        2.056E-03        0.619
4            -2.3181676528E+00        9.684E-04        0.610
5            -2.3181680370E+00        8.476E-04        0.609
6            -2.3181677955E+00        3.154E-04        0.610
7            -2.3181677736E+00        1.112E-04        0.615
8            -2.3181677717E+00        5.773E-05        0.589
Total number of SCF: 8     

k = [0.000, 0.000, 0.000]
Occupation of state 810 = 0.016073645526325.
Occupation of state 900 = 0.000000594168691.
====================================================================
                    Energy and force calculation                    
====================================================================
Free energy per atom               : -2.3181677538E+00 (Ha/atom)
Total free energy                  : -1.1590838769E+03 (Ha)
Band structure energy              :  3.5571745689E+01 (Ha)
Exchange correlation energy        : -5.4685610709E+02 (Ha)
Self and correction energy         : -1.5622628473E+03 (Ha)
Entropy*kb*T                       : -2.7261941461E-01 (Ha)
Fermi level                        :  1.8820045787E-01 (Ha)
RMS force                          :  2.2881670814E-02 (Ha/Bohr)
Maximum force                      :  6.7013477433E-02 (Ha/Bohr)
Time for force calculation         :  0.040 (sec)
MD step time                       :  5.005 (sec)
===================================================================
                    Self Consistent Field (SCF#19)                     
===================================================================
Iteration     Free Energy (Ha/atom)   SCF Error        Timing (sec)
1            -2.3183699877E+00        5.578E-03        0.628
2            -2.3183869012E+00        7.778E-03        0.618
3            -2.3183611162E+00        1.318E-03        0.618
4            -2.3183613063E+00        6.846E-04        0.612
5            -2.3183613206E+00        3.347E-04        0.608
6            -2.3183612751E+00        1.014E-04        0.609
7            -2.3183612800E+00        8.092E-05        0.587
Total number of SCF: 7     

k = [0.000, 0.000, 0.000]
Occupation of state 810 = 0.016644844323350.
Occupation of state 900 = 0.000000590440923.
====================================================================
                    Energy and force calculation                    
====================================================================
Free energy per atom               : -2.3183611783E+00 (Ha/atom)
Total free energy                  : -1.1591805892E+03 (Ha)
Band structure energy              :  3.5702545486E+01 (Ha)
Exchange correlation energy        : -5.4677687819E+02 (Ha)
Self and correction energy         : -1.5622629905E+03 (Ha)
Entropy*kb*T                       : -2.7357198347E-01 (Ha)
Fermi level                        :  1.8829268547E-01 (Ha)
RMS force                          :  2.2066691480E-02 (Ha/Bohr)
Maximum force                      :  6.3288108153E-02 (Ha/Bohr)
Time for force calculation         :  0.040 (sec)
MD step time                       :  4.379 (sec)
===================================================================
                    Self Consistent Field (SCF#20)                     
===================================================================
Iteration     Free Energy (Ha/atom)   SCF Error        Timing (sec)
1            -2.3185721781E+00        9.082E-03        0.627
2            -2.3186411369E+00        1.522E-02        0.603
3            -2.3185411321E+00        1.410E-03        0.608
4            -2.3185422925E+00        1.060E-03        0.621
5            -2.3185421925E+00        7.618E-04        0.605
6            -2.3185419601E+00        2.116E-04        0.601
7            -2.3185419559E+00        6.698E-05        0.586
Total number of SCF: 7     

k = [0.000, 0.000, 0.000]
Occupation of state 810 = 0.017236656963244.
Occupation of state 900 = 0.000000588991544.
====================================================================
                    Energy and force calculation                    
====================================================================
Free energy per atom               : -2.3185419221E+00 (Ha/atom)
Total free energy                  : -1.1592709610E+03 (Ha)
Band structure energy              :  3.5824162800E+01 (Ha)
Exchange correlation energy        : -5.4670279054E+02 (Ha)
Self and correction energy         : -1.5622631415E+03 (Ha)
Entropy*kb*T                       : -2.7449819322E-01 (Ha)
Fermi level                        :  1.8837978751E-01 (Ha)
RMS force                          :  2.1327947179E-02 (Ha/Bohr)
Maximum force                      :  6.2925704474E-02 (Ha/Bohr)
Time for force calculation         :  0.046 (sec)
MD step time                       :  4.361 (sec)
***************************************************************************
                               Timing info                                 
***************************************************************************
Total walltime                     :  96.879 sec
___________________________________________________________________________

***************************************************************************
*             Material Physics & Mechanics Group, Georgia Tech            *
*                       PI: Phanish Suryanarayana                         *
*                Main Developers: Qimen Xu, Abhiraj Sharma                *
*     Collaborators: J.E. Pask (LLNL), A.J. Medford (GT), E. Chow (GT)    *
*  Acknowledgements: U.S. DOE (DE-SC0019410); U.S. NSF (1333500,1553212)  *
***************************************************************************
                                                                           
