***************************************************************************
*                       SPARC (version Apr 23, 2021)                      *
*   Copyright (c) 2020 Material Physics & Mechanics Group, Georgia Tech   *
*           Distributed under GNU General Public License 3 (GPL)          *
*                   Start time: Sun Jan 22 16:28:10 2023                  *
***************************************************************************
                           Input parameters                                
***************************************************************************
CELL: 39.1486737772564 39.1486737772564 39.1486737772564 
LATVEC:
1 0 0 
0 1 0 
0 0 1 
FD_GRID: 280 280 280
FD_ORDER: 12
BC: P P P
KPOINT_GRID: 1 1 1
KPOINT_SHIFT: 0 0 0
SPIN_TYP: 0
ELEC_TEMP_TYPE: Fermi-Dirac
SMEARING: 0.007600347752
CHEB_DEGREE: 43
NSTATES: 2200
#WARNING: Number of bands may be insufficient for efficient SCF convergence.
EXCHANGE_CORRELATION: GGA_PBE
CALC_STRESS: 0
CALC_PRES: 0
CHEFSI_BOUND_FLAG: 0
MAXIT_SCF: 20
MINIT_SCF: 3
MAXIT_POISSON: 3000
TOL_SCF: 1.00E-04
POISSON_SOLVER: AAR
TOL_POISSON: 1.00E-06
TOL_LANCZOS: 1.00E-02
TOL_PSEUDOCHARGE: 1.00E-06
MIXING_VARIABLE: potential
MIXING_PRECOND: none
#WARNING: the preconditioner for SCF has been turned off, this 
#might lead to slow SCF convergence. To specify SCF preconditioner, 
#use 'MIXING_PRECOND' in the .inpt file
MIXING_PARAMETER: 0.6
MIXING_HISTORY: 7
PULAY_FREQUENCY: 1
PULAY_RESTART: 0
REFERENCE_CUTOFF: 0.5
RHO_TRIGGER: 4
FIX_RAND: 0
VERBOSITY: 1
PRINT_FORCES: 1
PRINT_ATOMS: 0
PRINT_EIGEN: 0
PRINT_DENSITY: 0
OUTPUT_FILE: He2000
***************************************************************************
                           Parallelization                                 
***************************************************************************
NP_SPIN_PARAL: 1
NP_KPOINT_PARAL: 1
NP_BAND_PARAL: 768
NP_DOMAIN_PARAL: 1 1 1
NP_DOMAIN_PHI_PARAL: 8 8 12
EIG_SERIAL_MAXNS: 2000
EIG_PARAL_BLKSZ: 128
***************************************************************************
                             Initialization                                
***************************************************************************
Number of processors               :  768
Mesh spacing                       :  0.139817 (Bohr)
Number of symmetry adapted k-points:  1
Output printed to                  :  He2000.out
Total number of atom types         :  1
Total number of atoms              :  2000
Total number of electrons          :  4000
Atom type 1  (valence electrons)   :  He 2
Pseudopotential                    :  ../02_He_2_1.1_1.2_pbe_v1.0.psp8
Pseudocharge radii of atom type 1  :  6.29 6.29 6.29 (x, y, z dir)
Number of atoms of type 1          :  2000
Estimated total memory usage       :  2.11 TB
Estimated memory per processor     :  2.82 GB
===================================================================
                    Self Consistent Field (SCF#1)                     
===================================================================
Iteration     Free Energy (Ha/atom)   SCF Error        Timing (sec)
1            -2.8180277740E+00        3.577E-02        788.764
2            -2.8209444393E+00        1.769E-02        134.648
3            -2.8210022882E+00        4.347E-03        131.584
4            -2.8210033012E+00        9.635E-04        132.608
5            -2.8210033691E+00        1.676E-04        132.485
6            -2.8210033720E+00        3.627E-05        128.420
Total number of SCF: 6     

k = [0.000, 0.000, 0.000]
Occupation of state 1980 = 2.000000000000000.
Occupation of state 2200 = 0.000000000018080.
====================================================================
                    Energy and force calculation                    
====================================================================
Free energy per atom               : -2.8210033720E+00 (Ha/atom)
Total free energy                  : -5.6420067439E+03 (Ha)
Band structure energy              : -1.7919631430E+03 (Ha)
Exchange correlation energy        : -2.1235512790E+03 (Ha)
Self and correction energy         : -5.7264377395E+03 (Ha)
Entropy*kb*T                       : -1.0149685009E-05 (Ha)
Fermi level                        :  1.9103923932E-01 (Ha)
RMS force                          :  3.9892135133E-02 (Ha/Bohr)
Maximum force                      :  1.2127908932E-01 (Ha/Bohr)
Time for force calculation         :  2.928 (sec)
***************************************************************************
                               Timing info                                 
***************************************************************************
Total walltime                     :  1470.112 sec
___________________________________________________________________________

***************************************************************************
*             Material Physics & Mechanics Group, Georgia Tech            *
*                       PI: Phanish Suryanarayana                         *
*                Main Developers: Qimen Xu, Abhiraj Sharma                *
*     Collaborators: J.E. Pask (LLNL), A.J. Medford (GT), E. Chow (GT)    *
*  Acknowledgements: U.S. DOE (DE-SC0019410); U.S. NSF (1333500,1553212)  *
***************************************************************************
                                                                           
