---------------------------------------
Begin Slurm Prolog: Jan-22-2023 16:06:11
Job ID:    563191
User ID:   bzhang376
Account:   gts-phanish6-coda20
Job name:  He2000_mesh
Partition: cpu-small
QOS:       inferno
---------------------------------------

Lmod is automatically replacing "gcc/10.3.0-o57x6h" with "intel/20.0.4".


The following have been reloaded with a version change:
  1) mvapich2/2.3.6-ouywal => mvapich2/2.3.6-z2duuy

---------------------------------------
Begin Slurm Epilog: Jan-22-2023 16:08:29
Job ID:        563191
Array Job ID:  _4294967294
User ID:       bzhang376
Account:       gts-phanish6-coda20
Job name:      He2000_mesh
Resources:     cpu=768,mem=5376G,node=64
Rsrc Used:     cput=1-05:26:24,vmem=10696K,walltime=00:02:18,mem=9476K,energy_used=0
Partition:     cpu-small
QOS:           inferno
Nodes:         atl1-1-02-015-1-[1-2],atl1-1-02-015-2-[1-2],atl1-1-02-015-3-[1-2],atl1-1-02-015-4-[1-2],atl1-1-02-015-5-[1-2],atl1-1-02-015-6-[1-2],atl1-1-02-015-7-[1-2],atl1-1-02-015-8-[1-2],atl1-1-02-015-9-[1-2],atl1-1-02-015-10-[1-2],atl1-1-02-015-11-[1-2],atl1-1-02-015-12-[1-2],atl1-1-02-015-13-[1-2],atl1-1-02-015-14-[1-2],atl1-1-02-015-15-[1-2],atl1-1-02-015-16-[1-2],atl1-1-02-015-17-[1-2],atl1-1-02-015-18-[1-2],atl1-1-02-015-19-[1-2],atl1-1-02-015-20-[1-2],atl1-1-02-015-21-[1-2],atl1-1-02-015-22-[1-2],atl1-1-02-015-23-[1-2],atl1-1-02-015-24-[1-2],atl1-1-02-015-25-[1-2],atl1-1-02-015-26-[1-2],atl1-1-02-015-27-[1-2],atl1-1-02-015-28-[1-2],atl1-1-02-015-29-[1-2],atl1-1-02-015-30-[1-2],atl1-1-02-015-31-[1-2],atl1-1-02-015-32-[1-2]
---------------------------------------
