***************************************************************************
*                       SPARC (version Feb 22, 2023)                      *
*   Copyright (c) 2020 Material Physics & Mechanics Group, Georgia Tech   *
*           Distributed under GNU General Public License 3 (GPL)          *
*                   Start time: Sat Feb 25 17:06:14 2023                  *
***************************************************************************
                           Input parameters                                
***************************************************************************
LATVEC_SCALE: 33.951919980244 33.951919980244 15.4201651868293 
LATVEC:
1 0 0 
0 1 0 
0 0 1 
FD_GRID: 136 136 62
FD_ORDER: 12
BC: D D P
KPOINT_GRID: 1 1 4
KPOINT_SHIFT: 0 0 0.5
SPIN_TYP: 0
ELEC_TEMP_TYPE: Fermi-Dirac
SMEARING: 0.001000000336
EXCHANGE_CORRELATION: GGA_PBE
NSTATES: 1650
CHEB_DEGREE: 30
CHEFSI_BOUND_FLAG: 0
CALC_STRESS: 0
CALC_PRES: 0
MAXIT_SCF: 100
MINIT_SCF: 2
MAXIT_POISSON: 3000
TOL_SCF: 1.00E-03
POISSON_SOLVER: AAR
TOL_POISSON: 1.00E-05
TOL_LANCZOS: 1.00E-02
TOL_PSEUDOCHARGE: 1.00E-06
MIXING_VARIABLE: potential
MIXING_PRECOND: kerker
TOL_PRECOND: 6.22E-05
PRECOND_KERKER_KTF: 1
PRECOND_KERKER_THRESH: 0.1
MIXING_PARAMETER: 0.8
MIXING_HISTORY: 7
PULAY_FREQUENCY: 1
PULAY_RESTART: 0
REFERENCE_CUTOFF: 0.5
RHO_TRIGGER: 6
FIX_RAND: 1
VERBOSITY: 1
PRINT_FORCES: 1
PRINT_ATOMS: 1
PRINT_EIGEN: 0
PRINT_DENSITY: 0
PRINT_ENERGY_DENSITY: 0
OUTPUT_FILE: Au72_SOC
***************************************************************************
                                Cell                                       
***************************************************************************
Lattice vectors (Bohr):
33.951919980244000 0.000000000000000 0.000000000000000 
0.000000000000000 33.951919980244000 0.000000000000000 
0.000000000000000 0.000000000000000 15.420165186829299 
Volume: 1.7775331277E+04 (Bohr^3)
Density: 7.9782439759E-01 (amu/Bohr^3), 8.9403189257E+00 (g/cc)
***************************************************************************
                           Parallelization                                 
***************************************************************************
NP_SPIN_PARAL: 1
NP_KPOINT_PARAL: 2
NP_BAND_PARAL: 240
NP_DOMAIN_PARAL: 1 1 1
NP_DOMAIN_PHI_PARAL: 10 12 4
EIG_SERIAL_MAXNS: 1500
EIG_PARAL_BLKSZ: 128
EIG_PARAL_ORFAC: 0.0e+00
EIG_PARAL_MAXNP: 64
***************************************************************************
                             Initialization                                
***************************************************************************
Number of processors               :  480
Mesh spacing in x-direction        :  0.249646 (Bohr)
Mesh spacing in y-direction        :  0.249646 (Bohr)
Mesh spacing in z-direction        :  0.248712 (Bohr)
Number of symmetry adapted k-points:  2
Output printed to                  :  Au72_SOC.out
Total number of atom types         :  1
Total number of atoms              :  72
Total number of electrons          :  1368
Atom type 1  (valence electrons)   :  Au 19
Pseudopotential                    :  ../Au_FR.psp8
Atomic mass                        :  196.966569
Pseudocharge radii of atom type 1  :  5.49 5.49 5.47 (x, y, z dir)
Number of atoms of type 1          :  72
Estimated total memory usage       :  687.16 GB
Estimated memory per processor     :  1.43 GB
===================================================================
                    Self Consistent Field (SCF#1)                     
===================================================================
Iteration     Free Energy (Ha/atom)   SCF Error        Timing (sec)
1            -1.4763973287E+02        2.396E-01        252.714
2            -1.4765381949E+02        2.738E-01        41.932
3            -1.4769205666E+02        2.514E-02        42.018
4            -1.4769203049E+02        2.605E-02        42.326
5            -1.4769215432E+02        3.214E-02        42.541
6            -1.4769210436E+02        3.672E-02        42.073
7            -1.4769230281E+02        1.142E-02        42.228
8            -1.4769241147E+02        1.326E-02        41.701
9            -1.4769234494E+02        2.037E-02        41.988
10           -1.4769241899E+02        4.460E-03        41.814
11           -1.4769247937E+02        5.417E-03        41.744
12           -1.4769237023E+02        1.857E-03        41.579
13           -1.4769239563E+02        4.346E-04        41.651
Total number of SCF: 13    
====================================================================
                    Energy and force calculation                    
====================================================================
Free energy per atom               : -1.4769239563E+02 (Ha/atom)
Total free energy                  : -1.0633852485E+04 (Ha)
Band structure energy              : -1.8314322656E+03 (Ha)
Exchange correlation energy        : -1.8234451397E+03 (Ha)
Self and correction energy         : -1.3447682648E+04 (Ha)
-Entropy*kb*T                      : -3.0377082439E-03 (Ha)
Fermi level                        : -1.8636356553E-01 (Ha)
RMS force                          :  5.0292807261E-03 (Ha/Bohr)
Maximum force                      :  1.5433931284E-02 (Ha/Bohr)
Time for force calculation         :  1.249 (sec)
***************************************************************************
                               Timing info                                 
***************************************************************************
Total walltime                     :  778.027 sec
___________________________________________________________________________

***************************************************************************
*             Material Physics & Mechanics Group, Georgia Tech            *
*                       PI: Phanish Suryanarayana                         *
*               List of contributors: See the documentation               *
*         Citation: See README.md or the documentation for details        *
*  Acknowledgements: U.S. DOE SC (DE-SC0019410), U.S. DOE NNSA (ASC)      *
*      {Preliminary developments: U.S. NSF (1333500,1663244,1553212)}     *
***************************************************************************
                                                                           
