---------------------------------------
Begin Slurm Prolog: Jan-29-2023 16:24:33
Job ID:    609750
User ID:   bzhang376
Account:   gts-phanish6-coda20
Job name:  Al500_scf
Partition: cpu-medium
QOS:       inferno
---------------------------------------
---------------------------------------
Begin Slurm Epilog: Jan-29-2023 16:24:55
Job ID:        609750
Array Job ID:  _4294967294
User ID:       bzhang376
Account:       gts-phanish6-coda20
Job name:      Al500_scf
Resources:     cpu=312,mem=3744G,node=26
Rsrc Used:     cput=01:49:12,vmem=1056K,walltime=00:00:21,mem=0,energy_used=0
Partition:     cpu-medium
QOS:           inferno
Nodes:         atl1-1-02-004-5-[1-2],atl1-1-02-004-6-1,atl1-1-02-004-7-2,atl1-1-02-004-8-2,atl1-1-02-004-9-[1-2],atl1-1-02-004-10-1,atl1-1-03-004-7-2,atl1-1-03-004-9-2,atl1-1-03-004-10-[1-2],atl1-1-03-004-11-[1-2],atl1-1-03-004-12-2,atl1-1-03-004-13-[1-2],atl1-1-03-004-14-[1-2],atl1-1-03-004-15-[1-2],atl1-1-03-004-16-2,atl1-1-03-004-17-1,atl1-1-03-004-18-[1-2],atl1-1-03-004-19-1
---------------------------------------
