---------------------------------------
Begin Slurm Prolog: Jan-29-2023 19:34:21
Job ID:    610558
User ID:   bzhang376
Account:   gts-phanish6-coda20
Job name:  Al500_scf
Partition: cpu-medium
QOS:       inferno
---------------------------------------
---------------------------------------
Begin Slurm Epilog: Jan-29-2023 19:34:46
Job ID:        610558
Array Job ID:  _4294967294
User ID:       bzhang376
Account:       gts-phanish6-coda20
Job name:      Al500_scf
Resources:     cpu=312,mem=3744G,node=26
Rsrc Used:     cput=02:10:00,vmem=1160K,walltime=00:00:25,mem=0,energy_used=0
Partition:     cpu-medium
QOS:           inferno
Nodes:         atl1-1-01-004-29-2,atl1-1-02-003-17-2,atl1-1-02-003-22-1,atl1-1-02-003-23-2,atl1-1-02-003-25-1,atl1-1-02-004-1-1,atl1-1-02-004-5-1,atl1-1-02-004-12-1,atl1-1-02-004-18-2,atl1-1-02-020-27-2,atl1-1-03-003-36-1,atl1-1-03-004-7-[1-2],atl1-1-03-004-9-2,atl1-1-03-004-10-[1-2],atl1-1-03-004-11-1,atl1-1-03-004-13-[1-2],atl1-1-03-004-14-[1-2],atl1-1-03-004-15-[1-2],atl1-1-03-004-17-1,atl1-1-03-004-18-2,atl1-1-03-004-19-1
---------------------------------------
