---------------------------------------
Begin Slurm Prolog: Jan-16-2023 17:47:43
Job ID:    496781
User ID:   bzhang376
Account:   gts-phanish6-coda20
Job name:  Bi_111_mesh
Partition: cpu-small
QOS:       inferno
---------------------------------------

Lmod is automatically replacing "gcc/10.3.0-o57x6h" with "intel/20.0.4".


The following have been reloaded with a version change:
  1) mvapich2/2.3.6-ouywal => mvapich2/2.3.6-z2duuy

---------------------------------------
Begin Slurm Epilog: Jan-16-2023 17:48:20
Job ID:        496781
Array Job ID:  _4294967294
User ID:       bzhang376
Account:       gts-phanish6-coda20
Job name:      Bi_111_mesh
Resources:     cpu=1200,mem=8400G,node=100
Rsrc Used:     cput=12:20:00,vmem=8936K,walltime=00:00:37,mem=7624K,energy_used=0
Partition:     cpu-small
QOS:           inferno
Nodes:         atl1-1-02-015-1-[1-2],atl1-1-02-015-2-[1-2],atl1-1-02-015-3-[1-2],atl1-1-02-015-4-[1-2],atl1-1-02-015-5-[1-2],atl1-1-02-015-6-[1-2],atl1-1-02-015-7-[1-2],atl1-1-02-015-8-[1-2],atl1-1-02-015-9-[1-2],atl1-1-02-015-10-[1-2],atl1-1-02-015-11-[1-2],atl1-1-02-015-12-[1-2],atl1-1-02-015-13-[1-2],atl1-1-02-015-14-[1-2],atl1-1-02-015-15-[1-2],atl1-1-02-015-16-[1-2],atl1-1-02-015-17-[1-2],atl1-1-02-015-18-[1-2],atl1-1-02-015-19-[1-2],atl1-1-02-015-20-[1-2],atl1-1-02-015-21-[1-2],atl1-1-02-015-22-[1-2],atl1-1-02-015-23-[1-2],atl1-1-02-015-24-[1-2],atl1-1-02-015-25-[1-2],atl1-1-02-015-26-[1-2],atl1-1-02-015-27-[1-2],atl1-1-02-015-28-[1-2],atl1-1-02-015-29-[1-2],atl1-1-02-015-30-[1-2],atl1-1-02-015-31-[1-2],atl1-1-02-015-32-[1-2],atl1-1-02-015-33-[1-2],atl1-1-02-015-34-[1-2],atl1-1-02-015-35-[1-2],atl1-1-02-015-36-[1-2],atl1-1-02-018-1-[1-2],atl1-1-02-018-2-[1-2],atl1-1-02-018-3-[1-2],atl1-1-02-018-4-[1-2],atl1-1-02-018-5-[1-2],atl1-1-02-018-6-[1-2],atl1-1-02-018-7-[1-2],atl1-1-02-018-8-[1-2],atl1-1-02-018-9-1,atl1-1-02-018-10-[1-2],atl1-1-02-018-11-[1-2],atl1-1-02-018-12-[1-2],atl1-1-02-018-13-[1-2],atl1-1-02-018-14-[1-2],atl1-1-02-018-15-1
---------------------------------------
