---------------------------------------
Begin Slurm Prolog: Jan-16-2023 17:39:58
Job ID:    496623
User ID:   bzhang376
Account:   gts-phanish6-coda20
Job name:  Bi_111_mesh
Partition: cpu-small
QOS:       inferno
---------------------------------------

Lmod is automatically replacing "gcc/10.3.0-o57x6h" with "intel/20.0.4".


The following have been reloaded with a version change:
  1) mvapich2/2.3.6-ouywal => mvapich2/2.3.6-z2duuy

---------------------------------------
Begin Slurm Epilog: Jan-16-2023 17:45:12
Job ID:        496623
Array Job ID:  _4294967294
User ID:       bzhang376
Account:       gts-phanish6-coda20
Job name:      Bi_111_mesh
Resources:     cpu=96,mem=672G,node=8
Rsrc Used:     cput=08:24:00,vmem=9400K,walltime=00:05:15,mem=8076K,energy_used=0
Partition:     cpu-small
QOS:           inferno
Nodes:         atl1-1-02-011-22-[1-2],atl1-1-02-011-25-2,atl1-1-02-011-26-[1-2],atl1-1-02-011-27-[1-2],atl1-1-02-011-28-1
---------------------------------------
