***************************************************************************
*                       SPARC (version Apr 23, 2021)                      *
*   Copyright (c) 2020 Material Physics & Mechanics Group, Georgia Tech   *
*           Distributed under GNU General Public License 3 (GPL)          *
*                   Start time: Mon Jan 30 15:17:21 2023                  *
***************************************************************************
                           Input parameters                                
***************************************************************************
CELL: 38.25 38.25 38.25 
LATVEC:
1 0 0 
0 1 0 
0 0 1 
FD_GRID: 58 58 58
FD_ORDER: 12
BC: P P P
KPOINT_GRID: 1 1 1
KPOINT_SHIFT: 0 0 0
SPIN_TYP: 0
ELEC_TEMP_TYPE: Fermi-Dirac
ELEC_TEMP: 1120
CHEB_DEGREE: 15
NSTATES: 900
#WARNING: Number of bands may be insufficient for efficient SCF convergence.
EXCHANGE_CORRELATION: GGA_PBE
CALC_STRESS: 0
CALC_PRES: 0
TWTIME: 1E+09
MD_FLAG: 1
MD_METHOD: NVT_NH
MD_TIMESTEP: 1
MD_NSTEP: 20
ION_VEL_DSTR: 2
ION_VEL_DSTR_RAND: 0
ION_TEMP: 1120
ION_TEMP_END: 1120
QMASS: 1653.65493345972
CHEFSI_BOUND_FLAG: 0
MAXIT_SCF: 100
MINIT_SCF: 3
MAXIT_POISSON: 3000
TOL_SCF: 1.00E-04
POISSON_SOLVER: AAR
TOL_POISSON: 1.00E-06
TOL_LANCZOS: 1.00E-02
TOL_PSEUDOCHARGE: 1.00E-06
MIXING_VARIABLE: density
MIXING_PRECOND: kerker
TOL_PRECOND: 4.35E-04
PRECOND_KERKER_KTF: 1
PRECOND_KERKER_THRESH: 0.1
MIXING_PARAMETER: 0.5
MIXING_HISTORY: 7
PULAY_FREQUENCY: 1
PULAY_RESTART: 0
REFERENCE_CUTOFF: 0.5
RHO_TRIGGER: 4
FIX_RAND: 0
VERBOSITY: 1
PRINT_FORCES: 1
PRINT_ATOMS: 0
PRINT_EIGEN: 0
PRINT_DENSITY: 0
PRINT_MDOUT: 1
PRINT_VELS: 1
PRINT_RESTART: 1
PRINT_RESTART_FQ: 20
OUTPUT_FILE: Al500
***************************************************************************
                           Parallelization                                 
***************************************************************************
NP_SPIN_PARAL: 1
NP_KPOINT_PARAL: 1
NP_BAND_PARAL: 30
NP_DOMAIN_PARAL: 1 1 1
NP_DOMAIN_PHI_PARAL: 2 3 5
EIG_SERIAL_MAXNS: 2000
***************************************************************************
                             Initialization                                
***************************************************************************
Number of processors               :  30
Mesh spacing                       :  0.659483 (Bohr)
Number of symmetry adapted k-points:  1
Output printed to                  :  Al500.out
MD output printed to               :  Al500.aimd
Total number of atom types         :  1
Total number of atoms              :  500
Total number of electrons          :  1500
Atom type 1  (valence electrons)   :  Al 3
Pseudopotential                    :  ../13_Al_3_1.9_1.9_pbe_n_v1.0.psp8
Atomic mass                        :  26.9815385
Pseudocharge radii of atom type 1  :  7.91 7.91 7.91 (x, y, z dir)
Number of atoms of type 1          :  500
Estimated total memory usage       :  7.89 GB
Estimated memory per processor     :  269.33 MB
===================================================================
                    Self Consistent Field (SCF#1)                     
===================================================================
Iteration     Free Energy (Ha/atom)   SCF Error        Timing (sec)
1            -2.3123805192E+00        1.478E-01        13.164
2            -2.3143143106E+00        8.334E-02        3.323
3            -2.3148167503E+00        2.137E-02        3.320
4            -2.3150818062E+00        1.852E-02        3.335
5            -2.3150345855E+00        4.644E-03        3.318
6            -2.3150631963E+00        2.254E-03        3.326
7            -2.3150755356E+00        1.912E-03        3.307
8            -2.3150791747E+00        8.234E-04        3.306
9            -2.3150809195E+00        3.410E-04        3.306
10           -2.3150817130E+00        1.971E-04        3.287
11           -2.3150820757E+00        1.178E-04        3.279
12           -2.3150821886E+00        9.428E-05        3.289
Total number of SCF: 12    

k = [0.000, 0.000, 0.000]
Occupation of state 810 = 0.011892854759694.
Occupation of state 900 = 0.000000157763881.
====================================================================
                    Energy and force calculation                    
====================================================================
Free energy per atom               : -2.3150820283E+00 (Ha/atom)
Total free energy                  : -1.1575410141E+03 (Ha)
Band structure energy              :  3.3523941310E+01 (Ha)
Exchange correlation energy        : -5.4809401927E+02 (Ha)
Self and correction energy         : -1.5622606515E+03 (Ha)
Entropy*kb*T                       : -2.6100471371E-01 (Ha)
Fermi level                        :  1.8690648253E-01 (Ha)
RMS force                          :  3.6477568708E-02 (Ha/Bohr)
Maximum force                      :  1.2595780208E-01 (Ha/Bohr)
Time for force calculation         :  0.310 (sec)
MD step time                       :  50.183 (sec)
===================================================================
                    Self Consistent Field (SCF#2)                     
===================================================================
Iteration     Free Energy (Ha/atom)   SCF Error        Timing (sec)
1            -2.3153110774E+00        2.305E-02        3.329
2            -2.3152274419E+00        1.680E-02        3.310
3            -2.3151592509E+00        1.085E-02        3.301
4            -2.3151120304E+00        2.630E-03        3.302
5            -2.3151108238E+00        1.144E-03        3.301
6            -2.3151109792E+00        1.018E-03        3.335
7            -2.3151105996E+00        3.172E-04        3.299
8            -2.3151105918E+00        1.422E-04        3.322
9            -2.3151105834E+00        4.647E-05        3.271
Total number of SCF: 9     

k = [0.000, 0.000, 0.000]
Occupation of state 810 = 0.012004868062326.
Occupation of state 900 = 0.000000257170618.
====================================================================
                    Energy and force calculation                    
====================================================================
Free energy per atom               : -2.3151105751E+00 (Ha/atom)
Total free energy                  : -1.1575552876E+03 (Ha)
Band structure energy              :  3.3537568323E+01 (Ha)
Exchange correlation energy        : -5.4808390049E+02 (Ha)
Self and correction energy         : -1.5622606115E+03 (Ha)
Entropy*kb*T                       : -2.6110109489E-01 (Ha)
Fermi level                        :  1.8690897370E-01 (Ha)
RMS force                          :  3.6385508291E-02 (Ha/Bohr)
Maximum force                      :  1.2186595493E-01 (Ha/Bohr)
Time for force calculation         :  0.310 (sec)
MD step time                       :  30.211 (sec)
===================================================================
                    Self Consistent Field (SCF#3)                     
===================================================================
Iteration     Free Energy (Ha/atom)   SCF Error        Timing (sec)
1            -2.3153656223E+00        2.273E-02        3.357
2            -2.3152671183E+00        1.528E-02        3.354
3            -2.3152258606E+00        1.128E-02        3.327
4            -2.3151747021E+00        2.678E-03        3.291
5            -2.3151734472E+00        1.195E-03        3.310
6            -2.3151736259E+00        1.105E-03        3.284
7            -2.3151731809E+00        3.035E-04        3.309
8            -2.3151731715E+00        1.444E-04        3.302
9            -2.3151731475E+00        4.824E-05        3.265
Total number of SCF: 9     

k = [0.000, 0.000, 0.000]
Occupation of state 810 = 0.012043789005912.
Occupation of state 900 = 0.000000326434848.
====================================================================
                    Energy and force calculation                    
====================================================================
Free energy per atom               : -2.3151731452E+00 (Ha/atom)
Total free energy                  : -1.1575865726E+03 (Ha)
Band structure energy              :  3.3574480926E+01 (Ha)
Exchange correlation energy        : -5.4806036280E+02 (Ha)
Self and correction energy         : -1.5622605970E+03 (Ha)
Entropy*kb*T                       : -2.6123513055E-01 (Ha)
Fermi level                        :  1.8692721858E-01 (Ha)
RMS force                          :  3.6144305586E-02 (Ha/Bohr)
Maximum force                      :  1.1965754916E-01 (Ha/Bohr)
Time for force calculation         :  0.326 (sec)
MD step time                       :  30.255 (sec)
===================================================================
                    Self Consistent Field (SCF#4)                     
===================================================================
Iteration     Free Energy (Ha/atom)   SCF Error        Timing (sec)
1            -2.3152714124E+00        4.817E-03        3.319
2            -2.3152844224E+00        6.569E-03        3.313
3            -2.3152658905E+00        1.225E-03        3.300
4            -2.3152662483E+00        5.632E-04        3.318
5            -2.3152661681E+00        2.537E-04        3.315
6            -2.3152661432E+00        7.047E-05        3.283
Total number of SCF: 6     

k = [0.000, 0.000, 0.000]
Occupation of state 810 = 0.012082097757261.
Occupation of state 900 = 0.000000371897922.
====================================================================
                    Energy and force calculation                    
====================================================================
Free energy per atom               : -2.3152660923E+00 (Ha/atom)
Total free energy                  : -1.1576330462E+03 (Ha)
Band structure energy              :  3.3634933246E+01 (Ha)
Exchange correlation energy        : -5.4802382941E+02 (Ha)
Self and correction energy         : -1.5622606087E+03 (Ha)
Entropy*kb*T                       : -2.6148553576E-01 (Ha)
Fermi level                        :  1.8695977586E-01 (Ha)
RMS force                          :  3.5750760817E-02 (Ha/Bohr)
Maximum force                      :  1.1688737268E-01 (Ha/Bohr)
Time for force calculation         :  0.307 (sec)
MD step time                       :  20.275 (sec)
===================================================================
                    Self Consistent Field (SCF#5)                     
===================================================================
Iteration     Free Energy (Ha/atom)   SCF Error        Timing (sec)
1            -2.3154105954E+00        7.999E-03        3.331
2            -2.3154568670E+00        1.250E-02        3.308
3            -2.3153863794E+00        1.329E-03        3.295
4            -2.3153873076E+00        9.089E-04        3.302
5            -2.3153871989E+00        6.174E-04        3.276
6            -2.3153870418E+00        1.970E-04        3.293
7            -2.3153870221E+00        5.826E-05        3.265
Total number of SCF: 7     

k = [0.000, 0.000, 0.000]
Occupation of state 810 = 0.012091320711460.
Occupation of state 900 = 0.000000427059936.
====================================================================
                    Energy and force calculation                    
====================================================================
Free energy per atom               : -2.3153870095E+00 (Ha/atom)
Total free energy                  : -1.1576935048E+03 (Ha)
Band structure energy              :  3.3717571661E+01 (Ha)
Exchange correlation energy        : -5.4797505357E+02 (Ha)
Self and correction energy         : -1.5622606499E+03 (Ha)
Entropy*kb*T                       : -2.6186506696E-01 (Ha)
Fermi level                        :  1.8700649773E-01 (Ha)
RMS force                          :  3.5225311096E-02 (Ha/Bohr)
Maximum force                      :  1.1277048926E-01 (Ha/Bohr)
Time for force calculation         :  0.310 (sec)
MD step time                       :  23.506 (sec)
===================================================================
                    Self Consistent Field (SCF#6)                     
===================================================================
Iteration     Free Energy (Ha/atom)   SCF Error        Timing (sec)
1            -2.3155725921E+00        9.873E-03        3.325
2            -2.3156431168E+00        1.560E-02        3.322
3            -2.3155329389E+00        1.418E-03        3.308
4            -2.3155339900E+00        8.650E-04        3.297
5            -2.3155339517E+00        5.289E-04        3.312
6            -2.3155338611E+00        1.904E-04        3.333
7            -2.3155338412E+00        6.653E-05        3.294
Total number of SCF: 7     

k = [0.000, 0.000, 0.000]
Occupation of state 810 = 0.012084264990254.
Occupation of state 900 = 0.000000481319193.
====================================================================
                    Energy and force calculation                    
====================================================================
Free energy per atom               : -2.3155338081E+00 (Ha/atom)
Total free energy                  : -1.1577669040E+03 (Ha)
Band structure energy              :  3.3819637867E+01 (Ha)
Exchange correlation energy        : -5.4791526668E+02 (Ha)
Self and correction energy         : -1.5622607344E+03 (Ha)
Entropy*kb*T                       : -2.6234936821E-01 (Ha)
Fermi level                        :  1.8706532251E-01 (Ha)
RMS force                          :  3.4563301793E-02 (Ha/Bohr)
Maximum force                      :  1.0824356837E-01 (Ha/Bohr)
Time for force calculation         :  0.307 (sec)
MD step time                       :  23.620 (sec)
===================================================================
                    Self Consistent Field (SCF#7)                     
===================================================================
Iteration     Free Energy (Ha/atom)   SCF Error        Timing (sec)
1            -2.3157434865E+00        9.923E-03        3.354
2            -2.3158140873E+00        1.559E-02        3.313
3            -2.3157034181E+00        1.456E-03        3.316
4            -2.3157043734E+00        8.239E-04        3.294
5            -2.3157043839E+00        4.628E-04        3.298
6            -2.3157043161E+00        2.083E-04        3.289
7            -2.3157042878E+00        6.347E-05        3.288
Total number of SCF: 7     

k = [0.000, 0.000, 0.000]
Occupation of state 810 = 0.012090513391319.
Occupation of state 900 = 0.000000527685877.
====================================================================
                    Energy and force calculation                    
====================================================================
Free energy per atom               : -2.3157042613E+00 (Ha/atom)
Total free energy                  : -1.1578521306E+03 (Ha)
Band structure energy              :  3.3937730601E+01 (Ha)
Exchange correlation energy        : -5.4784590218E+02 (Ha)
Self and correction energy         : -1.5622608630E+03 (Ha)
Entropy*kb*T                       : -2.6293433271E-01 (Ha)
Fermi level                        :  1.8713522100E-01 (Ha)
RMS force                          :  3.3793474911E-02 (Ha/Bohr)
Maximum force                      :  1.0228511994E-01 (Ha/Bohr)
Time for force calculation         :  0.309 (sec)
MD step time                       :  23.586 (sec)
===================================================================
                    Self Consistent Field (SCF#8)                     
===================================================================
Iteration     Free Energy (Ha/atom)   SCF Error        Timing (sec)
1            -2.3159456156E+00        1.089E-02        3.315
2            -2.3160345736E+00        1.744E-02        3.316
3            -2.3158961259E+00        1.551E-03        3.318
4            -2.3158974194E+00        9.841E-04        3.310
5            -2.3158973622E+00        6.582E-04        3.308
6            -2.3158972144E+00        2.889E-04        3.310
7            -2.3158971858E+00        7.789E-05        3.301
Total number of SCF: 7     

k = [0.000, 0.000, 0.000]
Occupation of state 810 = 0.012211250934958.
Occupation of state 900 = 0.000000557396661.
====================================================================
                    Energy and force calculation                    
====================================================================
Free energy per atom               : -2.3158971335E+00 (Ha/atom)
Total free energy                  : -1.1579485667E+03 (Ha)
Band structure energy              :  3.4068232210E+01 (Ha)
Exchange correlation energy        : -5.4776832323E+02 (Ha)
Self and correction energy         : -1.5622610270E+03 (Ha)
Entropy*kb*T                       : -2.6360274747E-01 (Ha)
Fermi level                        :  1.8721370047E-01 (Ha)
RMS force                          :  3.2931844553E-02 (Ha/Bohr)
Maximum force                      :  9.6835525550E-02 (Ha/Bohr)
Time for force calculation         :  0.307 (sec)
MD step time                       :  23.608 (sec)
===================================================================
                    Self Consistent Field (SCF#9)                     
===================================================================
Iteration     Free Energy (Ha/atom)   SCF Error        Timing (sec)
1            -2.3161718775E+00        1.219E-02        3.317
2            -2.3162827955E+00        1.953E-02        3.303
3            -2.3161085413E+00        1.665E-03        3.324
4            -2.3161098285E+00        9.022E-04        3.318
5            -2.3161098701E+00        5.170E-04        3.286
6            -2.3161097955E+00        2.554E-04        3.273
7            -2.3161097584E+00        7.406E-05        3.271
Total number of SCF: 7     

k = [0.000, 0.000, 0.000]
Occupation of state 810 = 0.012516513601977.
Occupation of state 900 = 0.000000575749019.
====================================================================
                    Energy and force calculation                    
====================================================================
Free energy per atom               : -2.3161097272E+00 (Ha/atom)
Total free energy                  : -1.1580548636E+03 (Ha)
Band structure energy              :  3.4207794192E+01 (Ha)
Exchange correlation energy        : -5.4768401522E+02 (Ha)
Self and correction energy         : -1.5622612190E+03 (Ha)
Entropy*kb*T                       : -2.6434308218E-01 (Ha)
Fermi level                        :  1.8729934952E-01 (Ha)
RMS force                          :  3.1991566677E-02 (Ha/Bohr)
Maximum force                      :  8.9797143382E-02 (Ha/Bohr)
Time for force calculation         :  0.309 (sec)
MD step time                       :  23.523 (sec)
===================================================================
                    Self Consistent Field (SCF#10)                     
===================================================================
Iteration     Free Energy (Ha/atom)   SCF Error        Timing (sec)
1            -2.3164035748E+00        1.247E-02        3.326
2            -2.3165195239E+00        1.997E-02        3.324
3            -2.3163374128E+00        1.749E-03        3.314
4            -2.3163384927E+00        8.581E-04        3.303
5            -2.3163386552E+00        5.169E-04        3.294
6            -2.3163385917E+00        2.793E-04        3.292
7            -2.3163385660E+00        8.134E-05        3.291
Total number of SCF: 7     

k = [0.000, 0.000, 0.000]
Occupation of state 810 = 0.012882064316605.
Occupation of state 900 = 0.000000585918677.
====================================================================
                    Energy and force calculation                    
====================================================================
Free energy per atom               : -2.3163384885E+00 (Ha/atom)
Total free energy                  : -1.1581692443E+03 (Ha)
Band structure energy              :  3.4353701658E+01 (Ha)
Exchange correlation energy        : -5.4759457811E+02 (Ha)
Self and correction energy         : -1.5622614291E+03 (Ha)
Entropy*kb*T                       : -2.6513799857E-01 (Ha)
Fermi level                        :  1.8739028402E-01 (Ha)
RMS force                          :  3.0996786915E-02 (Ha/Bohr)
Maximum force                      :  8.3703239001E-02 (Ha/Bohr)
Time for force calculation         :  0.310 (sec)
MD step time                       :  23.591 (sec)
===================================================================
                    Self Consistent Field (SCF#11)                     
===================================================================
Iteration     Free Energy (Ha/atom)   SCF Error        Timing (sec)
1            -2.3166618950E+00        1.395E-02        3.320
2            -2.3168139590E+00        2.276E-02        3.306
3            -2.3165777885E+00        1.823E-03        3.319
4            -2.3165796427E+00        1.094E-03        3.293
5            -2.3165796613E+00        8.046E-04        3.284
6            -2.3165794521E+00        3.538E-04        3.283
7            -2.3165794020E+00        1.168E-04        3.310
8            -2.3165794085E+00        3.993E-05        3.258
Total number of SCF: 8     

k = [0.000, 0.000, 0.000]
Occupation of state 810 = 0.013275515113849.
Occupation of state 900 = 0.000000595943443.
====================================================================
                    Energy and force calculation                    
====================================================================
Free energy per atom               : -2.3165794035E+00 (Ha/atom)
Total free energy                  : -1.1582897017E+03 (Ha)
Band structure energy              :  3.4503587873E+01 (Ha)
Exchange correlation energy        : -5.4750144142E+02 (Ha)
Self and correction energy         : -1.5622616411E+03 (Ha)
Entropy*kb*T                       : -2.6598470088E-01 (Ha)
Fermi level                        :  1.8748535340E-01 (Ha)
RMS force                          :  2.9963447981E-02 (Ha/Bohr)
Maximum force                      :  8.0025913311E-02 (Ha/Bohr)
Time for force calculation         :  0.310 (sec)
MD step time                       :  26.809 (sec)
===================================================================
                    Self Consistent Field (SCF#12)                     
===================================================================
Iteration     Free Energy (Ha/atom)   SCF Error        Timing (sec)
1            -2.3168536506E+00        8.604E-03        3.341
2            -2.3169085619E+00        1.362E-02        3.322
3            -2.3168249689E+00        1.376E-03        3.295
4            -2.3168259794E+00        9.444E-04        3.301
5            -2.3168258460E+00        5.918E-04        3.299
6            -2.3168257065E+00        2.399E-04        3.294
7            -2.3168256941E+00        6.401E-05        3.256
Total number of SCF: 7     

k = [0.000, 0.000, 0.000]
Occupation of state 810 = 0.013653280394626.
Occupation of state 900 = 0.000000601643641.
====================================================================
                    Energy and force calculation                    
====================================================================
Free energy per atom               : -2.3168256809E+00 (Ha/atom)
Total free energy                  : -1.1584128404E+03 (Ha)
Band structure energy              :  3.4657038803E+01 (Ha)
Exchange correlation energy        : -5.4740596063E+02 (Ha)
Self and correction energy         : -1.5622618472E+03 (Ha)
Entropy*kb*T                       : -2.6687015541E-01 (Ha)
Fermi level                        :  1.8758441557E-01 (Ha)
RMS force                          :  2.8901226850E-02 (Ha/Bohr)
Maximum force                      :  7.8668831390E-02 (Ha/Bohr)
Time for force calculation         :  0.311 (sec)
MD step time                       :  23.544 (sec)
===================================================================
                    Self Consistent Field (SCF#13)                     
===================================================================
Iteration     Free Energy (Ha/atom)   SCF Error        Timing (sec)
1            -2.3170769362E+00        5.116E-03        3.332
2            -2.3170866939E+00        6.293E-03        3.302
3            -2.3170703712E+00        1.470E-03        3.329
4            -2.3170702097E+00        6.906E-04        3.308
5            -2.3170702573E+00        3.509E-04        3.300
6            -2.3170702109E+00        7.168E-05        3.296
Total number of SCF: 6     

k = [0.000, 0.000, 0.000]
Occupation of state 810 = 0.014007002746923.
Occupation of state 900 = 0.000000604063131.
====================================================================
                    Energy and force calculation                    
====================================================================
Free energy per atom               : -2.3170701920E+00 (Ha/atom)
Total free energy                  : -1.1585350960E+03 (Ha)
Band structure energy              :  3.4812851301E+01 (Ha)
Exchange correlation energy        : -5.4730976152E+02 (Ha)
Self and correction energy         : -1.5622620394E+03 (Ha)
Entropy*kb*T                       : -2.6779207743E-01 (Ha)
Fermi level                        :  1.8768624473E-01 (Ha)
RMS force                          :  2.7828443402E-02 (Ha/Bohr)
Maximum force                      :  7.8018900523E-02 (Ha/Bohr)
Time for force calculation         :  0.311 (sec)
MD step time                       :  20.309 (sec)
===================================================================
                    Self Consistent Field (SCF#14)                     
===================================================================
Iteration     Free Energy (Ha/atom)   SCF Error        Timing (sec)
1            -2.3173203738E+00        6.312E-03        3.314
2            -2.3173385487E+00        8.486E-03        3.303
3            -2.3173075286E+00        1.478E-03        3.303
4            -2.3173074516E+00        7.493E-04        3.310
5            -2.3173075760E+00        5.064E-04        3.285
6            -2.3173074770E+00        1.003E-04        3.281
7            -2.3173074748E+00        7.637E-05        3.263
Total number of SCF: 7     

k = [0.000, 0.000, 0.000]
Occupation of state 810 = 0.014337595060795.
Occupation of state 900 = 0.000000608886308.
====================================================================
                    Energy and force calculation                    
====================================================================
Free energy per atom               : -2.3173073873E+00 (Ha/atom)
Total free energy                  : -1.1586536936E+03 (Ha)
Band structure energy              :  3.4970674190E+01 (Ha)
Exchange correlation energy        : -5.4721396843E+02 (Ha)
Self and correction energy         : -1.5622622222E+03 (Ha)
Entropy*kb*T                       : -2.6874255867E-01 (Ha)
Fermi level                        :  1.8779082710E-01 (Ha)
RMS force                          :  2.6768300607E-02 (Ha/Bohr)
Maximum force                      :  7.6890614204E-02 (Ha/Bohr)
Time for force calculation         :  0.313 (sec)
MD step time                       :  23.506 (sec)
===================================================================
                    Self Consistent Field (SCF#15)                     
===================================================================
Iteration     Free Energy (Ha/atom)   SCF Error        Timing (sec)
1            -2.3175905825E+00        1.157E-02        3.346
2            -2.3176853912E+00        1.832E-02        3.321
3            -2.3175344566E+00        1.537E-03        3.338
4            -2.3175354294E+00        8.257E-04        3.282
5            -2.3175356014E+00        5.728E-04        3.312
6            -2.3175355063E+00        1.884E-04        3.306
7            -2.3175354778E+00        8.226E-05        3.324
Total number of SCF: 7     

k = [0.000, 0.000, 0.000]
Occupation of state 810 = 0.014698062410732.
Occupation of state 900 = 0.000000614489722.
====================================================================
                    Energy and force calculation                    
====================================================================
Free energy per atom               : -2.3175354014E+00 (Ha/atom)
Total free energy                  : -1.1587677007E+03 (Ha)
Band structure energy              :  3.5128481026E+01 (Ha)
Exchange correlation energy        : -5.4711968630E+02 (Ha)
Self and correction energy         : -1.5622623964E+03 (Ha)
Entropy*kb*T                       : -2.6971750944E-01 (Ha)
Fermi level                        :  1.8789640214E-01 (Ha)
RMS force                          :  2.5729369317E-02 (Ha/Bohr)
Maximum force                      :  7.5067175980E-02 (Ha/Bohr)
Time for force calculation         :  0.315 (sec)
MD step time                       :  23.672 (sec)
===================================================================
                    Self Consistent Field (SCF#16)                     
===================================================================
Iteration     Free Energy (Ha/atom)   SCF Error        Timing (sec)
1            -2.3178631545E+00        1.602E-02        3.337
2            -2.3180643053E+00        2.617E-02        3.304
3            -2.3177523898E+00        2.131E-03        3.294
4            -2.3177538965E+00        9.150E-04        3.292
5            -2.3177544075E+00        8.403E-04        3.288
6            -2.3177541527E+00        3.118E-04        3.290
7            -2.3177541351E+00        1.267E-04        3.325
8            -2.3177541377E+00        7.967E-05        3.286
Total number of SCF: 8     

k = [0.000, 0.000, 0.000]
Occupation of state 810 = 0.015094337522760.
Occupation of state 900 = 0.000000623412592.
====================================================================
                    Energy and force calculation                    
====================================================================
Free energy per atom               : -2.3177540635E+00 (Ha/atom)
Total free energy                  : -1.1588770317E+03 (Ha)
Band structure energy              :  3.5283124287E+01 (Ha)
Exchange correlation energy        : -5.4702810758E+02 (Ha)
Self and correction energy         : -1.5622625607E+03 (Ha)
Entropy*kb*T                       : -2.7068987496E-01 (Ha)
Fermi level                        :  1.8800107792E-01 (Ha)
RMS force                          :  2.4728997375E-02 (Ha/Bohr)
Maximum force                      :  7.2981662975E-02 (Ha/Bohr)
Time for force calculation         :  0.312 (sec)
MD step time                       :  26.854 (sec)
===================================================================
                    Self Consistent Field (SCF#17)                     
===================================================================
Iteration     Free Energy (Ha/atom)   SCF Error        Timing (sec)
1            -2.3179719710E+00        5.347E-03        3.306
2            -2.3179892585E+00        7.686E-03        3.319
3            -2.3179644030E+00        1.275E-03        3.295
4            -2.3179646919E+00        6.669E-04        3.306
5            -2.3179646625E+00        3.059E-04        3.277
6            -2.3179646207E+00        9.237E-05        3.287
Total number of SCF: 6     

k = [0.000, 0.000, 0.000]
Occupation of state 810 = 0.015560584161908.
Occupation of state 900 = 0.000000622190998.
====================================================================
                    Energy and force calculation                    
====================================================================
Free energy per atom               : -2.3179645329E+00 (Ha/atom)
Total free energy                  : -1.1589822665E+03 (Ha)
Band structure energy              :  3.5431658040E+01 (Ha)
Exchange correlation energy        : -5.4694007774E+02 (Ha)
Self and correction energy         : -1.5622627121E+03 (Ha)
Entropy*kb*T                       : -2.7165893987E-01 (Ha)
Fermi level                        :  1.8810283232E-01 (Ha)
RMS force                          :  2.3774718553E-02 (Ha/Bohr)
Maximum force                      :  7.0346879904E-02 (Ha/Bohr)
Time for force calculation         :  0.314 (sec)
MD step time                       :  20.231 (sec)
===================================================================
                    Self Consistent Field (SCF#18)                     
===================================================================
Iteration     Free Energy (Ha/atom)   SCF Error        Timing (sec)
1            -2.3181927859E+00        8.368E-03        3.327
2            -2.3182471658E+00        1.353E-02        3.301
3            -2.3181666551E+00        1.362E-03        3.305
4            -2.3181675188E+00        8.962E-04        3.296
5            -2.3181674929E+00        6.456E-04        3.286
6            -2.3181673422E+00        2.249E-04        3.306
7            -2.3181673261E+00        6.572E-05        3.296
Total number of SCF: 7     

k = [0.000, 0.000, 0.000]
Occupation of state 810 = 0.016073125620513.
Occupation of state 900 = 0.000000615982266.
====================================================================
                    Energy and force calculation                    
====================================================================
Free energy per atom               : -2.3181672899E+00 (Ha/atom)
Total free energy                  : -1.1590836450E+03 (Ha)
Band structure energy              :  3.5571811494E+01 (Ha)
Exchange correlation energy        : -5.4685618378E+02 (Ha)
Self and correction energy         : -1.5622628553E+03 (Ha)
Entropy*kb*T                       : -2.7262008253E-01 (Ha)
Fermi level                        :  1.8820037446E-01 (Ha)
RMS force                          :  2.2877411631E-02 (Ha/Bohr)
Maximum force                      :  6.6930111676E-02 (Ha/Bohr)
Time for force calculation         :  0.314 (sec)
MD step time                       :  23.558 (sec)
===================================================================
                    Self Consistent Field (SCF#19)                     
===================================================================
Iteration     Free Energy (Ha/atom)   SCF Error        Timing (sec)
1            -2.3184163014E+00        1.170E-02        3.322
2            -2.3185197192E+00        1.900E-02        3.326
3            -2.3183596017E+00        1.550E-03        3.312
4            -2.3183607280E+00        8.490E-04        3.297
5            -2.3183608269E+00        5.069E-04        3.273
6            -2.3183607560E+00        2.180E-04        3.293
7            -2.3183607302E+00        7.067E-05        3.269
Total number of SCF: 7     

k = [0.000, 0.000, 0.000]
Occupation of state 810 = 0.016649599622242.
Occupation of state 900 = 0.000000603736301.
====================================================================
                    Energy and force calculation                    
====================================================================
Free energy per atom               : -2.3183606990E+00 (Ha/atom)
Total free energy                  : -1.1591803495E+03 (Ha)
Band structure energy              :  3.5702611039E+01 (Ha)
Exchange correlation energy        : -5.4677694369E+02 (Ha)
Self and correction energy         : -1.5622629993E+03 (Ha)
Entropy*kb*T                       : -2.7356216661E-01 (Ha)
Fermi level                        :  1.8829268194E-01 (Ha)
RMS force                          :  2.2061667380E-02 (Ha/Bohr)
Maximum force                      :  6.3523525471E-02 (Ha/Bohr)
Time for force calculation         :  0.312 (sec)
MD step time                       :  23.534 (sec)
===================================================================
                    Self Consistent Field (SCF#20)                     
===================================================================
Iteration     Free Energy (Ha/atom)   SCF Error        Timing (sec)
1            -2.3185996068E+00        1.198E-02        3.325
2            -2.3187093630E+00        1.944E-02        3.302
3            -2.3185402135E+00        1.655E-03        3.330
4            -2.3185412959E+00        8.803E-04        3.317
5            -2.3185415136E+00        6.819E-04        3.287
6            -2.3185413610E+00        2.562E-04        3.315
7            -2.3185413380E+00        8.371E-05        3.269
Total number of SCF: 7     

k = [0.000, 0.000, 0.000]
Occupation of state 810 = 0.017242429106396.
Occupation of state 900 = 0.000000590994032.
====================================================================
                    Energy and force calculation                    
====================================================================
Free energy per atom               : -2.3185412590E+00 (Ha/atom)
Total free energy                  : -1.1592706295E+03 (Ha)
Band structure energy              :  3.5824358650E+01 (Ha)
Exchange correlation energy        : -5.4670281821E+02 (Ha)
Self and correction energy         : -1.5622631510E+03 (Ha)
Entropy*kb*T                       : -2.7449262514E-01 (Ha)
Fermi level                        :  1.8837975976E-01 (Ha)
RMS force                          :  2.1327168155E-02 (Ha/Bohr)
Maximum force                      :  6.2974692849E-02 (Ha/Bohr)
Time for force calculation         :  0.312 (sec)
MD step time                       :  23.587 (sec)
***************************************************************************
                               Timing info                                 
***************************************************************************
Total walltime                     :  508.035 sec
___________________________________________________________________________

***************************************************************************
*             Material Physics & Mechanics Group, Georgia Tech            *
*                       PI: Phanish Suryanarayana                         *
*                Main Developers: Qimen Xu, Abhiraj Sharma                *
*     Collaborators: J.E. Pask (LLNL), A.J. Medford (GT), E. Chow (GT)    *
*  Acknowledgements: U.S. DOE (DE-SC0019410); U.S. NSF (1333500,1553212)  *
***************************************************************************
                                                                           
