***************************************************************************
*                       SPARC (version Dec 19, 2022)                      *
*   Copyright (c) 2020 Material Physics & Mechanics Group, Georgia Tech   *
*           Distributed under GNU General Public License 3 (GPL)          *
*                   Start time: Wed Feb 15 12:08:18 2023                  *
***************************************************************************
                           Input parameters                                
***************************************************************************
LATVEC_SCALE: 37.951919980244 37.951919980244 15.4201651868293 
LATVEC:
1 0 0 
0 1 0 
0 0 1 
FD_GRID: 152 152 62
FD_ORDER: 12
BC: P P P
KPOINT_GRID: 1 1 4
KPOINT_SHIFT: 0 0 0.5
SPIN_TYP: 0
ELEC_TEMP_TYPE: Fermi-Dirac
SMEARING: 0.001000000336
EXCHANGE_CORRELATION: GGA_PBE
NSTATES: 1650
CHEB_DEGREE: 30
CHEFSI_BOUND_FLAG: 0
CALC_STRESS: 0
CALC_PRES: 0
MAXIT_SCF: 100
MINIT_SCF: 2
MAXIT_POISSON: 3000
TOL_SCF: 1.00E-03
POISSON_SOLVER: AAR
TOL_POISSON: 1.00E-05
TOL_LANCZOS: 1.00E-02
TOL_PSEUDOCHARGE: 1.00E-05
MIXING_VARIABLE: potential
MIXING_PRECOND: kerker
TOL_PRECOND: 6.22E-05
PRECOND_KERKER_KTF: 1
PRECOND_KERKER_THRESH: 0.1
MIXING_PARAMETER: 0.3
MIXING_HISTORY: 7
PULAY_FREQUENCY: 1
PULAY_RESTART: 0
REFERENCE_CUTOFF: 0.5
RHO_TRIGGER: 4
FIX_RAND: 0
VERBOSITY: 1
PRINT_FORCES: 1
PRINT_ATOMS: 1
PRINT_EIGEN: 0
PRINT_DENSITY: 0
PRINT_ENERGY_DENSITY: 0
OUTPUT_FILE: Au72_SOC_14
***************************************************************************
                                Cell                                       
***************************************************************************
Lattice vectors (Bohr):
37.951919980244000 0.000000000000000 0.000000000000000 
0.000000000000000 37.951919980244000 0.000000000000000 
0.000000000000000 0.000000000000000 15.420165186829299 
Volume: 2.2210407636E+04 (Bohr^3)
***************************************************************************
                           Parallelization                                 
***************************************************************************
NP_SPIN_PARAL: 1
NP_KPOINT_PARAL: 2
NP_BAND_PARAL: 72
NP_DOMAIN_PARAL: 1 1 1
NP_DOMAIN_PHI_PARAL: 6 8 3
EIG_SERIAL_MAXNS: 1500
EIG_PARAL_BLKSZ: 128
EIG_PARAL_ORFAC: 0.0e+00
EIG_PARAL_MAXNP: 64
***************************************************************************
                             Initialization                                
***************************************************************************
Number of processors               :  144
Mesh spacing in x-direction        :  0.249684 (Bohr)
Mesh spacing in y-direction        :  0.249684 (Bohr)
Mesh spacing in z-direction        :  0.248712 (Bohr)
Number of symmetry adapted k-points:  2
Output printed to                  :  Au72_SOC_14.out
Total number of atom types         :  1
Total number of atoms              :  72
Total number of electrons          :  1368
Atom type 1  (valence electrons)   :  Au 19
Pseudopotential                    :  ../Au_FR.psp8
Pseudocharge radii of atom type 1  :  3.75 3.75 3.73 (x, y, z dir)
Number of atoms of type 1          :  72
Estimated total memory usage       :  845.87 GB
Estimated memory per processor     :  5.87 GB
===================================================================
                    Self Consistent Field (SCF#1)                     
===================================================================
Iteration     Free Energy (Ha/atom)   SCF Error        Timing (sec)
1            -1.4755708354E+02        3.111E-01        615.581
2            -1.4768231324E+02        4.024E-02        153.541
3            -1.4769104729E+02        2.442E-02        153.932
4            -1.4769242777E+02        1.642E-02        153.439
5            -1.4769245449E+02        1.246E-02        153.551
6            -1.4769247315E+02        8.405E-03        153.514
7            -1.4769262860E+02        6.709E-03        153.561
8            -1.4769262010E+02        5.606E-03        153.407
9            -1.4769262933E+02        4.961E-03        153.507
10           -1.4769262253E+02        4.113E-03        153.388
11           -1.4769263584E+02        3.825E-03        153.358
12           -1.4769265170E+02        3.155E-03        153.417
13           -1.4769254076E+02        2.930E-03        153.381
14           -1.4769252722E+02        6.389E-03        153.393
15           -1.4769261623E+02        2.341E-03        153.681
16           -1.4769262436E+02        6.698E-04        153.420
Total number of SCF: 16    
====================================================================
                    Energy and force calculation                    
====================================================================
Free energy per atom               : -1.4769262436E+02 (Ha/atom)
Total free energy                  : -1.0633868954E+04 (Ha)
Band structure energy              : -1.4962022215E+03 (Ha)
Exchange correlation energy        : -1.8234500945E+03 (Ha)
Self and correction energy         : -1.3447683022E+04 (Ha)
-Entropy*kb*T                      : -3.0171841305E-03 (Ha)
Fermi level                        :  5.8689591758E-02 (Ha)
RMS force                          :  3.5942288268E-03 (Ha/Bohr)
Maximum force                      :  1.8134612463E-02 (Ha/Bohr)
Time for force calculation         :  4.484 (sec)
***************************************************************************
                               Timing info                                 
***************************************************************************
Total walltime                     :  2924.859 sec
___________________________________________________________________________

***************************************************************************
*             Material Physics & Mechanics Group, Georgia Tech            *
*                       PI: Phanish Suryanarayana                         *
*               List of contributors: See the documentation               *
*         Citation: See README.md or the documentation for details        *
*  Acknowledgements: U.S. DOE SC (DE-SC0019410), U.S. DOE NNSA (ASC)      *
*      {Preliminary developments: U.S. NSF (1333500,1663244,1553212)}     *
***************************************************************************
                                                                           
