---------------------------------------
Begin Slurm Prolog: Feb-15-2023 13:43:11
Job ID:    711161
User ID:   bzhang376
Account:   gts-phanish6-coda20
Job name:  Au_vacuum
Partition: cpu-small
QOS:       inferno
---------------------------------------
---------------------------------------
Begin Slurm Epilog: Feb-15-2023 14:57:06
Job ID:        711161
Array Job ID:  _4294967294
User ID:       bzhang376
Account:       gts-phanish6-coda20
Job name:      Au_vacuum
Resources:     cpu=144,mem=1008G,node=12
Rsrc Used:     cput=7-09:24:00,vmem=9004K,walltime=01:13:55,mem=8008K,energy_used=0
Partition:     cpu-small
QOS:           inferno
Nodes:         atl1-1-02-012-19-1,atl1-1-02-018-21-[1-2],atl1-1-02-018-22-[1-2],atl1-1-02-018-23-[1-2],atl1-1-02-018-24-2,atl1-1-03-002-11-1,atl1-1-03-002-13-[1-2],atl1-1-03-002-14-2
---------------------------------------
