sum = 604450 in rank 379
nan defined!
NAN = nan
a is nan!
a = nan
isnan(a) = 1
sum = 604450 in rank 381
nan defined!
NAN = nan
a is nan!
a = nan
isnan(a) = 1
sum = 604450 in rank 508
nan defined!
NAN = nan
a is nan!
a = nan
isnan(a) = 1
sum = 604450 in rank 333
nan defined!
NAN = nan
a is nan!
a = nan
isnan(a) = 1
sum = 604450 in rank 425
nan defined!
NAN = nan
a is nan!
a = nan
isnan(a) = 1
sum = 604450 in rank 1059
nan defined!
NAN = nan
a is nan!
a = nan
isnan(a) = 1
sum = 604450 in rank 380
nan defined!
NAN = nan
a is nan!
a = nan
isnan(a) = 1
sum = 604450 in rank 428
nan defined!
NAN = nan
a is nan!
a = nan
isnan(a) = 1
sum = 604450 in rank 336
nan defined!
NAN = nan
a is nan!
a = nan
isnan(a) = 1
sum = 604450 in rank 420
nan defined!
NAN = nan
a is nan!
a = nan
isnan(a) = 1
sum = 604450 in rank 956
nan defined!
NAN = nan
a is nan!
a = nan
isnan(a) = 1
sum = 604450 in rank 954
nan defined!
NAN = nan
a is nan!
a = nan
isnan(a) = 1
sum = 604450 in rank 819
nan defined!
NAN = nan
a is nan!
a = nan
isnan(a) = 1
sum = 604450 in rank 744
nan defined!
NAN = nan
a is nan!
a = nan
isnan(a) = 1
sum = 604450 in rank 409
nan defined!
NAN = nan
a is nan!
a = nan
isnan(a) = 1
sum = 604450 in rank 319
nan defined!
NAN = nan
a is nan!
a = nan
isnan(a) = 1
sum = 604450 in rank 734
nan defined!
NAN = nan
a is nan!
a = nan
isnan(a) = 1
sum = 604450 in rank 413
nan defined!
NAN = nan
a is nan!
a = nan
isnan(a) = 1
sum = 604450 in rank 866
nan defined!
NAN = nan
a is nan!
a = nan
isnan(a) = 1
sum = 604450 in rank 334
nan defined!
NAN = nan
a is nan!
a = nan
isnan(a) = 1
sum = 604450 in rank 731
nan defined!
NAN = nan
a is nan!
a = nan
isnan(a) = 1
sum = 604450 in rank 842
nan defined!
NAN = nan
a is nan!
a = nan
isnan(a) = 1
sum = 604450 in rank 865
nan defined!
NAN = nan
a is nan!
a = nan
isnan(a) = 1
sum = 604450 in rank 980
nan defined!
NAN = nan
a is nan!
a = nan
isnan(a) = 1
sum = 604450 in rank 841
nan defined!
NAN = nan
a is nan!
a = nan
isnan(a) = 1
sum = 604450 in rank 736
nan defined!
NAN = nan
a is nan!
a = nan
isnan(a) = 1
sum = 604450 in rank 948
nan defined!
NAN = nan
a is nan!
a = nan
isnan(a) = 1
sum = 604450 in rank 962
nan defined!
NAN = nan
a is nan!
a = nan
isnan(a) = 1
sum = 604450 in rank 910
nan defined!
NAN = nan
a is nan!
a = nan
isnan(a) = 1
sum = 604450 in rank 971
nan defined!
NAN = nan
a is nan!
a = nan
isnan(a) = 1
sum = 604450 in rank 1050
nan defined!
NAN = nan
a is nan!
a = nan
isnan(a) = 1
sum = 604450 in rank 844
nan defined!
NAN = nan
a is nan!
a = nan
isnan(a) = 1
sum = 604450 in rank 564
nan defined!
NAN = nan
a is nan!
a = nan
isnan(a) = 1
sum = 604450 in rank 912
nan defined!
NAN = nan
a is nan!
a = nan
isnan(a) = 1
sum = 604450 in rank 713
nan defined!
NAN = nan
a is nan!
a = nan
isnan(a) = 1
sum = 604450 in rank 304
nan defined!
NAN = nan
a is nan!
a = nan
isnan(a) = 1
sum = 604450 in rank 484
nan defined!
NAN = nan
a is nan!
a = nan
isnan(a) = 1
sum = 604450 in rank 292
nan defined!
NAN = nan
a is nan!
a = nan
isnan(a) = 1
sum = 604450 in rank 990
nan defined!
NAN = nan
a is nan!
a = nan
isnan(a) = 1
sum = 604450 in rank 705
nan defined!
NAN = nan
a is nan!
a = nan
isnan(a) = 1
sum = 604450 in rank 1065
nan defined!
NAN = nan
a is nan!
a = nan
isnan(a) = 1
sum = 604450 in rank 383
nan defined!
NAN = nan
a is nan!
a = nan
isnan(a) = 1
sum = 604450 in rank 1055
nan defined!
NAN = nan
a is nan!
a = nan
isnan(a) = 1
sum = 604450 in rank 268
nan defined!
NAN = nan
a is nan!
a = nan
isnan(a) = 1
sum = 604450 in rank 266
nan defined!
NAN = nan
a is nan!
a = nan
isnan(a) = 1
sum = 604450 in rank 398
nan defined!
NAN = nan
a is nan!
a = nan
isnan(a) = 1
sum = 604450 in rank 951
nan defined!
NAN = nan
a is nan!
a = nan
isnan(a) = 1
sum = 604450 in rank 1001
nan defined!
NAN = nan
a is nan!
a = nan
isnan(a) = 1
sum = 604450 in rank 294
nan defined!
NAN = nan
a is nan!
a = nan
isnan(a) = 1
sum = 604450 in rank 1049
nan defined!
NAN = nan
a is nan!
a = nan
isnan(a) = 1
sum = 604450 in rank 799
nan defined!
NAN = nan
a is nan!
a = nan
isnan(a) = 1
sum = 604450 in rank 742
nan defined!
NAN = nan
a is nan!
a = nan
isnan(a) = 1
sum = 604450 in rank 331
nan defined!
NAN = nan
a is nan!
a = nan
isnan(a) = 1
sum = 604450 in rank 1004
nan defined!
NAN = nan
a is nan!
a = nan
isnan(a) = 1
sum = 604450 in rank 348
nan defined!
NAN = nan
a is nan!
a = nan
isnan(a) = 1
sum = 604450 in rank 745
nan defined!
NAN = nan
a is nan!
a = nan
isnan(a) = 1
sum = 604450 in rank 401
nan defined!
NAN = nan
a is nan!
a = nan
isnan(a) = 1
sum = 604450 in rank 340
nan defined!
NAN = nan
a is nan!
a = nan
isnan(a) = 1
sum = 604450 in rank 408
nan defined!
NAN = nan
a is nan!
a = nan
isnan(a) = 1
sum = 604450 in rank 422
nan defined!
NAN = nan
a is nan!
a = nan
isnan(a) = 1
sum = 604450 in rank 509
nan defined!
NAN = nan
a is nan!
a = nan
isnan(a) = 1
sum = 604450 in rank 969
nan defined!
NAN = nan
a is nan!
a = nan
isnan(a) = 1
sum = 604450 in rank 728
nan defined!
NAN = nan
a is nan!
a = nan
isnan(a) = 1
sum = 604450 in rank 513
nan defined!
NAN = nan
a is nan!
a = nan
isnan(a) = 1
sum = 604450 in rank 397
nan defined!
NAN = nan
a is nan!
a = nan
isnan(a) = 1
sum = 604450 in rank 976
nan defined!
NAN = nan
a is nan!
a = nan
isnan(a) = 1
sum = 604450 in rank 801
nan defined!
NAN = nan
a is nan!
a = nan
isnan(a) = 1
sum = 604450 in rank 486
nan defined!
NAN = nan
a is nan!
a = nan
isnan(a) = 1
sum = 604450 in rank 1060
nan defined!
NAN = nan
a is nan!
a = nan
isnan(a) = 1
sum = 604450 in rank 399
nan defined!
NAN = nan
a is nan!
a = nan
isnan(a) = 1
sum = 604450 in rank 1011
nan defined!
NAN = nan
a is nan!
a = nan
isnan(a) = 1
sum = 604450 in rank 417
nan defined!
NAN = nan
a is nan!
a = nan
isnan(a) = 1
sum = 604450 in rank 928
nan defined!
NAN = nan
a is nan!
a = nan
isnan(a) = 1
sum = 604450 in rank 436
nan defined!
NAN = nan
a is nan!
a = nan
isnan(a) = 1
sum = 604450 in rank 376
nan defined!
NAN = nan
a is nan!
a = nan
isnan(a) = 1
sum = 604450 in rank 545
nan defined!
NAN = nan
a is nan!
a = nan
isnan(a) = 1
sum = 604450 in rank 947
nan defined!
NAN = nan
a is nan!
a = nan
isnan(a) = 1
sum = 604450 in rank 818
nan defined!
NAN = nan
a is nan!
a = nan
isnan(a) = 1
sum = 604450 in rank 726
nan defined!
NAN = nan
a is nan!
a = nan
isnan(a) = 1
sum = 604450 in rank 760
nan defined!
NAN = nan
a is nan!
a = nan
isnan(a) = 1
sum = 604450 in rank 439
nan defined!
NAN = nan
a is nan!
a = nan
isnan(a) = 1
sum = 604450 in rank 908
nan defined!
NAN = nan
a is nan!
a = nan
isnan(a) = 1
sum = 604450 in rank 327
nan defined!
NAN = nan
a is nan!
a = nan
isnan(a) = 1
sum = 604450 in rank 859
nan defined!
NAN = nan
a is nan!
a = nan
isnan(a) = 1
sum = 604450 in rank 1002
nan defined!
NAN = nan
a is nan!
a = nan
isnan(a) = 1
sum = 604450 in rank 738
nan defined!
NAN = nan
a is nan!
a = nan
isnan(a) = 1
sum = 604450 in rank 914
nan defined!
NAN = nan
a is nan!
a = nan
isnan(a) = 1
sum = 604450 in rank 708
nan defined!
NAN = nan
a is nan!
a = nan
isnan(a) = 1
sum = 604450 in rank 382
nan defined!
NAN = nan
a is nan!
a = nan
isnan(a) = 1
sum = 604450 in rank 867
nan defined!
NAN = nan
a is nan!
a = nan
isnan(a) = 1
sum = 604450 in rank 339
nan defined!
NAN = nan
a is nan!
a = nan
isnan(a) = 1
sum = 604450 in rank 515
nan defined!
NAN = nan
a is nan!
a = nan
isnan(a) = 1
sum = 604450 in rank 378
nan defined!
NAN = nan
a is nan!
a = nan
isnan(a) = 1
sum = 604450 in rank 771
nan defined!
NAN = nan
a is nan!
a = nan
isnan(a) = 1
sum = 604450 in rank 289
nan defined!
NAN = nan
a is nan!
a = nan
isnan(a) = 1
sum = 604450 in rank 966
nan defined!
NAN = nan
a is nan!
a = nan
isnan(a) = 1
sum = 604450 in rank 764
nan defined!
NAN = nan
a is nan!
a = nan
isnan(a) = 1
sum = 604450 in rank 533
nan defined!
NAN = nan
a is nan!
a = nan
isnan(a) = 1
sum = 604450 in rank 407
nan defined!
NAN = nan
a is nan!
a = nan
isnan(a) = 1
sum = 604450 in rank 685
nan defined!
NAN = nan
a is nan!
a = nan
isnan(a) = 1
sum = 604450 in rank 913
nan defined!
NAN = nan
a is nan!
a = nan
isnan(a) = 1
sum = 604450 in rank 291
nan defined!
NAN = nan
a is nan!
a = nan
isnan(a) = 1
sum = 604450 in rank 429
nan defined!
NAN = nan
a is nan!
a = nan
isnan(a) = 1
sum = 604450 in rank 1000
nan defined!
NAN = nan
a is nan!
a = nan
isnan(a) = 1
sum = 604450 in rank 567
nan defined!
NAN = nan
a is nan!
a = nan
isnan(a) = 1
sum = 604450 in rank 349
nan defined!
NAN = nan
a is nan!
a = nan
isnan(a) = 1
sum = 604450 in rank 949
nan defined!
NAN = nan
a is nan!
a = nan
isnan(a) = 1
sum = 604450 in rank 769
nan defined!
NAN = nan
a is nan!
a = nan
isnan(a) = 1
sum = 604450 in rank 1010
nan defined!
NAN = nan
a is nan!
a = nan
isnan(a) = 1
sum = 604450 in rank 419
nan defined!
NAN = nan
a is nan!
a = nan
isnan(a) = 1
sum = 604450 in rank 977
nan defined!
NAN = nan
a is nan!
a = nan
isnan(a) = 1
sum = 604450 in rank 759
nan defined!
NAN = nan
a is nan!
a = nan
isnan(a) = 1
sum = 604450 in rank 493
nan defined!
NAN = nan
a is nan!
a = nan
isnan(a) = 1
sum = 604450 in rank 400
nan defined!
NAN = nan
a is nan!
a = nan
isnan(a) = 1
sum = 604450 in rank 825
nan defined!
NAN = nan
a is nan!
a = nan
isnan(a) = 1
sum = 604450 in rank 873
nan defined!
NAN = nan
a is nan!
a = nan
isnan(a) = 1
sum = 604450 in rank 974
nan defined!
NAN = nan
a is nan!
a = nan
isnan(a) = 1
sum = 604450 in rank 946
nan defined!
NAN = nan
a is nan!
a = nan
isnan(a) = 1
sum = 604450 in rank 787
nan defined!
NAN = nan
a is nan!
a = nan
isnan(a) = 1
sum = 604450 in rank 796
nan defined!
NAN = nan
a is nan!
a = nan
isnan(a) = 1
sum = 604450 in rank 332
nan defined!
NAN = nan
a is nan!
a = nan
isnan(a) = 1
sum = 604450 in rank 1068
nan defined!
NAN = nan
a is nan!
a = nan
isnan(a) = 1
sum = 604450 in rank 986
nan defined!
NAN = nan
a is nan!
a = nan
isnan(a) = 1
sum = 604450 in rank 209
nan defined!
NAN = nan
a is nan!
a = nan
isnan(a) = 1
sum = 604450 in rank 907
nan defined!
NAN = nan
a is nan!
a = nan
isnan(a) = 1
sum = 604450 in rank 384
nan defined!
NAN = nan
a is nan!
a = nan
isnan(a) = 1
sum = 604450 in rank 326
nan defined!
NAN = nan
a is nan!
a = nan
isnan(a) = 1
sum = 604450 in rank 733
nan defined!
NAN = nan
a is nan!
a = nan
isnan(a) = 1
sum = 604450 in rank 746
nan defined!
NAN = nan
a is nan!
a = nan
isnan(a) = 1
sum = 604450 in rank 1073
nan defined!
NAN = nan
a is nan!
a = nan
isnan(a) = 1
sum = 604450 in rank 412
nan defined!
NAN = nan
a is nan!
a = nan
isnan(a) = 1
sum = 604450 in rank 985
nan defined!
NAN = nan
a is nan!
a = nan
isnan(a) = 1
sum = 604450 in rank 1080
nan defined!
NAN = nan
a is nan!
a = nan
isnan(a) = 1
sum = 604450 in rank 900
nan defined!
NAN = nan
a is nan!
a = nan
isnan(a) = 1
sum = 604450 in rank 994
nan defined!
NAN = nan
a is nan!
a = nan
isnan(a) = 1
sum = 604450 in rank 345
nan defined!
NAN = nan
a is nan!
a = nan
isnan(a) = 1
sum = 604450 in rank 858
nan defined!
NAN = nan
a is nan!
a = nan
isnan(a) = 1
sum = 604450 in rank 1074
nan defined!
NAN = nan
a is nan!
a = nan
isnan(a) = 1
sum = 604450 in rank 989
nan defined!
NAN = nan
a is nan!
a = nan
isnan(a) = 1
sum = 604450 in rank 295
nan defined!
NAN = nan
a is nan!
a = nan
isnan(a) = 1
sum = 604450 in rank 833
nan defined!
NAN = nan
a is nan!
a = nan
isnan(a) = 1
sum = 604450 in rank 874
nan defined!
NAN = nan
a is nan!
a = nan
isnan(a) = 1
sum = 604450 in rank 783
nan defined!
NAN = nan
a is nan!
a = nan
isnan(a) = 1
sum = 604450 in rank 729
nan defined!
NAN = nan
a is nan!
a = nan
isnan(a) = 1
sum = 604450 in rank 695
nan defined!
NAN = nan
a is nan!
a = nan
isnan(a) = 1
sum = 604450 in rank 335
nan defined!
NAN = nan
a is nan!
a = nan
isnan(a) = 1
sum = 604450 in rank 512
nan defined!
NAN = nan
a is nan!
a = nan
isnan(a) = 1
sum = 604450 in rank 416
nan defined!
NAN = nan
a is nan!
a = nan
isnan(a) = 1
sum = 604450 in rank 1064
nan defined!
NAN = nan
a is nan!
a = nan
isnan(a) = 1
sum = 604450 in rank 964
nan defined!
NAN = nan
a is nan!
a = nan
isnan(a) = 1
sum = 604450 in rank 570
nan defined!
NAN = nan
a is nan!
a = nan
isnan(a) = 1
sum = 604450 in rank 377
nan defined!
NAN = nan
a is nan!
a = nan
isnan(a) = 1
sum = 604450 in rank 881
nan defined!
NAN = nan
a is nan!
a = nan
isnan(a) = 1
sum = 604450 in rank 950
nan defined!
NAN = nan
a is nan!
a = nan
isnan(a) = 1
sum = 604450 in rank 269
nan defined!
NAN = nan
a is nan!
a = nan
isnan(a) = 1
sum = 604450 in rank 424
nan defined!
NAN = nan
a is nan!
a = nan
isnan(a) = 1
sum = 604450 in rank 1083
nan defined!
NAN = nan
a is nan!
a = nan
isnan(a) = 1
sum = 604450 in rank 1063
nan defined!
NAN = nan
a is nan!
a = nan
isnan(a) = 1
sum = 604450 in rank 993
nan defined!
NAN = nan
a is nan!
a = nan
isnan(a) = 1
sum = 604450 in rank 884
nan defined!
NAN = nan
a is nan!
a = nan
isnan(a) = 1
sum = 604450 in rank 802
nan defined!
NAN = nan
a is nan!
a = nan
isnan(a) = 1
sum = 604450 in rank 271
nan defined!
NAN = nan
a is nan!
a = nan
isnan(a) = 1
sum = 604450 in rank 574
nan defined!
NAN = nan
a is nan!
a = nan
isnan(a) = 1
sum = 604450 in rank 1007
nan defined!
NAN = nan
a is nan!
a = nan
isnan(a) = 1
sum = 604450 in rank 805
nan defined!
NAN = nan
a is nan!
a = nan
isnan(a) = 1
sum = 604450 in rank 982
nan defined!
NAN = nan
a is nan!
a = nan
isnan(a) = 1
sum = 604450 in rank 896
nan defined!
NAN = nan
a is nan!
a = nan
isnan(a) = 1
sum = 604450 in rank 968
nan defined!
NAN = nan
a is nan!
a = nan
isnan(a) = 1
sum = 604450 in rank 709
nan defined!
NAN = nan
a is nan!
a = nan
isnan(a) = 1
sum = 604450 in rank 864
nan defined!
NAN = nan
a is nan!
a = nan
isnan(a) = 1
sum = 604450 in rank 807
nan defined!
NAN = nan
a is nan!
a = nan
isnan(a) = 1
sum = 604450 in rank 898
nan defined!
NAN = nan
a is nan!
a = nan
isnan(a) = 1
sum = 604450 in rank 710
nan defined!
NAN = nan
a is nan!
a = nan
isnan(a) = 1
sum = 604450 in rank 328
nan defined!
NAN = nan
a is nan!
a = nan
isnan(a) = 1
sum = 604450 in rank 952
nan defined!
NAN = nan
a is nan!
a = nan
isnan(a) = 1
sum = 604450 in rank 267
nan defined!
NAN = nan
a is nan!
a = nan
isnan(a) = 1
sum = 604450 in rank 1005
nan defined!
NAN = nan
a is nan!
a = nan
isnan(a) = 1
sum = 604450 in rank 811
nan defined!
NAN = nan
a is nan!
a = nan
isnan(a) = 1
sum = 604450 in rank 426
nan defined!
NAN = nan
a is nan!
a = nan
isnan(a) = 1
sum = 604450 in rank 983
nan defined!
NAN = nan
a is nan!
a = nan
isnan(a) = 1
sum = 604450 in rank 290
nan defined!
NAN = nan
a is nan!
a = nan
isnan(a) = 1
sum = 604450 in rank 341
nan defined!
NAN = nan
a is nan!
a = nan
isnan(a) = 1
sum = 604450 in rank 978
nan defined!
NAN = nan
a is nan!
a = nan
isnan(a) = 1
sum = 604450 in rank 763
nan defined!
NAN = nan
a is nan!
a = nan
isnan(a) = 1
sum = 604450 in rank 298
nan defined!
NAN = nan
a is nan!
a = nan
isnan(a) = 1
sum = 604450 in rank 1070
nan defined!
NAN = nan
a is nan!
a = nan
isnan(a) = 1
sum = 604450 in rank 514
nan defined!
NAN = nan
a is nan!
a = nan
isnan(a) = 1
sum = 604450 in rank 492
nan defined!
NAN = nan
a is nan!
a = nan
isnan(a) = 1
sum = 604450 in rank 561
nan defined!
NAN = nan
a is nan!
a = nan
isnan(a) = 1
sum = 604450 in rank 973
nan defined!
NAN = nan
a is nan!
a = nan
isnan(a) = 1
sum = 604450 in rank 707
nan defined!
NAN = nan
a is nan!
a = nan
isnan(a) = 1
sum = 604450 in rank 883
nan defined!
NAN = nan
a is nan!
a = nan
isnan(a) = 1
sum = 604450 in rank 732
nan defined!
NAN = nan
a is nan!
a = nan
isnan(a) = 1
sum = 604450 in rank 863
nan defined!
NAN = nan
a is nan!
a = nan
isnan(a) = 1
sum = 604450 in rank 581
nan defined!
NAN = nan
a is nan!
a = nan
isnan(a) = 1
sum = 604450 in rank 183
nan defined!
NAN = nan
a is nan!
a = nan
isnan(a) = 1
sum = 604450 in rank 1057
nan defined!
NAN = nan
a is nan!
a = nan
isnan(a) = 1
sum = 604450 in rank 961
nan defined!
NAN = nan
a is nan!
a = nan
isnan(a) = 1
sum = 604450 in rank 904
nan defined!
NAN = nan
a is nan!
a = nan
isnan(a) = 1
sum = 604450 in rank 321
nan defined!
NAN = nan
a is nan!
a = nan
isnan(a) = 1
sum = 604450 in rank 785
nan defined!
NAN = nan
a is nan!
a = nan
isnan(a) = 1
sum = 604450 in rank 762
nan defined!
NAN = nan
a is nan!
a = nan
isnan(a) = 1
sum = 604450 in rank 375
nan defined!
NAN = nan
a is nan!
a = nan
isnan(a) = 1
sum = 604450 in rank 784
nan defined!
NAN = nan
a is nan!
a = nan
isnan(a) = 1
sum = 604450 in rank 767
nan defined!
NAN = nan
a is nan!
a = nan
isnan(a) = 1
sum = 604450 in rank 337
nan defined!
NAN = nan
a is nan!
a = nan
isnan(a) = 1
sum = 604450 in rank 741
nan defined!
NAN = nan
a is nan!
a = nan
isnan(a) = 1
sum = 604450 in rank 1061
nan defined!
NAN = nan
a is nan!
a = nan
isnan(a) = 1
sum = 604450 in rank 793
nan defined!
NAN = nan
a is nan!
a = nan
isnan(a) = 1
sum = 604450 in rank 1097
nan defined!
NAN = nan
a is nan!
a = nan
isnan(a) = 1
sum = 604450 in rank 861
nan defined!
NAN = nan
a is nan!
a = nan
isnan(a) = 1
sum = 604450 in rank 699
nan defined!
NAN = nan
a is nan!
a = nan
isnan(a) = 1
sum = 604450 in rank 300
nan defined!
NAN = nan
a is nan!
a = nan
isnan(a) = 1
sum = 604450 in rank 1067
nan defined!
NAN = nan
a is nan!
a = nan
isnan(a) = 1
sum = 604450 in rank 810
nan defined!
NAN = nan
a is nan!
a = nan
isnan(a) = 1
sum = 604450 in rank 277
nan defined!
NAN = nan
a is nan!
a = nan
isnan(a) = 1
sum = 604450 in rank 427
nan defined!
NAN = nan
a is nan!
a = nan
isnan(a) = 1
sum = 604450 in rank 997
nan defined!
NAN = nan
a is nan!
a = nan
isnan(a) = 1
sum = 604450 in rank 975
nan defined!
NAN = nan
a is nan!
a = nan
isnan(a) = 1
sum = 604450 in rank 704
nan defined!
NAN = nan
a is nan!
a = nan
isnan(a) = 1
sum = 604450 in rank 1048
nan defined!
NAN = nan
a is nan!
a = nan
isnan(a) = 1
sum = 604450 in rank 886
nan defined!
NAN = nan
a is nan!
a = nan
isnan(a) = 1
sum = 604450 in rank 330
nan defined!
NAN = nan
a is nan!
a = nan
isnan(a) = 1
sum = 604450 in rank 812
nan defined!
NAN = nan
a is nan!
a = nan
isnan(a) = 1
sum = 604450 in rank 891
nan defined!
NAN = nan
a is nan!
a = nan
isnan(a) = 1
sum = 604450 in rank 566
nan defined!
NAN = nan
a is nan!
a = nan
isnan(a) = 1
sum = 604450 in rank 672
nan defined!
NAN = nan
a is nan!
a = nan
isnan(a) = 1
sum = 604450 in rank 1047
nan defined!
NAN = nan
a is nan!
a = nan
isnan(a) = 1
sum = 604450 in rank 727
nan defined!
NAN = nan
a is nan!
a = nan
isnan(a) = 1
sum = 604450 in rank 273
nan defined!
NAN = nan
a is nan!
a = nan
isnan(a) = 1
sum = 604450 in rank 506
nan defined!
NAN = nan
a is nan!
a = nan
isnan(a) = 1
sum = 604450 in rank 421
nan defined!
NAN = nan
a is nan!
a = nan
isnan(a) = 1
sum = 604450 in rank 1087
nan defined!
NAN = nan
a is nan!
a = nan
isnan(a) = 1
sum = 604450 in rank 396
nan defined!
NAN = nan
a is nan!
a = nan
isnan(a) = 1
sum = 604450 in rank 941
nan defined!
NAN = nan
a is nan!
a = nan
isnan(a) = 1
sum = 604450 in rank 539
nan defined!
NAN = nan
a is nan!
a = nan
isnan(a) = 1
sum = 604450 in rank 587
nan defined!
NAN = nan
a is nan!
a = nan
isnan(a) = 1
sum = 604450 in rank 795
nan defined!
NAN = nan
a is nan!
a = nan
isnan(a) = 1
sum = 604450 in rank 696
nan defined!
NAN = nan
a is nan!
a = nan
isnan(a) = 1
sum = 604450 in rank 838
nan defined!
NAN = nan
a is nan!
a = nan
isnan(a) = 1
sum = 604450 in rank 1003
nan defined!
NAN = nan
a is nan!
a = nan
isnan(a) = 1
sum = 604450 in rank 288
nan defined!
NAN = nan
a is nan!
a = nan
isnan(a) = 1
sum = 604450 in rank 435
nan defined!
NAN = nan
a is nan!
a = nan
isnan(a) = 1
sum = 604450 in rank 477
nan defined!
NAN = nan
a is nan!
a = nan
isnan(a) = 1
sum = 604450 in rank 1045
nan defined!
NAN = nan
a is nan!
a = nan
isnan(a) = 1
sum = 604450 in rank 592
nan defined!
NAN = nan
a is nan!
a = nan
isnan(a) = 1
sum = 604450 in rank 860
nan defined!
NAN = nan
a is nan!
a = nan
isnan(a) = 1
sum = 604450 in rank 265
nan defined!
NAN = nan
a is nan!
a = nan
isnan(a) = 1
sum = 604450 in rank 840
nan defined!
NAN = nan
a is nan!
a = nan
isnan(a) = 1
sum = 604450 in rank 921
nan defined!
NAN = nan
a is nan!
a = nan
isnan(a) = 1
sum = 604450 in rank 1058
nan defined!
NAN = nan
a is nan!
a = nan
isnan(a) = 1
sum = 604450 in rank 406
nan defined!
NAN = nan
a is nan!
a = nan
isnan(a) = 1
sum = 604450 in rank 343
nan defined!
NAN = nan
a is nan!
a = nan
isnan(a) = 1
sum = 604450 in rank 903
nan defined!
NAN = nan
a is nan!
a = nan
isnan(a) = 1
sum = 604450 in rank 972
nan defined!
NAN = nan
a is nan!
a = nan
isnan(a) = 1
sum = 604450 in rank 714
nan defined!
NAN = nan
a is nan!
a = nan
isnan(a) = 1
sum = 604450 in rank 730
nan defined!
NAN = nan
a is nan!
a = nan
isnan(a) = 1
sum = 604450 in rank 1006
nan defined!
NAN = nan
a is nan!
a = nan
isnan(a) = 1
sum = 604450 in rank 737
nan defined!
NAN = nan
a is nan!
a = nan
isnan(a) = 1
sum = 604450 in rank 1076
nan defined!
NAN = nan
a is nan!
a = nan
isnan(a) = 1
sum = 604450 in rank 507
nan defined!
NAN = nan
a is nan!
a = nan
isnan(a) = 1
sum = 604450 in rank 275
nan defined!
NAN = nan
a is nan!
a = nan
isnan(a) = 1
sum = 604450 in rank 423
nan defined!
NAN = nan
a is nan!
a = nan
isnan(a) = 1
sum = 604450 in rank 922
nan defined!
NAN = nan
a is nan!
a = nan
isnan(a) = 1
sum = 604450 in rank 293
nan defined!
NAN = nan
a is nan!
a = nan
isnan(a) = 1
sum = 604450 in rank 1062
nan defined!
NAN = nan
a is nan!
a = nan
isnan(a) = 1
sum = 604450 in rank 958
nan defined!
NAN = nan
a is nan!
a = nan
isnan(a) = 1
sum = 604450 in rank 996
nan defined!
NAN = nan
a is nan!
a = nan
isnan(a) = 1
sum = 604450 in rank 347
nan defined!
NAN = nan
a is nan!
a = nan
isnan(a) = 1
sum = 604450 in rank 878
nan defined!
NAN = nan
a is nan!
a = nan
isnan(a) = 1
sum = 604450 in rank 541
nan defined!
NAN = nan
a is nan!
a = nan
isnan(a) = 1
sum = 604450 in rank 1053
nan defined!
NAN = nan
a is nan!
a = nan
isnan(a) = 1
sum = 604450 in rank 591
nan defined!
NAN = nan
a is nan!
a = nan
isnan(a) = 1
sum = 604450 in rank 824
nan defined!
NAN = nan
a is nan!
a = nan
isnan(a) = 1
sum = 604450 in rank 1092
nan defined!
NAN = nan
a is nan!
a = nan
isnan(a) = 1
sum = 604450 in rank 703
nan defined!
NAN = nan
a is nan!
a = nan
isnan(a) = 1
sum = 604450 in rank 264
nan defined!
NAN = nan
a is nan!
a = nan
isnan(a) = 1
sum = 604450 in rank 279
nan defined!
NAN = nan
a is nan!
a = nan
isnan(a) = 1
sum = 604450 in rank 981
nan defined!
NAN = nan
a is nan!
a = nan
isnan(a) = 1
sum = 604450 in rank 491
nan defined!
NAN = nan
a is nan!
a = nan
isnan(a) = 1
sum = 604450 in rank 1025
nan defined!
NAN = nan
a is nan!
a = nan
isnan(a) = 1
sum = 604450 in rank 404
nan defined!
NAN = nan
a is nan!
a = nan
isnan(a) = 1
sum = 604450 in rank 924
nan defined!
NAN = nan
a is nan!
a = nan
isnan(a) = 1
sum = 604450 in rank 351
nan defined!
NAN = nan
a is nan!
a = nan
isnan(a) = 1
sum = 604450 in rank 906
nan defined!
NAN = nan
a is nan!
a = nan
isnan(a) = 1
sum = 604450 in rank 678
nan defined!
NAN = nan
a is nan!
a = nan
isnan(a) = 1
sum = 604450 in rank 1052
nan defined!
NAN = nan
a is nan!
a = nan
isnan(a) = 1
sum = 604450 in rank 792
nan defined!
NAN = nan
a is nan!
a = nan
isnan(a) = 1
sum = 604450 in rank 1094
nan defined!
NAN = nan
a is nan!
a = nan
isnan(a) = 1
sum = 604450 in rank 739
nan defined!
NAN = nan
a is nan!
a = nan
isnan(a) = 1
sum = 604450 in rank 772
nan defined!
NAN = nan
a is nan!
a = nan
isnan(a) = 1
sum = 604450 in rank 516
nan defined!
NAN = nan
a is nan!
a = nan
isnan(a) = 1
sum = 604450 in rank 1079
nan defined!
NAN = nan
a is nan!
a = nan
isnan(a) = 1
sum = 604450 in rank 1024
nan defined!
NAN = nan
a is nan!
a = nan
isnan(a) = 1
sum = 604450 in rank 405
nan defined!
NAN = nan
a is nan!
a = nan
isnan(a) = 1
sum = 604450 in rank 469
nan defined!
NAN = nan
a is nan!
a = nan
isnan(a) = 1
sum = 604450 in rank 634
nan defined!
NAN = nan
a is nan!
a = nan
isnan(a) = 1
sum = 604450 in rank 870
nan defined!
NAN = nan
a is nan!
a = nan
isnan(a) = 1
sum = 604450 in rank 322
nan defined!
NAN = nan
a is nan!
a = nan
isnan(a) = 1
sum = 604450 in rank 1046
nan defined!
NAN = nan
a is nan!
a = nan
isnan(a) = 1
sum = 604450 in rank 272
nan defined!
NAN = nan
a is nan!
a = nan
isnan(a) = 1
sum = 604450 in rank 1008
nan defined!
NAN = nan
a is nan!
a = nan
isnan(a) = 1
sum = 604450 in rank 740
nan defined!
NAN = nan
a is nan!
a = nan
isnan(a) = 1
sum = 604450 in rank 1072
nan defined!
NAN = nan
a is nan!
a = nan
isnan(a) = 1
sum = 604450 in rank 988
nan defined!
NAN = nan
a is nan!
a = nan
isnan(a) = 1
sum = 604450 in rank 920
nan defined!
NAN = nan
a is nan!
a = nan
isnan(a) = 1
sum = 604450 in rank 1086
nan defined!
NAN = nan
a is nan!
a = nan
isnan(a) = 1
sum = 604450 in rank 1027
nan defined!
NAN = nan
a is nan!
a = nan
isnan(a) = 1
sum = 604450 in rank 438
nan defined!
NAN = nan
a is nan!
a = nan
isnan(a) = 1
sum = 604450 in rank 635
nan defined!
NAN = nan
a is nan!
a = nan
isnan(a) = 1
sum = 604450 in rank 568
nan defined!
NAN = nan
a is nan!
a = nan
isnan(a) = 1
sum = 604450 in rank 902
nan defined!
NAN = nan
a is nan!
a = nan
isnan(a) = 1
sum = 604450 in rank 711
nan defined!
NAN = nan
a is nan!
a = nan
isnan(a) = 1
sum = 604450 in rank 671
nan defined!
NAN = nan
a is nan!
a = nan
isnan(a) = 1
sum = 604450 in rank 549
nan defined!
NAN = nan
a is nan!
a = nan
isnan(a) = 1
sum = 604450 in rank 880
nan defined!
NAN = nan
a is nan!
a = nan
isnan(a) = 1
sum = 604450 in rank 578
nan defined!
NAN = nan
a is nan!
a = nan
isnan(a) = 1
sum = 604450 in rank 846
nan defined!
NAN = nan
a is nan!
a = nan
isnan(a) = 1
sum = 604450 in rank 683
nan defined!
NAN = nan
a is nan!
a = nan
isnan(a) = 1
sum = 604450 in rank 287
nan defined!
NAN = nan
a is nan!
a = nan
isnan(a) = 1
sum = 604450 in rank 188
nan defined!
NAN = nan
a is nan!
a = nan
isnan(a) = 1
sum = 604450 in rank 466
nan defined!
NAN = nan
a is nan!
a = nan
isnan(a) = 1
sum = 604450 in rank 834
nan defined!
NAN = nan
a is nan!
a = nan
isnan(a) = 1
sum = 604450 in rank 571
nan defined!
NAN = nan
a is nan!
a = nan
isnan(a) = 1
sum = 604450 in rank 879
nan defined!
NAN = nan
a is nan!
a = nan
isnan(a) = 1
sum = 604450 in rank 353
nan defined!
NAN = nan
a is nan!
a = nan
isnan(a) = 1
sum = 604450 in rank 324
nan defined!
NAN = nan
a is nan!
a = nan
isnan(a) = 1
sum = 604450 in rank 856
nan defined!
NAN = nan
a is nan!
a = nan
isnan(a) = 1
sum = 604450 in rank 815
nan defined!
NAN = nan
a is nan!
a = nan
isnan(a) = 1
sum = 604450 in rank 761
nan defined!
NAN = nan
a is nan!
a = nan
isnan(a) = 1
sum = 604450 in rank 529
nan defined!
NAN = nan
a is nan!
a = nan
isnan(a) = 1
sum = 604450 in rank 575
nan defined!
NAN = nan
a is nan!
a = nan
isnan(a) = 1
sum = 604450 in rank 776
nan defined!
NAN = nan
a is nan!
a = nan
isnan(a) = 1
sum = 604450 in rank 283
nan defined!
NAN = nan
a is nan!
a = nan
isnan(a) = 1
sum = 604450 in rank 691
nan defined!
NAN = nan
a is nan!
a = nan
isnan(a) = 1
sum = 604450 in rank 987
nan defined!
NAN = nan
a is nan!
a = nan
isnan(a) = 1
sum = 604450 in rank 485
nan defined!
NAN = nan
a is nan!
a = nan
isnan(a) = 1
sum = 604450 in rank 192
nan defined!
NAN = nan
a is nan!
a = nan
isnan(a) = 1
sum = 604450 in rank 929
nan defined!
NAN = nan
a is nan!
a = nan
isnan(a) = 1
sum = 604450 in rank 827
nan defined!
NAN = nan
a is nan!
a = nan
isnan(a) = 1
sum = 604450 in rank 939
nan defined!
NAN = nan
a is nan!
a = nan
isnan(a) = 1
sum = 604450 in rank 478
nan defined!
NAN = nan
a is nan!
a = nan
isnan(a) = 1
sum = 604450 in rank 905
nan defined!
NAN = nan
a is nan!
a = nan
isnan(a) = 1
sum = 604450 in rank 706
nan defined!
NAN = nan
a is nan!
a = nan
isnan(a) = 1
sum = 604450 in rank 356
nan defined!
NAN = nan
a is nan!
a = nan
isnan(a) = 1
sum = 604450 in rank 953
nan defined!
NAN = nan
a is nan!
a = nan
isnan(a) = 1
sum = 604450 in rank 701
nan defined!
NAN = nan
a is nan!
a = nan
isnan(a) = 1
sum = 604450 in rank 531
nan defined!
NAN = nan
a is nan!
a = nan
isnan(a) = 1
sum = 604450 in rank 301
nan defined!
NAN = nan
a is nan!
a = nan
isnan(a) = 1
sum = 604450 in rank 839
nan defined!
NAN = nan
a is nan!
a = nan
isnan(a) = 1
sum = 604450 in rank 918
nan defined!
NAN = nan
a is nan!
a = nan
isnan(a) = 1
sum = 604450 in rank 286
nan defined!
NAN = nan
a is nan!
a = nan
isnan(a) = 1
sum = 604450 in rank 203
nan defined!
NAN = nan
a is nan!
a = nan
isnan(a) = 1
sum = 604450 in rank 1066
nan defined!
NAN = nan
a is nan!
a = nan
isnan(a) = 1
sum = 604450 in rank 957
nan defined!
NAN = nan
a is nan!
a = nan
isnan(a) = 1
sum = 604450 in rank 835
nan defined!
NAN = nan
a is nan!
a = nan
isnan(a) = 1
sum = 604450 in rank 350
nan defined!
NAN = nan
a is nan!
a = nan
isnan(a) = 1
sum = 604450 in rank 481
nan defined!
NAN = nan
a is nan!
a = nan
isnan(a) = 1
sum = 604450 in rank 909
nan defined!
NAN = nan
a is nan!
a = nan
isnan(a) = 1
sum = 604450 in rank 608
nan defined!
NAN = nan
a is nan!
a = nan
isnan(a) = 1
sum = 604450 in rank 357
nan defined!
NAN = nan
a is nan!
a = nan
isnan(a) = 1
sum = 604450 in rank 329
nan defined!
NAN = nan
a is nan!
a = nan
isnan(a) = 1
sum = 604450 in rank 888
nan defined!
NAN = nan
a is nan!
a = nan
isnan(a) = 1
sum = 604450 in rank 817
nan defined!
NAN = nan
a is nan!
a = nan
isnan(a) = 1
sum = 604450 in rank 800
nan defined!
NAN = nan
a is nan!
a = nan
isnan(a) = 1
sum = 604450 in rank 765
nan defined!
NAN = nan
a is nan!
a = nan
isnan(a) = 1
sum = 604450 in rank 274
nan defined!
NAN = nan
a is nan!
a = nan
isnan(a) = 1
sum = 604450 in rank 808
nan defined!
NAN = nan
a is nan!
a = nan
isnan(a) = 1
sum = 604450 in rank 510
nan defined!
NAN = nan
a is nan!
a = nan
isnan(a) = 1
sum = 604450 in rank 494
nan defined!
NAN = nan
a is nan!
a = nan
isnan(a) = 1
sum = 604450 in rank 1029
nan defined!
NAN = nan
a is nan!
a = nan
isnan(a) = 1
sum = 604450 in rank 967
nan defined!
NAN = nan
a is nan!
a = nan
isnan(a) = 1
sum = 604450 in rank 936
nan defined!
NAN = nan
a is nan!
a = nan
isnan(a) = 1
sum = 604450 in rank 876
nan defined!
NAN = nan
a is nan!
a = nan
isnan(a) = 1
sum = 604450 in rank 609
nan defined!
NAN = nan
a is nan!
a = nan
isnan(a) = 1
sum = 604450 in rank 360
nan defined!
NAN = nan
a is nan!
a = nan
isnan(a) = 1
sum = 604450 in rank 890
nan defined!
NAN = nan
a is nan!
a = nan
isnan(a) = 1
sum = 604450 in rank 789
nan defined!
NAN = nan
a is nan!
a = nan
isnan(a) = 1
sum = 604450 in rank 579
nan defined!
NAN = nan
a is nan!
a = nan
isnan(a) = 1
sum = 604450 in rank 837
nan defined!
NAN = nan
a is nan!
a = nan
isnan(a) = 1
sum = 604450 in rank 488
nan defined!
NAN = nan
a is nan!
a = nan
isnan(a) = 1
sum = 604450 in rank 433
nan defined!
NAN = nan
a is nan!
a = nan
isnan(a) = 1
sum = 604450 in rank 995
nan defined!
NAN = nan
a is nan!
a = nan
isnan(a) = 1
sum = 604450 in rank 942
nan defined!
NAN = nan
a is nan!
a = nan
isnan(a) = 1
sum = 604450 in rank 479
nan defined!
NAN = nan
a is nan!
a = nan
isnan(a) = 1
sum = 604450 in rank 614
nan defined!
NAN = nan
a is nan!
a = nan
isnan(a) = 1
sum = 604450 in rank 588
nan defined!
NAN = nan
a is nan!
a = nan
isnan(a) = 1
sum = 604450 in rank 791
nan defined!
NAN = nan
a is nan!
a = nan
isnan(a) = 1
sum = 604450 in rank 822
nan defined!
NAN = nan
a is nan!
a = nan
isnan(a) = 1
sum = 604450 in rank 766
nan defined!
NAN = nan
a is nan!
a = nan
isnan(a) = 1
sum = 604450 in rank 694
nan defined!
NAN = nan
a is nan!
a = nan
isnan(a) = 1
sum = 604450 in rank 809
nan defined!
NAN = nan
a is nan!
a = nan
isnan(a) = 1
sum = 604450 in rank 687
nan defined!
NAN = nan
a is nan!
a = nan
isnan(a) = 1
sum = 604450 in rank 925
nan defined!
NAN = nan
a is nan!
a = nan
isnan(a) = 1
sum = 604450 in rank 965
nan defined!
NAN = nan
a is nan!
a = nan
isnan(a) = 1
sum = 604450 in rank 992
nan defined!
NAN = nan
a is nan!
a = nan
isnan(a) = 1
sum = 604450 in rank 565
nan defined!
NAN = nan
a is nan!
a = nan
isnan(a) = 1
sum = 604450 in rank 943
nan defined!
NAN = nan
a is nan!
a = nan
isnan(a) = 1
sum = 604450 in rank 871
nan defined!
NAN = nan
a is nan!
a = nan
isnan(a) = 1
sum = 604450 in rank 606
nan defined!
NAN = nan
a is nan!
a = nan
isnan(a) = 1
sum = 604450 in rank 548
nan defined!
NAN = nan
a is nan!
a = nan
isnan(a) = 1
sum = 604450 in rank 320
nan defined!
NAN = nan
a is nan!
a = nan
isnan(a) = 1
sum = 604450 in rank 593
nan defined!
NAN = nan
a is nan!
a = nan
isnan(a) = 1
sum = 604450 in rank 1099
nan defined!
NAN = nan
a is nan!
a = nan
isnan(a) = 1
sum = 604450 in rank 868
nan defined!
NAN = nan
a is nan!
a = nan
isnan(a) = 1
sum = 604450 in rank 302
nan defined!
NAN = nan
a is nan!
a = nan
isnan(a) = 1
sum = 604450 in rank 845
nan defined!
NAN = nan
a is nan!
a = nan
isnan(a) = 1
sum = 604450 in rank 773
nan defined!
NAN = nan
a is nan!
a = nan
isnan(a) = 1
sum = 604450 in rank 1071
nan defined!
NAN = nan
a is nan!
a = nan
isnan(a) = 1
sum = 604450 in rank 686
nan defined!
NAN = nan
a is nan!
a = nan
isnan(a) = 1
sum = 604450 in rank 917
nan defined!
NAN = nan
a is nan!
a = nan
isnan(a) = 1
sum = 604450 in rank 490
nan defined!
NAN = nan
a is nan!
a = nan
isnan(a) = 1
sum = 604450 in rank 1082
nan defined!
NAN = nan
a is nan!
a = nan
isnan(a) = 1
sum = 604450 in rank 893
nan defined!
NAN = nan
a is nan!
a = nan
isnan(a) = 1
sum = 604450 in rank 963
nan defined!
NAN = nan
a is nan!
a = nan
isnan(a) = 1
sum = 604450 in rank 434
nan defined!
NAN = nan
a is nan!
a = nan
isnan(a) = 1
sum = 604450 in rank 998
nan defined!
NAN = nan
a is nan!
a = nan
isnan(a) = 1
sum = 604450 in rank 498
nan defined!
NAN = nan
a is nan!
a = nan
isnan(a) = 1
sum = 604450 in rank 631
nan defined!
NAN = nan
a is nan!
a = nan
isnan(a) = 1
sum = 604450 in rank 826
nan defined!
NAN = nan
a is nan!
a = nan
isnan(a) = 1
sum = 604450 in rank 342
nan defined!
NAN = nan
a is nan!
a = nan
isnan(a) = 1
sum = 604450 in rank 877
nan defined!
NAN = nan
a is nan!
a = nan
isnan(a) = 1
sum = 604450 in rank 1051
nan defined!
NAN = nan
a is nan!
a = nan
isnan(a) = 1
sum = 604450 in rank 887
nan defined!
NAN = nan
a is nan!
a = nan
isnan(a) = 1
sum = 604450 in rank 782
nan defined!
NAN = nan
a is nan!
a = nan
isnan(a) = 1
sum = 604450 in rank 816
nan defined!
NAN = nan
a is nan!
a = nan
isnan(a) = 1
sum = 604450 in rank 1091
nan defined!
NAN = nan
a is nan!
a = nan
isnan(a) = 1
sum = 604450 in rank 770
nan defined!
NAN = nan
a is nan!
a = nan
isnan(a) = 1
sum = 604450 in rank 806
nan defined!
NAN = nan
a is nan!
a = nan
isnan(a) = 1
sum = 604450 in rank 897
nan defined!
NAN = nan
a is nan!
a = nan
isnan(a) = 1
sum = 604450 in rank 960
nan defined!
NAN = nan
a is nan!
a = nan
isnan(a) = 1
sum = 604450 in rank 832
nan defined!
NAN = nan
a is nan!
a = nan
isnan(a) = 1
sum = 604450 in rank 869
nan defined!
NAN = nan
a is nan!
a = nan
isnan(a) = 1
sum = 604450 in rank 680
nan defined!
NAN = nan
a is nan!
a = nan
isnan(a) = 1
sum = 604450 in rank 610
nan defined!
NAN = nan
a is nan!
a = nan
isnan(a) = 1
sum = 604450 in rank 358
nan defined!
NAN = nan
a is nan!
a = nan
isnan(a) = 1
sum = 604450 in rank 323
nan defined!
NAN = nan
a is nan!
a = nan
isnan(a) = 1
sum = 604450 in rank 702
nan defined!
NAN = nan
a is nan!
a = nan
isnan(a) = 1
sum = 604450 in rank 307
nan defined!
NAN = nan
a is nan!
a = nan
isnan(a) = 1
sum = 604450 in rank 747
nan defined!
NAN = nan
a is nan!
a = nan
isnan(a) = 1
sum = 604450 in rank 1077
nan defined!
NAN = nan
a is nan!
a = nan
isnan(a) = 1
sum = 604450 in rank 688
nan defined!
NAN = nan
a is nan!
a = nan
isnan(a) = 1
sum = 604450 in rank 919
nan defined!
NAN = nan
a is nan!
a = nan
isnan(a) = 1
sum = 604450 in rank 489
nan defined!
NAN = nan
a is nan!
a = nan
isnan(a) = 1
sum = 604450 in rank 1084
nan defined!
NAN = nan
a is nan!
a = nan
isnan(a) = 1
sum = 604450 in rank 432
nan defined!
NAN = nan
a is nan!
a = nan
isnan(a) = 1
sum = 604450 in rank 468
nan defined!
NAN = nan
a is nan!
a = nan
isnan(a) = 1
sum = 604450 in rank 569
nan defined!
NAN = nan
a is nan!
a = nan
isnan(a) = 1
sum = 604450 in rank 872
nan defined!
NAN = nan
a is nan!
a = nan
isnan(a) = 1
sum = 604450 in rank 310
nan defined!
NAN = nan
a is nan!
a = nan
isnan(a) = 1
sum = 604450 in rank 781
nan defined!
NAN = nan
a is nan!
a = nan
isnan(a) = 1
sum = 604450 in rank 814
nan defined!
NAN = nan
a is nan!
a = nan
isnan(a) = 1
sum = 604450 in rank 1096
nan defined!
NAN = nan
a is nan!
a = nan
isnan(a) = 1
sum = 604450 in rank 774
nan defined!
NAN = nan
a is nan!
a = nan
isnan(a) = 1
sum = 604450 in rank 813
nan defined!
NAN = nan
a is nan!
a = nan
isnan(a) = 1
sum = 604450 in rank 984
nan defined!
NAN = nan
a is nan!
a = nan
isnan(a) = 1
sum = 604450 in rank 1078
nan defined!
NAN = nan
a is nan!
a = nan
isnan(a) = 1
sum = 604450 in rank 1030
nan defined!
NAN = nan
a is nan!
a = nan
isnan(a) = 1
sum = 604450 in rank 991
nan defined!
NAN = nan
a is nan!
a = nan
isnan(a) = 1
sum = 604450 in rank 828
nan defined!
NAN = nan
a is nan!
a = nan
isnan(a) = 1
sum = 604450 in rank 344
nan defined!
NAN = nan
a is nan!
a = nan
isnan(a) = 1
sum = 604450 in rank 473
nan defined!
NAN = nan
a is nan!
a = nan
isnan(a) = 1
sum = 604450 in rank 542
nan defined!
NAN = nan
a is nan!
a = nan
isnan(a) = 1
sum = 604450 in rank 313
nan defined!
NAN = nan
a is nan!
a = nan
isnan(a) = 1
sum = 604450 in rank 882
nan defined!
NAN = nan
a is nan!
a = nan
isnan(a) = 1
sum = 604450 in rank 788
nan defined!
NAN = nan
a is nan!
a = nan
isnan(a) = 1
sum = 604450 in rank 821
nan defined!
NAN = nan
a is nan!
a = nan
isnan(a) = 1
sum = 604450 in rank 797
nan defined!
NAN = nan
a is nan!
a = nan
isnan(a) = 1
sum = 604450 in rank 697
nan defined!
NAN = nan
a is nan!
a = nan
isnan(a) = 1
sum = 604450 in rank 576
nan defined!
NAN = nan
a is nan!
a = nan
isnan(a) = 1
sum = 604450 in rank 843
nan defined!
NAN = nan
a is nan!
a = nan
isnan(a) = 1
sum = 604450 in rank 551
nan defined!
NAN = nan
a is nan!
a = nan
isnan(a) = 1
sum = 604450 in rank 915
nan defined!
NAN = nan
a is nan!
a = nan
isnan(a) = 1
sum = 604450 in rank 1085
nan defined!
NAN = nan
a is nan!
a = nan
isnan(a) = 1
sum = 604450 in rank 437
nan defined!
NAN = nan
a is nan!
a = nan
isnan(a) = 1
sum = 604450 in rank 562
nan defined!
NAN = nan
a is nan!
a = nan
isnan(a) = 1
sum = 604450 in rank 449
nan defined!
NAN = nan
a is nan!
a = nan
isnan(a) = 1
sum = 604450 in rank 476
nan defined!
NAN = nan
a is nan!
a = nan
isnan(a) = 1
sum = 604450 in rank 544
nan defined!
NAN = nan
a is nan!
a = nan
isnan(a) = 1
sum = 604450 in rank 1020
nan defined!
NAN = nan
a is nan!
a = nan
isnan(a) = 1
sum = 604450 in rank 786
nan defined!
NAN = nan
a is nan!
a = nan
isnan(a) = 1
sum = 604450 in rank 282
nan defined!
NAN = nan
a is nan!
a = nan
isnan(a) = 1
sum = 604450 in rank 690
nan defined!
NAN = nan
a is nan!
a = nan
isnan(a) = 1
sum = 604450 in rank 191
nan defined!
NAN = nan
a is nan!
a = nan
isnan(a) = 1
sum = 604450 in rank 894
nan defined!
NAN = nan
a is nan!
a = nan
isnan(a) = 1
sum = 604450 in rank 1028
nan defined!
NAN = nan
a is nan!
a = nan
isnan(a) = 1
sum = 604450 in rank 430
nan defined!
NAN = nan
a is nan!
a = nan
isnan(a) = 1
sum = 604450 in rank 366
nan defined!
NAN = nan
a is nan!
a = nan
isnan(a) = 1
sum = 604450 in rank 642
nan defined!
NAN = nan
a is nan!
a = nan
isnan(a) = 1
sum = 604450 in rank 674
nan defined!
NAN = nan
a is nan!
a = nan
isnan(a) = 1
sum = 604450 in rank 314
nan defined!
NAN = nan
a is nan!
a = nan
isnan(a) = 1
sum = 604450 in rank 1015
nan defined!
NAN = nan
a is nan!
a = nan
isnan(a) = 1
sum = 604450 in rank 885
nan defined!
NAN = nan
a is nan!
a = nan
isnan(a) = 1
sum = 604450 in rank 850
nan defined!
NAN = nan
a is nan!
a = nan
isnan(a) = 1
sum = 604450 in rank 585
nan defined!
NAN = nan
a is nan!
a = nan
isnan(a) = 1
sum = 604450 in rank 1098
nan defined!
NAN = nan
a is nan!
a = nan
isnan(a) = 1
sum = 604450 in rank 700
nan defined!
NAN = nan
a is nan!
a = nan
isnan(a) = 1
sum = 604450 in rank 297
nan defined!
NAN = nan
a is nan!
a = nan
isnan(a) = 1
sum = 604450 in rank 803
nan defined!
NAN = nan
a is nan!
a = nan
isnan(a) = 1
sum = 604450 in rank 916
nan defined!
NAN = nan
a is nan!
a = nan
isnan(a) = 1
sum = 604450 in rank 895
nan defined!
NAN = nan
a is nan!
a = nan
isnan(a) = 1
sum = 604450 in rank 932
nan defined!
NAN = nan
a is nan!
a = nan
isnan(a) = 1
sum = 604450 in rank 504
nan defined!
NAN = nan
a is nan!
a = nan
isnan(a) = 1
sum = 604450 in rank 830
nan defined!
NAN = nan
a is nan!
a = nan
isnan(a) = 1
sum = 604450 in rank 935
nan defined!
NAN = nan
a is nan!
a = nan
isnan(a) = 1
sum = 604450 in rank 607
nan defined!
NAN = nan
a is nan!
a = nan
isnan(a) = 1
sum = 604450 in rank 352
nan defined!
NAN = nan
a is nan!
a = nan
isnan(a) = 1
sum = 604450 in rank 1012
nan defined!
NAN = nan
a is nan!
a = nan
isnan(a) = 1
sum = 604450 in rank 584
nan defined!
NAN = nan
a is nan!
a = nan
isnan(a) = 1
sum = 604450 in rank 573
nan defined!
NAN = nan
a is nan!
a = nan
isnan(a) = 1
sum = 604450 in rank 780
nan defined!
NAN = nan
a is nan!
a = nan
isnan(a) = 1
sum = 604450 in rank 1069
nan defined!
NAN = nan
a is nan!
a = nan
isnan(a) = 1
sum = 604450 in rank 684
nan defined!
NAN = nan
a is nan!
a = nan
isnan(a) = 1
sum = 604450 in rank 553
nan defined!
NAN = nan
a is nan!
a = nan
isnan(a) = 1
sum = 604450 in rank 1088
nan defined!
NAN = nan
a is nan!
a = nan
isnan(a) = 1
sum = 604450 in rank 901
nan defined!
NAN = nan
a is nan!
a = nan
isnan(a) = 1
sum = 604450 in rank 1032
nan defined!
NAN = nan
a is nan!
a = nan
isnan(a) = 1
sum = 604450 in rank 931
nan defined!
NAN = nan
a is nan!
a = nan
isnan(a) = 1
sum = 604450 in rank 446
nan defined!
NAN = nan
a is nan!
a = nan
isnan(a) = 1
sum = 604450 in rank 354
nan defined!
NAN = nan
a is nan!
a = nan
isnan(a) = 1
sum = 604450 in rank 1013
nan defined!
NAN = nan
a is nan!
a = nan
isnan(a) = 1
sum = 604450 in rank 853
nan defined!
NAN = nan
a is nan!
a = nan
isnan(a) = 1
sum = 604450 in rank 693
nan defined!
NAN = nan
a is nan!
a = nan
isnan(a) = 1
sum = 604450 in rank 602
nan defined!
NAN = nan
a is nan!
a = nan
isnan(a) = 1
sum = 604450 in rank 281
nan defined!
NAN = nan
a is nan!
a = nan
isnan(a) = 1
sum = 604450 in rank 899
nan defined!
NAN = nan
a is nan!
a = nan
isnan(a) = 1
sum = 604450 in rank 462
nan defined!
NAN = nan
a is nan!
a = nan
isnan(a) = 1
sum = 604450 in rank 612
nan defined!
NAN = nan
a is nan!
a = nan
isnan(a) = 1
sum = 604450 in rank 1093
nan defined!
NAN = nan
a is nan!
a = nan
isnan(a) = 1
sum = 604450 in rank 599
nan defined!
NAN = nan
a is nan!
a = nan
isnan(a) = 1
sum = 604450 in rank 306
nan defined!
NAN = nan
a is nan!
a = nan
isnan(a) = 1
sum = 604450 in rank 572
nan defined!
NAN = nan
a is nan!
a = nan
isnan(a) = 1
sum = 604450 in rank 778
nan defined!
NAN = nan
a is nan!
a = nan
isnan(a) = 1
sum = 604450 in rank 556
nan defined!
NAN = nan
a is nan!
a = nan
isnan(a) = 1
sum = 604450 in rank 464
nan defined!
NAN = nan
a is nan!
a = nan
isnan(a) = 1
sum = 604450 in rank 633
nan defined!
NAN = nan
a is nan!
a = nan
isnan(a) = 1
sum = 604450 in rank 940
nan defined!
NAN = nan
a is nan!
a = nan
isnan(a) = 1
sum = 604450 in rank 721
nan defined!
NAN = nan
a is nan!
a = nan
isnan(a) = 1
sum = 604450 in rank 355
nan defined!
NAN = nan
a is nan!
a = nan
isnan(a) = 1
sum = 604450 in rank 537
nan defined!
NAN = nan
a is nan!
a = nan
isnan(a) = 1
sum = 604450 in rank 278
nan defined!
NAN = nan
a is nan!
a = nan
isnan(a) = 1
sum = 604450 in rank 682
nan defined!
NAN = nan
a is nan!
a = nan
isnan(a) = 1
sum = 604450 in rank 927
nan defined!
NAN = nan
a is nan!
a = nan
isnan(a) = 1
sum = 604450 in rank 628
nan defined!
NAN = nan
a is nan!
a = nan
isnan(a) = 1
sum = 604450 in rank 480
nan defined!
NAN = nan
a is nan!
a = nan
isnan(a) = 1
sum = 604450 in rank 679
nan defined!
NAN = nan
a is nan!
a = nan
isnan(a) = 1
sum = 604450 in rank 722
nan defined!
NAN = nan
a is nan!
a = nan
isnan(a) = 1
sum = 604450 in rank 362
nan defined!
NAN = nan
a is nan!
a = nan
isnan(a) = 1
sum = 604450 in rank 586
nan defined!
NAN = nan
a is nan!
a = nan
isnan(a) = 1
sum = 604450 in rank 823
nan defined!
NAN = nan
a is nan!
a = nan
isnan(a) = 1
sum = 604450 in rank 532
nan defined!
NAN = nan
a is nan!
a = nan
isnan(a) = 1
sum = 604450 in rank 299
nan defined!
NAN = nan
a is nan!
a = nan
isnan(a) = 1
sum = 604450 in rank 779
nan defined!
NAN = nan
a is nan!
a = nan
isnan(a) = 1
sum = 604450 in rank 757
nan defined!
NAN = nan
a is nan!
a = nan
isnan(a) = 1
sum = 604450 in rank 1031
nan defined!
NAN = nan
a is nan!
a = nan
isnan(a) = 1
sum = 604450 in rank 627
nan defined!
NAN = nan
a is nan!
a = nan
isnan(a) = 1
sum = 604450 in rank 474
nan defined!
NAN = nan
a is nan!
a = nan
isnan(a) = 1
sum = 604450 in rank 681
nan defined!
NAN = nan
a is nan!
a = nan
isnan(a) = 1
sum = 604450 in rank 547
nan defined!
NAN = nan
a is nan!
a = nan
isnan(a) = 1
sum = 604450 in rank 798
nan defined!
NAN = nan
a is nan!
a = nan
isnan(a) = 1
sum = 604450 in rank 276
nan defined!
NAN = nan
a is nan!
a = nan
isnan(a) = 1
sum = 604450 in rank 752
nan defined!
NAN = nan
a is nan!
a = nan
isnan(a) = 1
sum = 604450 in rank 194
nan defined!
NAN = nan
a is nan!
a = nan
isnan(a) = 1
sum = 604450 in rank 677
nan defined!
NAN = nan
a is nan!
a = nan
isnan(a) = 1
sum = 604450 in rank 613
nan defined!
NAN = nan
a is nan!
a = nan
isnan(a) = 1
sum = 604450 in rank 857
nan defined!
NAN = nan
a is nan!
a = nan
isnan(a) = 1
sum = 604450 in rank 589
nan defined!
NAN = nan
a is nan!
a = nan
isnan(a) = 1
sum = 604450 in rank 1095
nan defined!
NAN = nan
a is nan!
a = nan
isnan(a) = 1
sum = 604450 in rank 595
nan defined!
NAN = nan
a is nan!
a = nan
isnan(a) = 1
sum = 604450 in rank 303
nan defined!
NAN = nan
a is nan!
a = nan
isnan(a) = 1
sum = 604450 in rank 577
nan defined!
NAN = nan
a is nan!
a = nan
isnan(a) = 1
sum = 604450 in rank 280
nan defined!
NAN = nan
a is nan!
a = nan
isnan(a) = 1
sum = 604450 in rank 758
nan defined!
NAN = nan
a is nan!
a = nan
isnan(a) = 1
sum = 604450 in rank 559
nan defined!
NAN = nan
a is nan!
a = nan
isnan(a) = 1
sum = 604450 in rank 1033
nan defined!
NAN = nan
a is nan!
a = nan
isnan(a) = 1
sum = 604450 in rank 934
nan defined!
NAN = nan
a is nan!
a = nan
isnan(a) = 1
sum = 604450 in rank 369
nan defined!
NAN = nan
a is nan!
a = nan
isnan(a) = 1
sum = 604450 in rank 470
nan defined!
NAN = nan
a is nan!
a = nan
isnan(a) = 1
sum = 604450 in rank 944
nan defined!
NAN = nan
a is nan!
a = nan
isnan(a) = 1
sum = 604450 in rank 444
nan defined!
NAN = nan
a is nan!
a = nan
isnan(a) = 1
sum = 604450 in rank 483
nan defined!
NAN = nan
a is nan!
a = nan
isnan(a) = 1
sum = 604450 in rank 676
nan defined!
NAN = nan
a is nan!
a = nan
isnan(a) = 1
sum = 604450 in rank 546
nan defined!
NAN = nan
a is nan!
a = nan
isnan(a) = 1
sum = 604450 in rank 308
nan defined!
NAN = nan
a is nan!
a = nan
isnan(a) = 1
sum = 604450 in rank 534
nan defined!
NAN = nan
a is nan!
a = nan
isnan(a) = 1
sum = 604450 in rank 933
nan defined!
NAN = nan
a is nan!
a = nan
isnan(a) = 1
sum = 604450 in rank 364
nan defined!
NAN = nan
a is nan!
a = nan
isnan(a) = 1
sum = 604450 in rank 465
nan defined!
NAN = nan
a is nan!
a = nan
isnan(a) = 1
sum = 604450 in rank 938
nan defined!
NAN = nan
a is nan!
a = nan
isnan(a) = 1
sum = 604450 in rank 445
nan defined!
NAN = nan
a is nan!
a = nan
isnan(a) = 1
sum = 604450 in rank 615
nan defined!
NAN = nan
a is nan!
a = nan
isnan(a) = 1
sum = 604450 in rank 317
nan defined!
NAN = nan
a is nan!
a = nan
isnan(a) = 1
sum = 604450 in rank 590
nan defined!
NAN = nan
a is nan!
a = nan
isnan(a) = 1
sum = 604450 in rank 580
nan defined!
NAN = nan
a is nan!
a = nan
isnan(a) = 1
sum = 604450 in rank 365
nan defined!
NAN = nan
a is nan!
a = nan
isnan(a) = 1
sum = 604450 in rank 318
nan defined!
NAN = nan
a is nan!
a = nan
isnan(a) = 1
sum = 604450 in rank 854
nan defined!
NAN = nan
a is nan!
a = nan
isnan(a) = 1
sum = 604450 in rank 926
nan defined!
NAN = nan
a is nan!
a = nan
isnan(a) = 1
sum = 604450 in rank 538
nan defined!
NAN = nan
a is nan!
a = nan
isnan(a) = 1
sum = 604450 in rank 197
nan defined!
NAN = nan
a is nan!
a = nan
isnan(a) = 1
sum = 604450 in rank 471
nan defined!
NAN = nan
a is nan!
a = nan
isnan(a) = 1
sum = 604450 in rank 637
nan defined!
NAN = nan
a is nan!
a = nan
isnan(a) = 1
sum = 604450 in rank 937
nan defined!
NAN = nan
a is nan!
a = nan
isnan(a) = 1
sum = 604450 in rank 550
nan defined!
NAN = nan
a is nan!
a = nan
isnan(a) = 1
sum = 604450 in rank 1023
nan defined!
NAN = nan
a is nan!
a = nan
isnan(a) = 1
sum = 604450 in rank 196
nan defined!
NAN = nan
a is nan!
a = nan
isnan(a) = 1
sum = 604450 in rank 441
nan defined!
NAN = nan
a is nan!
a = nan
isnan(a) = 1
sum = 604450 in rank 611
nan defined!
NAN = nan
a is nan!
a = nan
isnan(a) = 1
sum = 604450 in rank 457
nan defined!
NAN = nan
a is nan!
a = nan
isnan(a) = 1
sum = 604450 in rank 187
nan defined!
NAN = nan
a is nan!
a = nan
isnan(a) = 1
sum = 604450 in rank 312
nan defined!
NAN = nan
a is nan!
a = nan
isnan(a) = 1
sum = 604450 in rank 461
nan defined!
NAN = nan
a is nan!
a = nan
isnan(a) = 1
sum = 604450 in rank 528
nan defined!
NAN = nan
a is nan!
a = nan
isnan(a) = 1
sum = 604450 in rank 689
nan defined!
NAN = nan
a is nan!
a = nan
isnan(a) = 1
sum = 604450 in rank 454
nan defined!
NAN = nan
a is nan!
a = nan
isnan(a) = 1
sum = 604450 in rank 1090
nan defined!
NAN = nan
a is nan!
a = nan
isnan(a) = 1
sum = 604450 in rank 467
nan defined!
NAN = nan
a is nan!
a = nan
isnan(a) = 1
sum = 604450 in rank 315
nan defined!
NAN = nan
a is nan!
a = nan
isnan(a) = 1
sum = 604450 in rank 359
nan defined!
NAN = nan
a is nan!
a = nan
isnan(a) = 1
sum = 604450 in rank 530
nan defined!
NAN = nan
a is nan!
a = nan
isnan(a) = 1
sum = 604450 in rank 665
nan defined!
NAN = nan
a is nan!
a = nan
isnan(a) = 1
sum = 604450 in rank 496
nan defined!
NAN = nan
a is nan!
a = nan
isnan(a) = 1
sum = 604450 in rank 643
nan defined!
NAN = nan
a is nan!
a = nan
isnan(a) = 1
sum = 604450 in rank 311
nan defined!
NAN = nan
a is nan!
a = nan
isnan(a) = 1
sum = 604450 in rank 472
nan defined!
NAN = nan
a is nan!
a = nan
isnan(a) = 1
sum = 604450 in rank 482
nan defined!
NAN = nan
a is nan!
a = nan
isnan(a) = 1
sum = 604450 in rank 543
nan defined!
NAN = nan
a is nan!
a = nan
isnan(a) = 1
sum = 604450 in rank 536
nan defined!
NAN = nan
a is nan!
a = nan
isnan(a) = 1
sum = 604450 in rank 775
nan defined!
NAN = nan
a is nan!
a = nan
isnan(a) = 1
sum = 604450 in rank 309
nan defined!
NAN = nan
a is nan!
a = nan
isnan(a) = 1
sum = 604450 in rank 718
nan defined!
NAN = nan
a is nan!
a = nan
isnan(a) = 1
sum = 604450 in rank 1014
nan defined!
NAN = nan
a is nan!
a = nan
isnan(a) = 1
sum = 604450 in rank 716
nan defined!
NAN = nan
a is nan!
a = nan
isnan(a) = 1
sum = 604450 in rank 617
nan defined!
NAN = nan
a is nan!
a = nan
isnan(a) = 1
sum = 604450 in rank 829
nan defined!
NAN = nan
a is nan!
a = nan
isnan(a) = 1
sum = 604450 in rank 1019
nan defined!
NAN = nan
a is nan!
a = nan
isnan(a) = 1
sum = 604450 in rank 458
nan defined!
NAN = nan
a is nan!
a = nan
isnan(a) = 1
sum = 604450 in rank 597
nan defined!
NAN = nan
a is nan!
a = nan
isnan(a) = 1
sum = 604450 in rank 190
nan defined!
NAN = nan
a is nan!
a = nan
isnan(a) = 1
sum = 604450 in rank 670
nan defined!
NAN = nan
a is nan!
a = nan
isnan(a) = 1
sum = 604450 in rank 618
nan defined!
NAN = nan
a is nan!
a = nan
isnan(a) = 1
sum = 604450 in rank 601
nan defined!
NAN = nan
a is nan!
a = nan
isnan(a) = 1
sum = 604450 in rank 285
nan defined!
NAN = nan
a is nan!
a = nan
isnan(a) = 1
sum = 604450 in rank 622
nan defined!
NAN = nan
a is nan!
a = nan
isnan(a) = 1
sum = 604450 in rank 596
nan defined!
NAN = nan
a is nan!
a = nan
isnan(a) = 1
sum = 604450 in rank 756
nan defined!
NAN = nan
a is nan!
a = nan
isnan(a) = 1
sum = 604450 in rank 616
nan defined!
NAN = nan
a is nan!
a = nan
isnan(a) = 1
sum = 604450 in rank 594
nan defined!
NAN = nan
a is nan!
a = nan
isnan(a) = 1
sum = 604450 in rank 630
nan defined!
NAN = nan
a is nan!
a = nan
isnan(a) = 1
sum = 604450 in rank 450
nan defined!
NAN = nan
a is nan!
a = nan
isnan(a) = 1
sum = 604450 in rank 619
nan defined!
NAN = nan
a is nan!
a = nan
isnan(a) = 1
sum = 604450 in rank 1017
nan defined!
NAN = nan
a is nan!
a = nan
isnan(a) = 1
sum = 604450 in rank 847
nan defined!
NAN = nan
a is nan!
a = nan
isnan(a) = 1
sum = 604450 in rank 371
nan defined!
NAN = nan
a is nan!
a = nan
isnan(a) = 1
sum = 604450 in rank 629
nan defined!
NAN = nan
a is nan!
a = nan
isnan(a) = 1
sum = 604450 in rank 447
nan defined!
NAN = nan
a is nan!
a = nan
isnan(a) = 1
sum = 604450 in rank 725
nan defined!
NAN = nan
a is nan!
a = nan
isnan(a) = 1
sum = 604450 in rank 632
nan defined!
NAN = nan
a is nan!
a = nan
isnan(a) = 1
sum = 604450 in rank 189
nan defined!
NAN = nan
a is nan!
a = nan
isnan(a) = 1
sum = 604450 in rank 440
nan defined!
NAN = nan
a is nan!
a = nan
isnan(a) = 1
sum = 604450 in rank 452
nan defined!
NAN = nan
a is nan!
a = nan
isnan(a) = 1
sum = 604450 in rank 660
nan defined!
NAN = nan
a is nan!
a = nan
isnan(a) = 1
sum = 604450 in rank 503
nan defined!
NAN = nan
a is nan!
a = nan
isnan(a) = 1
sum = 604450 in rank 640
nan defined!
NAN = nan
a is nan!
a = nan
isnan(a) = 1
sum = 604450 in rank 753
nan defined!
NAN = nan
a is nan!
a = nan
isnan(a) = 1
sum = 604450 in rank 363
nan defined!
NAN = nan
a is nan!
a = nan
isnan(a) = 1
sum = 604450 in rank 851
nan defined!
NAN = nan
a is nan!
a = nan
isnan(a) = 1
sum = 604450 in rank 521
nan defined!
NAN = nan
a is nan!
a = nan
isnan(a) = 1
sum = 604450 in rank 555
nan defined!
NAN = nan
a is nan!
a = nan
isnan(a) = 1
sum = 604450 in rank 500
nan defined!
NAN = nan
a is nan!
a = nan
isnan(a) = 1
sum = 604450 in rank 527
nan defined!
NAN = nan
a is nan!
a = nan
isnan(a) = 1
sum = 604450 in rank 855
nan defined!
NAN = nan
a is nan!
a = nan
isnan(a) = 1
sum = 604450 in rank 455
nan defined!
NAN = nan
a is nan!
a = nan
isnan(a) = 1
sum = 604450 in rank 750
nan defined!
NAN = nan
a is nan!
a = nan
isnan(a) = 1
sum = 604450 in rank 195
nan defined!
NAN = nan
a is nan!
a = nan
isnan(a) = 1
sum = 604450 in rank 448
nan defined!
NAN = nan
a is nan!
a = nan
isnan(a) = 1
sum = 604450 in rank 517
nan defined!
NAN = nan
a is nan!
a = nan
isnan(a) = 1
sum = 604450 in rank 604
nan defined!
NAN = nan
a is nan!
a = nan
isnan(a) = 1
sum = 604450 in rank 754
nan defined!
NAN = nan
a is nan!
a = nan
isnan(a) = 1
sum = 604450 in rank 552
nan defined!
NAN = nan
a is nan!
a = nan
isnan(a) = 1
sum = 604450 in rank 442
nan defined!
NAN = nan
a is nan!
a = nan
isnan(a) = 1
sum = 604450 in rank 720
nan defined!
NAN = nan
a is nan!
a = nan
isnan(a) = 1
sum = 604450 in rank 849
nan defined!
NAN = nan
a is nan!
a = nan
isnan(a) = 1
sum = 604450 in rank 368
nan defined!
NAN = nan
a is nan!
a = nan
isnan(a) = 1
sum = 604450 in rank 1018
nan defined!
NAN = nan
a is nan!
a = nan
isnan(a) = 1
sum = 604450 in rank 558
nan defined!
NAN = nan
a is nan!
a = nan
isnan(a) = 1
sum = 604450 in rank 560
nan defined!
NAN = nan
a is nan!
a = nan
isnan(a) = 1
sum = 604450 in rank 367
nan defined!
NAN = nan
a is nan!
a = nan
isnan(a) = 1
sum = 604450 in rank 626
nan defined!
NAN = nan
a is nan!
a = nan
isnan(a) = 1
sum = 604450 in rank 598
nan defined!
NAN = nan
a is nan!
a = nan
isnan(a) = 1
sum = 604450 in rank 748
nan defined!
NAN = nan
a is nan!
a = nan
isnan(a) = 1
sum = 604450 in rank 501
nan defined!
NAN = nan
a is nan!
a = nan
isnan(a) = 1
sum = 604450 in rank 1022
nan defined!
NAN = nan
a is nan!
a = nan
isnan(a) = 1
sum = 604450 in rank 526
nan defined!
NAN = nan
a is nan!
a = nan
isnan(a) = 1
sum = 604450 in rank 625
nan defined!
NAN = nan
a is nan!
a = nan
isnan(a) = 1
sum = 604450 in rank 459
nan defined!
NAN = nan
a is nan!
a = nan
isnan(a) = 1
sum = 604450 in rank 666
nan defined!
NAN = nan
a is nan!
a = nan
isnan(a) = 1
sum = 604450 in rank 370
nan defined!
NAN = nan
a is nan!
a = nan
isnan(a) = 1
sum = 604450 in rank 638
nan defined!
NAN = nan
a is nan!
a = nan
isnan(a) = 1
sum = 604450 in rank 852
nan defined!
NAN = nan
a is nan!
a = nan
isnan(a) = 1
sum = 604450 in rank 620
nan defined!
NAN = nan
a is nan!
a = nan
isnan(a) = 1
sum = 604450 in rank 646
nan defined!
NAN = nan
a is nan!
a = nan
isnan(a) = 1
sum = 604450 in rank 453
nan defined!
NAN = nan
a is nan!
a = nan
isnan(a) = 1
sum = 604450 in rank 641
nan defined!
NAN = nan
a is nan!
a = nan
isnan(a) = 1
sum = 604450 in rank 460
nan defined!
NAN = nan
a is nan!
a = nan
isnan(a) = 1
sum = 604450 in rank 749
nan defined!
NAN = nan
a is nan!
a = nan
isnan(a) = 1
sum = 604450 in rank 392
nan defined!
NAN = nan
a is nan!
a = nan
isnan(a) = 1
sum = 604450 in rank 724
nan defined!
NAN = nan
a is nan!
a = nan
isnan(a) = 1
sum = 604450 in rank 603
nan defined!
NAN = nan
a is nan!
a = nan
isnan(a) = 1
sum = 604450 in rank 557
nan defined!
NAN = nan
a is nan!
a = nan
isnan(a) = 1
sum = 604450 in rank 717
nan defined!
NAN = nan
a is nan!
a = nan
isnan(a) = 1
sum = 604450 in rank 395
nan defined!
NAN = nan
a is nan!
a = nan
isnan(a) = 1
sum = 604450 in rank 1042
nan defined!
NAN = nan
a is nan!
a = nan
isnan(a) = 1
sum = 604450 in rank 519
nan defined!
NAN = nan
a is nan!
a = nan
isnan(a) = 1
sum = 604450 in rank 456
nan defined!
NAN = nan
a is nan!
a = nan
isnan(a) = 1
sum = 604450 in rank 497
nan defined!
NAN = nan
a is nan!
a = nan
isnan(a) = 1
sum = 604450 in rank 715
nan defined!
NAN = nan
a is nan!
a = nan
isnan(a) = 1
sum = 604450 in rank 1039
nan defined!
NAN = nan
a is nan!
a = nan
isnan(a) = 1
sum = 604450 in rank 505
nan defined!
NAN = nan
a is nan!
a = nan
isnan(a) = 1
sum = 604450 in rank 723
nan defined!
NAN = nan
a is nan!
a = nan
isnan(a) = 1
sum = 604450 in rank 639
nan defined!
NAN = nan
a is nan!
a = nan
isnan(a) = 1
sum = 604450 in rank 373
nan defined!
NAN = nan
a is nan!
a = nan
isnan(a) = 1
sum = 604450 in rank 499
nan defined!
NAN = nan
a is nan!
a = nan
isnan(a) = 1
sum = 604450 in rank 1021
nan defined!
NAN = nan
a is nan!
a = nan
isnan(a) = 1
sum = 604450 in rank 502
nan defined!
NAN = nan
a is nan!
a = nan
isnan(a) = 1
sum = 604450 in rank 648
nan defined!
NAN = nan
a is nan!
a = nan
isnan(a) = 1
sum = 604450 in rank 388
nan defined!
NAN = nan
a is nan!
a = nan
isnan(a) = 1
sum = 604450 in rank 621
nan defined!
NAN = nan
a is nan!
a = nan
isnan(a) = 1
sum = 604450 in rank 755
nan defined!
NAN = nan
a is nan!
a = nan
isnan(a) = 1
sum = 604450 in rank 668
nan defined!
NAN = nan
a is nan!
a = nan
isnan(a) = 1
sum = 604450 in rank 520
nan defined!
NAN = nan
a is nan!
a = nan
isnan(a) = 1
sum = 604450 in rank 656
nan defined!
NAN = nan
a is nan!
a = nan
isnan(a) = 1
sum = 604450 in rank 647
nan defined!
NAN = nan
a is nan!
a = nan
isnan(a) = 1
sum = 604450 in rank 667
nan defined!
NAN = nan
a is nan!
a = nan
isnan(a) = 1
sum = 604450 in rank 389
nan defined!
NAN = nan
a is nan!
a = nan
isnan(a) = 1
sum = 604450 in rank 669
nan defined!
NAN = nan
a is nan!
a = nan
isnan(a) = 1
sum = 604450 in rank 624
nan defined!
NAN = nan
a is nan!
a = nan
isnan(a) = 1
sum = 604450 in rank 655
nan defined!
NAN = nan
a is nan!
a = nan
isnan(a) = 1
sum = 604450 in rank 522
nan defined!
NAN = nan
a is nan!
a = nan
isnan(a) = 1
sum = 604450 in rank 662
nan defined!
NAN = nan
a is nan!
a = nan
isnan(a) = 1
sum = 604450 in rank 385
nan defined!
NAN = nan
a is nan!
a = nan
isnan(a) = 1
sum = 604450 in rank 525
nan defined!
NAN = nan
a is nan!
a = nan
isnan(a) = 1
sum = 604450 in rank 393
nan defined!
NAN = nan
a is nan!
a = nan
isnan(a) = 1
sum = 604450 in rank 663
nan defined!
NAN = nan
a is nan!
a = nan
isnan(a) = 1
sum = 604450 in rank 645
nan defined!
NAN = nan
a is nan!
a = nan
isnan(a) = 1
sum = 604450 in rank 661
nan defined!
NAN = nan
a is nan!
a = nan
isnan(a) = 1
sum = 604450 in rank 657
nan defined!
NAN = nan
a is nan!
a = nan
isnan(a) = 1
sum = 604450 in rank 1040
nan defined!
NAN = nan
a is nan!
a = nan
isnan(a) = 1
sum = 604450 in rank 1035
nan defined!
NAN = nan
a is nan!
a = nan
isnan(a) = 1
sum = 604450 in rank 650
nan defined!
NAN = nan
a is nan!
a = nan
isnan(a) = 1
sum = 604450 in rank 523
nan defined!
NAN = nan
a is nan!
a = nan
isnan(a) = 1
sum = 604450 in rank 390
nan defined!
NAN = nan
a is nan!
a = nan
isnan(a) = 1
sum = 604450 in rank 658
nan defined!
NAN = nan
a is nan!
a = nan
isnan(a) = 1
sum = 604450 in rank 394
nan defined!
NAN = nan
a is nan!
a = nan
isnan(a) = 1
sum = 604450 in rank 391
nan defined!
NAN = nan
a is nan!
a = nan
isnan(a) = 1
sum = 604450 in rank 524
nan defined!
NAN = nan
a is nan!
a = nan
isnan(a) = 1
sum = 604450 in rank 1044
nan defined!
NAN = nan
a is nan!
a = nan
isnan(a) = 1
sum = 604450 in rank 1038
nan defined!
NAN = nan
a is nan!
a = nan
isnan(a) = 1
sum = 604450 in rank 386
nan defined!
NAN = nan
a is nan!
a = nan
isnan(a) = 1
sum = 604450 in rank 652
nan defined!
NAN = nan
a is nan!
a = nan
isnan(a) = 1
sum = 604450 in rank 1041
nan defined!
NAN = nan
a is nan!
a = nan
isnan(a) = 1
sum = 604450 in rank 654
nan defined!
NAN = nan
a is nan!
a = nan
isnan(a) = 1
sum = 604450 in rank 659
nan defined!
NAN = nan
a is nan!
a = nan
isnan(a) = 1
sum = 604450 in rank 1037
nan defined!
NAN = nan
a is nan!
a = nan
isnan(a) = 1
sum = 604450 in rank 651
nan defined!
NAN = nan
a is nan!
a = nan
isnan(a) = 1
sum = 604450 in rank 1034
nan defined!
NAN = nan
a is nan!
a = nan
isnan(a) = 1
sum = 604450 in rank 649
nan defined!
NAN = nan
a is nan!
a = nan
isnan(a) = 1
sum = 604450 in rank 1043
nan defined!
NAN = nan
a is nan!
a = nan
isnan(a) = 1
sum = 604450 in rank 410
nan defined!
NAN = nan
a is nan!
a = nan
isnan(a) = 1
sum = 604450 in rank 414
nan defined!
NAN = nan
a is nan!
a = nan
isnan(a) = 1
sum = 604450 in rank 415
nan defined!
NAN = nan
a is nan!
a = nan
isnan(a) = 1
sum = 604450 in rank 403
nan defined!
NAN = nan
a is nan!
a = nan
isnan(a) = 1
sum = 604450 in rank 675
nan defined!
NAN = nan
a is nan!
a = nan
isnan(a) = 1
sum = 604450 in rank 170
nan defined!
NAN = nan
a is nan!
a = nan
isnan(a) = 1
sum = 604450 in rank 172
nan defined!
NAN = nan
a is nan!
a = nan
isnan(a) = 1
sum = 604450 in rank 171
nan defined!
NAN = nan
a is nan!
a = nan
isnan(a) = 1
sum = 604450 in rank 175
nan defined!
NAN = nan
a is nan!
a = nan
isnan(a) = 1
sum = 604450 in rank 89
nan defined!
NAN = nan
a is nan!
a = nan
isnan(a) = 1
sum = 604450 in rank 151
nan defined!
NAN = nan
a is nan!
a = nan
isnan(a) = 1
sum = 604450 in rank 169
nan defined!
NAN = nan
a is nan!
a = nan
isnan(a) = 1
sum = 604450 in rank 167
nan defined!
NAN = nan
a is nan!
a = nan
isnan(a) = 1
sum = 604450 in rank 168
nan defined!
NAN = nan
a is nan!
a = nan
isnan(a) = 1
sum = 604450 in rank 511
nan defined!
NAN = nan
a is nan!
a = nan
isnan(a) = 1
sum = 604450 in rank 173
nan defined!
NAN = nan
a is nan!
a = nan
isnan(a) = 1
sum = 604450 in rank 92
nan defined!
NAN = nan
a is nan!
a = nan
isnan(a) = 1
sum = 604450 in rank 165
nan defined!
NAN = nan
a is nan!
a = nan
isnan(a) = 1
sum = 604450 in rank 7
nan defined!
NAN = nan
a is nan!
a = nan
isnan(a) = 1
sum = 604450 in rank 90
nan defined!
NAN = nan
a is nan!
a = nan
isnan(a) = 1
sum = 604450 in rank 146
nan defined!
NAN = nan
a is nan!
a = nan
isnan(a) = 1
sum = 604450 in rank 93
nan defined!
NAN = nan
a is nan!
a = nan
isnan(a) = 1
sum = 604450 in rank 166
nan defined!
NAN = nan
a is nan!
a = nan
isnan(a) = 1
sum = 604450 in rank 141
nan defined!
NAN = nan
a is nan!
a = nan
isnan(a) = 1
sum = 604450 in rank 140
nan defined!
NAN = nan
a is nan!
a = nan
isnan(a) = 1
sum = 604450 in rank 135
nan defined!
NAN = nan
a is nan!
a = nan
isnan(a) = 1
sum = 604450 in rank 2
nan defined!
NAN = nan
a is nan!
a = nan
isnan(a) = 1
sum = 604450 in rank 6
nan defined!
NAN = nan
a is nan!
a = nan
isnan(a) = 1
sum = 604450 in rank 143
nan defined!
NAN = nan
a is nan!
a = nan
isnan(a) = 1
sum = 604450 in rank 145
nan defined!
NAN = nan
a is nan!
a = nan
isnan(a) = 1
Hello world from 0/1100
sum = 604450 in rank 0
nan defined!
NAN = nan
a is nan!
a = nan
isnan(a) = 1
sum = 604450 in rank 97
nan defined!
NAN = nan
a is nan!
a = nan
isnan(a) = 1
sum = 604450 in rank 43
nan defined!
NAN = nan
a is nan!
a = nan
isnan(a) = 1
sum = 604450 in rank 10
nan defined!
NAN = nan
a is nan!
a = nan
isnan(a) = 1
sum = 604450 in rank 979
nan defined!
NAN = nan
a is nan!
a = nan
isnan(a) = 1
sum = 604450 in rank 96
nan defined!
NAN = nan
a is nan!
a = nan
isnan(a) = 1
sum = 604450 in rank 48
nan defined!
NAN = nan
a is nan!
a = nan
isnan(a) = 1
sum = 604450 in rank 777
nan defined!
NAN = nan
a is nan!
a = nan
isnan(a) = 1
sum = 604450 in rank 137
nan defined!
NAN = nan
a is nan!
a = nan
isnan(a) = 1
sum = 604450 in rank 128
nan defined!
NAN = nan
a is nan!
a = nan
isnan(a) = 1
sum = 604450 in rank 836
nan defined!
NAN = nan
a is nan!
a = nan
isnan(a) = 1
sum = 604450 in rank 131
nan defined!
NAN = nan
a is nan!
a = nan
isnan(a) = 1
sum = 604450 in rank 95
nan defined!
NAN = nan
a is nan!
a = nan
isnan(a) = 1
sum = 604450 in rank 820
nan defined!
NAN = nan
a is nan!
a = nan
isnan(a) = 1
sum = 604450 in rank 147
nan defined!
NAN = nan
a is nan!
a = nan
isnan(a) = 1
sum = 604450 in rank 91
nan defined!
NAN = nan
a is nan!
a = nan
isnan(a) = 1
sum = 604450 in rank 3
nan defined!
NAN = nan
a is nan!
a = nan
isnan(a) = 1
sum = 604450 in rank 735
nan defined!
NAN = nan
a is nan!
a = nan
isnan(a) = 1
sum = 604450 in rank 5
nan defined!
NAN = nan
a is nan!
a = nan
isnan(a) = 1
sum = 604450 in rank 138
nan defined!
NAN = nan
a is nan!
a = nan
isnan(a) = 1
sum = 604450 in rank 8
nan defined!
NAN = nan
a is nan!
a = nan
isnan(a) = 1
sum = 604450 in rank 88
nan defined!
NAN = nan
a is nan!
a = nan
isnan(a) = 1
sum = 604450 in rank 36
nan defined!
NAN = nan
a is nan!
a = nan
isnan(a) = 1
sum = 604450 in rank 338
nan defined!
NAN = nan
a is nan!
a = nan
isnan(a) = 1
sum = 604450 in rank 38
nan defined!
NAN = nan
a is nan!
a = nan
isnan(a) = 1
sum = 604450 in rank 153
nan defined!
NAN = nan
a is nan!
a = nan
isnan(a) = 1
sum = 604450 in rank 955
nan defined!
NAN = nan
a is nan!
a = nan
isnan(a) = 1
sum = 604450 in rank 41
nan defined!
NAN = nan
a is nan!
a = nan
isnan(a) = 1
sum = 604450 in rank 94
nan defined!
NAN = nan
a is nan!
a = nan
isnan(a) = 1
sum = 604450 in rank 156
nan defined!
NAN = nan
a is nan!
a = nan
isnan(a) = 1
sum = 604450 in rank 418
nan defined!
NAN = nan
a is nan!
a = nan
isnan(a) = 1
sum = 604450 in rank 4
nan defined!
NAN = nan
a is nan!
a = nan
isnan(a) = 1
sum = 604450 in rank 160
nan defined!
NAN = nan
a is nan!
a = nan
isnan(a) = 1
sum = 604450 in rank 127
nan defined!
NAN = nan
a is nan!
a = nan
isnan(a) = 1
sum = 604450 in rank 34
nan defined!
NAN = nan
a is nan!
a = nan
isnan(a) = 1
sum = 604450 in rank 325
nan defined!
NAN = nan
a is nan!
a = nan
isnan(a) = 1
sum = 604450 in rank 144
nan defined!
NAN = nan
a is nan!
a = nan
isnan(a) = 1
sum = 604450 in rank 152
nan defined!
NAN = nan
a is nan!
a = nan
isnan(a) = 1
sum = 604450 in rank 121
nan defined!
NAN = nan
a is nan!
a = nan
isnan(a) = 1
sum = 604450 in rank 712
nan defined!
NAN = nan
a is nan!
a = nan
isnan(a) = 1
sum = 604450 in rank 139
nan defined!
NAN = nan
a is nan!
a = nan
isnan(a) = 1
sum = 604450 in rank 831
nan defined!
NAN = nan
a is nan!
a = nan
isnan(a) = 1
sum = 604450 in rank 133
nan defined!
NAN = nan
a is nan!
a = nan
isnan(a) = 1
sum = 604450 in rank 235
nan defined!
NAN = nan
a is nan!
a = nan
isnan(a) = 1
sum = 604450 in rank 411
nan defined!
NAN = nan
a is nan!
a = nan
isnan(a) = 1
sum = 604450 in rank 132
nan defined!
NAN = nan
a is nan!
a = nan
isnan(a) = 1
sum = 604450 in rank 124
nan defined!
NAN = nan
a is nan!
a = nan
isnan(a) = 1
sum = 604450 in rank 848
nan defined!
NAN = nan
a is nan!
a = nan
isnan(a) = 1
sum = 604450 in rank 155
nan defined!
NAN = nan
a is nan!
a = nan
isnan(a) = 1
sum = 604450 in rank 120
nan defined!
NAN = nan
a is nan!
a = nan
isnan(a) = 1
sum = 604450 in rank 142
nan defined!
NAN = nan
a is nan!
a = nan
isnan(a) = 1
sum = 604450 in rank 1054
nan defined!
NAN = nan
a is nan!
a = nan
isnan(a) = 1
sum = 604450 in rank 862
nan defined!
NAN = nan
a is nan!
a = nan
isnan(a) = 1
sum = 604450 in rank 39
nan defined!
NAN = nan
a is nan!
a = nan
isnan(a) = 1
sum = 604450 in rank 150
nan defined!
NAN = nan
a is nan!
a = nan
isnan(a) = 1
sum = 604450 in rank 114
nan defined!
NAN = nan
a is nan!
a = nan
isnan(a) = 1
sum = 604450 in rank 563
nan defined!
NAN = nan
a is nan!
a = nan
isnan(a) = 1
sum = 604450 in rank 930
nan defined!
NAN = nan
a is nan!
a = nan
isnan(a) = 1
sum = 604450 in rank 40
nan defined!
NAN = nan
a is nan!
a = nan
isnan(a) = 1
sum = 604450 in rank 129
nan defined!
NAN = nan
a is nan!
a = nan
isnan(a) = 1
sum = 604450 in rank 100
nan defined!
NAN = nan
a is nan!
a = nan
isnan(a) = 1
sum = 604450 in rank 148
nan defined!
NAN = nan
a is nan!
a = nan
isnan(a) = 1
sum = 604450 in rank 1081
nan defined!
NAN = nan
a is nan!
a = nan
isnan(a) = 1
sum = 604450 in rank 237
nan defined!
NAN = nan
a is nan!
a = nan
isnan(a) = 1
sum = 604450 in rank 107
nan defined!
NAN = nan
a is nan!
a = nan
isnan(a) = 1
sum = 604450 in rank 33
nan defined!
NAN = nan
a is nan!
a = nan
isnan(a) = 1
sum = 604450 in rank 254
nan defined!
NAN = nan
a is nan!
a = nan
isnan(a) = 1
sum = 604450 in rank 16
nan defined!
NAN = nan
a is nan!
a = nan
isnan(a) = 1
sum = 604450 in rank 122
nan defined!
NAN = nan
a is nan!
a = nan
isnan(a) = 1
sum = 604450 in rank 259
nan defined!
NAN = nan
a is nan!
a = nan
isnan(a) = 1
sum = 604450 in rank 37
nan defined!
NAN = nan
a is nan!
a = nan
isnan(a) = 1
sum = 604450 in rank 163
nan defined!
NAN = nan
a is nan!
a = nan
isnan(a) = 1
sum = 604450 in rank 103
nan defined!
NAN = nan
a is nan!
a = nan
isnan(a) = 1
sum = 604450 in rank 374
nan defined!
NAN = nan
a is nan!
a = nan
isnan(a) = 1
sum = 604450 in rank 113
nan defined!
NAN = nan
a is nan!
a = nan
isnan(a) = 1
sum = 604450 in rank 106
nan defined!
NAN = nan
a is nan!
a = nan
isnan(a) = 1
sum = 604450 in rank 31
nan defined!
NAN = nan
a is nan!
a = nan
isnan(a) = 1
sum = 604450 in rank 241
nan defined!
NAN = nan
a is nan!
a = nan
isnan(a) = 1
sum = 604450 in rank 232
nan defined!
NAN = nan
a is nan!
a = nan
isnan(a) = 1
sum = 604450 in rank 130
nan defined!
NAN = nan
a is nan!
a = nan
isnan(a) = 1
sum = 604450 in rank 698
nan defined!
NAN = nan
a is nan!
a = nan
isnan(a) = 1
sum = 604450 in rank 923
nan defined!
NAN = nan
a is nan!
a = nan
isnan(a) = 1
sum = 604450 in rank 154
nan defined!
NAN = nan
a is nan!
a = nan
isnan(a) = 1
sum = 604450 in rank 582
nan defined!
NAN = nan
a is nan!
a = nan
isnan(a) = 1
sum = 604450 in rank 256
nan defined!
NAN = nan
a is nan!
a = nan
isnan(a) = 1
sum = 604450 in rank 959
nan defined!
NAN = nan
a is nan!
a = nan
isnan(a) = 1
sum = 604450 in rank 463
nan defined!
NAN = nan
a is nan!
a = nan
isnan(a) = 1
sum = 604450 in rank 158
nan defined!
NAN = nan
a is nan!
a = nan
isnan(a) = 1
sum = 604450 in rank 159
nan defined!
NAN = nan
a is nan!
a = nan
isnan(a) = 1
sum = 604450 in rank 101
nan defined!
NAN = nan
a is nan!
a = nan
isnan(a) = 1
sum = 604450 in rank 125
nan defined!
NAN = nan
a is nan!
a = nan
isnan(a) = 1
sum = 604450 in rank 35
nan defined!
NAN = nan
a is nan!
a = nan
isnan(a) = 1
sum = 604450 in rank 220
nan defined!
NAN = nan
a is nan!
a = nan
isnan(a) = 1
sum = 604450 in rank 104
nan defined!
NAN = nan
a is nan!
a = nan
isnan(a) = 1
sum = 604450 in rank 111
nan defined!
NAN = nan
a is nan!
a = nan
isnan(a) = 1
sum = 604450 in rank 116
nan defined!
NAN = nan
a is nan!
a = nan
isnan(a) = 1
sum = 604450 in rank 162
nan defined!
NAN = nan
a is nan!
a = nan
isnan(a) = 1
sum = 604450 in rank 1056
nan defined!
NAN = nan
a is nan!
a = nan
isnan(a) = 1
sum = 604450 in rank 230
nan defined!
NAN = nan
a is nan!
a = nan
isnan(a) = 1
sum = 604450 in rank 346
nan defined!
NAN = nan
a is nan!
a = nan
isnan(a) = 1
sum = 604450 in rank 164
nan defined!
NAN = nan
a is nan!
a = nan
isnan(a) = 1
sum = 604450 in rank 134
nan defined!
NAN = nan
a is nan!
a = nan
isnan(a) = 1
sum = 604450 in rank 102
nan defined!
NAN = nan
a is nan!
a = nan
isnan(a) = 1
sum = 604450 in rank 157
nan defined!
NAN = nan
a is nan!
a = nan
isnan(a) = 1
sum = 604450 in rank 109
nan defined!
NAN = nan
a is nan!
a = nan
isnan(a) = 1
sum = 604450 in rank 117
nan defined!
NAN = nan
a is nan!
a = nan
isnan(a) = 1
sum = 604450 in rank 99
nan defined!
NAN = nan
a is nan!
a = nan
isnan(a) = 1
sum = 604450 in rank 258
nan defined!
NAN = nan
a is nan!
a = nan
isnan(a) = 1
sum = 604450 in rank 238
nan defined!
NAN = nan
a is nan!
a = nan
isnan(a) = 1
sum = 604450 in rank 110
nan defined!
NAN = nan
a is nan!
a = nan
isnan(a) = 1
sum = 604450 in rank 1089
nan defined!
NAN = nan
a is nan!
a = nan
isnan(a) = 1
sum = 604450 in rank 74
nan defined!
NAN = nan
a is nan!
a = nan
isnan(a) = 1
sum = 604450 in rank 911
nan defined!
NAN = nan
a is nan!
a = nan
isnan(a) = 1
sum = 604450 in rank 68
nan defined!
NAN = nan
a is nan!
a = nan
isnan(a) = 1
sum = 604450 in rank 118
nan defined!
NAN = nan
a is nan!
a = nan
isnan(a) = 1
sum = 604450 in rank 875
nan defined!
NAN = nan
a is nan!
a = nan
isnan(a) = 1
sum = 604450 in rank 236
nan defined!
NAN = nan
a is nan!
a = nan
isnan(a) = 1
sum = 604450 in rank 105
nan defined!
NAN = nan
a is nan!
a = nan
isnan(a) = 1
sum = 604450 in rank 9
nan defined!
NAN = nan
a is nan!
a = nan
isnan(a) = 1
sum = 604450 in rank 112
nan defined!
NAN = nan
a is nan!
a = nan
isnan(a) = 1
sum = 604450 in rank 970
nan defined!
NAN = nan
a is nan!
a = nan
isnan(a) = 1
sum = 604450 in rank 233
nan defined!
NAN = nan
a is nan!
a = nan
isnan(a) = 1
sum = 604450 in rank 76
nan defined!
NAN = nan
a is nan!
a = nan
isnan(a) = 1
sum = 604450 in rank 636
nan defined!
NAN = nan
a is nan!
a = nan
isnan(a) = 1
sum = 604450 in rank 790
nan defined!
NAN = nan
a is nan!
a = nan
isnan(a) = 1
sum = 604450 in rank 123
nan defined!
NAN = nan
a is nan!
a = nan
isnan(a) = 1
sum = 604450 in rank 262
nan defined!
NAN = nan
a is nan!
a = nan
isnan(a) = 1
sum = 604450 in rank 794
nan defined!
NAN = nan
a is nan!
a = nan
isnan(a) = 1
sum = 604450 in rank 75
nan defined!
NAN = nan
a is nan!
a = nan
isnan(a) = 1
sum = 604450 in rank 261
nan defined!
NAN = nan
a is nan!
a = nan
isnan(a) = 1
sum = 604450 in rank 431
nan defined!
NAN = nan
a is nan!
a = nan
isnan(a) = 1
sum = 604450 in rank 1009
nan defined!
NAN = nan
a is nan!
a = nan
isnan(a) = 1
sum = 604450 in rank 257
nan defined!
NAN = nan
a is nan!
a = nan
isnan(a) = 1
sum = 604450 in rank 224
nan defined!
NAN = nan
a is nan!
a = nan
isnan(a) = 1
sum = 604450 in rank 234
nan defined!
NAN = nan
a is nan!
a = nan
isnan(a) = 1
sum = 604450 in rank 228
nan defined!
NAN = nan
a is nan!
a = nan
isnan(a) = 1
sum = 604450 in rank 443
nan defined!
NAN = nan
a is nan!
a = nan
isnan(a) = 1
sum = 604450 in rank 644
nan defined!
NAN = nan
a is nan!
a = nan
isnan(a) = 1
sum = 604450 in rank 889
nan defined!
NAN = nan
a is nan!
a = nan
isnan(a) = 1
sum = 604450 in rank 119
nan defined!
NAN = nan
a is nan!
a = nan
isnan(a) = 1
sum = 604450 in rank 231
nan defined!
NAN = nan
a is nan!
a = nan
isnan(a) = 1
sum = 604450 in rank 72
nan defined!
NAN = nan
a is nan!
a = nan
isnan(a) = 1
sum = 604450 in rank 495
nan defined!
NAN = nan
a is nan!
a = nan
isnan(a) = 1
sum = 604450 in rank 768
nan defined!
NAN = nan
a is nan!
a = nan
isnan(a) = 1
sum = 604450 in rank 247
nan defined!
NAN = nan
a is nan!
a = nan
isnan(a) = 1
sum = 604450 in rank 255
nan defined!
NAN = nan
a is nan!
a = nan
isnan(a) = 1
sum = 604450 in rank 69
nan defined!
NAN = nan
a is nan!
a = nan
isnan(a) = 1
sum = 604450 in rank 246
nan defined!
NAN = nan
a is nan!
a = nan
isnan(a) = 1
sum = 604450 in rank 719
nan defined!
NAN = nan
a is nan!
a = nan
isnan(a) = 1
sum = 604450 in rank 743
nan defined!
NAN = nan
a is nan!
a = nan
isnan(a) = 1
sum = 604450 in rank 250
nan defined!
NAN = nan
a is nan!
a = nan
isnan(a) = 1
sum = 604450 in rank 222
nan defined!
NAN = nan
a is nan!
a = nan
isnan(a) = 1
sum = 604450 in rank 475
nan defined!
NAN = nan
a is nan!
a = nan
isnan(a) = 1
sum = 604450 in rank 260
nan defined!
NAN = nan
a is nan!
a = nan
isnan(a) = 1
sum = 604450 in rank 251
nan defined!
NAN = nan
a is nan!
a = nan
isnan(a) = 1
sum = 604450 in rank 263
nan defined!
NAN = nan
a is nan!
a = nan
isnan(a) = 1
sum = 604450 in rank 223
nan defined!
NAN = nan
a is nan!
a = nan
isnan(a) = 1
sum = 604450 in rank 67
nan defined!
NAN = nan
a is nan!
a = nan
isnan(a) = 1
sum = 604450 in rank 240
nan defined!
NAN = nan
a is nan!
a = nan
isnan(a) = 1
sum = 604450 in rank 402
nan defined!
NAN = nan
a is nan!
a = nan
isnan(a) = 1
sum = 604450 in rank 66
nan defined!
NAN = nan
a is nan!
a = nan
isnan(a) = 1
sum = 604450 in rank 664
nan defined!
NAN = nan
a is nan!
a = nan
isnan(a) = 1
sum = 604450 in rank 583
nan defined!
NAN = nan
a is nan!
a = nan
isnan(a) = 1
sum = 604450 in rank 70
nan defined!
NAN = nan
a is nan!
a = nan
isnan(a) = 1
sum = 604450 in rank 80
nan defined!
NAN = nan
a is nan!
a = nan
isnan(a) = 1
sum = 604450 in rank 243
nan defined!
NAN = nan
a is nan!
a = nan
isnan(a) = 1
sum = 604450 in rank 284
nan defined!
NAN = nan
a is nan!
a = nan
isnan(a) = 1
sum = 604450 in rank 81
nan defined!
NAN = nan
a is nan!
a = nan
isnan(a) = 1
sum = 604450 in rank 245
nan defined!
NAN = nan
a is nan!
a = nan
isnan(a) = 1
sum = 604450 in rank 487
nan defined!
NAN = nan
a is nan!
a = nan
isnan(a) = 1
sum = 604450 in rank 71
nan defined!
NAN = nan
a is nan!
a = nan
isnan(a) = 1
sum = 604450 in rank 87
nan defined!
NAN = nan
a is nan!
a = nan
isnan(a) = 1
sum = 604450 in rank 804
nan defined!
NAN = nan
a is nan!
a = nan
isnan(a) = 1
sum = 604450 in rank 79
nan defined!
NAN = nan
a is nan!
a = nan
isnan(a) = 1
sum = 604450 in rank 221
nan defined!
NAN = nan
a is nan!
a = nan
isnan(a) = 1
sum = 604450 in rank 892
nan defined!
NAN = nan
a is nan!
a = nan
isnan(a) = 1
sum = 604450 in rank 83
nan defined!
NAN = nan
a is nan!
a = nan
isnan(a) = 1
sum = 604450 in rank 252
nan defined!
NAN = nan
a is nan!
a = nan
isnan(a) = 1
sum = 604450 in rank 673
nan defined!
NAN = nan
a is nan!
a = nan
isnan(a) = 1
sum = 604450 in rank 305
nan defined!
NAN = nan
a is nan!
a = nan
isnan(a) = 1
sum = 604450 in rank 77
nan defined!
NAN = nan
a is nan!
a = nan
isnan(a) = 1
sum = 604450 in rank 296
nan defined!
NAN = nan
a is nan!
a = nan
isnan(a) = 1
sum = 604450 in rank 56
nan defined!
NAN = nan
a is nan!
a = nan
isnan(a) = 1
sum = 604450 in rank 242
nan defined!
NAN = nan
a is nan!
a = nan
isnan(a) = 1
sum = 604450 in rank 540
nan defined!
NAN = nan
a is nan!
a = nan
isnan(a) = 1
sum = 604450 in rank 85
nan defined!
NAN = nan
a is nan!
a = nan
isnan(a) = 1
sum = 604450 in rank 226
nan defined!
NAN = nan
a is nan!
a = nan
isnan(a) = 1
sum = 604450 in rank 244
nan defined!
NAN = nan
a is nan!
a = nan
isnan(a) = 1
sum = 604450 in rank 1075
nan defined!
NAN = nan
a is nan!
a = nan
isnan(a) = 1
sum = 604450 in rank 58
nan defined!
NAN = nan
a is nan!
a = nan
isnan(a) = 1
sum = 604450 in rank 225
nan defined!
NAN = nan
a is nan!
a = nan
isnan(a) = 1
sum = 604450 in rank 535
nan defined!
NAN = nan
a is nan!
a = nan
isnan(a) = 1
sum = 604450 in rank 600
nan defined!
NAN = nan
a is nan!
a = nan
isnan(a) = 1
sum = 604450 in rank 82
nan defined!
NAN = nan
a is nan!
a = nan
isnan(a) = 1
sum = 604450 in rank 227
nan defined!
NAN = nan
a is nan!
a = nan
isnan(a) = 1
sum = 604450 in rank 945
nan defined!
NAN = nan
a is nan!
a = nan
isnan(a) = 1
sum = 604450 in rank 86
nan defined!
NAN = nan
a is nan!
a = nan
isnan(a) = 1
sum = 604450 in rank 248
nan defined!
NAN = nan
a is nan!
a = nan
isnan(a) = 1
sum = 604450 in rank 692
nan defined!
NAN = nan
a is nan!
a = nan
isnan(a) = 1
sum = 604450 in rank 372
nan defined!
NAN = nan
a is nan!
a = nan
isnan(a) = 1
sum = 604450 in rank 1016
nan defined!
NAN = nan
a is nan!
a = nan
isnan(a) = 1
sum = 604450 in rank 1026
nan defined!
NAN = nan
a is nan!
a = nan
isnan(a) = 1
sum = 604450 in rank 605
nan defined!
NAN = nan
a is nan!
a = nan
isnan(a) = 1
sum = 604450 in rank 316
nan defined!
NAN = nan
a is nan!
a = nan
isnan(a) = 1
sum = 604450 in rank 193
nan defined!
NAN = nan
a is nan!
a = nan
isnan(a) = 1
sum = 604450 in rank 84
nan defined!
NAN = nan
a is nan!
a = nan
isnan(a) = 1
sum = 604450 in rank 361
nan defined!
NAN = nan
a is nan!
a = nan
isnan(a) = 1
sum = 604450 in rank 65
nan defined!
NAN = nan
a is nan!
a = nan
isnan(a) = 1
sum = 604450 in rank 63
nan defined!
NAN = nan
a is nan!
a = nan
isnan(a) = 1
sum = 604450 in rank 999
nan defined!
NAN = nan
a is nan!
a = nan
isnan(a) = 1
sum = 604450 in rank 554
nan defined!
NAN = nan
a is nan!
a = nan
isnan(a) = 1
sum = 604450 in rank 61
nan defined!
NAN = nan
a is nan!
a = nan
isnan(a) = 1
sum = 604450 in rank 451
nan defined!
NAN = nan
a is nan!
a = nan
isnan(a) = 1
sum = 604450 in rank 60
nan defined!
NAN = nan
a is nan!
a = nan
isnan(a) = 1
sum = 604450 in rank 751
nan defined!
NAN = nan
a is nan!
a = nan
isnan(a) = 1
sum = 604450 in rank 57
nan defined!
NAN = nan
a is nan!
a = nan
isnan(a) = 1
sum = 604450 in rank 59
nan defined!
NAN = nan
a is nan!
a = nan
isnan(a) = 1
sum = 604450 in rank 1036
nan defined!
NAN = nan
a is nan!
a = nan
isnan(a) = 1
sum = 604450 in rank 387
nan defined!
NAN = nan
a is nan!
a = nan
isnan(a) = 1
sum = 604450 in rank 64
nan defined!
NAN = nan
a is nan!
a = nan
isnan(a) = 1
sum = 604450 in rank 55
nan defined!
NAN = nan
a is nan!
a = nan
isnan(a) = 1
sum = 604450 in rank 653
nan defined!
NAN = nan
a is nan!
a = nan
isnan(a) = 1
sum = 604450 in rank 518
nan defined!
NAN = nan
a is nan!
a = nan
isnan(a) = 1
sum = 604450 in rank 623
nan defined!
NAN = nan
a is nan!
a = nan
isnan(a) = 1
sum = 604450 in rank 174
nan defined!
NAN = nan
a is nan!
a = nan
isnan(a) = 1
sum = 604450 in rank 98
nan defined!
NAN = nan
a is nan!
a = nan
isnan(a) = 1
sum = 604450 in rank 136
nan defined!
NAN = nan
a is nan!
a = nan
isnan(a) = 1
sum = 604450 in rank 270
nan defined!
NAN = nan
a is nan!
a = nan
isnan(a) = 1
sum = 604450 in rank 253
nan defined!
NAN = nan
a is nan!
a = nan
isnan(a) = 1
sum = 604450 in rank 149
nan defined!
NAN = nan
a is nan!
a = nan
isnan(a) = 1
sum = 604450 in rank 42
nan defined!
NAN = nan
a is nan!
a = nan
isnan(a) = 1
sum = 604450 in rank 126
nan defined!
NAN = nan
a is nan!
a = nan
isnan(a) = 1
sum = 604450 in rank 115
nan defined!
NAN = nan
a is nan!
a = nan
isnan(a) = 1
sum = 604450 in rank 108
nan defined!
NAN = nan
a is nan!
a = nan
isnan(a) = 1
sum = 604450 in rank 239
nan defined!
NAN = nan
a is nan!
a = nan
isnan(a) = 1
sum = 604450 in rank 73
nan defined!
NAN = nan
a is nan!
a = nan
isnan(a) = 1
sum = 604450 in rank 229
nan defined!
NAN = nan
a is nan!
a = nan
isnan(a) = 1
sum = 604450 in rank 249
nan defined!
NAN = nan
a is nan!
a = nan
isnan(a) = 1
sum = 604450 in rank 161
nan defined!
NAN = nan
a is nan!
a = nan
isnan(a) = 1
sum = 604450 in rank 62
nan defined!
NAN = nan
a is nan!
a = nan
isnan(a) = 1
sum = 604450 in rank 176
nan defined!
NAN = nan
a is nan!
a = nan
isnan(a) = 1
sum = 604450 in rank 180
nan defined!
NAN = nan
a is nan!
a = nan
isnan(a) = 1
sum = 604450 in rank 185
nan defined!
NAN = nan
a is nan!
a = nan
isnan(a) = 1
sum = 604450 in rank 182
nan defined!
NAN = nan
a is nan!
a = nan
isnan(a) = 1
sum = 604450 in rank 186
nan defined!
NAN = nan
a is nan!
a = nan
isnan(a) = 1
sum = 604450 in rank 179
nan defined!
NAN = nan
a is nan!
a = nan
isnan(a) = 1
sum = 604450 in rank 177
nan defined!
NAN = nan
a is nan!
a = nan
isnan(a) = 1
sum = 604450 in rank 181
nan defined!
NAN = nan
a is nan!
a = nan
isnan(a) = 1
sum = 604450 in rank 178
nan defined!
NAN = nan
a is nan!
a = nan
isnan(a) = 1
sum = 604450 in rank 206
nan defined!
NAN = nan
a is nan!
a = nan
isnan(a) = 1
sum = 604450 in rank 211
nan defined!
NAN = nan
a is nan!
a = nan
isnan(a) = 1
sum = 604450 in rank 199
nan defined!
NAN = nan
a is nan!
a = nan
isnan(a) = 1
sum = 604450 in rank 219
nan defined!
NAN = nan
a is nan!
a = nan
isnan(a) = 1
sum = 604450 in rank 207
nan defined!
NAN = nan
a is nan!
a = nan
isnan(a) = 1
sum = 604450 in rank 213
nan defined!
NAN = nan
a is nan!
a = nan
isnan(a) = 1
sum = 604450 in rank 201
nan defined!
NAN = nan
a is nan!
a = nan
isnan(a) = 1
sum = 604450 in rank 217
nan defined!
NAN = nan
a is nan!
a = nan
isnan(a) = 1
sum = 604450 in rank 208
nan defined!
NAN = nan
a is nan!
a = nan
isnan(a) = 1
sum = 604450 in rank 212
nan defined!
NAN = nan
a is nan!
a = nan
isnan(a) = 1
sum = 604450 in rank 184
nan defined!
NAN = nan
a is nan!
a = nan
isnan(a) = 1
sum = 604450 in rank 205
nan defined!
NAN = nan
a is nan!
a = nan
isnan(a) = 1
sum = 604450 in rank 210
nan defined!
NAN = nan
a is nan!
a = nan
isnan(a) = 1
sum = 604450 in rank 198
nan defined!
NAN = nan
a is nan!
a = nan
isnan(a) = 1
sum = 604450 in rank 218
nan defined!
NAN = nan
a is nan!
a = nan
isnan(a) = 1
sum = 604450 in rank 200
nan defined!
NAN = nan
a is nan!
a = nan
isnan(a) = 1
sum = 604450 in rank 215
nan defined!
NAN = nan
a is nan!
a = nan
isnan(a) = 1
sum = 604450 in rank 202
nan defined!
NAN = nan
a is nan!
a = nan
isnan(a) = 1
sum = 604450 in rank 216
nan defined!
NAN = nan
a is nan!
a = nan
isnan(a) = 1
sum = 604450 in rank 78
nan defined!
NAN = nan
a is nan!
a = nan
isnan(a) = 1
sum = 604450 in rank 204
nan defined!
NAN = nan
a is nan!
a = nan
isnan(a) = 1
sum = 604450 in rank 214
nan defined!
NAN = nan
a is nan!
a = nan
isnan(a) = 1
sum = 604450 in rank 1
nan defined!
NAN = nan
a is nan!
a = nan
isnan(a) = 1
sum = 604450 in rank 51
nan defined!
NAN = nan
a is nan!
a = nan
isnan(a) = 1
sum = 604450 in rank 50
nan defined!
NAN = nan
a is nan!
a = nan
isnan(a) = 1
sum = 604450 in rank 44
nan defined!
NAN = nan
a is nan!
a = nan
isnan(a) = 1
sum = 604450 in rank 53
nan defined!
NAN = nan
a is nan!
a = nan
isnan(a) = 1
sum = 604450 in rank 46
nan defined!
NAN = nan
a is nan!
a = nan
isnan(a) = 1
sum = 604450 in rank 54
nan defined!
NAN = nan
a is nan!
a = nan
isnan(a) = 1
sum = 604450 in rank 47
nan defined!
NAN = nan
a is nan!
a = nan
isnan(a) = 1
sum = 604450 in rank 52
nan defined!
NAN = nan
a is nan!
a = nan
isnan(a) = 1
sum = 604450 in rank 45
nan defined!
NAN = nan
a is nan!
a = nan
isnan(a) = 1
sum = 604450 in rank 49
nan defined!
NAN = nan
a is nan!
a = nan
isnan(a) = 1
sum = 604450 in rank 12
nan defined!
NAN = nan
a is nan!
a = nan
isnan(a) = 1
sum = 604450 in rank 13
nan defined!
NAN = nan
a is nan!
a = nan
isnan(a) = 1
sum = 604450 in rank 14
nan defined!
NAN = nan
a is nan!
a = nan
isnan(a) = 1
sum = 604450 in rank 21
nan defined!
NAN = nan
a is nan!
a = nan
isnan(a) = 1
sum = 604450 in rank 32
nan defined!
NAN = nan
a is nan!
a = nan
isnan(a) = 1
sum = 604450 in rank 19
nan defined!
NAN = nan
a is nan!
a = nan
isnan(a) = 1
sum = 604450 in rank 30
nan defined!
NAN = nan
a is nan!
a = nan
isnan(a) = 1
sum = 604450 in rank 11
nan defined!
NAN = nan
a is nan!
a = nan
isnan(a) = 1
sum = 604450 in rank 27
nan defined!
NAN = nan
a is nan!
a = nan
isnan(a) = 1
sum = 604450 in rank 15
nan defined!
NAN = nan
a is nan!
a = nan
isnan(a) = 1
sum = 604450 in rank 24
nan defined!
NAN = nan
a is nan!
a = nan
isnan(a) = 1
sum = 604450 in rank 20
nan defined!
NAN = nan
a is nan!
a = nan
isnan(a) = 1
sum = 604450 in rank 22
nan defined!
NAN = nan
a is nan!
a = nan
isnan(a) = 1
sum = 604450 in rank 18
nan defined!
NAN = nan
a is nan!
a = nan
isnan(a) = 1
sum = 604450 in rank 28
nan defined!
NAN = nan
a is nan!
a = nan
isnan(a) = 1
sum = 604450 in rank 25
nan defined!
NAN = nan
a is nan!
a = nan
isnan(a) = 1
sum = 604450 in rank 26
nan defined!
NAN = nan
a is nan!
a = nan
isnan(a) = 1
sum = 604450 in rank 23
nan defined!
NAN = nan
a is nan!
a = nan
isnan(a) = 1
sum = 604450 in rank 29
nan defined!
NAN = nan
a is nan!
a = nan
isnan(a) = 1
sum = 604450 in rank 17
nan defined!
NAN = nan
a is nan!
a = nan
isnan(a) = 1
