---------------------------------------
Begin Slurm Prolog: Jan-26-2023 18:17:32
Job ID:    594495
User ID:   bzhang376
Account:   gts-phanish6-coda20
Job name:  Hello_2200
Partition: cpu-small
QOS:       inferno
---------------------------------------
Error parsing CPU mapping string
INTERNAL ERROR: invalid error code ffffffff (Ring Index out of range) in smpi_setaffinity:2674
[atl1-1-02-006-1-1.pace.gatech.edu:mpi_rank_10][MPIDI_CH3_Abort] Fatal error in MPI_Init:
Other MPI error, error stack:
MPIR_Init_thread(493)........: 
MPID_Init(400)...............: 
MPIDI_CH3I_set_affinity(3474): 
smpi_setaffinity(2674).......: Error parsing CPU mapping string
: Success (0)
slurmstepd: error: *** STEP 594495.0 ON atl1-1-02-006-1-1 CANCELLED AT 2023-01-26T18:17:34 ***
srun: Job step aborted: Waiting up to 32 seconds for job step to finish.
Error parsing CPU mapping string
INTERNAL ERROR: invalid error code ffffffff (Ring Index out of range) in smpi_setaffinity:2674
[atl1-1-02-015-22-1.pace.gatech.edu:mpi_rank_1099][MPIDI_CH3_Abort] Fatal error in MPI_Init:
Other MPI error, error stack:
MPIR_Init_thread(493)........: 
MPID_Init(400)...............: 
MPIDI_CH3I_set_affinity(3474): 
smpi_setaffinity(2674).......: Error parsing CPU mapping string
: Success (0)
Error parsing CPU mapping string
INTERNAL ERROR: invalid error code ffffffff (Ring Index out of range) in smpi_setaffinity:2674
Error parsing CPU mapping string
INTERNAL ERROR: invalid error code ffffffff (Ring Index out of range) in smpi_setaffinity:2674
[atl1-1-02-015-29-1.pace.gatech.edu:245947] PMIX ERROR: UNREACHABLE in file ptl_tcp_component.c at line 1801
[atl1-1-02-015-29-1.pace.gatech.edu:245947] PMIX ERROR: UNREACHABLE in file ptl_tcp_component.c at line 1849
[atl1-1-02-017-25-1.pace.gatech.edu:mpi_rank_1957][MPIDI_CH3_Abort] Fatal error in MPI_Init:
Other MPI error, error stack:
MPIR_Init_thread(493)........: 
MPID_Init(400)...............: 
MPIDI_CH3I_set_affinity(3474): 
smpi_setaffinity(2674).......: Error parsing CPU mapping string
: Success (0)
[atl1-1-02-015-13-2.pace.gatech.edu:12497] PMIX ERROR: UNREACHABLE in file ptl_tcp_component.c at line 1801
[atl1-1-02-015-13-2.pace.gatech.edu:12497] PMIX ERROR: UNREACHABLE in file ptl_tcp_component.c at line 1849
[atl1-1-02-015-13-2.pace.gatech.edu:12497] PMIX ERROR: UNREACHABLE in file ptl_tcp_component.c at line 1801
[atl1-1-02-015-13-2.pace.gatech.edu:12497] PMIX ERROR: UNREACHABLE in file ptl_tcp_component.c at line 1849
[atl1-1-02-015-13-2.pace.gatech.edu:12497] PMIX ERROR: UNREACHABLE in file ptl_tcp_component.c at line 1801
[atl1-1-02-015-13-2.pace.gatech.edu:12497] PMIX ERROR: UNREACHABLE in file ptl_tcp_component.c at line 1849
[atl1-1-02-015-13-2.pace.gatech.edu:12497] PMIX ERROR: UNREACHABLE in file ptl_tcp_component.c at line 1801
[atl1-1-02-015-13-2.pace.gatech.edu:12497] PMIX ERROR: UNREACHABLE in file ptl_tcp_component.c at line 1849
[atl1-1-02-017-13-2.pace.gatech.edu:95088] PMIX ERROR: UNREACHABLE in file ptl_tcp_component.c at line 1801
[atl1-1-02-017-13-2.pace.gatech.edu:95088] PMIX ERROR: UNREACHABLE in file ptl_tcp_component.c at line 1849
[atl1-1-02-017-13-2.pace.gatech.edu:95088] PMIX ERROR: UNREACHABLE in file ptl_tcp_component.c at line 1801
[atl1-1-02-017-13-2.pace.gatech.edu:95088] PMIX ERROR: UNREACHABLE in file ptl_tcp_component.c at line 1849
Error parsing CPU mapping string
INTERNAL ERROR: invalid error code ffffffff (Ring Index out of range) in smpi_setaffinity:2674
[atl1-1-02-015-10-2.pace.gatech.edu:160434] PMIX ERROR: UNREACHABLE in file ptl_tcp_component.c at line 1801
[atl1-1-02-015-10-2.pace.gatech.edu:160434] PMIX ERROR: UNREACHABLE in file ptl_tcp_component.c at line 1849
[atl1-1-02-017-19-1.pace.gatech.edu:mpi_rank_1825][MPIDI_CH3_Abort] Fatal error in MPI_Init:
Other MPI error, error stack:
MPIR_Init_thread(493)........: 
MPID_Init(400)...............: 
MPIDI_CH3I_set_affinity(3474): 
smpi_setaffinity(2674).......: Error parsing CPU mapping string
: Success (0)
[atl1-1-02-015-32-2.pace.gatech.edu:194493] PMIX ERROR: UNREACHABLE in file ptl_tcp_component.c at line 1801
[atl1-1-02-017-33-2.pace.gatech.edu:108836] PMIX ERROR: UNREACHABLE in file ptl_tcp_component.c at line 1801
[atl1-1-02-015-32-2.pace.gatech.edu:194493] PMIX ERROR: UNREACHABLE in file ptl_tcp_component.c at line 1849
[atl1-1-02-017-33-2.pace.gatech.edu:108836] PMIX ERROR: UNREACHABLE in file ptl_tcp_component.c at line 1849
[atl1-1-02-015-23-2.pace.gatech.edu:27590] PMIX ERROR: UNREACHABLE in file ptl_tcp_component.c at line 1801
[atl1-1-02-015-23-2.pace.gatech.edu:27590] PMIX ERROR: UNREACHABLE in file ptl_tcp_component.c at line 1849
[atl1-1-02-006-5-1.pace.gatech.edu:166878] PMIX ERROR: UNREACHABLE in file ptl_tcp_component.c at line 1801
[atl1-1-02-006-5-1.pace.gatech.edu:166878] PMIX ERROR: UNREACHABLE in file ptl_tcp_component.c at line 1849
[atl1-1-02-006-5-1.pace.gatech.edu:166878] PMIX ERROR: UNREACHABLE in file ptl_tcp_component.c at line 1801
[atl1-1-02-006-5-1.pace.gatech.edu:166878] PMIX ERROR: UNREACHABLE in file ptl_tcp_component.c at line 1849
[atl1-1-02-006-5-1.pace.gatech.edu:166878] PMIX ERROR: UNREACHABLE in file ptl_tcp_component.c at line 1801
[atl1-1-02-006-5-1.pace.gatech.edu:166878] PMIX ERROR: UNREACHABLE in file ptl_tcp_component.c at line 1849
[atl1-1-02-006-5-1.pace.gatech.edu:166878] PMIX ERROR: UNREACHABLE in file ptl_tcp_component.c at line 1801
[atl1-1-02-006-5-1.pace.gatech.edu:166878] PMIX ERROR: UNREACHABLE in file ptl_tcp_component.c at line 1849
[atl1-1-02-006-5-1.pace.gatech.edu:166878] PMIX ERROR: UNREACHABLE in file ptl_tcp_component.c at line 1801
[atl1-1-02-006-5-1.pace.gatech.edu:166878] PMIX ERROR: UNREACHABLE in file ptl_tcp_component.c at line 1849
[atl1-1-02-015-36-2.pace.gatech.edu:22200] PMIX ERROR: UNREACHABLE in file ptl_tcp_component.c at line 1801
[atl1-1-02-015-36-2.pace.gatech.edu:22200] PMIX ERROR: UNREACHABLE in file ptl_tcp_component.c at line 1849
[atl1-1-02-015-36-2.pace.gatech.edu:22200] PMIX ERROR: UNREACHABLE in file ptl_tcp_component.c at line 1801
[atl1-1-02-015-36-2.pace.gatech.edu:22200] PMIX ERROR: UNREACHABLE in file ptl_tcp_component.c at line 1849
[atl1-1-02-015-17-1.pace.gatech.edu:179460] PMIX ERROR: UNREACHABLE in file ptl_tcp_component.c at line 1801
[atl1-1-02-015-17-1.pace.gatech.edu:179460] PMIX ERROR: UNREACHABLE in file ptl_tcp_component.c at line 1849
[atl1-1-02-015-17-1.pace.gatech.edu:179460] PMIX ERROR: UNREACHABLE in file ptl_tcp_component.c at line 1801
[atl1-1-02-015-17-1.pace.gatech.edu:179460] PMIX ERROR: UNREACHABLE in file ptl_tcp_component.c at line 1849
[atl1-1-02-015-17-1.pace.gatech.edu:179460] PMIX ERROR: UNREACHABLE in file ptl_tcp_component.c at line 1801
[atl1-1-02-015-17-1.pace.gatech.edu:179460] PMIX ERROR: UNREACHABLE in file ptl_tcp_component.c at line 1849
[atl1-1-02-015-17-1.pace.gatech.edu:179460] PMIX ERROR: UNREACHABLE in file ptl_tcp_component.c at line 1801
[atl1-1-02-015-17-1.pace.gatech.edu:179460] PMIX ERROR: UNREACHABLE in file ptl_tcp_component.c at line 1849
[atl1-1-02-015-17-1.pace.gatech.edu:179460] PMIX ERROR: UNREACHABLE in file ptl_tcp_component.c at line 1801
[atl1-1-02-015-17-1.pace.gatech.edu:179460] PMIX ERROR: UNREACHABLE in file ptl_tcp_component.c at line 1849
[atl1-1-02-017-14-1.pace.gatech.edu:38957] PMIX ERROR: UNREACHABLE in file ptl_tcp_component.c at line 1801
[atl1-1-02-017-14-1.pace.gatech.edu:38957] PMIX ERROR: UNREACHABLE in file ptl_tcp_component.c at line 1849
[atl1-1-02-017-16-1.pace.gatech.edu:228833] PMIX ERROR: UNREACHABLE in file ptl_tcp_component.c at line 1801
[atl1-1-02-017-16-1.pace.gatech.edu:228833] PMIX ERROR: UNREACHABLE in file ptl_tcp_component.c at line 1849
[atl1-1-02-015-9-2.pace.gatech.edu:04649] PMIX ERROR: UNREACHABLE in file ptl_tcp_component.c at line 1801
[atl1-1-02-015-9-2.pace.gatech.edu:04649] PMIX ERROR: UNREACHABLE in file ptl_tcp_component.c at line 1849
[atl1-1-02-017-1-2.pace.gatech.edu:181536] PMIX ERROR: UNREACHABLE in file ptl_tcp_component.c at line 1801
[atl1-1-02-017-1-2.pace.gatech.edu:181536] PMIX ERROR: UNREACHABLE in file ptl_tcp_component.c at line 1849
[atl1-1-02-017-1-2.pace.gatech.edu:181536] PMIX ERROR: UNREACHABLE in file ptl_tcp_component.c at line 1801
[atl1-1-02-017-1-2.pace.gatech.edu:181536] PMIX ERROR: UNREACHABLE in file ptl_tcp_component.c at line 1849
[atl1-1-02-017-1-2.pace.gatech.edu:181536] PMIX ERROR: UNREACHABLE in file ptl_tcp_component.c at line 1801
[atl1-1-02-015-26-1.pace.gatech.edu:120155] PMIX ERROR: UNREACHABLE in file ptl_tcp_component.c at line 1801
[atl1-1-02-017-1-2.pace.gatech.edu:181536] PMIX ERROR: UNREACHABLE in file ptl_tcp_component.c at line 1849
[atl1-1-02-017-1-2.pace.gatech.edu:181536] PMIX ERROR: UNREACHABLE in file ptl_tcp_component.c at line 1801
[atl1-1-02-015-26-1.pace.gatech.edu:120155] PMIX ERROR: UNREACHABLE in file ptl_tcp_component.c at line 1849
[atl1-1-02-017-1-2.pace.gatech.edu:181536] PMIX ERROR: UNREACHABLE in file ptl_tcp_component.c at line 1849
[atl1-1-02-015-31-1.pace.gatech.edu:77467] PMIX ERROR: UNREACHABLE in file ptl_tcp_component.c at line 1801
[atl1-1-02-015-26-1.pace.gatech.edu:120155] PMIX ERROR: UNREACHABLE in file ptl_tcp_component.c at line 1801
[atl1-1-02-017-1-2.pace.gatech.edu:181536] PMIX ERROR: UNREACHABLE in file ptl_tcp_component.c at line 1801
[atl1-1-02-015-26-1.pace.gatech.edu:120155] PMIX ERROR: UNREACHABLE in file ptl_tcp_component.c at line 1849
[atl1-1-02-017-1-2.pace.gatech.edu:181536] PMIX ERROR: UNREACHABLE in file ptl_tcp_component.c at line 1849
[atl1-1-02-015-31-1.pace.gatech.edu:77467] PMIX ERROR: UNREACHABLE in file ptl_tcp_component.c at line 1849
[atl1-1-02-015-26-1.pace.gatech.edu:120155] PMIX ERROR: UNREACHABLE in file ptl_tcp_component.c at line 1801
[atl1-1-02-017-1-2.pace.gatech.edu:181536] PMIX ERROR: UNREACHABLE in file ptl_tcp_component.c at line 1801
[atl1-1-02-015-31-1.pace.gatech.edu:77467] PMIX ERROR: UNREACHABLE in file ptl_tcp_component.c at line 1801
[atl1-1-02-015-26-1.pace.gatech.edu:120155] PMIX ERROR: UNREACHABLE in file ptl_tcp_component.c at line 1849
[atl1-1-02-017-1-2.pace.gatech.edu:181536] PMIX ERROR: UNREACHABLE in file ptl_tcp_component.c at line 1849
[atl1-1-02-015-31-1.pace.gatech.edu:77467] PMIX ERROR: UNREACHABLE in file ptl_tcp_component.c at line 1849
[atl1-1-02-015-26-1.pace.gatech.edu:120155] PMIX ERROR: UNREACHABLE in file ptl_tcp_component.c at line 1801
[atl1-1-02-017-1-2.pace.gatech.edu:181536] PMIX ERROR: UNREACHABLE in file ptl_tcp_component.c at line 1801
[atl1-1-02-017-20-1.pace.gatech.edu:218466] PMIX ERROR: UNREACHABLE in file ptl_tcp_component.c at line 1801
[atl1-1-02-015-31-1.pace.gatech.edu:77467] PMIX ERROR: UNREACHABLE in file ptl_tcp_component.c at line 1801
[atl1-1-02-015-26-1.pace.gatech.edu:120155] PMIX ERROR: UNREACHABLE in file ptl_tcp_component.c at line 1849
[atl1-1-02-017-1-2.pace.gatech.edu:181536] PMIX ERROR: UNREACHABLE in file ptl_tcp_component.c at line 1849
[atl1-1-02-015-31-1.pace.gatech.edu:77467] PMIX ERROR: UNREACHABLE in file ptl_tcp_component.c at line 1849
[atl1-1-02-015-26-1.pace.gatech.edu:120155] PMIX ERROR: UNREACHABLE in file ptl_tcp_component.c at line 1801
[atl1-1-02-017-1-2.pace.gatech.edu:181536] PMIX ERROR: UNREACHABLE in file ptl_tcp_component.c at line 1801
[atl1-1-02-015-26-1.pace.gatech.edu:120155] PMIX ERROR: UNREACHABLE in file ptl_tcp_component.c at line 1849
[atl1-1-02-017-1-2.pace.gatech.edu:181536] PMIX ERROR: UNREACHABLE in file ptl_tcp_component.c at line 1849
[atl1-1-02-017-20-1.pace.gatech.edu:218466] PMIX ERROR: UNREACHABLE in file ptl_tcp_component.c at line 1849
[atl1-1-02-017-20-1.pace.gatech.edu:218466] PMIX ERROR: UNREACHABLE in file ptl_tcp_component.c at line 1801
[atl1-1-02-017-20-1.pace.gatech.edu:218466] PMIX ERROR: UNREACHABLE in file ptl_tcp_component.c at line 1849
[atl1-1-02-017-20-1.pace.gatech.edu:218466] PMIX ERROR: UNREACHABLE in file ptl_tcp_component.c at line 1801
[atl1-1-02-017-20-1.pace.gatech.edu:218466] PMIX ERROR: UNREACHABLE in file ptl_tcp_component.c at line 1849
[atl1-1-02-017-20-1.pace.gatech.edu:218466] PMIX ERROR: UNREACHABLE in file ptl_tcp_component.c at line 1801
[atl1-1-02-017-20-1.pace.gatech.edu:218466] PMIX ERROR: UNREACHABLE in file ptl_tcp_component.c at line 1849
[atl1-1-02-017-20-1.pace.gatech.edu:218466] PMIX ERROR: UNREACHABLE in file ptl_tcp_component.c at line 1801
[atl1-1-02-017-20-1.pace.gatech.edu:218466] PMIX ERROR: UNREACHABLE in file ptl_tcp_component.c at line 1849
[atl1-1-02-015-2-2.pace.gatech.edu:34922] PMIX ERROR: UNREACHABLE in file ptl_tcp_component.c at line 1801
[atl1-1-02-015-2-2.pace.gatech.edu:34922] PMIX ERROR: UNREACHABLE in file ptl_tcp_component.c at line 1849
[atl1-1-02-015-32-1.pace.gatech.edu:158729] PMIX ERROR: UNREACHABLE in file ptl_tcp_component.c at line 1801
[atl1-1-02-015-32-1.pace.gatech.edu:158729] PMIX ERROR: UNREACHABLE in file ptl_tcp_component.c at line 1849
[atl1-1-02-015-6-1.pace.gatech.edu:213640] PMIX ERROR: UNREACHABLE in file ptl_tcp_component.c at line 1801
[atl1-1-02-017-24-1.pace.gatech.edu:100113] PMIX ERROR: UNREACHABLE in file ptl_tcp_component.c at line 1801
[atl1-1-02-015-6-1.pace.gatech.edu:213640] PMIX ERROR: UNREACHABLE in file ptl_tcp_component.c at line 1849
[atl1-1-02-015-6-1.pace.gatech.edu:213640] PMIX ERROR: UNREACHABLE in file ptl_tcp_component.c at line 1801
[atl1-1-02-015-6-1.pace.gatech.edu:213640] PMIX ERROR: UNREACHABLE in file ptl_tcp_component.c at line 1849
[atl1-1-02-017-24-1.pace.gatech.edu:100113] PMIX ERROR: UNREACHABLE in file ptl_tcp_component.c at line 1849
[atl1-1-02-015-6-1.pace.gatech.edu:213640] PMIX ERROR: UNREACHABLE in file ptl_tcp_component.c at line 1801
[atl1-1-02-015-6-1.pace.gatech.edu:213640] PMIX ERROR: UNREACHABLE in file ptl_tcp_component.c at line 1849
[atl1-1-02-015-6-1.pace.gatech.edu:213640] PMIX ERROR: UNREACHABLE in file ptl_tcp_component.c at line 1801
[atl1-1-02-015-6-1.pace.gatech.edu:213640] PMIX ERROR: UNREACHABLE in file ptl_tcp_component.c at line 1849
[atl1-1-02-015-6-1.pace.gatech.edu:213640] PMIX ERROR: UNREACHABLE in file ptl_tcp_component.c at line 1801
[atl1-1-02-015-6-1.pace.gatech.edu:213640] PMIX ERROR: UNREACHABLE in file ptl_tcp_component.c at line 1849
[atl1-1-02-015-6-1.pace.gatech.edu:213640] PMIX ERROR: UNREACHABLE in file ptl_tcp_component.c at line 1801
[atl1-1-02-015-6-1.pace.gatech.edu:213640] PMIX ERROR: UNREACHABLE in file ptl_tcp_component.c at line 1849
[atl1-1-02-015-6-1.pace.gatech.edu:213640] PMIX ERROR: UNREACHABLE in file ptl_tcp_component.c at line 1801
[atl1-1-02-015-6-1.pace.gatech.edu:213640] PMIX ERROR: UNREACHABLE in file ptl_tcp_component.c at line 1849
[atl1-1-02-015-6-1.pace.gatech.edu:213640] PMIX ERROR: UNREACHABLE in file ptl_tcp_component.c at line 1801
[atl1-1-02-015-6-1.pace.gatech.edu:213640] PMIX ERROR: UNREACHABLE in file ptl_tcp_component.c at line 1849
[atl1-1-02-015-6-1.pace.gatech.edu:213640] PMIX ERROR: UNREACHABLE in file ptl_tcp_component.c at line 1801
[atl1-1-02-015-6-1.pace.gatech.edu:213640] PMIX ERROR: UNREACHABLE in file ptl_tcp_component.c at line 1849
[atl1-1-02-017-12-2.pace.gatech.edu:105354] PMIX ERROR: UNREACHABLE in file ptl_tcp_component.c at line 1801
[atl1-1-02-017-12-2.pace.gatech.edu:105354] PMIX ERROR: UNREACHABLE in file ptl_tcp_component.c at line 1849
[atl1-1-02-017-12-2.pace.gatech.edu:105354] PMIX ERROR: UNREACHABLE in file ptl_tcp_component.c at line 1801
[atl1-1-02-017-12-2.pace.gatech.edu:105354] PMIX ERROR: UNREACHABLE in file ptl_tcp_component.c at line 1849
[atl1-1-02-017-12-2.pace.gatech.edu:105354] PMIX ERROR: UNREACHABLE in file ptl_tcp_component.c at line 1801
[atl1-1-02-017-12-2.pace.gatech.edu:105354] PMIX ERROR: UNREACHABLE in file ptl_tcp_component.c at line 1849
[atl1-1-02-017-12-2.pace.gatech.edu:105354] PMIX ERROR: UNREACHABLE in file ptl_tcp_component.c at line 1801
[atl1-1-02-017-12-2.pace.gatech.edu:105354] PMIX ERROR: UNREACHABLE in file ptl_tcp_component.c at line 1849
[atl1-1-02-017-22-2.pace.gatech.edu:65457] PMIX ERROR: UNREACHABLE in file ptl_tcp_component.c at line 1801
[atl1-1-02-017-22-2.pace.gatech.edu:65457] PMIX ERROR: UNREACHABLE in file ptl_tcp_component.c at line 1849
[atl1-1-02-017-22-2.pace.gatech.edu:65457] PMIX ERROR: UNREACHABLE in file ptl_tcp_component.c at line 1801
[atl1-1-02-017-22-2.pace.gatech.edu:65457] PMIX ERROR: UNREACHABLE in file ptl_tcp_component.c at line 1849
[atl1-1-02-017-22-2.pace.gatech.edu:65457] PMIX ERROR: UNREACHABLE in file ptl_tcp_component.c at line 1801
[atl1-1-02-017-22-2.pace.gatech.edu:65457] PMIX ERROR: UNREACHABLE in file ptl_tcp_component.c at line 1849
[atl1-1-02-017-22-2.pace.gatech.edu:65457] PMIX ERROR: UNREACHABLE in file ptl_tcp_component.c at line 1801
[atl1-1-02-017-22-2.pace.gatech.edu:65457] PMIX ERROR: UNREACHABLE in file ptl_tcp_component.c at line 1849
[atl1-1-02-017-22-2.pace.gatech.edu:65457] PMIX ERROR: UNREACHABLE in file ptl_tcp_component.c at line 1801
[atl1-1-02-017-22-2.pace.gatech.edu:65457] PMIX ERROR: UNREACHABLE in file ptl_tcp_component.c at line 1849
[atl1-1-02-017-22-2.pace.gatech.edu:65457] PMIX ERROR: UNREACHABLE in file ptl_tcp_component.c at line 1801
[atl1-1-02-017-22-2.pace.gatech.edu:65457] PMIX ERROR: UNREACHABLE in file ptl_tcp_component.c at line 1849
[atl1-1-02-015-26-2.pace.gatech.edu:19076] PMIX ERROR: UNREACHABLE in file ptl_tcp_component.c at line 1801
[atl1-1-02-015-26-2.pace.gatech.edu:19076] PMIX ERROR: UNREACHABLE in file ptl_tcp_component.c at line 1849
[atl1-1-02-017-26-1.pace.gatech.edu:106596] PMIX ERROR: UNREACHABLE in file ptl_tcp_component.c at line 1801
[atl1-1-02-017-26-1.pace.gatech.edu:106596] PMIX ERROR: UNREACHABLE in file ptl_tcp_component.c at line 1849
[atl1-1-02-015-27-1.pace.gatech.edu:98256] PMIX ERROR: UNREACHABLE in file ptl_tcp_component.c at line 1801
[atl1-1-02-015-27-1.pace.gatech.edu:98256] PMIX ERROR: UNREACHABLE in file ptl_tcp_component.c at line 1849
[atl1-1-02-006-24-1.pace.gatech.edu:169927] PMIX ERROR: UNREACHABLE in file ptl_tcp_component.c at line 1801
[atl1-1-02-006-24-1.pace.gatech.edu:169927] PMIX ERROR: UNREACHABLE in file ptl_tcp_component.c at line 1849
[atl1-1-02-015-25-1.pace.gatech.edu:130625] PMIX ERROR: UNREACHABLE in file ptl_tcp_component.c at line 1801
[atl1-1-02-015-25-1.pace.gatech.edu:130625] PMIX ERROR: UNREACHABLE in file ptl_tcp_component.c at line 1849
[atl1-1-02-006-27-2.pace.gatech.edu:153877] PMIX ERROR: UNREACHABLE in file ptl_tcp_component.c at line 1801
[atl1-1-02-006-27-2.pace.gatech.edu:153877] PMIX ERROR: UNREACHABLE in file ptl_tcp_component.c at line 1849
srun: error: atl1-1-02-006-28-2: tasks 583-593: Killed
srun: error: atl1-1-02-006-1-1: tasks 0-9: Killed
srun: error: atl1-1-02-006-1-1: task 10: Exited with exit code 143
srun: error: atl1-1-02-006-14-1: tasks 275-285: Killed
srun: error: atl1-1-02-006-30-2: tasks 594-604: Killed
srun: error: atl1-1-02-006-11-2: tasks 220-230: Killed
srun: error: atl1-1-02-006-12-1: tasks 231-241: Killed
srun: error: atl1-1-02-006-10-1: tasks 187-197: Killed
srun: error: atl1-1-02-006-10-2: tasks 198-208: Killed
srun: error: atl1-1-02-006-13-1: tasks 253-263: Killed
srun: error: atl1-1-02-006-16-2: tasks 330-340: Killed
srun: error: atl1-1-02-006-20-2: tasks 407-417: Killed
srun: error: atl1-1-02-006-19-2: tasks 385-395: Killed
srun: error: atl1-1-02-006-17-2: tasks 352-362: Killed
srun: error: atl1-1-02-006-16-1: tasks 319-329: Killed
srun: error: atl1-1-02-006-11-1: tasks 209-219: Killed
srun: error: atl1-1-02-006-13-2: tasks 264-274: Killed
srun: error: atl1-1-02-006-17-1: tasks 341-351: Killed
srun: error: atl1-1-02-006-15-1: tasks 297-307: Killed
srun: error: atl1-1-02-006-15-2: tasks 308-318: Killed
srun: error: atl1-1-02-006-28-1: tasks 572-582: Killed
srun: error: atl1-1-02-006-18-1: tasks 363-373: Killed
srun: error: atl1-1-02-006-22-1: tasks 440-450: Killed
srun: error: atl1-1-02-006-23-1: tasks 462-472: Killed
srun: error: atl1-1-02-006-23-2: tasks 473-483: Killed
srun: error: atl1-1-02-006-25-1: tasks 506-516: Killed
srun: error: atl1-1-02-006-21-1: tasks 418-428: Killed
srun: error: atl1-1-02-006-14-2: tasks 286-296: Killed
srun: error: atl1-1-02-006-12-2: tasks 242-252: Killed
srun: error: atl1-1-02-006-19-1: tasks 374-384: Killed
srun: error: atl1-1-02-006-24-2: tasks 495-505: Killed
srun: error: atl1-1-02-015-13-1: tasks 891-901: Killed
srun: error: atl1-1-02-006-20-1: tasks 396-406: Killed
srun: error: atl1-1-02-006-24-1: tasks 484-494: Killed
srun: error: atl1-1-02-015-18-1: tasks 1001-1011: Killed
srun: error: atl1-1-02-015-11-1: tasks 847-857: Killed
srun: error: atl1-1-02-015-7-2: tasks 770-780: Killed
srun: error: atl1-1-02-015-11-2: tasks 858-868: Killed
srun: error: atl1-1-02-006-21-2: tasks 429-439: Killed
srun: error: atl1-1-02-015-2-2: tasks 660-670: Killed
srun: error: atl1-1-02-015-14-2: tasks 924-934: Killed
srun: error: atl1-1-02-011-10-2: tasks 605-615: Killed
srun: error: atl1-1-02-006-22-2: tasks 451-461: Killed
srun: error: atl1-1-02-015-28-2: tasks 1232-1242: Killed
srun: error: atl1-1-02-015-19-2: tasks 1034-1044: Killed
srun: error: atl1-1-02-017-14-1: tasks 1705-1715: Killed
srun: error: atl1-1-02-015-23-1: tasks 1111-1121: Killed
srun: error: atl1-1-02-015-36-1: tasks 1397-1407: Killed
srun: error: atl1-1-02-017-33-2: tasks 2123-2133: Killed
srun: error: atl1-1-02-017-36-2: tasks 2189-2199: Killed
srun: error: atl1-1-02-017-29-1: tasks 2035-2045: Killed
srun: error: atl1-1-02-017-27-1: tasks 1991-2001: Killed
srun: error: atl1-1-02-015-31-1: tasks 1287-1297: Killed
srun: error: atl1-1-02-015-6-2: tasks 748-758: Killed
srun: error: atl1-1-02-017-8-2: tasks 1584-1594: Killed
srun: error: atl1-1-02-015-22-2: tasks 1100-1110: Killed
srun: error: atl1-1-02-017-17-1: tasks 1771-1781: Killed
srun: error: atl1-1-02-017-27-2: tasks 2002-2012: Killed
srun: error: atl1-1-02-015-1-2: tasks 638-648: Killed
srun: error: atl1-1-02-017-6-1: tasks 1529-1539: Killed
srun: error: atl1-1-02-015-32-2: tasks 1320-1330: Killed
srun: error: atl1-1-02-017-2-1: tasks 1441-1451: Killed
srun: error: atl1-1-02-015-23-2: tasks 1122-1132: Killed
srun: error: atl1-1-02-017-10-2: tasks 1628-1638: Killed
srun: error: atl1-1-02-015-12-1: tasks 869-879: Killed
srun: error: atl1-1-02-015-30-1: tasks 1265-1275: Killed
srun: error: atl1-1-02-015-28-1: tasks 1221-1231: Killed
srun: error: atl1-1-02-015-18-2: tasks 1012-1022: Killed
srun: error: atl1-1-02-017-36-1: tasks 2178-2188: Killed
srun: error: atl1-1-02-015-17-1: tasks 979-989: Killed
srun: error: atl1-1-02-017-4-1: tasks 1485-1495: Killed
srun: error: atl1-1-02-015-10-2: tasks 836-846: Killed
srun: error: atl1-1-02-006-25-2: tasks 517-527: Killed
srun: error: atl1-1-02-015-21-2: tasks 1078-1088: Killed
srun: error: atl1-1-02-015-24-2: tasks 1144-1154: Killed
srun: error: atl1-1-02-015-17-2: tasks 990-1000: Killed
srun: error: atl1-1-02-017-4-2: tasks 1496-1506: Killed
srun: error: atl1-1-02-017-35-2: tasks 2167-2177: Killed
srun: error: atl1-1-02-015-31-2: tasks 1298-1308: Killed
srun: error: atl1-1-02-017-1-1: tasks 1419-1429: Killed
srun: error: atl1-1-02-015-5-1: tasks 715-725: Killed
srun: error: atl1-1-02-015-20-2: tasks 1056-1066: Killed
srun: error: atl1-1-02-017-25-1: tasks 1947-1956: Killed
srun: error: atl1-1-02-015-29-1: tasks 1243-1253: Killed
srun: error: atl1-1-02-017-3-2: tasks 1474-1484: Killed
srun: error: atl1-1-02-017-9-1: tasks 1595-1605: Killed
srun: error: atl1-1-02-006-27-2: tasks 561-571: Killed
srun: error: atl1-1-02-015-16-1: tasks 957-967: Killed
srun: error: atl1-1-02-006-26-1: tasks 528-538: Killed
srun: error: atl1-1-02-017-11-1: tasks 1639-1649: Killed
srun: error: atl1-1-02-017-1-2: tasks 1430-1440: Killed
srun: error: atl1-1-02-015-5-2: tasks 726-736: Killed
srun: error: atl1-1-02-017-15-1: tasks 1727-1737: Killed
srun: error: atl1-1-02-015-36-2: tasks 1408-1418: Killed
srun: error: atl1-1-02-017-28-2: tasks 2024-2034: Killed
srun: error: atl1-1-02-015-27-2: tasks 1210-1220: Killed
srun: error: atl1-1-02-017-32-2: tasks 2101-2111: Killed
srun: error: atl1-1-02-017-20-1: tasks 1837-1847: Killed
srun: error: atl1-1-02-017-25-2: tasks 1958-1968: Killed
srun: error: atl1-1-02-015-9-2: tasks 814-824: Killed
srun: error: atl1-1-02-017-21-2: tasks 1870-1880: Killed
srun: error: atl1-1-02-006-4-1: tasks 66-76: Killed
srun: error: atl1-1-02-015-6-1: tasks 737-747: Killed
srun: error: atl1-1-02-015-19-1: tasks 1023-1033: Killed
srun: error: atl1-1-02-006-26-2: tasks 539-549: Killed
srun: error: atl1-1-02-017-11-2: tasks 1650-1660: Killed
srun: error: atl1-1-02-015-33-1: tasks 1331-1341: Killed
srun: error: atl1-1-02-015-21-1: tasks 1067-1077: Killed
srun: error: atl1-1-02-017-23-1: tasks 1903-1913: Killed
srun: error: atl1-1-02-015-2-1: tasks 649-659: Killed
srun: error: atl1-1-02-015-15-1: tasks 935-945: Killed
srun: error: atl1-1-02-017-9-2: tasks 1606-1616: Killed
srun: error: atl1-1-02-015-3-2: tasks 682-692: Killed
srun: error: atl1-1-02-015-9-1: tasks 803-813: Killed
srun: error: atl1-1-02-017-13-2: tasks 1694-1704: Killed
srun: error: atl1-1-02-017-34-2: tasks 2145-2155: Killed
srun: error: atl1-1-02-015-25-2: tasks 1166-1176: Killed
srun: error: atl1-1-02-015-13-2: tasks 902-912: Killed
srun: error: atl1-1-02-017-31-1: tasks 2068-2078: Killed
srun: error: atl1-1-02-015-27-1: tasks 1199-1209: Killed
srun: error: atl1-1-02-006-8-2: tasks 165-175: Killed
srun: error: atl1-1-02-006-9-1: tasks 176-186: Killed
srun: error: atl1-1-02-017-2-2: tasks 1452-1462: Killed
srun: error: atl1-1-02-015-4-1: tasks 693-703: Killed
srun: error: atl1-1-02-017-16-1: tasks 1749-1759: Killed
srun: error: atl1-1-02-015-20-1: tasks 1045-1055: Killed
srun: error: atl1-1-02-006-6-2: tasks 121-131: Killed
srun: error: atl1-1-02-015-26-1: tasks 1177-1187: Killed
srun: error: atl1-1-02-015-16-2: tasks 968-978: Killed
srun: error: atl1-1-02-015-32-1: tasks 1309-1319: Killed
srun: error: atl1-1-02-006-27-1: tasks 550-560: Killed
srun: error: atl1-1-02-015-15-2: tasks 946-956: Killed
srun: error: atl1-1-02-017-12-2: tasks 1672-1682: Killed
srun: error: atl1-1-02-017-3-1: tasks 1463-1473: Killed
srun: error: atl1-1-02-006-5-2: tasks 99-109: Killed
srun: error: atl1-1-02-015-25-1: tasks 1155-1165: Killed
srun: error: atl1-1-02-011-24-1: tasks 616-626: Killed
srun: error: atl1-1-02-006-7-1: tasks 132-142: Killed
srun: error: atl1-1-02-017-18-1: tasks 1793-1803: Killed
srun: error: atl1-1-02-017-34-1: tasks 2134-2144: Killed
srun: error: atl1-1-02-006-3-2: tasks 55-65: Killed
srun: error: atl1-1-02-015-30-2: tasks 1276-1286: Killed
srun: error: atl1-1-02-017-22-2: tasks 1892-1902: Killed
srun: error: atl1-1-02-017-13-1: tasks 1683-1693: Killed
srun: error: atl1-1-02-015-4-2: tasks 704-714: Killed
srun: error: atl1-1-02-017-19-1: tasks 1815-1824: Killed
srun: error: atl1-1-02-017-19-2: tasks 1826-1836: Killed
srun: error: atl1-1-02-015-8-2: tasks 792-802: Killed
srun: error: atl1-1-02-015-34-1: tasks 1353-1363: Killed
srun: error: atl1-1-02-015-34-2: tasks 1364-1374: Killed
srun: error: atl1-1-02-015-10-1: tasks 825-835: Killed
srun: error: atl1-1-02-015-3-1: tasks 671-681: Killed
srun: error: atl1-1-02-017-30-1: tasks 2057-2067: Killed
srun: error: atl1-1-02-006-2-2: tasks 33-43: Killed
srun: error: atl1-1-02-015-22-1: tasks 1089-1098: Killed
srun: error: atl1-1-02-017-32-1: tasks 2090-2100: Killed
srun: error: atl1-1-02-017-22-1: tasks 1881-1891: Killed
srun: error: atl1-1-02-017-5-1: tasks 1507-1517: Killed
srun: error: atl1-1-02-017-28-1: tasks 2013-2023: Killed
srun: error: atl1-1-02-017-23-2: tasks 1914-1924: Killed
srun: error: atl1-1-02-017-6-2: tasks 1540-1550: Killed
srun: error: atl1-1-02-017-12-1: tasks 1661-1671: Killed
srun: error: atl1-1-02-017-17-2: tasks 1782-1792: Killed
srun: error: atl1-1-02-017-5-2: tasks 1518-1528: Killed
srun: error: atl1-1-02-017-26-1: tasks 1969-1979: Killed
srun: error: atl1-1-02-015-35-1: tasks 1375-1385: Killed
srun: error: atl1-1-02-015-8-1: tasks 781-791: Killed
srun: error: atl1-1-02-015-33-2: tasks 1342-1352: Killed
srun: error: atl1-1-02-006-5-1: tasks 88-98: Killed
srun: error: atl1-1-02-015-7-1: tasks 759-769: Killed
srun: error: atl1-1-02-015-12-2: tasks 880-890: Killed
srun: error: atl1-1-02-017-29-2: tasks 2046-2056: Killed
srun: error: atl1-1-02-006-2-1: tasks 22-32: Killed
srun: error: atl1-1-02-006-7-2: tasks 143-153: Killed
srun: error: atl1-1-02-015-29-2: tasks 1254-1264: Killed
srun: error: atl1-1-02-006-6-1: tasks 110-120: Killed
srun: error: atl1-1-02-017-35-1: tasks 2156-2166: Killed
srun: error: atl1-1-02-015-1-1: tasks 627-637: Killed
srun: error: atl1-1-02-017-20-2: tasks 1848-1858: Killed
srun: error: atl1-1-02-017-31-2: tasks 2079-2089: Killed
srun: error: atl1-1-02-017-24-1: tasks 1925-1935: Killed
srun: error: atl1-1-02-017-14-2: tasks 1716-1726: Killed
srun: error: atl1-1-02-017-25-1: task 1957: Exited with exit code 143
srun: error: atl1-1-02-015-24-1: tasks 1133-1143: Killed
srun: error: atl1-1-02-017-18-2: tasks 1804-1814: Killed
srun: error: atl1-1-02-017-26-2: tasks 1980-1990: Killed
srun: error: atl1-1-02-017-7-1: tasks 1551-1561: Killed
srun: error: atl1-1-02-006-4-2: tasks 77-87: Killed
srun: error: atl1-1-02-017-15-2: tasks 1738-1748: Killed
srun: error: atl1-1-02-006-3-1: tasks 44-54: Killed
srun: error: atl1-1-02-017-16-2: tasks 1760-1770: Killed
srun: error: atl1-1-02-015-35-2: tasks 1386-1396: Killed
srun: error: atl1-1-02-017-10-1: tasks 1617-1627: Killed
srun: error: atl1-1-02-017-8-1: tasks 1573-1583: Killed
srun: error: atl1-1-02-006-8-1: tasks 154-164: Killed
srun: error: atl1-1-02-017-19-1: task 1825: Exited with exit code 143
srun: error: atl1-1-02-017-24-2: tasks 1936-1946: Killed
srun: error: atl1-1-02-017-7-2: tasks 1562-1572: Killed
srun: error: atl1-1-02-015-14-1: tasks 913-923: Killed
srun: error: atl1-1-02-017-21-1: tasks 1859-1869: Killed
srun: error: atl1-1-02-006-1-2: tasks 11-21: Killed
srun: error: atl1-1-02-017-33-1: tasks 2112-2122: Killed
srun: error: atl1-1-02-015-26-2: tasks 1188-1198: Killed
srun: error: atl1-1-02-015-22-1: task 1099: Exited with exit code 143
---------------------------------------
Begin Slurm Epilog: Jan-26-2023 18:17:35
Job ID:        594495
Array Job ID:  _4294967294
User ID:       bzhang376
Account:       gts-phanish6-coda20
Job name:      Hello_2200
Resources:     cpu=2200,mem=15400G,node=200
Rsrc Used:     cput=03:03:20,vmem=36K,walltime=00:00:05,mem=0,energy_used=0
Partition:     cpu-small
QOS:           inferno
Nodes:         atl1-1-02-006-1-[1-2],atl1-1-02-006-2-[1-2],atl1-1-02-006-3-[1-2],atl1-1-02-006-4-[1-2],atl1-1-02-006-5-[1-2],atl1-1-02-006-6-[1-2],atl1-1-02-006-7-[1-2],atl1-1-02-006-8-[1-2],atl1-1-02-006-9-1,atl1-1-02-006-10-[1-2],atl1-1-02-006-11-[1-2],atl1-1-02-006-12-[1-2],atl1-1-02-006-13-[1-2],atl1-1-02-006-14-[1-2],atl1-1-02-006-15-[1-2],atl1-1-02-006-16-[1-2],atl1-1-02-006-17-[1-2],atl1-1-02-006-18-1,atl1-1-02-006-19-[1-2],atl1-1-02-006-20-[1-2],atl1-1-02-006-21-[1-2],atl1-1-02-006-22-[1-2],atl1-1-02-006-23-[1-2],atl1-1-02-006-24-[1-2],atl1-1-02-006-25-[1-2],atl1-1-02-006-26-[1-2],atl1-1-02-006-27-[1-2],atl1-1-02-006-28-[1-2],atl1-1-02-006-30-2,atl1-1-02-011-10-2,atl1-1-02-011-24-1,atl1-1-02-015-1-[1-2],atl1-1-02-015-2-[1-2],atl1-1-02-015-3-[1-2],atl1-1-02-015-4-[1-2],atl1-1-02-015-5-[1-2],atl1-1-02-015-6-[1-2],atl1-1-02-015-7-[1-2],atl1-1-02-015-8-[1-2],atl1-1-02-015-9-[1-2],atl1-1-02-015-10-[1-2],atl1-1-02-015-11-[1-2],atl1-1-02-015-12-[1-2],atl1-1-02-015-13-[1-2],atl1-1-02-015-14-[1-2],atl1-1-02-015-15-[1-2],atl1-1-02-015-16-[1-2],atl1-1-02-015-17-[1-2],atl1-1-02-015-18-[1-2],atl1-1-02-015-19-[1-2],atl1-1-02-015-20-[1-2],atl1-1-02-015-21-[1-2],atl1-1-02-015-22-[1-2],atl1-1-02-015-23-[1-2],atl1-1-02-015-24-[1-2],atl1-1-02-015-25-[1-2],atl1-1-02-015-26-[1-2],atl1-1-02-015-27-[1-2],atl1-1-02-015-28-[1-2],atl1-1-02-015-29-[1-2],atl1-1-02-015-30-[1-2],atl1-1-02-015-31-[1-2],atl1-1-02-015-32-[1-2],atl1-1-02-015-33-[1-2],atl1-1-02-015-34-[1-2],atl1-1-02-015-35-[1-2],atl1-1-02-015-36-[1-2],atl1-1-02-017-1-[1-2],atl1-1-02-017-2-[1-2],atl1-1-02-017-3-[1-2],atl1-1-02-017-4-[1-2],atl1-1-02-017-5-[1-2],atl1-1-02-017-6-[1-2],atl1-1-02-017-7-[1-2],atl1-1-02-017-8-[1-2],atl1-1-02-017-9-[1-2],atl1-1-02-017-10-[1-2],atl1-1-02-017-11-[1-2],atl1-1-02-017-12-[1-2],atl1-1-02-017-13-[1-2],atl1-1-02-017-14-[1-2],atl1-1-02-017-15-[1-2],atl1-1-02-017-16-[1-2],atl1-1-02-017-17-[1-2],atl1-1-02-017-18-[1-2],atl1-1-02-017-19-[1-2],atl1-1-02-017-20-[1-2],atl1-1-02-017-21-[1-2],atl1-1-02-017-22-[1-2],atl1-1-02-017-23-[1-2],atl1-1-02-017-24-[1-2],atl1-1-02-017-25-[1-2],atl1-1-02-017-26-[1-2],atl1-1-02-017-27-[1-2],atl1-1-02-017-28-[1-2],atl1-1-02-017-29-[1-2],atl1-1-02-017-30-1,atl1-1-02-017-31-[1-2],atl1-1-02-017-32-[1-2],atl1-1-02-017-33-[1-2],atl1-1-02-017-34-[1-2],atl1-1-02-017-35-[1-2],atl1-1-02-017-36-[1-2]
---------------------------------------
