---------------------------------------
Begin Slurm Prolog: Jan-26-2023 18:13:40
Job ID:    594488
User ID:   bzhang376
Account:   gts-phanish6-coda20
Job name:  Hello_2200
Partition: cpu-small
QOS:       inferno
---------------------------------------
---------------------------------------
Begin Slurm Epilog: Jan-26-2023 18:13:45
Job ID:        594488
Array Job ID:  _4294967294
User ID:       bzhang376
Account:       gts-phanish6-coda20
Job name:      Hello_2200
Resources:     cpu=2200,mem=15400G,node=200
Rsrc Used:     cput=03:03:20,vmem=1332K,walltime=00:00:05,mem=0,energy_used=0
Partition:     cpu-small
QOS:           inferno
Nodes:         atl1-1-02-006-1-[1-2],atl1-1-02-006-2-[1-2],atl1-1-02-006-3-[1-2],atl1-1-02-006-4-[1-2],atl1-1-02-006-5-[1-2],atl1-1-02-006-6-[1-2],atl1-1-02-006-7-[1-2],atl1-1-02-006-8-[1-2],atl1-1-02-006-9-1,atl1-1-02-009-6-[1-2],atl1-1-02-009-7-[1-2],atl1-1-02-009-8-2,atl1-1-02-009-9-[1-2],atl1-1-02-009-10-2,atl1-1-02-009-11-[1-2],atl1-1-02-009-12-[1-2],atl1-1-02-009-13-[1-2],atl1-1-02-009-14-[1-2],atl1-1-02-009-15-[1-2],atl1-1-02-009-16-1,atl1-1-02-009-17-[1-2],atl1-1-02-009-18-[1-2],atl1-1-02-009-19-[1-2],atl1-1-02-009-20-[1-2],atl1-1-02-009-21-[1-2],atl1-1-02-009-22-2,atl1-1-02-009-23-[1-2],atl1-1-02-009-25-[1-2],atl1-1-02-009-26-[1-2],atl1-1-02-009-29-[1-2],atl1-1-02-009-30-[1-2],atl1-1-02-015-1-[1-2],atl1-1-02-015-2-[1-2],atl1-1-02-015-3-[1-2],atl1-1-02-015-4-[1-2],atl1-1-02-015-5-[1-2],atl1-1-02-015-6-[1-2],atl1-1-02-015-7-[1-2],atl1-1-02-015-8-[1-2],atl1-1-02-015-9-[1-2],atl1-1-02-015-10-[1-2],atl1-1-02-015-11-[1-2],atl1-1-02-015-12-[1-2],atl1-1-02-015-13-[1-2],atl1-1-02-015-14-[1-2],atl1-1-02-015-15-[1-2],atl1-1-02-015-16-[1-2],atl1-1-02-015-17-[1-2],atl1-1-02-015-18-[1-2],atl1-1-02-015-19-[1-2],atl1-1-02-015-20-[1-2],atl1-1-02-015-21-[1-2],atl1-1-02-015-22-[1-2],atl1-1-02-015-23-[1-2],atl1-1-02-015-24-[1-2],atl1-1-02-015-25-[1-2],atl1-1-02-015-26-[1-2],atl1-1-02-015-27-[1-2],atl1-1-02-015-28-[1-2],atl1-1-02-015-29-[1-2],atl1-1-02-015-30-[1-2],atl1-1-02-015-31-[1-2],atl1-1-02-015-32-[1-2],atl1-1-02-015-33-[1-2],atl1-1-02-015-34-[1-2],atl1-1-02-015-35-[1-2],atl1-1-02-015-36-[1-2],atl1-1-02-017-1-[1-2],atl1-1-02-017-2-[1-2],atl1-1-02-017-3-[1-2],atl1-1-02-017-4-[1-2],atl1-1-02-017-5-[1-2],atl1-1-02-017-6-[1-2],atl1-1-02-017-7-[1-2],atl1-1-02-017-8-[1-2],atl1-1-02-017-9-[1-2],atl1-1-02-017-10-[1-2],atl1-1-02-017-11-[1-2],atl1-1-02-017-12-[1-2],atl1-1-02-017-13-[1-2],atl1-1-02-017-14-[1-2],atl1-1-02-017-15-[1-2],atl1-1-02-017-16-[1-2],atl1-1-02-017-17-[1-2],atl1-1-02-017-18-[1-2],atl1-1-02-017-19-[1-2],atl1-1-02-017-20-[1-2],atl1-1-02-017-21-[1-2],atl1-1-02-017-22-[1-2],atl1-1-02-017-23-[1-2],atl1-1-02-017-24-[1-2],atl1-1-02-017-25-[1-2],atl1-1-02-017-26-[1-2],atl1-1-02-017-27-[1-2],atl1-1-02-017-28-[1-2],atl1-1-02-017-29-[1-2],atl1-1-02-017-30-1,atl1-1-02-017-31-[1-2],atl1-1-02-017-32-[1-2],atl1-1-02-017-33-[1-2],atl1-1-02-017-34-[1-2],atl1-1-02-017-35-[1-2],atl1-1-02-017-36-[1-2]
---------------------------------------
