---------------------------------------
Begin Slurm Prolog: Jan-26-2023 18:11:40
Job ID:    594483
User ID:   bzhang376
Account:   gts-phanish6-coda20
Job name:  Hello_1100
Partition: cpu-small
QOS:       inferno
---------------------------------------
---------------------------------------
Begin Slurm Epilog: Jan-26-2023 18:11:44
Job ID:        594483
Array Job ID:  _4294967294
User ID:       bzhang376
Account:       gts-phanish6-coda20
Job name:      Hello_1100
Resources:     cpu=1100,mem=7700G,node=100
Rsrc Used:     cput=01:13:20,vmem=1244K,walltime=00:00:04,mem=0,energy_used=0
Partition:     cpu-small
QOS:           inferno
Nodes:         atl1-1-02-009-6-[1-2],atl1-1-02-009-7-[1-2],atl1-1-02-009-8-2,atl1-1-02-009-9-[1-2],atl1-1-02-009-10-2,atl1-1-02-009-11-[1-2],atl1-1-02-009-12-[1-2],atl1-1-02-009-13-[1-2],atl1-1-02-009-14-[1-2],atl1-1-02-009-15-[1-2],atl1-1-02-009-16-1,atl1-1-02-009-17-[1-2],atl1-1-02-009-18-[1-2],atl1-1-02-009-19-[1-2],atl1-1-02-009-20-[1-2],atl1-1-02-009-21-1,atl1-1-02-015-1-[1-2],atl1-1-02-015-2-[1-2],atl1-1-02-015-3-[1-2],atl1-1-02-015-4-[1-2],atl1-1-02-015-5-[1-2],atl1-1-02-015-6-[1-2],atl1-1-02-015-7-[1-2],atl1-1-02-015-8-[1-2],atl1-1-02-015-9-[1-2],atl1-1-02-015-10-[1-2],atl1-1-02-015-11-[1-2],atl1-1-02-015-12-[1-2],atl1-1-02-015-13-[1-2],atl1-1-02-015-14-[1-2],atl1-1-02-015-15-[1-2],atl1-1-02-015-16-[1-2],atl1-1-02-015-17-[1-2],atl1-1-02-015-18-[1-2],atl1-1-02-015-19-[1-2],atl1-1-02-015-20-[1-2],atl1-1-02-015-21-[1-2],atl1-1-02-015-22-[1-2],atl1-1-02-015-23-[1-2],atl1-1-02-015-24-[1-2],atl1-1-02-015-25-[1-2],atl1-1-02-015-26-[1-2],atl1-1-02-015-27-[1-2],atl1-1-02-015-28-[1-2],atl1-1-02-015-29-[1-2],atl1-1-02-015-30-[1-2],atl1-1-02-015-31-[1-2],atl1-1-02-015-32-[1-2],atl1-1-02-015-33-[1-2],atl1-1-02-015-34-[1-2],atl1-1-02-015-35-[1-2],atl1-1-02-015-36-[1-2]
---------------------------------------
