***************************************************************************
*                       SPARC (version Apr 23, 2021)                      *
*   Copyright (c) 2020 Material Physics & Mechanics Group, Georgia Tech   *
*           Distributed under GNU General Public License 3 (GPL)          *
*                   Start time: Sun Jan 22 17:14:57 2023                  *
***************************************************************************
                           Input parameters                                
***************************************************************************
CELL: 53.55 53.55 53.55 
LATVEC:
1 0 0 
0 1 0 
0 0 1 
FD_GRID: 298 298 298
FD_ORDER: 12
BC: P P P
KPOINT_GRID: 1 1 1
KPOINT_SHIFT: 0 0 0
SPIN_TYP: 0
ELEC_TEMP_TYPE: Gaussian
SMEARING: 0.007349864435
CHEB_DEGREE: 38
NSTATES: 2496
EXCHANGE_CORRELATION: GGA_PBE
CALC_STRESS: 0
CALC_PRES: 0
CHEFSI_BOUND_FLAG: 0
MAXIT_SCF: 100
MINIT_SCF: 3
MAXIT_POISSON: 3000
TOL_SCF: 1.00E-04
POISSON_SOLVER: AAR
TOL_POISSON: 1.00E-06
TOL_LANCZOS: 1.00E-02
TOL_PSEUDOCHARGE: 1.00E-06
MIXING_VARIABLE: density
MIXING_PRECOND: kerker
TOL_PRECOND: 3.23E-05
PRECOND_KERKER_KTF: 1
PRECOND_KERKER_THRESH: 0
MIXING_PARAMETER: 1
MIXING_HISTORY: 7
PULAY_FREQUENCY: 1
PULAY_RESTART: 0
REFERENCE_CUTOFF: 0.5
RHO_TRIGGER: 4
FIX_RAND: 0
VERBOSITY: 1
PRINT_FORCES: 1
PRINT_ATOMS: 0
PRINT_EIGEN: 0
PRINT_DENSITY: 0
OUTPUT_FILE: Al1372
***************************************************************************
                           Parallelization                                 
***************************************************************************
NP_SPIN_PARAL: 1
NP_KPOINT_PARAL: 1
NP_BAND_PARAL: 384
NP_DOMAIN_PARAL: 1 1 1
NP_DOMAIN_PHI_PARAL: 6 8 8
EIG_SERIAL_MAXNS: 2000
EIG_PARAL_BLKSZ: 128
***************************************************************************
                             Initialization                                
***************************************************************************
Number of processors               :  384
Mesh spacing                       :  0.179698 (Bohr)
Number of symmetry adapted k-points:  1
Output printed to                  :  Al1372.out
Total number of atom types         :  1
Total number of atoms              :  1372
Total number of electrons          :  4116
Atom type 1  (valence electrons)   :  Al 3
Pseudopotential                    :  ../13_Al_3_1.9_1.9_pbe_n_v1.0.psp8
Pseudocharge radii of atom type 1  :  6.29 6.29 6.29 (x, y, z dir)
Number of atoms of type 1          :  1372
Estimated total memory usage       :  2.89 TB
Estimated memory per processor     :  7.70 GB
===================================================================
                    Self Consistent Field (SCF#1)                     
===================================================================
Iteration     Free Energy (Ha/atom)   SCF Error        Timing (sec)
1            -2.2729167328E+00        1.389E-01        1139.927
2            -2.3030444868E+00        3.445E-02        280.053
3            -2.3118264998E+00        8.149E-03        280.453
4            -2.3147689799E+00        3.642E-03        280.166
5            -2.3159100763E+00        1.370E-03        279.530
6            -2.3163966195E+00        1.261E-03        279.989
7            -2.3166184154E+00        8.869E-04        279.273
8            -2.3167249260E+00        1.094E-03        279.971
9            -2.3167778174E+00        1.231E-03        279.360
10           -2.3168045706E+00        4.253E-04        278.671
11           -2.3168185946E+00        5.347E-04        278.788
12           -2.3168259798E+00        6.237E-04        279.142
13           -2.3168298799E+00        6.496E-04        279.239
14           -2.3168320163E+00        6.836E-04        278.853
15           -2.3168331713E+00        7.012E-04        278.931
