
Creating SPARC_INPUT_MPI datatype took 0.068 ms
Initializing ...
Checking input arguments parsed by command line.

Checking inputs parsed by commandline took 0.018 ms

Set default values took 0.003 ms
Reading input file Al1372.inpt

Reading input file took 1.323 ms
Reading ion file Al1372.ion
Number of atom types : 1.
Total number of atoms: 1372.
[32m
Time for finding element is 0.004 ms
[32mElement type for atom_type Al is Al
[0m[32mDefault atomic mass for Al is 26.981538
[0mpseudo_dir # 1 = ../13_Al_3_1.9_1.9_pbe_n_v1.0.psp8

Reading ion file took 3.894 ms
Reading pseudopotential (PSP) file.
Reading pseudopotential: ../13_Al_3_1.9_1.9_pbe_n_v1.0.psp8
Input element type: Al
pspcod = 8, pspxc = 11

fchrg = 5.00000000 > 0.0 (icmod != 0)
This pseudopotential contains non-linear core correction. 

fchrg = 5.000000, READING MODEL CORE CHARGE!


Reading pseudopotential file took 5.167 ms

Freeing SPARC_INPUT_MPI datatype took 0.007 ms
Broadcasting Atom info. using MPI_Pack & MPI_Unpack in SPARC took 0.727 ms

Checking existence of (1) out file(s) took 0.101 ms


CELL_TYP: 0


Range:
   53.550000	   53.550000	   53.550000

COORD AFTER MAPPING:
   53.460228	   53.085381	   46.208513	
    4.063363	   53.088545	   50.011400	
   53.009187	    3.300014	   49.914812	
   53.336149	    0.510450	   38.569697	
    3.442835	   53.111589	   41.577357	
    7.208962	    0.369716	   45.645415	
   11.135573	    0.200334	   49.936395	
   53.382916	    3.811538	   42.472035	
    3.713315	    3.659143	   46.088903	
    7.691995	    3.666665	   49.374772	
   53.462579	    7.383685	   46.372031	
    4.025384	    8.094669	   50.161405	
   53.230255	   11.719117	   49.277839	
    0.409075	   53.037112	   30.267865	
    3.313693	   53.508371	   34.181787	
    7.834424	   53.313396	   38.507931	
   11.385534	   53.040401	   42.463796	
   15.363495	    0.416177	   45.984735	
   18.735944	    0.293193	   49.400055	
   53.223384	    3.640795	   34.333138	
    4.150368	    4.145839	   37.858210	
    8.156600	    3.635281	   42.526570	
   11.273149	    3.617153	   46.186189	
   15.508069	    4.288160	   49.736050	
    0.407205	    8.165963	   38.199774	
    4.251914	    7.675484	   41.639916	
    7.201070	    8.138937	   45.703830	
   10.976316	    8.069763	   49.314573	
   53.192798	   11.494509	   42.380454	
    4.234102	   11.337330	   45.948558	
    7.215462	   11.702577	   49.429949	
   53.464648	   15.252012	   45.601622	
    4.320378	   15.413827	   49.465781	
    0.035881	   19.655557	   49.518225	
    0.207587	    0.296343	   22.828511	
    3.625411	   53.370708	   26.555974	
    7.851770	   53.105348	   30.794257	
   11.837023	   53.209108	   33.922009	
   14.778849	    0.029050	   38.064037	
   19.395624	   53.460315	   42.340375	
   23.478886	    0.325276	   46.379062	
   27.043484	    0.468670	   50.052518	
   53.312468	    3.476490	   26.494607	
    4.137964	    4.214547	   30.311048	
    7.220741	    4.319843	   34.089984	
   11.418627	    4.322089	   38.663814	
   15.742049	    3.325026	   41.791393	
   18.901717	    3.346361	   46.179319	
   22.720400	    3.290335	   49.466486	
   53.149738	    7.447345	   30.094854	
    3.305016	    7.169322	   34.677561	
    7.843477	    7.426985	   38.494722	
   11.163018	    7.494228	   41.630306	
   15.046351	    8.140821	   45.712513	
   19.115883	    7.625064	   50.210074	
   53.066795	   11.235082	   34.060353	
    3.905186	   11.478251	   37.802832	
    7.267805	   11.630095	   42.177349	
   11.571617	   11.054417	   46.366276	
   15.516113	   11.754190	   49.328795	
   53.119776	   15.680761	   38.264078	
    3.732019	   15.672435	   42.274064	
    7.860316	   15.722479	   45.544961	
   11.382153	   15.172168	   49.196245	
   53.063107	   19.064204	   42.494424	
    3.863835	   18.693962	   45.397179	
    7.827205	   18.828358	   49.462601	
    0.016108	   23.459909	   46.064103	
    4.305995	   22.716990	   49.493244	
    0.093642	   27.215751	   49.194566	
    0.436430	    0.422528	   15.381629	
    3.432794	    0.457096	   18.917056	
    7.259743	   53.177997	   22.572982	
   11.807558	    0.410811	   27.284869	
   15.189299	    0.142802	   30.237542	
   18.762956	   53.236936	   34.670840	
   23.412510	   53.382435	   38.672714	
   26.610302	   53.182075	   42.463084	
   30.871347	   53.489792	   45.558406	
   34.669501	   53.099697	   49.440260	
    0.414689	    3.462917	   18.603929	
    3.958798	    3.497405	   23.416726	
    7.921488	    4.031667	   27.193816	
   11.311527	    3.904845	   30.703282	
   15.051091	    4.228888	   34.002385	
   19.553299	    3.548726	   37.896814	
   22.872204	    3.965219	   42.158261	
   27.277898	    3.321314	   45.631324	
   30.776823	    3.842525	   49.508811	
    0.131659	    8.042965	   22.594050	
    3.408204	    8.173764	   26.439178	
    8.136290	    7.119745	   30.560426	
   11.420811	    7.382606	   34.435682	
   15.384808	    7.351240	   38.262528	
   19.025616	    7.160493	   42.612841	
   22.665496	    7.120069	   45.499270	
   27.211406	    7.639393	   50.002143	
    0.079712	   10.983269	   27.092808	
    3.287169	   11.235179	   30.691832	
    7.776736	   11.626435	   34.384687	
   11.287452	   11.252883	   38.675638	
   15.329273	   11.225796	   42.430049	
   19.542540	   11.572960	   45.413472	
   22.795584	   11.345753	   50.225890	
    0.441983	   15.519104	   30.067004	
    3.958460	   15.295807	   34.504120	
    7.126180	   15.444116	   38.328361	
   11.939597	   15.141391	   42.436756	
   15.506526	   15.069609	   45.775277	
   19.663040	   14.903177	   49.282558	
   53.195514	   19.597866	   34.513375	
    3.432427	   19.454794	   37.735943	
    8.118014	   19.598891	   41.925481	
   11.687932	   18.784622	   46.425051	
   14.830467	   19.593620	   50.123972	
    0.276379	   23.421430	   37.874045	
    4.099662	   22.715823	   42.398292	
    8.107659	   22.706183	   46.236459	
   11.703843	   23.005642	   50.188266	
   53.143509	   26.434523	   41.776819	
    3.305571	   26.712361	   45.898883	
    7.137420	   26.434554	   50.079253	
   53.039687	   31.084004	   46.081034	
    3.550433	   30.593319	   49.826627	
    0.389505	   34.926900	   49.889419	
    0.042010	    0.156809	    7.367107	
    3.882147	   53.533032	   10.961694	
    8.020034	    0.505987	   15.555600	
   11.068403	   53.163977	   18.937611	
   15.061105	    0.143164	   22.816667	
   19.217781	    0.175143	   26.896836	
   23.458043	   53.478423	   30.770033	
   26.841027	   53.073280	   34.103574	
   30.079237	   53.542127	   38.602725	
   34.750246	   53.512279	   41.945399	
   37.961112	    0.331861	   46.042531	
   42.407249	   53.286738	   50.229598	
   53.428679	    3.707541	   11.545091	
    4.218306	    3.543899	   15.147360	
    7.917354	    4.026708	   19.253711	
   11.535845	    4.354992	   22.951940	
   14.906691	    3.476020	   26.723477	
   18.648887	    4.172765	   30.851288	
   22.540342	    3.533964	   34.884266	
   26.282263	    3.346786	   38.227574	
   30.175358	    3.434245	   41.629517	
   34.128252	    4.295781	   45.975356	
   38.480427	    4.245353	   49.449069	
    0.064606	    7.422007	   14.801882	
    3.297647	    8.134424	   19.436731	
    7.186930	    8.028581	   22.704164	
   11.980534	    7.579305	   27.074755	
   15.373676	    7.615434	   30.587244	
   18.804001	    7.790485	   34.228030	
   22.682048	    7.280034	   38.048799	
   27.038789	    7.125056	   41.579529	
   30.270493	    7.396314	   45.937216	
   34.513020	    7.125771	   50.075042	
    0.508502	   11.663786	   18.674827	
    4.200225	   11.530683	   22.526510	
    7.368548	   11.282046	   26.806651	
   11.468260	   11.778143	   30.773253	
   15.429777	   11.091785	   34.635691	
   19.480916	   11.198993	   38.047930	
   22.578692	   11.250310	   41.574934	
   26.254160	   11.146037	   45.807568	
   30.134818	   11.029202	   49.428614	
   53.535227	   15.700267	   22.410269	
    3.940035	   14.854472	   26.975922	
    7.724489	   15.498751	   31.089074	
   11.277409	   14.889322	   34.307240	
   15.828621	   14.770638	   38.033948	
   19.211274	   15.361957	   42.133153	
   22.820328	   15.740440	   46.280794	
   26.830120	   15.689968	   50.044117	
    0.265421	   18.950225	   26.974883	
    4.008089	   18.613446	   30.526548	
    7.395673	   19.450492	   34.631025	
   11.005829	   19.456037	   37.942775	
   15.159448	   19.523657	   41.841254	
   19.265338	   19.308536	   46.200567	
   22.636445	   19.457978	   50.190184	
    0.273450	   23.380043	   30.264673	
    3.356047	   22.900050	   34.204366	
    7.390691	   23.012560	   37.715782	
   11.804706	   22.956633	   42.000959	
   14.968335	   23.157702	   45.586576	
   19.275879	   23.147882	   49.878004	
    0.026690	   26.796977	   34.651749	
    4.284588	   27.130361	   37.837566	
    7.393917	   26.781253	   41.622933	
   11.005425	   27.126456	   46.339603	
   15.554312	   26.538984	   49.605170	
    0.294462	   30.252172	   38.286138	
    4.266205	   31.108340	   42.576169	
    8.117339	   30.861748	   46.180264	
   10.949157	   30.340125	   49.536257	
   53.262613	   34.512886	   41.626941	
    3.951339	   34.917536	   45.938973	
    8.135779	   33.971429	   49.547708	
    0.487034	   37.799437	   45.382524	
    3.886292	   38.378889	   50.018352	
    0.449633	   41.776937	   49.600486	
    0.153157	    0.286895	    0.077160	
    3.706002	    0.073732	    4.101681	
    7.634844	    0.179794	    8.126941	
   11.587851	   53.125704	   11.596519	
   15.353605	   53.100247	   15.100282	
   19.586074	    0.135365	   18.703152	
   23.403017	   53.452341	   22.489034	
   26.661269	   53.103459	   26.579928	
   31.101191	   53.410508	   30.774008	
   34.072261	    0.186238	   34.636130	
   37.845736	   53.214173	   37.933788	
   41.680202	    0.428129	   41.623638	
   45.906126	    0.486677	   45.689587	
   49.207350	    0.499363	   49.776470	
    0.484647	    4.073920	    4.100520	
    4.178898	    3.723616	    7.682085	
    7.125312	    4.088706	   11.244543	
   11.124685	    3.595629	   15.434347	
   15.118314	    3.624223	   18.870583	
   18.725785	    3.939566	   23.115194	
   23.284830	    3.927613	   27.144890	
   26.607025	    4.234663	   30.750324	
   31.076141	    3.559509	   34.496005	
   34.513729	    4.112982	   38.041352	
   38.659848	    4.302121	   42.482625	
   42.447959	    3.285181	   46.428843	
   46.338583	    3.799131	   50.025198	
   53.506596	    7.819898	    7.729673	
    3.875141	    8.021432	   11.086910	
    7.973051	    7.307846	   15.099777	
   11.243175	    8.035319	   18.980959	
   15.289456	    7.503261	   22.724857	
   19.232225	    8.074391	   26.716528	
   22.425868	    7.139044	   30.719690	
   26.876135	    7.201445	   34.114410	
   30.528246	    8.170825	   37.979272	
   34.757525	    7.768467	   41.655396	
   38.050118	    7.560889	   45.691835	
   42.500056	    7.292132	   49.722239	
    0.084232	   11.637174	   11.463973	
    3.483139	   10.974066	   15.836152	
    7.961503	   11.271190	   19.645499	
   11.596204	   11.284027	   22.881369	
   14.817386	   11.591239	   27.285667	
   19.038660	   11.638180	   30.291015	
   23.143730	   11.849387	   34.469488	
   27.227874	   11.937588	   38.199623	
   30.059498	   11.648595	   42.580894	
   34.940793	   11.559574	   46.263700	
   38.116476	   11.365423	   49.415743	
    0.512574	   15.804816	   15.234589	
    3.938290	   14.925757	   18.766334	
    8.005770	   15.727434	   22.981469	
   11.555828	   15.095540	   27.092513	
   15.438562	   15.352459	   30.097880	
   18.893021	   15.496973	   34.091089	
   23.043943	   15.014894	   38.766546	
   27.045492	   14.940533	   42.573524	
   30.987650	   15.309176	   45.961225	
   34.700967	   15.615760	   49.883052	
    0.214273	   19.333168	   18.878434	
    4.219321	   18.712777	   23.439105	
    7.458163	   19.558552	   26.958675	
   11.659772	   19.103079	   30.780465	
   15.246852	   19.608248	   33.896076	
   18.997450	   19.182809	   38.631869	
   22.853509	   18.675808	   42.376114	
   26.668413	   18.803103	   46.100064	
   30.402433	   19.508241	   49.985495	
    0.131901	   23.172787	   22.578455	
    3.749536	   23.377275	   27.011687	
    8.162594	   22.765158	   30.163809	
   11.667358	   22.980294	   34.648893	
   14.973891	   23.112712	   37.711911	
   19.045700	   23.052011	   42.373820	
   22.780520	   22.659477	   45.890866	
   27.097007	   22.870830	   49.405184	
    0.411110	   26.502488	   27.023016	
    4.261906	   27.148912	   30.400561	
    7.826042	   27.301523	   34.840242	
   11.226394	   26.306084	   37.904053	
   15.032092	   27.006443	   42.549456	
   19.508955	   26.591207	   46.409292	
   22.979984	   26.910705	   49.513478	
    0.326900	   30.338327	   30.992164	
    3.903423	   30.763371	   34.795194	
    7.902231	   30.460598	   38.168440	
   11.495568	   30.378022	   41.927524	
   15.593062	   31.045476	   45.664625	
   19.199496	   31.078728	   50.258620	
   53.512902	   34.547847	   34.160754	
    3.654809	   34.116090	   38.705118	
    7.182857	   34.900396	   41.997468	
   11.342929	   34.695959	   46.371077	
   14.845209	   34.696647	   50.091587	
    0.522347	   37.938119	   37.877595	
    3.480545	   38.607188	   42.155365	
    7.987392	   37.968816	   46.087708	
   11.880661	   38.392397	   49.623110	
    0.203839	   42.302994	   41.539340	
    3.900184	   42.337228	   45.711031	
    7.283214	   41.956280	   50.091696	
   53.514168	   46.181098	   45.427031	
    3.657496	   46.335926	   49.298114	
   53.252528	   49.819577	   49.943308	
    7.750086	   53.106875	    0.015317	
   11.271900	   53.148599	    3.823017	
   15.750390	   53.122944	    7.513262	
   19.568174	   53.195933	   11.586989	
   22.687233	   53.145846	   15.680245	
   26.354034	    0.301086	   18.883659	
   30.267825	   53.051702	   23.322988	
   34.424550	   53.270399	   26.684792	
   38.497301	    0.410102	   30.601065	
   41.759303	    0.512287	   34.673423	
   45.627404	    0.114053	   37.988967	
   50.105464	    0.515229	   42.531158	
    3.733959	    3.331072	    0.218614	
    7.776238	    4.310299	    3.953668	
   11.186860	    3.620846	    7.404424	
   14.869379	    4.148451	   11.686883	
   19.142155	    4.161061	   15.037337	
   22.925269	    4.214473	   19.467362	
   26.399235	    3.780157	   22.421475	
   30.731779	    4.290903	   26.414236	
   34.472613	    3.563071	   30.662564	
   38.416757	    4.295015	   34.654661	
   41.690443	    3.953872	   38.241865	
   46.172121	    4.350190	   42.483742	
   49.424292	    3.319380	   46.414831	
    0.020936	    7.893602	   53.511352	
    4.133654	    7.720921	    4.114928	
    7.133222	    7.641804	    7.644344	
   11.284982	    7.389505	   11.653616	
   15.703455	    7.462653	   15.002350	
   19.497932	    7.378950	   18.702574	
   22.991588	    7.346283	   23.468227	
   27.171624	    7.974195	   27.115784	
   31.086633	    7.652591	   30.367812	
   34.778131	    7.199064	   34.517855	
   38.633108	    7.949662	   38.120252	
   41.640891	    7.686404	   41.724839	
   46.063692	    7.908987	   45.812190	
   49.945180	    7.666654	   49.505583	
    0.119267	   11.366754	    3.302048	
    4.149146	   12.001057	    7.528147	
    7.146465	   10.964618	   11.930375	
   11.767364	   11.943196	   15.655071	
   15.550701	   11.941131	   19.205140	
   18.865024	   11.356988	   22.753799	
   22.687180	   11.166087	   26.484262	
   26.918135	   11.603974	   31.093355	
   30.432631	   11.126607	   34.494900	
   34.745871	   11.803033	   37.944485	
   38.191737	   11.208788	   41.803971	
   42.380899	   11.248679	   46.397225	
   46.430628	   11.924968	   49.442430	
   53.333894	   15.735905	    7.224514	
    3.438778	   15.338278	   11.133087	
    8.084165	   15.692546	   15.588022	
   11.519962	   15.140459	   19.350856	
   15.813609	   15.838648	   22.882861	
   19.272789	   15.228261	   27.092859	
   23.484351	   15.078013	   30.618947	
   26.824843	   14.804041	   34.331524	
   30.628590	   15.829801	   37.836121	
   34.030579	   15.262013	   42.490343	
   38.093891	   15.553791	   45.657220	
   41.562428	   15.452336	   49.850779	
   53.182591	   19.366359	   11.999254	
    4.090748	   18.639359	   14.963990	
    7.141952	   19.579436	   19.628275	
   11.330617	   19.586788	   23.115219	
   15.692013	   19.181252	   26.373335	
   19.333453	   19.626898	   30.894191	
   23.156575	   18.888022	   34.913764	
   26.438144	   19.235510	   38.317921	
   30.537148	   19.012986	   42.278993	
   34.513256	   19.263505	   45.387568	
   38.779849	   18.909309	   50.254118	
   53.229664	   23.295505	   15.103594	
    3.552079	   22.484563	   18.609924	
    7.392701	   22.454370	   23.283827	
   11.745655	   22.462504	   27.286999	
   15.253453	   22.571837	   30.857041	
   18.645654	   22.836782	   33.887023	
   22.959213	   23.442674	   37.777611	
   26.463377	   22.528930	   42.166169	
   30.923052	   23.109634	   45.722265	
   34.205738	   22.979883	   50.138095	
   53.038930	   26.616227	   19.529263	
    3.926082	   26.448490	   23.477434	
    8.021992	   26.472718	   27.008503	
   11.346275	   26.281473	   31.007740	
   15.570315	   27.005616	   34.229884	
   19.137054	   26.941436	   37.829343	
   22.994305	   26.714166	   42.470278	
   27.272050	   27.011865	   45.687382	
   30.928847	   26.353043	   49.637728	
   53.044033	   31.074639	   23.107986	
    4.051530	   30.976088	   26.888704	
    7.612136	   30.772056	   30.514449	
   11.959191	   30.468911	   34.301829	
   14.998625	   30.509736	   37.841789	
   18.873001	   30.580693	   42.111634	
   22.497208	   31.070922	   45.610982	
   26.697775	   30.993362	   50.000670	
   53.127008	   34.401116	   26.964188	
    3.969740	   34.483982	   30.136879	
    7.977768	   34.831139	   34.954322	
   11.687913	   34.911047	   38.553419	
   15.588007	   34.575580	   41.780542	
   18.954555	   34.693868	   45.392323	
   23.324168	   34.264477	   49.701601	
   53.472937	   38.702254	   30.440686	
    4.175538	   38.614323	   34.475320	
    7.786853	   38.306318	   38.422736	
   11.089229	   38.647726	   42.396554	
   14.843868	   38.628517	   45.373717	
   18.603897	   38.583662	   49.956841	
   53.081251	   41.675456	   34.203556	
    3.780193	   42.113950	   38.776226	
    7.231685	   42.508597	   42.449590	
   10.964121	   42.368006	   45.965346	
   15.575728	   41.989222	   49.830770	
   53.436242	   46.417006	   37.916865	
    4.092156	   45.630368	   41.778839	
    7.598508	   45.719987	   45.525686	
   11.421000	   46.391387	   49.592810	
   53.526277	   50.058991	   41.655185	
    3.796876	   50.158117	   45.912196	
    7.977984	   49.196602	   49.874816	
   15.194401	   53.419920	   53.141282	
   19.562819	   53.263868	    3.656440	
   22.449159	   53.329228	    7.185171	
   27.071297	    0.257481	   11.502870	
   30.194991	    0.242431	   15.462594	
   34.553217	   53.508672	   19.249926	
   37.720276	   53.404244	   23.289567	
   42.116790	    0.091626	   26.488916	
   45.362328	    0.036468	   30.727858	
   50.213135	    0.054721	   34.211685	
   11.913594	    3.949932	   53.105099	
   15.620199	    3.712105	    3.614318	
   19.574274	    4.118965	    7.186262	
   22.566539	    3.555833	   11.971119	
   26.404707	    3.993513	   15.545764	
   30.262057	    4.323091	   18.693831	
   34.557525	    3.287909	   23.259707	
   38.689034	    4.066648	   26.615051	
   42.605069	    3.401982	   31.045121	
   46.128408	    3.872373	   34.420129	
   49.975779	    3.962307	   38.653206	
    8.092803	    7.371901	   53.247649	
   11.367758	    8.097727	    3.681319	
   15.029370	    7.782327	    7.505934	
   18.771693	    7.359728	   11.039149	
   22.538301	    7.942249	   15.117179	
   27.113205	    7.223209	   19.297786	
   30.217874	    7.709747	   22.913804	
   34.170000	    7.211794	   27.185281	
   38.595214	    7.737615	   30.350812	
   41.870079	    7.382756	   34.267933	
   46.421915	    7.811704	   38.055646	
   49.472533	    7.883497	   42.130974	
    3.861409	   11.501166	   53.212693	
    7.449277	   11.645418	    3.471492	
   11.919404	   11.813944	    8.125464	
   15.155631	   11.807689	   11.341548	
   19.053155	   11.604481	   15.394229	
   22.963299	   11.422099	   18.643731	
   27.249820	   11.375414	   22.561454	
   30.092546	   11.880429	   26.338311	
   34.659635	   11.694546	   30.937670	
   38.673033	   11.134140	   33.995655	
   41.563585	   11.546114	   38.267652	
   45.923857	   11.917279	   41.702379	
   49.536743	   11.097091	   45.660708	
    0.388922	   15.673806	    0.413927	
    3.888307	   15.646419	    3.967368	
    7.855802	   15.299287	    8.151624	
   11.423993	   14.799724	   11.582878	
   15.438814	   14.918642	   14.769362	
   18.897911	   15.757242	   19.033734	
   22.419177	   14.806833	   22.433342	
   26.858040	   15.162060	   26.573755	
   30.396007	   15.428786	   30.580121	
   34.443681	   14.972136	   34.506637	
   38.700498	   15.820467	   37.967253	
   41.995455	   14.927809	   42.138059	
   45.626714	   15.342928	   45.786317	
   49.585756	   15.427673	   49.732121	
    0.467219	   18.833965	    3.496075	
    4.297636	   19.088551	    7.278649	
    8.022521	   19.115272	   11.750355	
   11.929610	   19.413711	   15.116053	
   15.005623	   19.270275	   19.281001	
   18.678708	   19.089893	   23.020815	
   22.654984	   19.305611	   27.207242	
   26.574179	   19.074560	   31.011851	
   30.248138	   19.152817	   34.363454	
   34.540862	   19.296551	   37.930561	
   38.156511	   18.780094	   42.218015	
   42.417252	   19.436633	   46.048039	
   45.559351	   19.236287	   49.933171	
    0.218405	   23.469659	    8.090834	
    3.544098	   22.649654	   11.780717	
    7.730296	   22.913505	   15.435549	
   11.311624	   23.378034	   19.234232	
   14.820692	   23.059738	   22.639242	
   18.831611	   23.194459	   26.938758	
   23.127538	   22.856602	   30.940249	
   26.772025	   23.149400	   34.881899	
   30.620573	   23.432575	   38.700763	
   34.073088	   22.625639	   42.141101	
   38.326506	   23.282530	   45.640171	
   42.612424	   23.457981	   49.545190	
    0.342775	   26.249825	   12.013516	
    3.927099	   26.466893	   15.327694	
    8.164960	   26.361050	   19.466771	
   11.909440	   27.064318	   23.054959	
   15.403436	   26.321929	   26.782498	
   18.619144	   27.314220	   30.436139	
   22.510302	   26.655574	   34.465863	
   26.304787	   27.213378	   37.716349	
   30.547781	   26.438080	   42.482526	
   34.290236	   26.711031	   45.966521	
   38.764269	   27.148043	   49.210333	
   53.190800	   30.703070	   15.644225	
    4.336496	   30.559060	   18.730500	
    7.939374	   30.613685	   22.442211	
   11.825784	   30.679935	   26.734252	
   15.443474	   30.535433	   31.098372	
   19.307547	   30.268470	   33.985342	
   22.924990	   30.182360	   37.780033	
   26.248275	   30.222673	   42.486042	
   30.440971	   30.115852	   46.247684	
   34.416423	   30.663480	   50.071166	
    0.248930	   34.801190	   19.090183	
    3.791060	   34.272585	   22.871556	
    7.603918	   33.965540	   26.667968	
   11.082997	   34.344643	   30.688946	
   14.770844	   34.535360	   34.672717	
   19.404424	   34.344296	   38.557568	
   22.755212	   34.761161	   42.242473	
   27.299042	   34.903065	   45.967580	
   30.297329	   34.825197	   49.630220	
   53.375503	   38.470702	   22.755171	
    3.850853	   38.217867	   26.543747	
    7.925760	   38.447656	   30.379489	
   11.435899	   37.723580	   34.622715	
   14.894105	   38.771980	   38.533928	
   18.922150	   37.895229	   42.180612	
   22.954889	   38.689522	   45.600174	
   26.963083	   38.582254	   49.394374	
    0.292268	   42.399713	   27.062439	
    3.425070	   41.825018	   31.117886	
    7.133855	   41.771160	   33.901276	
   11.495645	   41.997971	   37.978340	
   15.635369	   42.452975	   42.391246	
   18.597699	   42.021317	   46.137109	
   23.136591	   42.546069	   49.450182	
    0.202103	   45.740618	   30.659387	
    3.770091	   46.029167	   34.517593	
    8.098749	   46.420055	   38.489510	
   11.631180	   46.055208	   42.035700	
   14.764732	   45.408287	   45.797058	
   19.108154	   45.860573	   49.517291	
    0.388736	   49.546222	   34.141883	
    4.182450	   49.759816	   37.809140	
    7.811366	   49.492123	   42.232827	
   11.662920	   49.316334	   46.083454	
   15.384927	   49.907067	   49.927682	
   22.705626	    0.196208	   53.012467	
   26.840486	    0.397198	    3.758198	
   30.785790	   53.152283	    7.241651	
   34.265348	    0.323069	   11.503788	
   38.634961	    0.353522	   15.819018	
   41.745069	    0.158548	   19.124218	
   46.167570	   53.230763	   22.814387	
   49.497377	   53.291887	   27.114535	
   19.421216	    3.736824	    0.506535	
   22.871821	    3.870221	    3.594694	
   27.107891	    3.800591	    7.977808	
   30.441543	    3.789796	   12.011762	
   34.115252	    4.192665	   14.880043	
   38.539168	    4.225404	   19.158589	
   41.867975	    4.167688	   23.289196	
   46.152342	    4.233733	   26.641166	
   49.989489	    3.901822	   30.541335	
   14.998587	    8.152028	    0.271445	
   18.815706	    7.765267	    3.390462	
   22.624300	    7.762458	    7.499107	
   26.388250	    7.454503	   11.543922	
   30.467019	    7.846040	   15.017183	
   33.912871	    7.165284	   19.492787	
   37.829065	    7.254626	   23.237617	
   42.263856	    7.249969	   27.278658	
   46.224320	    7.817908	   30.624870	
   49.271186	    7.298751	   33.999310	
   11.184736	   11.303141	    0.472364	
   14.983688	   10.982003	    4.186601	
   19.576502	   11.186934	    7.698055	
   23.178616	   11.977232	   11.838836	
   26.833296	   11.484888	   15.712941	
   30.388513	   11.097507	   19.423685	
   34.787270	   11.499892	   23.027088	
   38.180009	   11.954821	   26.899739	
   42.533126	   11.870626	   30.972587	
   46.122922	   11.358229	   34.557223	
   49.701233	   11.241172	   37.932448	
    7.245607	   15.583159	    0.207166	
   11.990019	   15.019237	    3.859635	
   14.931983	   15.034111	    7.393863	
   18.803253	   14.850034	   10.934914	
   22.875547	   15.693958	   15.013842	
   26.671359	   15.243633	   19.312777	
   30.217830	   15.366845	   23.359295	
   34.673094	   15.556091	   27.132778	
   37.913262	   15.620763	   30.176022	
   42.230677	   15.243210	   33.961012	
   46.175127	   14.958266	   38.533010	
   49.412049	   15.655647	   41.842217	
    3.934220	   18.617599	   53.303120	
    7.919309	   19.608303	    3.286227	
   11.624535	   19.208280	    7.215670	
   15.405079	   19.531123	   11.080762	
   18.903738	   19.242454	   14.931471	
   23.200569	   18.856327	   19.065836	
   27.256767	   18.904438	   23.289855	
   30.519467	   19.160618	   27.112867	
   34.730285	   19.624910	   31.043557	
   37.769801	   18.783664	   34.363974	
   42.437721	   19.135709	   38.475798	
   45.567053	   18.955999	   42.062379	
   49.611508	   19.416809	   45.412987	
   53.333713	   23.277663	   53.096080	
    3.370725	   22.868383	    3.550142	
    8.087760	   22.629898	    8.171054	
   11.334523	   22.481646	   11.682630	
   15.333211	   22.623976	   15.049014	
   19.118635	   22.703767	   19.348151	
   22.552045	   23.056877	   23.124556	
   26.457420	   23.353629	   26.280898	
   30.141490	   22.547793	   30.450147	
   34.433570	   23.445702	   34.721139	
   37.992027	   23.148168	   37.794015	
   41.920359	   23.211775	   42.490855	
   45.475976	   23.472416	   46.366145	
   50.036095	   22.859232	   50.106994	
   53.124374	   26.809169	    3.411051	
    4.350475	   26.968886	    7.720509	
    7.300729	   26.788929	   11.699554	
   11.553333	   26.557665	   15.719745	
   14.807580	   26.348076	   18.687681	
   19.435623	   26.542324	   23.291624	
   22.614193	   27.065865	   26.534842	
   26.805189	   26.927309	   30.699843	
   30.859734	   27.101002	   34.662791	
   34.046270	   26.793522	   38.549700	
   38.305270	   26.485166	   41.852853	
   41.768416	   26.913439	   46.016168	
   46.180417	   26.562959	   49.495073	
    0.241166	   30.091010	    8.189116	
    3.475067	   31.036353	   11.815255	
    8.041602	   30.513850	   15.206935	
   10.955457	   30.520083	   19.535184	
   15.689731	   30.861004	   23.201537	
   19.188726	   31.085175	   27.238850	
   22.845297	   30.137516	   30.244724	
   27.054931	   30.245904	   34.203037	
   30.834690	   30.407813	   37.810475	
   34.952225	   30.327827	   41.878079	
   38.009916	   30.595126	   45.771461	
   41.538168	   30.951024	   49.868578	
    0.469428	   34.807953	   11.444188	
    4.212199	   34.528676	   15.535490	
    7.897588	   34.143901	   18.875329	
   11.493055	   34.085825	   22.596289	
   15.523900	   34.688318	   26.644226	
   19.428497	   34.140699	   30.533012	
   22.814632	   34.467724	   34.340751	
   27.067455	   34.694690	   38.697430	
   30.871144	   34.131000	   41.825701	
   34.547480	   34.072852	   45.739930	
   38.143831	   33.927052	   49.416893	
    0.213462	   37.868714	   15.161437	
    3.287431	   38.630212	   19.005837	
    7.947403	   37.822266	   23.031603	
   11.903873	   37.951019	   26.535219	
   15.017973	   37.744502	   30.339801	
   18.714718	   38.440796	   34.661997	
   22.647383	   37.959737	   38.693761	
   26.560894	   38.156517	   41.666157	
   31.014388	   37.859770	   45.556277	
   34.471701	   38.117165	   49.328071	
   53.319249	   41.993251	   19.323640	
    3.433746	   42.045752	   22.640595	
    7.422963	   41.991525	   26.888133	
   11.598194	   41.645233	   30.277254	
   15.109740	   42.369897	   34.768773	
   19.078869	   41.682503	   38.051051	
   22.889542	   41.993094	   42.258504	
   27.130001	   41.828285	   45.519974	
   30.520318	   41.859716	   49.515058	
   53.383066	   46.086537	   22.730641	
    4.014297	   45.919243	   26.921139	
    7.348679	   45.564713	   30.795690	
   11.439564	   45.866607	   34.798515	
   15.099600	   45.726404	   37.907421	
   19.262242	   46.121240	   42.356752	
   23.358256	   45.603670	   46.129292	
   26.718406	   46.273233	   49.787255	
    0.307747	   49.753377	   26.937457	
    3.778442	   49.725670	   30.156427	
    7.819020	   49.458519	   34.042964	
   11.076699	   49.385460	   38.158659	
   15.227494	   49.694512	   42.303676	
   19.567824	   50.246273	   45.540625	
   23.064115	   49.327851	   49.604889	
   30.888616	   53.315734	   53.547778	
   34.430085	    0.325256	    4.295664	
   38.247896	    0.178268	    7.168779	
   42.445974	   53.310645	   11.830944	
   45.432422	   53.349472	   15.823800	
   49.804271	   53.463394	   18.873218	
   27.254013	    3.936202	    0.421993	
   30.619322	    4.062297	    3.598131	
   34.094451	    4.211554	    7.973488	
   38.626426	    4.020940	   11.431571	
   41.806305	    3.540448	   15.405600	
   46.117160	    4.285576	   18.840107	
   49.768557	    4.129218	   23.152976	
   23.435584	    7.441611	   53.169922	
   26.909517	    7.438998	    3.889573	
   30.965649	    8.062376	    7.643865	
   33.892646	    7.245464	   11.839814	
   38.779404	    7.794388	   15.279951	
   41.618141	    7.409513	   19.433043	
   45.707567	    8.003989	   22.842131	
   50.207680	    7.503432	   26.567179	
   18.593734	   11.727473	    0.310743	
   23.299153	   11.142235	    3.736789	
   27.165785	   11.454927	    7.646501	
   30.534905	   11.803451	   11.558653	
   34.160747	   11.363554	   15.645838	
   38.577472	   11.108866	   19.212978	
   42.051049	   11.636180	   22.848459	
   45.504401	   11.749066	   26.407798	
   50.187878	   11.237196	   30.818659	
   15.728389	   15.247380	    0.414609	
   19.115853	   15.733235	    3.401316	
   23.335907	   15.702441	    7.613448	
   26.686912	   15.524151	   11.945112	
   30.798486	   15.398343	   15.368709	
   34.314639	   15.643367	   19.173959	
   38.256212	   15.741020	   22.477736	
   41.739134	   14.761776	   26.813190	
   46.403059	   15.188813	   30.767194	
   49.502367	   15.366438	   34.042657	
   11.045993	   19.378075	    0.493729	
   14.915194	   18.678698	    3.496274	
   18.599309	   19.016548	    7.838166	
   23.183626	   18.886578	   11.230866	
   26.844779	   19.042248	   14.876372	
   30.918696	   19.122813	   18.866325	
   34.432660	   19.298116	   22.770573	
   38.565713	   19.120928	   26.736844	
   42.286792	   19.255331	   30.312607	
   46.200597	   19.214189	   34.671130	
   49.623826	   19.047465	   38.582342	
    7.809869	   22.414447	    0.314799	
   11.128578	   22.619505	    4.058413	
   15.107232	   22.755486	    7.400783	
   18.770800	   22.568075	   11.161752	
   22.851157	   23.056742	   14.877126	
   26.495248	   23.070628	   19.013222	
   30.499301	   22.950101	   22.503475	
   34.939130	   22.756181	   26.943112	
   38.055608	   23.115806	   31.086658	
   42.596994	   22.614926	   34.701563	
   46.047466	   22.415426	   37.835525	
   49.589864	   23.204178	   41.556221	
    4.211753	   26.713878	   53.371371	
    7.779378	   26.989040	    4.358230	
   11.206731	   26.434257	    7.447508	
   15.616833	   26.301810	   11.731953	
   19.052448	   26.643129	   15.534257	
   22.795845	   26.987043	   19.203498	
   26.591381	   26.345300	   22.806810	
   30.813528	   26.445931	   26.459380	
   34.174709	   26.725183	   31.119298	
   38.583518	   26.906068	   33.955352	
   41.853528	   27.045603	   37.964632	
   45.947734	   26.352783	   41.868253	
   49.711933	   26.909827	   46.343031	
    0.384451	   30.478138	    0.230839	
    4.245185	   30.784016	    3.571162	
    7.308544	   30.279290	    7.287033	
   11.567336	   30.630205	   11.886650	
   15.730807	   30.245321	   15.617836	
   19.066706	   30.079274	   18.625594	
   23.406408	   30.585882	   23.360355	
   26.535896	   30.258320	   26.870140	
   30.717742	   30.749670	   30.554061	
   34.622392	   30.639569	   34.613086	
   37.955953	   30.897456	   37.751735	
   41.548958	   30.484196	   41.891429	
   45.809906	   31.129525	   45.454321	
   50.199382	   30.616460	   49.923672	
   53.380176	   34.402090	    3.714662	
    4.127648	   34.694865	    7.627231	
    7.298106	   34.503640	   11.247594	
   11.304013	   34.276205	   15.611898	
   14.915500	   34.413364	   18.634384	
   19.359519	   34.088687	   22.713206	
   23.165626	   34.309871	   26.873013	
   26.978930	   33.916478	   30.913888	
   30.333206	   34.384461	   34.534918	
   34.633109	   34.181010	   38.499360	
   37.954970	   34.453903	   41.559518	
   41.993480	   33.915732	   45.634858	
   45.761436	   34.484597	   49.229601	
   53.393461	   38.026050	    7.650013	
    3.346439	   38.333835	   12.004188	
    7.792425	   38.501828	   14.773702	
   11.699290	   38.185453	   19.061039	
   15.422889	   38.426515	   22.414242	
   19.285456	   37.967534	   26.897131	
   22.592918	   38.789421	   30.257434	
   26.395746	   37.971827	   34.655160	
   30.615336	   38.726921	   37.881783	
   34.831062	   37.944068	   42.430477	
   37.908078	   38.247365	   45.582122	
   42.034797	   38.597473	   49.565117	
   53.473114	   42.309321	   11.183520	
    3.822067	   42.297412	   15.632876	
    7.283798	   42.010564	   19.114473	
   11.304541	   42.349985	   23.354441	
   15.042385	   42.529337	   26.374800	
   19.497735	   42.011550	   30.598873	
   23.274921	   42.105255	   34.724261	
   26.695633	   41.605505	   38.770608	
   30.715777	   41.956830	   42.262573	
   34.041439	   42.039556	   45.557047	
   38.260400	   42.502489	   50.006041	
   53.330322	   45.478672	   14.839809	
    4.214097	   46.150062	   19.409287	
    7.835648	   45.949194	   23.304655	
   11.619402	   46.015258	   26.839057	
   14.894028	   45.391285	   30.592125	
   19.093180	   45.517825	   34.897267	
   23.476410	   45.666297	   37.709168	
   27.260003	   45.364334	   41.544413	
   30.756964	   46.083007	   45.631643	
   34.048210	   46.300572	   49.731141	
    0.150518	   49.775814	   19.168726	
    3.896038	   49.771698	   22.810755	
    7.616100	   49.850201	   26.550740	
   11.397146	   49.510985	   30.277999	
   15.407397	   49.580821	   34.749867	
   19.503623	   49.806075	   38.050852	
   23.221681	   50.059533	   42.066851	
   26.860858	   49.402165	   46.236777	
   31.059476	   49.538403	   49.846558	
   37.779104	    0.262810	   53.451126	
   42.606575	   53.377896	    3.475451	
   45.416397	   53.060572	    7.539273	
   49.399892	   53.178222	   11.459002	
   34.341428	    3.493801	    0.530750	
   37.825374	    3.819712	    3.591526	
   42.208796	    3.971188	    7.288264	
   45.410985	    4.236350	   11.172698	
   49.491990	    4.260494	   14.987844	
   30.125097	    7.441372	   53.091337	
   34.645182	    7.924125	    3.678847	
   38.432248	    7.414615	    7.417109	
   41.943640	    7.507817	   11.894322	
   45.562666	    7.425756	   15.603205	
   49.992228	    7.556624	   18.702058	
   26.602311	   11.166359	    0.379200	
   30.919478	   11.279166	    3.402635	
   34.411910	   11.065965	    7.888237	
   38.277771	   11.975927	   11.553787	
   41.564887	   11.479309	   14.852979	
   46.056041	   11.932741	   19.563514	
   49.563429	   11.741314	   23.355234	
   22.657034	   15.254242	    0.372004	
   26.703470	   15.575469	    3.683888	
   30.472845	   15.438505	    7.350269	
   34.392316	   15.087691	   12.012812	
   38.768740	   15.323433	   15.643320	
   41.928274	   15.529695	   18.629641	
   46.196877	   15.089374	   22.812903	
   49.782088	   14.772611	   27.112747	
   19.545991	   18.874290	    0.030709	
   22.793077	   19.446041	    3.551428	
   26.499683	   19.590198	    7.966868	
   31.044671	   19.260592	   11.217245	
   33.931162	   18.727744	   14.759494	
   38.737658	   19.403659	   18.834321	
   42.136025	   19.154108	   23.483764	
   45.766241	   19.399654	   26.943990	
   50.260584	   19.512972	   30.297798	
   14.822204	   23.434183	    0.201380	
   19.143074	   23.117190	    4.027242	
   22.442706	   23.333263	    7.802266	
   26.852003	   23.212450	   11.010388	
   30.254307	   23.195695	   15.021920	
   34.566681	   23.338166	   19.526199	
   38.770299	   23.407636	   23.203960	
   42.480597	   23.384995	   26.415619	
   45.847893	   22.837215	   30.382099	
   49.950528	   22.499964	   34.492857	
   11.775186	   27.131557	    0.353173	
   15.294421	   26.817119	    3.500997	
   19.155870	   26.820521	    7.219052	
   22.572193	   27.126799	   11.347197	
   26.633707	   26.268666	   15.746114	
   30.212929	   27.183905	   18.865906	
   34.670470	   26.271533	   22.526235	
   38.225131	   26.984012	   26.294587	
   42.019693	   26.869647	   30.439526	
   46.317601	   26.928355	   33.924771	
   49.754880	   26.638771	   38.339832	
    7.551648	   30.357078	    0.186685	
   11.224970	   30.610179	    3.782248	
   14.836971	   31.017412	    7.910858	
   19.036434	   30.670635	   11.476109	
   22.436925	   30.776506	   15.518920	
   26.549055	   30.536580	   18.833588	
   30.603797	   31.110795	   23.214640	
   34.929081	   30.862379	   26.776771	
   37.827402	   30.443023	   30.822183	
   42.262209	   30.766101	   34.367334	
   45.899927	   30.646106	   38.256427	
   50.024785	   31.015500	   41.578999	
    3.439428	   34.181637	   53.538434	
    7.199078	   34.000979	    3.438000	
   11.365967	   34.090995	    7.263226	
   15.621276	   34.302798	   11.402894	
   18.791432	   34.808048	   15.382455	
   23.239701	   34.177083	   18.955199	
   26.548129	   34.561704	   22.582695	
   30.293712	   34.558667	   27.036176	
   33.902147	   34.325519	   31.101006	
   38.140362	   33.938520	   34.677771	
   41.946345	   34.689879	   37.792437	
   46.072391	   34.204001	   42.443819	
   49.260788	   34.315145	   45.432105	
   53.174162	   38.117189	   53.481098	
    3.301996	   38.426997	    4.288975	
    7.232177	   37.802465	    7.393791	
   11.639217	   38.303975	   11.072492	
   15.194687	   37.725748	   15.583709	
   18.931373	   38.772587	   19.588700	
   23.012653	   38.356486	   22.761503	
   27.308862	   38.124626	   26.485554	
   30.961872	   37.867826	   30.256489	
   34.640967	   38.462997	   34.926162	
   38.702503	   38.689033	   38.332909	
   41.577045	   38.053217	   42.464569	
   45.435155	   38.538311	   45.692654	
   49.696878	   38.020100	   49.245120	
   53.386818	   42.569660	    3.775022	
    4.298051	   42.293880	    7.333130	
    7.638711	   42.210251	   11.495538	
   11.517895	   42.541000	   15.341098	
   15.727622	   41.825133	   18.902446	
   19.067266	   42.533299	   22.741689	
   23.357903	   42.267663	   26.260216	
   26.508407	   42.368580	   30.513885	
   30.355291	   42.152500	   34.234254	
   34.239309	   42.436243	   38.379273	
   38.301459	   42.289516	   42.464218	
   41.772215	   41.692675	   45.892038	
   46.085465	   42.196669	   49.273543	
   53.163548	   45.661253	    8.118971	
    3.385868	   46.349928	   11.808571	
    8.050501	   45.573526	   15.154508	
   11.190325	   45.668172	   18.941870	
   15.176671	   45.410620	   23.423789	
   19.202399	   45.843287	   26.639652	
   22.977914	   45.962303	   30.746921	
   26.316312	   45.979584	   34.950081	
   31.004757	   46.338567	   37.748811	
   34.913072	   45.734921	   41.874454	
   38.588093	   45.843232	   45.609231	
   41.841101	   46.279995	   50.181946	
    0.030127	   49.808120	   11.530323	
    3.651269	   49.891601	   14.817175	
    7.709143	   49.485213	   19.401146	
   11.988244	   49.711446	   23.149155	
   15.096286	   49.855855	   26.950452	
   19.307617	   49.328379	   31.093041	
   22.761719	   49.219666	   34.830271	
   27.071950	   49.306760	   38.523986	
   30.411548	   49.700616	   41.774960	
   34.846744	   49.210057	   45.508378	
   38.522316	   49.861542	   49.423037	
   46.184135	   53.114635	   53.231399	
   49.691980	   53.280572	    3.898529	
   41.762084	    3.745475	    0.176393	
   45.403934	    3.409373	    3.854662	
   49.532241	    3.576766	    7.170026	
   37.749215	    7.131869	   53.401959	
   42.284727	    8.174758	    4.331022	
   46.084297	    7.770709	    7.861519	
   49.649779	    7.518394	   11.334075	
   34.714714	   10.962764	    0.185678	
   38.288957	   11.355819	    3.570878	
   41.577187	   11.423674	    7.192884	
   45.504892	   11.941291	   11.505365	
   49.393315	   11.235370	   15.072557	
   30.422209	   15.424179	   53.530150	
   33.940659	   15.478691	    4.259907	
   38.363723	   14.960250	    7.814164	
   42.088049	   15.306235	   11.716603	
   46.027078	   15.609958	   14.870049	
   49.651817	   14.863550	   19.102993	
   27.151168	   19.239717	   53.446510	
   30.550298	   18.612257	    3.983881	
   33.900728	   18.591687	    7.420356	
   38.653612	   18.648466	   11.348491	
   42.243990	   19.104878	   15.820399	
   46.249448	   19.585558	   18.708274	
   50.213764	   19.022825	   22.625338	
   22.464144	   22.490239	   53.267681	
   26.488381	   23.340938	    4.037755	
   30.127593	   22.970878	    7.881183	
   34.340244	   22.754112	   11.783069	
   38.643617	   23.450942	   15.171305	
   41.622370	   23.424144	   19.506256	
   45.870911	   22.690371	   23.163504	
   49.319885	   22.626944	   27.005720	
   19.420228	   26.871188	    0.348351	
   23.319376	   27.145561	    3.964480	
   26.280899	   26.598353	    7.565860	
   30.585331	   26.868506	   10.967384	
   34.143076	   26.409592	   15.403271	
   38.739519	   26.444589	   19.193984	
   42.555236	   27.057732	   23.059062	
   46.023262	   26.396451	   26.583350	
   50.237253	   26.521741	   30.659375	
   15.132160	   30.805009	   53.194774	
   19.555424	   30.075388	    3.987129	
   22.879240	   30.093894	    7.186605	
   26.489185	   30.370130	   11.880786	
   31.076920	   30.423247	   14.992897	
   34.624301	   30.450935	   18.901966	
   37.779289	   30.932341	   23.366237	
   42.475753	   30.097990	   27.189998	
   46.117868	   30.446802	   30.963799	
   49.838518	   30.749599	   34.237766	
   11.726400	   34.038776	    0.435286	
   15.033252	   34.812028	    4.119056	
   19.233716	   34.582482	    7.821026	
   23.290378	   34.008796	   11.907536	
   26.292607	   34.109198	   15.606312	
   30.200259	   34.690598	   19.043588	
   34.795483	   34.320498	   22.759866	
   38.378035	   34.408199	   26.660190	
   42.108849	   34.844177	   30.125503	
   45.627682	   34.032760	   34.277250	
   49.503301	   34.927393	   38.091012	
    8.053199	   37.755183	    0.395559	
   11.390252	   37.816645	    4.245524	
   14.828769	   37.950579	    8.150964	
   19.554488	   38.581686	   11.289133	
   22.629096	   38.202260	   15.509148	
   27.127937	   38.415798	   19.268961	
   31.013027	   37.897657	   22.671357	
   34.410666	   37.889435	   27.175280	
   38.356526	   38.272555	   30.290694	
   42.104500	   38.509967	   34.692995	
   46.035041	   38.209402	   37.865571	
   50.109110	   38.649876	   41.649629	
    3.589302	   42.248545	    0.238361	
    8.065175	   41.803547	    3.853473	
   11.548232	   41.788198	    7.588242	
   14.883590	   41.938734	   11.775956	
   18.829650	   42.352626	   15.147178	
   23.053841	   42.548793	   19.507280	
   26.493114	   42.466536	   23.450012	
   30.201238	   41.817093	   27.293353	
   34.059162	   41.980097	   30.359422	
   38.623108	   42.195677	   34.333048	
   42.185550	   42.125669	   38.493432	
   46.401521	   41.955210	   42.502195	
   49.558044	   41.643788	   46.128612	
    0.103454	   46.129622	    0.279266	
    3.932090	   45.454414	    4.239794	
    7.775177	   46.296049	    7.506055	
   10.998086	   46.293205	   11.521028	
   15.570811	   46.125517	   15.337617	
   19.609906	   45.885313	   19.284666	
   22.987518	   46.115451	   23.377539	
   26.442385	   45.786389	   26.884083	
   30.873634	   46.221853	   31.108414	
   33.891982	   46.209867	   34.676141	
   38.064195	   45.527326	   38.158356	
   42.526797	   45.702902	   42.162782	
   45.995602	   45.731210	   46.356898	
   50.109271	   45.753049	   49.853202	
    0.113242	   49.797102	    4.052116	
    4.173989	   49.229164	    7.824498	
    8.060553	   49.898067	   11.297731	
   11.281330	   49.402203	   14.979046	
   14.892085	   49.634623	   19.025265	
   19.364422	   49.671872	   22.572177	
   22.885463	   49.561342	   27.128052	
   26.371175	   49.598724	   30.827692	
   30.697178	   49.379132	   34.317955	
   33.923085	   49.257771	   37.894478	
   37.925635	   49.780453	   42.481567	
   42.386905	   49.828716	   46.050450	
   45.372150	   49.341476	   50.262261	
   49.512245	    3.533913	   53.118438	
   45.382189	    7.418887	   53.273958	
   50.263216	    8.007831	    3.374567	
   42.163746	   11.100045	    0.264780	
   45.676459	   11.531408	    3.456704	
   50.189069	   11.548719	    8.062907	
   38.257702	   15.130600	   53.540782	
   42.025983	   15.138387	    3.853312	
   45.995066	   15.796701	    7.155065	
   49.469827	   15.357711	   11.598392	
   34.214347	   19.290236	   53.255314	
   38.111147	   19.114982	    3.515048	
   41.798525	   19.283657	    8.077685	
   45.991469	   19.238868	   11.894781	
   49.936881	   18.741122	   14.764760	
   30.136901	   22.771145	    0.359511	
   34.934653	   22.907195	    4.260236	
   38.523790	   22.547350	    7.662926	
   42.406230	   22.801863	   11.643960	
   46.172243	   22.655884	   15.589710	
   49.270679	   23.325954	   19.325623	
   26.755198	   26.603495	   53.505769	
   30.541225	   26.479421	    3.904466	
   34.611594	   26.675664	    7.730123	
   38.194540	   26.973052	   11.845142	
   42.296041	   26.305058	   15.019191	
   46.096517	   26.429589	   19.403286	
   49.938290	   26.985216	   23.287909	
   23.078311	   30.872910	    0.321351	
   26.397405	   30.727395	    4.157901	
   30.882155	   31.010245	    8.006239	
   34.729056	   30.241684	   11.385762	
   38.687188	   30.820213	   15.427539	
   41.786971	   31.051423	   19.401143	
   45.550208	   30.222145	   23.241852	
   49.607183	   30.322785	   27.271152	
   18.930874	   34.475507	    0.513971	
   23.291306	   34.256357	    3.895035	
   26.897821	   34.631247	    7.612934	
   30.881289	   33.946344	   11.837996	
   34.346743	   34.057990	   14.997033	
   37.816645	   34.658942	   19.413209	
   41.658517	   34.934150	   22.616796	
   45.763043	   34.889719	   26.874129	
   49.393782	   34.858904	   30.715578	
   15.647007	   37.847265	   53.487082	
   19.232794	   37.866940	    4.219398	
   23.154307	   37.787245	    7.697042	
   26.765382	   38.296023	   11.467134	
   30.154456	   38.663802	   15.211422	
   34.138388	   38.284395	   18.651383	
   38.208458	   38.554780	   22.800863	
   41.748914	   37.912946	   26.334478	
   45.386625	   38.642840	   30.671013	
   49.973179	   37.911833	   34.577005	
   11.718331	   41.593311	    0.289707	
   15.116505	   41.990063	    3.968386	
   19.496617	   42.134616	    7.311439	
   22.872584	   42.584283	   11.745732	
   27.169544	   41.633329	   15.352860	
   30.769925	   41.830408	   18.694599	
   34.512670	   41.647776	   22.435923	
   37.926225	   41.956470	   26.557269	
   42.106966	   41.846737	   30.805572	
   46.326726	   42.089389	   34.893222	
   49.514028	   41.910833	   38.754691	
    8.051316	   46.363288	    0.286208	
   11.917211	   46.213687	    3.601322	
   15.115913	   46.290569	    7.782063	
   19.323063	   45.499167	   11.184080	
   23.381907	   45.981216	   15.571215	
   26.315958	   45.591431	   18.763510	
   31.009584	   46.298388	   23.227468	
   34.090527	   45.375312	   27.173767	
   38.628406	   45.473465	   30.621103	
   42.255801	   45.765909	   33.955072	
   45.731595	   45.794078	   38.194708	
   49.347833	   45.658980	   42.440488	
    3.971454	   49.287991	   53.203533	
    8.026263	   49.312515	    3.325779	
   11.823200	   49.528039	    7.901745	
   15.438739	   50.212701	   11.543202	
   19.618660	   49.408451	   14.804568	
   23.047285	   49.992526	   19.649584	
   26.448093	   49.463391	   23.025009	
   30.523545	   49.224353	   26.867129	
   34.248380	   49.201430	   30.913642	
   38.782222	   49.349272	   34.860600	
   41.945431	   49.683980	   37.774788	
   46.433040	   50.001853	   41.911110	
   49.745344	   49.972549	   45.575537	
   49.370448	   11.315304	   53.512298	
   45.439743	   15.277431	   53.108020	
   49.584687	   15.639788	    3.357723	
   41.667587	   19.491109	   53.334588	
   46.045532	   18.930173	    4.262450	
   49.631872	   18.588678	    8.164476	
   38.781109	   22.459837	    0.285312	
   42.540158	   23.207277	    3.284865	
   45.520518	   22.704017	    7.904473	
   49.611276	   22.929970	   10.957856	
   34.383434	   26.441817	   53.191430	
   38.315939	   27.150532	    3.295438	
   42.378318	   26.778654	    7.270400	
   45.886145	   26.804384	   11.677857	
   49.638443	   26.545729	   15.518557	
   30.342514	   30.612982	   53.410522	
   34.869440	   30.061188	    4.075119	
   37.733158	   30.359061	    8.025739	
   42.422413	   30.436381	   11.075094	
   45.562962	   30.366262	   14.853627	
   49.925965	   30.152053	   18.986435	
   26.618355	   34.448565	   53.446014	
   31.113038	   34.737098	    3.583098	
   34.016887	   34.903835	    7.924978	
   37.911990	   34.422068	   11.282195	
   42.496327	   34.526430	   15.624718	
   45.990235	   34.198737	   19.569984	
   49.518629	   34.045435	   22.964226	
   22.409890	   37.851732	   53.473644	
   26.480295	   38.501385	    3.383157	
   30.216372	   38.503666	    7.405148	
   34.104153	   37.903097	   11.893304	
   38.678771	   38.156483	   15.025144	
   42.478641	   38.351852	   19.256112	
   46.116688	   37.844603	   22.944599	
   49.693082	   38.558733	   26.336162	
   19.478920	   42.204816	    0.432066	
   22.945485	   42.199655	    3.357383	
   26.627312	   42.292682	    7.845497	
   30.357231	   42.602070	   11.985642	
   34.884516	   42.142503	   15.526516	
   38.127737	   42.469252	   18.936655	
   42.067298	   41.987053	   22.488516	
   45.634333	   42.242116	   26.861265	
   50.141485	   42.535079	   30.852636	
   15.173706	   46.077590	   53.397289	
   18.906001	   45.686958	    3.991340	
   23.185410	   46.029766	    7.722043	
   26.440560	   45.739145	   10.970962	
   30.186933	   45.707823	   15.755138	
   34.789589	   46.019228	   18.995181	
   38.514124	   45.532513	   22.819528	
   42.172932	   45.885653	   27.149713	
   45.621841	   46.382120	   30.582991	
   49.858338	   45.774410	   34.372063	
   11.624683	   49.388497	    0.151307	
   15.113452	   49.691288	    3.513173	
   18.657078	   50.093819	    7.680618	
   23.361695	   50.095723	   11.657370	
   26.731678	   50.079642	   15.341951	
   30.885477	   49.196478	   19.350853	
   34.158739	   49.472967	   23.056604	
   38.348869	   50.265802	   27.144358	
   41.997965	   49.313545	   31.010215	
   45.772448	   49.714278	   33.989913	
   49.321151	   50.038772	   37.988829	
   49.448329	   18.716283	   53.068194	
   45.444901	   23.125706	   53.256695	
   49.511718	   22.937105	    4.064004	
   42.336494	   26.444260	   53.094039	
   46.024432	   27.184630	    3.451883	
   49.911527	   26.430410	    7.942937	
   37.718133	   30.750438	   53.489767	
   42.267981	   30.860544	    3.597937	
   45.903441	   30.667804	    7.805773	
   49.433877	   30.739390	   11.893618	
   34.073279	   34.012769	   53.049748	
   37.909191	   34.217320	    4.033904	
   42.447446	   34.519082	    7.832351	
   46.422101	   34.311905	   11.873142	
   50.172614	   34.602369	   14.971513	
   30.434873	   38.630770	    0.230215	
   34.728168	   37.914860	    3.396471	
   38.300258	   38.686290	    7.170326	
   42.417351	   38.123611	   11.670598	
   45.882395	   38.729404	   14.783551	
   49.822316	   38.376993	   18.631989	
   27.085783	   42.388847	   53.049042	
   30.167505	   42.090985	    3.787579	
   34.465037	   42.108695	    7.928982	
   38.105011	   41.888478	   12.007497	
   42.187847	   41.674020	   15.004224	
   46.396366	   41.949310	   19.441318	
   49.609048	   41.766641	   23.269419	
   22.834210	   45.394619	    0.402719	
   27.089432	   45.656456	    3.624049	
   30.756956	   45.554424	    7.252871	
   34.310196	   46.306276	   11.795994	
   38.454425	   45.446951	   15.372987	
   41.971142	   45.558015	   19.032666	
   45.506321	   46.120735	   22.472506	
   49.671602	   46.353549	   26.241157	
   18.945863	   49.456110	   53.350961	
   22.644878	   49.207108	    3.577747	
   27.235634	   50.223208	    7.623736	
   30.805166	   49.922140	   11.933294	
   34.531912	   49.520161	   15.209863	
   38.516852	   49.695112	   18.895517	
   42.120407	   49.832382	   23.323513	
   46.116951	   49.588542	   26.566144	
   50.190811	   50.130148	   31.049609	
   50.117305	   27.019690	    0.393166	
   45.540214	   31.091539	    0.150185	
   49.468746	   30.438872	    4.092953	
   41.611537	   34.897967	   53.179267	
   46.417863	   34.402389	    3.936297	
   49.439801	   34.578975	    7.462876	
   38.423747	   38.506022	   53.537751	
   41.631032	   38.584665	    3.527902	
   45.587091	   38.137766	    8.084867	
   49.728056	   38.193684	   11.379291	
   33.997610	   42.418254	   53.524829	
   38.129775	   42.310369	    4.064530	
   42.116098	   42.551943	    7.241265	
   45.726039	   42.593864	   11.478316	
   49.785477	   41.727625	   15.638786	
   30.639779	   45.605643	    0.191861	
   34.306654	   46.133670	    3.632049	
   38.462339	   46.167637	    7.877913	
   42.268095	   46.011627	   11.945009	
   46.102638	   46.308191	   15.727098	
   49.791526	   45.631685	   19.387067	
   26.621460	   49.551346	   53.296951	
   30.722373	   49.719209	    3.687048	
   34.896411	   49.524883	    7.713201	
   38.354821	   49.774159	   11.346310	
   42.593856	   49.922418	   15.252124	
   45.836177	   49.422472	   19.442558	
   49.984230	   49.709137	   22.521513	
   49.224746	   34.958343	    0.511722	
   46.186401	   38.059765	    0.221372	
   49.744778	   37.747320	    4.219589	
   41.539815	   42.418334	    0.304742	
   45.658959	   42.078578	    3.751631	
   49.762684	   41.591169	    8.128741	
   38.539902	   46.322261	   53.282871	
   41.591503	   45.796697	    3.334098	
   45.953070	   46.364419	    7.213873	
   50.050638	   45.794061	   11.151235	
   34.586830	   49.267186	    0.042280	
   38.716771	   49.449448	    3.525973	
   41.614913	   49.563001	    8.012775	
   45.658533	   49.996256	   10.944167	
   50.178562	   49.383937	   15.566034	
   50.011702	   42.000322	    0.507407	
   46.007906	   46.303804	   53.298122	
   50.085229	   45.936525	    3.958953	
   42.503469	   49.295664	    0.232364	
   46.411424	   49.210594	    3.637790	
   50.264336	   49.947660	    7.577651	
   49.335146	   50.243355	    0.253601	

Max eigenvalue of -0.5*Lap is 328.5524757482743, time taken: 0.005 ms
h_eff = 0.18, npl = 38
[34m[k1_red,k2_red,k3_red] =   0.0000   0.0000   0.0000
[0mAfter symmetry reduction, Nkpts_sym = 1
k1[ 0]:   0.0000, k2[ 0]:   0.0000, k3[ 0]:   0.0000, kptwt[ 0]: 1.000 
----------------------
Estimated memory usage
Total: 2.89 TB
orbitals             : 2.88 TB
global sized vectors : 5.52 GB
----------------------------------------------
Estimated memory usage per processor: 7.70 GB

rank = 0, Copying data from SPARC_Input into SPARC & set up subcomm took 5.042 ms
Set up communicators.

--set up spincomm took 0.115 ms

--set up kptcomm took 1.189 ms

 kpt_topo #0, kptcomm topology dims = {6, 8, 8}, nodes/proc = {49.67,37.25,37.25}

--set up bandcomm took 0.049 ms
rank = 0, dmcomm dims = {1, 1, 1}
gridsizes = [298, 298, 298], Nstates = 2496, dmcomm dims = [1, 1, 1]

--set up dmcomm took 0.006 ms

--set up blacscomm took 0.113 ms
rank = 0, size_blacscomm = 384, ScaLAPACK topology Dims = (384, 1)
nproc = 384, size_blacscomm = 384 = dims[0] * dims[1] = (384, 1)
rank =  0, my blacs rank = 0, BLCYC size (26463592, 7), actual size (26463592, 7)
rank = 0, mb = nb = 128, mbQ = nbQ = 128
rank = 0, nr_Hp = 128, nc_Hp = 2496
========================================================================
Poisson domain decomposition:np total = 384, {Nx, Ny, Nz} = {298, 298, 298}
nproc used = 384 = {6, 8, 8}, nodes/proc = {49.67, 37.25, 37.25}


--set up dmcomm_phi took 1.496 ms
======Set_D2D_Target: find receivers in each process (c_ndgrid) in send_comm took 0.003 ms
======Set_D2D_Target: Gather and Scatter receivers in send_comm took 182.413 ms

-----------------------------------------------
Parallelization summary
Total number of processors: 384
-----------------------------------------------
== Psi domain ==
Total number of processors used for Psi domain: 384
npspin  : 1
# of spin per spincomm           : 1
npkpt   : 1
# of k-points per kptcomm        : 1
npband  : 384
# of bands per bandcomm          : 7
npdomain: 1
Embeded Cartesian topology dims: (1,1,1)
# of FD-grid points per processor: 26463592 = (298,298,298)
-----------------------------------------------
== Phi domain ==
Total number of processors used for Phi domain: 384
Embeded Cartesian topology dims: (6,8,8)
# of FD-grid points per processor: 72200 = (50,38,38)
-----------------------------------------------

Calculate_SplineDerivRadFun took 0.111 ms
Rbmax_x = 7.296980, Rbmax_y = 7.296980, Rbmax_z = 7.296980
rlen_ex = 148877, nxp = 53, nyp = 53, nzp = 53
time spent on qsort: 0.720 ms.
time spent on vectorized spline interp: 1.801 ms.
Z = 3,rb_x = 4.623345,rb_y = 4.623345,rb_z = 4.623345,error = 3.594E-05,Bint = -2.9999640634930
Z = 3,rb_x = 5.960162,rb_y = 5.960162,rb_z = 5.960162,error = 2.293E-06,Bint = -3.0000022929833
Z = 3,rb_x = 6.628571,rb_y = 6.628571,rb_z = 6.628571,error = 9.620E-09,Bint = -3.0000000096198
Z = 3,rb_x = 6.294367,rb_y = 6.294367,rb_z = 6.294367,error = 5.416E-08,Bint = -2.9999999458399
Z = 3,rb_x = 6.127265,rb_y = 6.127265,rb_z = 6.127265,error = 5.383E-07,Bint = -3.0000005382827
dx = 0.179698, dy = 0.179698, dz = 0.179698, Ncube_x = 35, Ncube_y = 35, Ncube_z = 35
ityp = 0, converged in 5 iters, err_cur = 5.38E-07, TOL = 1.00E-06, rb = {6.127265, 6.127265, 6.127265}, after proj to grid rb = {6.289430, 6.289430, 6.289430}
time for finding rb using bisection: 1.390 ms.

Calculating rb for all atom types took 3.916 ms
Start ground-state calculation.
Calculating electron density ... 
Finding atoms that influence the local process domain ... 

Finding influencing atoms took 0.105 ms
Calculating pseudocharge density ... 
the global sum of int_b = -4116.0000623822780, sum_int_rho = 4003.1673084213553
PosCharge = 4116.000062382278, NegCharge = -4003.167308421355, scal_fac = 1.028185870154
After scaling, int_rho = 4116.0000623822780, PosCharge + NegCharge - NetCharge = 0.000e+00
--Calculate Vref took 3.658 ms
--Calculate rho_guess took 49.694 ms

 integral of b = -4116.0000623822780,
 int{b} + Nelectron + NetCharge = -6.238e-05,
 Esc = -4287.1275834985554,
 MPI_Reduce took 3.461 ms

Calculating b & b_ref took 133.455 ms
Finding atoms that has nonlocal influence on the local process domain ... 
[32mrank = 0, time for nonlocal influencing atoms: 63.519 ms
[0m
Finding nonlocal influencing atoms in psi-domain took 63.539 ms
Calculate nonlocal projectors ... 
[34mrank = 0, Time for spherical harmonics: 203.055 ms
[0m
Calculating nonlocal projectors in psi-domain took 1265.871 ms
Finding atoms that has nonlocal influence on the local process domain ... 
[32mrank = 0, time for nonlocal influencing atoms: 0.247 ms
[0m
Finding nonlocal influencing atoms in kptcomm_topo took 0.249 ms
Calculate nonlocal projectors ... 
[34mrank = 0, Time for spherical harmonics: 0.556 ms
[0m
Calculating nonlocal projectors in kptcomm_topo took 3.421 ms
Initializing electron density ... 
Initializing Kohn-Sham orbitals ... 
Finished setting random orbitals. Time taken: 4335.157 ms
Start SCF calculation ... 
Start calculating electrostatic potential ... 
Start calculating rhs of the poisson problem
rank = 0, int_b = -4116.00006238227706, int_rho = 4116.00006238227888, int_b + int_rho = 2.027e-12, checking this took 31.131 ms
2-norm of RHS = 3160.5715532977729, which took 2.084 ms

iter_count = 852, r_2norm = 3.044e-03, tol*||rhs|| = 3.161e-03

