---------------------------------------
Begin Slurm Prolog: Jan-22-2023 18:47:32
Job ID:    563501
User ID:   bzhang376
Account:   gts-phanish6-coda20
Job name:  Al1372_mesh
Partition: cpu-medium
QOS:       inferno
---------------------------------------

Lmod is automatically replacing "gcc/10.3.0-o57x6h" with "intel/20.0.4".


The following have been reloaded with a version change:
  1) mvapich2/2.3.6-ouywal => mvapich2/2.3.6-z2duuy

---------------------------------------
Begin Slurm Epilog: Jan-22-2023 20:13:58
Job ID:        563501
Array Job ID:  _4294967294
User ID:       bzhang376
Account:       gts-phanish6-coda20
Job name:      Al1372_mesh
Resources:     cpu=384,mem=4.50T,node=32
Rsrc Used:     cput=23-01:10:24,vmem=12424K,walltime=01:26:26,mem=11388K,energy_used=0
Partition:     cpu-medium
QOS:           inferno
Nodes:         atl1-1-01-003-1-[1-2],atl1-1-01-003-2-[1-2],atl1-1-01-003-3-[1-2],atl1-1-01-003-4-[1-2],atl1-1-01-003-6-[1-2],atl1-1-01-003-7-2,atl1-1-01-003-8-1,atl1-1-01-003-10-2,atl1-1-01-003-12-2,atl1-1-01-003-13-[1-2],atl1-1-01-003-14-1,atl1-1-01-003-15-[1-2],atl1-1-01-003-16-[1-2],atl1-1-01-003-17-2,atl1-1-01-003-18-[1-2],atl1-1-01-003-21-[1-2],atl1-1-01-003-22-[1-2],atl1-1-01-003-23-[1-2],atl1-1-01-003-25-[1-2]
---------------------------------------
