---------------------------------------
Begin Slurm Prolog: Jan-22-2023 17:14:55
Job ID:    563259
User ID:   bzhang376
Account:   gts-phanish6-coda20
Job name:  Al1372_mesh
Partition: cpu-medium
QOS:       inferno
---------------------------------------

Lmod is automatically replacing "gcc/10.3.0-o57x6h" with "intel/20.0.4".


The following have been reloaded with a version change:
  1) mvapich2/2.3.6-ouywal => mvapich2/2.3.6-z2duuy

srun: Job step aborted: Waiting up to 32 seconds for job step to finish.
slurmstepd: error: *** JOB 563259 ON atl1-1-01-003-3-1 CANCELLED AT 2023-01-22T18:42:42 ***
slurmstepd: error: *** STEP 563259.0 ON atl1-1-01-003-3-1 CANCELLED AT 2023-01-22T18:42:42 ***
---------------------------------------
Begin Slurm Epilog: Jan-22-2023 18:42:48
Job ID:        563259
Array Job ID:  _4294967294
User ID:       bzhang376
Account:       gts-phanish6-coda20
Job name:      Al1372_mesh
Resources:     cpu=384,mem=4.50T,node=32
Rsrc Used:     cput=23-09:55:12,vmem=11364K,walltime=01:27:48,mem=7920K,energy_used=0
Partition:     cpu-medium
QOS:           inferno
Nodes:         atl1-1-01-003-3-[1-2],atl1-1-01-003-4-[1-2],atl1-1-01-003-6-[1-2],atl1-1-01-003-7-2,atl1-1-01-003-8-1,atl1-1-01-003-10-2,atl1-1-01-003-12-2,atl1-1-01-003-13-[1-2],atl1-1-01-003-14-1,atl1-1-01-003-15-[1-2],atl1-1-01-003-16-[1-2],atl1-1-01-003-17-2,atl1-1-01-003-18-[1-2],atl1-1-01-003-21-[1-2],atl1-1-01-003-22-[1-2],atl1-1-01-003-23-[1-2],atl1-1-01-003-25-[1-2],atl1-1-01-003-26-[1-2],atl1-1-01-003-27-1,atl1-1-01-004-19-1
---------------------------------------
