---------------------------------------
Begin Slurm Prolog: Jan-19-2023 14:40:13
Job ID:    529926
User ID:   bzhang376
Account:   gts-phanish6-coda20
Job name:  C216_mesh
Partition: cpu-small
QOS:       inferno
---------------------------------------

Lmod is automatically replacing "gcc/10.3.0-o57x6h" with "intel/20.0.4".


The following have been reloaded with a version change:
  1) mvapich2/2.3.6-ouywal => mvapich2/2.3.6-z2duuy

---------------------------------------
Begin Slurm Epilog: Jan-19-2023 14:40:41
Job ID:        529926
Array Job ID:  _4294967294
User ID:       bzhang376
Account:       gts-phanish6-coda20
Job name:      C216_mesh
Resources:     cpu=96,mem=672G,node=8
Rsrc Used:     cput=00:44:48,vmem=788K,walltime=00:00:28,mem=0,energy_used=0
Partition:     cpu-small
QOS:           inferno
Nodes:         atl1-1-01-003-22-[1-2],atl1-1-01-003-23-1,atl1-1-01-004-13-1,atl1-1-01-004-18-1,atl1-1-01-004-20-2,atl1-1-01-004-30-2,atl1-1-02-003-18-1
---------------------------------------
