---------------------------------------
Begin Slurm Prolog: Jan-19-2023 14:36:37
Job ID:    529854
User ID:   bzhang376
Account:   gts-phanish6-coda20
Job name:  C216_mesh
Partition: cpu-small
QOS:       inferno
---------------------------------------

Lmod is automatically replacing "gcc/10.3.0-o57x6h" with "intel/20.0.4".


The following have been reloaded with a version change:
  1) mvapich2/2.3.6-ouywal => mvapich2/2.3.6-z2duuy

---------------------------------------
Begin Slurm Epilog: Jan-19-2023 14:37:06
Job ID:        529854
Array Job ID:  _4294967294
User ID:       bzhang376
Account:       gts-phanish6-coda20
Job name:      C216_mesh
Resources:     cpu=96,mem=672G,node=8
Rsrc Used:     cput=00:44:48,vmem=500K,walltime=00:00:28,mem=0,energy_used=0
Partition:     cpu-small
QOS:           inferno
Nodes:         atl1-1-02-017-14-[1-2],atl1-1-02-017-15-[1-2],atl1-1-02-017-16-[1-2],atl1-1-02-017-17-[1-2]
---------------------------------------
