
fchrg = 5.00000000 > 0.0 (icmod != 0)
This pseudopotential contains non-linear core correction. 

fchrg = 5.000000, READING MODEL CORE CHARGE!


WARNING: REFERENCE _CUFOFF (0.500000 Bohr) < MESH_SPACING (dx 0.653049 Bohr, dy 0.653049 Bohr, dz 0.653049 Bohr) in SCF#1

WARNING: REFERENCE _CUFOFF (0.500000 Bohr) < MESH_SPACING (dx 0.653049 Bohr, dy 0.653049 Bohr, dz 0.653049 Bohr) in SCF#2

WARNING: REFERENCE _CUFOFF (0.500000 Bohr) < MESH_SPACING (dx 0.653049 Bohr, dy 0.653049 Bohr, dz 0.653049 Bohr) in SCF#3

WARNING: REFERENCE _CUFOFF (0.500000 Bohr) < MESH_SPACING (dx 0.653049 Bohr, dy 0.653049 Bohr, dz 0.653049 Bohr) in SCF#4

WARNING: REFERENCE _CUFOFF (0.500000 Bohr) < MESH_SPACING (dx 0.653049 Bohr, dy 0.653049 Bohr, dz 0.653049 Bohr) in SCF#5

WARNING: REFERENCE _CUFOFF (0.500000 Bohr) < MESH_SPACING (dx 0.653049 Bohr, dy 0.653049 Bohr, dz 0.653049 Bohr) in SCF#6

WARNING: REFERENCE _CUFOFF (0.500000 Bohr) < MESH_SPACING (dx 0.653049 Bohr, dy 0.653049 Bohr, dz 0.653049 Bohr) in SCF#7

WARNING: REFERENCE _CUFOFF (0.500000 Bohr) < MESH_SPACING (dx 0.653049 Bohr, dy 0.653049 Bohr, dz 0.653049 Bohr) in SCF#8

WARNING: REFERENCE _CUFOFF (0.500000 Bohr) < MESH_SPACING (dx 0.653049 Bohr, dy 0.653049 Bohr, dz 0.653049 Bohr) in SCF#9

WARNING: REFERENCE _CUFOFF (0.500000 Bohr) < MESH_SPACING (dx 0.653049 Bohr, dy 0.653049 Bohr, dz 0.653049 Bohr) in SCF#10

WARNING: REFERENCE _CUFOFF (0.500000 Bohr) < MESH_SPACING (dx 0.653049 Bohr, dy 0.653049 Bohr, dz 0.653049 Bohr) in SCF#11

WARNING: REFERENCE _CUFOFF (0.500000 Bohr) < MESH_SPACING (dx 0.653049 Bohr, dy 0.653049 Bohr, dz 0.653049 Bohr) in SCF#12

WARNING: REFERENCE _CUFOFF (0.500000 Bohr) < MESH_SPACING (dx 0.653049 Bohr, dy 0.653049 Bohr, dz 0.653049 Bohr) in SCF#13

WARNING: REFERENCE _CUFOFF (0.500000 Bohr) < MESH_SPACING (dx 0.653049 Bohr, dy 0.653049 Bohr, dz 0.653049 Bohr) in SCF#14

WARNING: REFERENCE _CUFOFF (0.500000 Bohr) < MESH_SPACING (dx 0.653049 Bohr, dy 0.653049 Bohr, dz 0.653049 Bohr) in SCF#15

WARNING: REFERENCE _CUFOFF (0.500000 Bohr) < MESH_SPACING (dx 0.653049 Bohr, dy 0.653049 Bohr, dz 0.653049 Bohr) in SCF#16

WARNING: REFERENCE _CUFOFF (0.500000 Bohr) < MESH_SPACING (dx 0.653049 Bohr, dy 0.653049 Bohr, dz 0.653049 Bohr) in SCF#17

WARNING: REFERENCE _CUFOFF (0.500000 Bohr) < MESH_SPACING (dx 0.653049 Bohr, dy 0.653049 Bohr, dz 0.653049 Bohr) in SCF#18

WARNING: REFERENCE _CUFOFF (0.500000 Bohr) < MESH_SPACING (dx 0.653049 Bohr, dy 0.653049 Bohr, dz 0.653049 Bohr) in SCF#19

WARNING: REFERENCE _CUFOFF (0.500000 Bohr) < MESH_SPACING (dx 0.653049 Bohr, dy 0.653049 Bohr, dz 0.653049 Bohr) in SCF#20
The program took 202.060 s.
