---------------------------------------
Begin Slurm Prolog: Feb-14-2023 17:25:06
Job ID:    704823
User ID:   bzhang376
Account:   gts-phanish6
Job name:  TiO2_mesh
Partition: cpu-small
QOS:       inferno
---------------------------------------

Lmod is automatically replacing "gcc/10.3.0-o57x6h" with "intel/20.0.4".


The following have been reloaded with a version change:
  1) mvapich2/2.3.6-ouywal => mvapich2/2.3.6-z2duuy

---------------------------------------
Begin Slurm Epilog: Feb-14-2023 17:54:59
Job ID:        704823
Array Job ID:  _4294967294
User ID:       bzhang376
Account:       gts-phanish6
Job name:      TiO2_mesh
Resources:     cpu=360,mem=2520G,node=30
Rsrc Used:     cput=7-11:18:00,vmem=9132K,walltime=00:29:53,mem=8104K,energy_used=0
Partition:     cpu-small
QOS:           inferno
Nodes:         atl1-1-02-009-18-2,atl1-1-02-009-20-1,atl1-1-02-009-24-[1-2],atl1-1-02-009-25-[1-2],atl1-1-02-009-26-1,atl1-1-02-009-27-2,atl1-1-02-017-1-2,atl1-1-02-017-3-[1-2],atl1-1-02-017-4-1,atl1-1-02-017-5-2,atl1-1-02-017-6-1,atl1-1-02-017-8-2,atl1-1-02-017-10-2,atl1-1-02-017-11-1,atl1-1-02-017-17-1,atl1-1-02-017-36-1,atl1-1-02-018-1-1,atl1-1-02-018-2-[1-2],atl1-1-02-018-4-1,atl1-1-02-018-6-[1-2],atl1-1-02-018-7-[1-2],atl1-1-02-018-9-1,atl1-1-02-018-10-[1-2]
---------------------------------------
