---------------------------------------
Begin Slurm Prolog: Feb-14-2023 16:30:38
Job ID:    704706
User ID:   bzhang376
Account:   gts-phanish6
Job name:  TiO2_mesh
Partition: cpu-small
QOS:       inferno
---------------------------------------

Lmod is automatically replacing "gcc/10.3.0-o57x6h" with "intel/20.0.4".


The following have been reloaded with a version change:
  1) mvapich2/2.3.6-ouywal => mvapich2/2.3.6-z2duuy

---------------------------------------
Begin Slurm Epilog: Feb-14-2023 17:21:40
Job ID:        704706
Array Job ID:  _4294967294
User ID:       bzhang376
Account:       gts-phanish6
Job name:      TiO2_mesh
Resources:     cpu=360,mem=2520G,node=30
Rsrc Used:     cput=12-18:18:00,vmem=11144K,walltime=00:51:03,mem=8104K,energy_used=0
Partition:     cpu-small
QOS:           inferno
Nodes:         atl1-1-02-006-14-[1-2],atl1-1-02-006-15-2,atl1-1-02-006-16-[1-2],atl1-1-02-006-18-[1-2],atl1-1-02-006-19-1,atl1-1-02-006-21-[1-2],atl1-1-02-006-22-1,atl1-1-02-006-24-1,atl1-1-02-006-25-2,atl1-1-02-006-26-[1-2],atl1-1-02-006-30-2,atl1-1-02-015-9-2,atl1-1-02-015-29-2,atl1-1-02-015-30-1,atl1-1-02-017-1-2,atl1-1-02-017-3-[1-2],atl1-1-02-017-4-1,atl1-1-02-017-5-2,atl1-1-02-017-6-1,atl1-1-02-017-8-2,atl1-1-02-017-10-2,atl1-1-02-017-11-1,atl1-1-02-017-17-1,atl1-1-02-017-36-1
---------------------------------------
