***************************************************************************
*                       SPARC (version Dec 19, 2022)                      *
*   Copyright (c) 2020 Material Physics & Mechanics Group, Georgia Tech   *
*           Distributed under GNU General Public License 3 (GPL)          *
*                   Start time: Tue Feb 14 17:56:58 2023                  *
***************************************************************************
                           Input parameters                                
***************************************************************************
LATVEC_SCALE: 17.5236981730929 11.2151152043688 52.9814825493465 
LATVEC:
1 0 0 
0 1 0 
0 0 1 
FD_GRID: 70 45 212
FD_ORDER: 12
BC: P P D
KPOINT_GRID: 2 2 1
KPOINT_SHIFT: 0.5 0.5 0
SPIN_TYP: 0
ELEC_TEMP_TYPE: Gaussian
SMEARING: 0.001836999861
EXCHANGE_CORRELATION: HSE
EXX_RANGE_FOCK: 0.106000
EXX_RANGE_PBE: 0.106000
NSTATES: 465
CHEB_DEGREE: 30
CHEFSI_BOUND_FLAG: 0
CALC_STRESS: 0
CALC_PRES: 0
MAXIT_SCF: 100
MINIT_SCF: 2
MAXIT_POISSON: 3000
TOL_SCF: 5.00E-04
POISSON_SOLVER: AAR
TOL_POISSON: 5.00E-06
TOL_LANCZOS: 1.00E-02
TOL_PSEUDOCHARGE: 5.00E-06
MIXING_VARIABLE: density
MIXING_PRECOND: kerker
TOL_PRECOND: 6.24E-05
PRECOND_KERKER_KTF: 1
PRECOND_KERKER_THRESH: 0.1
MIXING_PARAMETER: 0.3
MIXING_HISTORY: 7
PULAY_FREQUENCY: 1
PULAY_RESTART: 0
REFERENCE_CUTOFF: 0.5
RHO_TRIGGER: 4
FIX_RAND: 0
VERBOSITY: 1
PRINT_FORCES: 1
PRINT_ATOMS: 1
PRINT_EIGEN: 0
PRINT_DENSITY: 0
PRINT_ENERGY_DENSITY: 0
EXX_FRAC: 0.25
TOL_FOCK: 1.00E-04
TOL_SCF_INIT: 1.00E-03
MAXIT_FOCK: 20
MINIT_FOCK: 2
EXX_METHOD: FOURIER_SPACE
EXX_DIVERGENCE: AUXILIARY
EXX_MEM: 12
ACE_FLAG: 1
EXX_ACE_VALENCE_STATES: 3
EXX_DOWNSAMPLING: 1 1 1
OUTPUT_FILE: TiO2_HSE
***************************************************************************
                                Cell                                       
***************************************************************************
Lattice vectors (Bohr):
17.523698173092900 0.000000000000000 0.000000000000000 
0.000000000000000 11.215115204368800 0.000000000000000 
0.000000000000000 0.000000000000000 52.981482549346488 
Volume: 1.0412466332E+04 (Bohr^3)
***************************************************************************
                           Parallelization                                 
***************************************************************************
NP_SPIN_PARAL: 1
NP_KPOINT_PARAL: 2
NP_BAND_PARAL: 6
NP_DOMAIN_PARAL: 3 2 5
NP_DOMAIN_PHI_PARAL: 5 4 18
EIG_SERIAL_MAXNS: 1500
***************************************************************************
                             Initialization                                
***************************************************************************
Number of processors               :  360
Mesh spacing in x-direction        :  0.250339 (Bohr)
Mesh spacing in y-direction        :  0.249225 (Bohr)
Mesh spacing in z-direction        :  0.249913 (Bohr)
Number of symmetry adapted k-points:  2
Output printed to                  :  TiO2_HSE.out
Total number of atom types         :  2
Total number of atoms              :  96
Total number of electrons          :  768
Atom type 1  (valence electrons)   :  O 6
Pseudopotential                    :  ../08_O_6_1.2_1.4_pbe_n_v1.0.psp8
Pseudocharge radii of atom type 1  :  6.51 6.48 6.50 (x, y, z dir)
Number of atoms of type 1          :  64
Atom type 2  (valence electrons)   :  Ti 12
Pseudopotential                    :  ../22_Ti_12_2.0_2.8_pbe_n_v1.0.psp8
Pseudocharge radii of atom type 2  :  6.26 6.23 6.25 (x, y, z dir)
Number of atoms of type 2          :  32
Estimated total memory usage       :  214.48 GB
Estimated memory per processor     :  610.07 MB
===================================================================
                    Self Consistent Field (SCF#1)                     
===================================================================
Iteration     Free Energy (Ha/atom)   SCF Error        Timing (sec)
1            -3.0687887740E+01        1.462E-01        19.944
2            -3.0636756574E+01        5.278E-02        4.929
3            -3.0633765978E+01        3.455E-02        5.112
4            -3.0634840443E+01        2.812E-02        7.311
5            -3.0633393656E+01        8.525E-03        5.014
6            -3.0633401032E+01        4.426E-03        4.978
7            -3.0633394675E+01        3.581E-03        5.010
8            -3.0633388377E+01        1.612E-03        4.977
9            -3.0633390560E+01        1.132E-03        4.948
10           -3.0633387387E+01        3.357E-04        5.016
Total number of SCF: 10    

No.1 Exx outer loop. ACE timing: 386.063 (sec)
1            -3.0415416459E+01        1.062E-02        10.758
2            -3.0415910577E+01        1.255E-02        10.349
3            -3.0415371036E+01        6.716E-03        10.366
4            -3.0415235320E+01        2.360E-03        10.334
5            -3.0415264917E+01        1.710E-03        10.294
6            -3.0415231345E+01        8.690E-04        10.348
7            -3.0415227558E+01        5.552E-04        10.393
8            -3.0415227053E+01        2.694E-04        10.400
Total number of SCF: 8     
Exx outer loop error: 2.8774559314e-04 

No.2 Exx outer loop. ACE timing: 377.245 (sec)
1            -3.0415642137E+01        2.168E-03        10.800
2            -3.0415652799E+01        2.163E-03        10.259
3            -3.0415640321E+01        6.105E-04        10.396
4            -3.0415632946E+01        3.056E-04        10.379
Total number of SCF: 4     
Exx outer loop error: 2.0693153037e-04 

No.3 Exx outer loop. ACE timing: 376.961 (sec)
1            -3.0415663407E+01        8.735E-04        10.654
2            -3.0415663001E+01        6.772E-04        10.270
3            -3.0415658919E+01        1.901E-04        10.305
Total number of SCF: 3     
Exx outer loop error: 6.7127498361e-05 
====================================================================
                    Energy and force calculation                    
====================================================================
Free energy per atom               : -3.0415524664E+01 (Ha/atom)
Total free energy                  : -2.9198903677E+03 (Ha)
Band structure energy              : -7.6360360210E+02 (Ha)
Exchange correlation energy        : -5.1712222392E+02 (Ha)
Self and correction energy         : -3.8440875879E+03 (Ha)
-Entropy*kb*T                      : -2.4629876030E-08 (Ha)
Fermi level                        : -1.9127064372E-01 (Ha)
RMS force                          :  1.6415152025E-02 (Ha/Bohr)
Maximum force                      :  8.3950968433E-02 (Ha/Bohr)
Time for force calculation         :  0.206 (sec)
***************************************************************************
                               Timing info                                 
***************************************************************************
Total walltime                     :  1407.389 sec
___________________________________________________________________________

***************************************************************************
*             Material Physics & Mechanics Group, Georgia Tech            *
*                       PI: Phanish Suryanarayana                         *
*               List of contributors: See the documentation               *
*         Citation: See README.md or the documentation for details        *
*  Acknowledgements: U.S. DOE SC (DE-SC0019410), U.S. DOE NNSA (ASC)      *
*      {Preliminary developments: U.S. NSF (1333500,1663244,1553212)}     *
***************************************************************************
                                                                           
