***************************************************************************
*                       SPARC (version Apr 23, 2021)                      *
*   Copyright (c) 2020 Material Physics & Mechanics Group, Georgia Tech   *
*           Distributed under GNU General Public License 3 (GPL)          *
*                   Start time: Thu Jan 19 14:30:21 2023                  *
***************************************************************************
                           Input parameters                                
***************************************************************************
CELL: 30.6 30.6 30.6 
LATVEC:
1 0 0 
0 1 0 
0 0 1 
FD_GRID: 77 77 77
FD_ORDER: 12
BC: P P P
KPOINT_GRID: 1 1 1
KPOINT_SHIFT: 0 0 0
SPIN_TYP: 0
ELEC_TEMP_TYPE: Gaussian
SMEARING: 0.007349864435
CHEB_DEGREE: 20
NSTATES: 450
#WARNING: Number of bands may be insufficient for efficient SCF convergence.
EXCHANGE_CORRELATION: GGA_PBE
CALC_STRESS: 0
CALC_PRES: 0
CHEFSI_BOUND_FLAG: 0
MAXIT_SCF: 100
MINIT_SCF: 3
MAXIT_POISSON: 3000
TOL_SCF: 1.00E-05
POISSON_SOLVER: AAR
TOL_POISSON: 1.00E-07
TOL_LANCZOS: 1.00E-02
TOL_PSEUDOCHARGE: 1.00E-07
MIXING_VARIABLE: density
MIXING_PRECOND: kerker
TOL_PRECOND: 1.58E-04
PRECOND_KERKER_KTF: 1
PRECOND_KERKER_THRESH: 0.1
MIXING_PARAMETER: 0.7
MIXING_HISTORY: 7
PULAY_FREQUENCY: 1
PULAY_RESTART: 0
REFERENCE_CUTOFF: 0.5
RHO_TRIGGER: 4
FIX_RAND: 0
VERBOSITY: 1
PRINT_FORCES: 1
PRINT_ATOMS: 0
PRINT_EIGEN: 0
PRINT_DENSITY: 0
OUTPUT_FILE: Al256
***************************************************************************
                           Parallelization                                 
***************************************************************************
NP_SPIN_PARAL: 1
NP_KPOINT_PARAL: 1
NP_BAND_PARAL: 76
NP_DOMAIN_PARAL: 5 1 1
NP_DOMAIN_PHI_PARAL: 6 8 8
EIG_SERIAL_MAXNS: 2000
***************************************************************************
                             Initialization                                
***************************************************************************
Number of processors               :  384
Mesh spacing                       :  0.397403 (Bohr)
Number of symmetry adapted k-points:  1
Output printed to                  :  Al256.out
Total number of atom types         :  1
Total number of atoms              :  256
Total number of electrons          :  768
Atom type 1  (valence electrons)   :  Al 3
Pseudopotential                    :  ../13_Al_3_1.9_1.9_pbe_n_v1.0.psp8
Pseudocharge radii of atom type 1  :  7.55 7.55 7.55 (x, y, z dir)
Number of atoms of type 1          :  256
Estimated total memory usage       :  9.28 GB
Estimated memory per processor     :  24.74 MB
===================================================================
                    Self Consistent Field (SCF#1)                     
===================================================================
Iteration     Free Energy (Ha/atom)   SCF Error        Timing (sec)
1            -2.3004869490E+00        1.447E-01        2.840
2            -2.3112829971E+00        6.029E-02        0.637
3            -2.3146985703E+00        1.475E-02        0.653
4            -2.3159243772E+00        1.166E-02        0.638
5            -2.3163509255E+00        5.982E-03        0.644
6            -2.3165429753E+00        3.119E-03        0.616
7            -2.3166301946E+00        2.086E-03        0.646
8            -2.3166697013E+00        1.370E-03        0.610
9            -2.3166884583E+00        6.102E-04        0.630
10           -2.3166977359E+00        3.197E-04        0.611
11           -2.3167023177E+00        3.035E-04        0.604
12           -2.3167045815E+00        1.267E-04        0.608
13           -2.3167057297E+00        6.355E-05        0.600
14           -2.3167063132E+00        5.236E-05        0.596
15           -2.3167066111E+00        2.034E-05        0.626
16           -2.3167067645E+00        1.975E-05        0.611
17           -2.3167068422E+00        2.079E-05        0.609
18           -2.3167068840E+00        3.645E-05        0.597
19           -2.3167069044E+00        2.127E-05        0.598
20           -2.3167069159E+00        3.264E-05        0.610
21           -2.3167069225E+00        5.213E-05        0.592
22           -2.3167069252E+00        4.758E-05        0.620
23           -2.3167069275E+00        4.907E-05        0.588
24           -2.3167069276E+00        4.572E-05        0.615
25           -2.3167069287E+00        4.403E-05        0.605
26           -2.3167069283E+00        3.817E-05        0.605
27           -2.3167069289E+00        4.307E-05        0.590
28           -2.3167069288E+00        2.237E-05        0.611
29           -2.3167069287E+00        8.897E-06        0.578
Total number of SCF: 29    

k = [0.000, 0.000, 0.000]
Occupation of state 405 = 0.000853969069689.
Occupation of state 450 = 0.000000000000000.
====================================================================
                    Energy and force calculation                    
====================================================================
Free energy per atom               : -2.3167069273E+00 (Ha/atom)
Total free energy                  : -5.9307697340E+02 (Ha)
Band structure energy              :  1.6713699718E+01 (Ha)
Exchange correlation energy        : -2.8068693050E+02 (Ha)
Self and correction energy         : -7.9992557060E+02 (Ha)
Entropy*kb*T                       : -8.9667747635E-02 (Ha)
Fermi level                        :  1.7663367560E-01 (Ha)
RMS force                          :  3.5603976504E-02 (Ha/Bohr)
Maximum force                      :  1.0325725258E-01 (Ha/Bohr)
Time for force calculation         :  0.075 (sec)
***************************************************************************
                               Timing info                                 
***************************************************************************
Total walltime                     :  20.734 sec
___________________________________________________________________________

***************************************************************************
*             Material Physics & Mechanics Group, Georgia Tech            *
*                       PI: Phanish Suryanarayana                         *
*                Main Developers: Qimen Xu, Abhiraj Sharma                *
*     Collaborators: J.E. Pask (LLNL), A.J. Medford (GT), E. Chow (GT)    *
*  Acknowledgements: U.S. DOE (DE-SC0019410); U.S. NSF (1333500,1553212)  *
***************************************************************************
                                                                           
