---------------------------------------
Begin Slurm Prolog: Jan-19-2023 14:30:18
Job ID:    529743
User ID:   bzhang376
Account:   gts-phanish6-coda20
Job name:  Al256_mesh
Partition: cpu-small
QOS:       inferno
---------------------------------------

Lmod is automatically replacing "gcc/10.3.0-o57x6h" with "intel/20.0.4".


The following have been reloaded with a version change:
  1) mvapich2/2.3.6-ouywal => mvapich2/2.3.6-z2duuy

---------------------------------------
Begin Slurm Epilog: Jan-19-2023 14:30:42
Job ID:        529743
Array Job ID:  _4294967294
User ID:       bzhang376
Account:       gts-phanish6-coda20
Job name:      Al256_mesh
Resources:     cpu=384,mem=2688G,node=32
Rsrc Used:     cput=02:33:36,vmem=280K,walltime=00:00:24,mem=0,energy_used=0
Partition:     cpu-small
QOS:           inferno
Nodes:         atl1-1-02-002-10-[1-2],atl1-1-02-002-11-[1-2],atl1-1-02-002-12-[1-2],atl1-1-02-002-13-2,atl1-1-02-009-2-1,atl1-1-02-009-9-[1-2],atl1-1-02-009-10-[1-2],atl1-1-03-002-1-1,atl1-1-03-002-2-2,atl1-1-03-002-3-2,atl1-1-03-002-6-2,atl1-1-03-002-7-2,atl1-1-03-002-8-2,atl1-1-03-002-9-1,atl1-1-03-002-10-[1-2],atl1-1-03-002-11-2,atl1-1-03-002-12-[1-2],atl1-1-03-002-14-1,atl1-1-03-003-25-2,atl1-1-03-003-26-2,atl1-1-03-003-27-1,atl1-1-03-003-31-[1-2],atl1-1-03-003-32-2,atl1-1-03-003-33-2
---------------------------------------
