***************************************************************************
*                       SPARC (version Apr 23, 2021)                      *
*   Copyright (c) 2020 Material Physics & Mechanics Group, Georgia Tech   *
*           Distributed under GNU General Public License 3 (GPL)          *
*                   Start time: Sun Jan 22 21:17:20 2023                  *
***************************************************************************
                           Input parameters                                
***************************************************************************
CELL: 7.65 7.65 7.65 
LATVEC:
1 0 0 
0 1 0 
0 0 1 
FD_GRID: 15 15 15
FD_ORDER: 12
BC: P P P
KPOINT_GRID: 1 1 1
KPOINT_SHIFT: 0 0 0
SPIN_TYP: 0
ELEC_TEMP_TYPE: Gaussian
SMEARING: 0.007349864435
CHEB_DEGREE: 17
NSTATES: 10
#WARNING: Number of bands may be insufficient for efficient SCF convergence.
EXCHANGE_CORRELATION: GGA_PBE
CALC_STRESS: 0
CALC_PRES: 0
CHEFSI_BOUND_FLAG: 0
MAXIT_SCF: 100
MINIT_SCF: 3
MAXIT_POISSON: 3000
TOL_SCF: 1.00E-04
POISSON_SOLVER: AAR
TOL_POISSON: 1.00E-06
TOL_LANCZOS: 1.00E-02
TOL_PSEUDOCHARGE: 1.00E-06
MIXING_VARIABLE: density
MIXING_PRECOND: kerker
TOL_PRECOND: 2.60E-04
PRECOND_KERKER_KTF: 1
PRECOND_KERKER_THRESH: 0
MIXING_PARAMETER: 1
MIXING_HISTORY: 7
PULAY_FREQUENCY: 1
PULAY_RESTART: 0
REFERENCE_CUTOFF: 0.5
RHO_TRIGGER: 4
FIX_RAND: 0
VERBOSITY: 1
PRINT_FORCES: 1
PRINT_ATOMS: 0
PRINT_EIGEN: 0
PRINT_DENSITY: 0
OUTPUT_FILE: Al4
***************************************************************************
                           Parallelization                                 
***************************************************************************
NP_SPIN_PARAL: 1
NP_KPOINT_PARAL: 1
NP_BAND_PARAL: 10
NP_DOMAIN_PARAL: 2 2 2
NP_DOMAIN_PHI_PARAL: 2 2 2
EIG_SERIAL_MAXNS: 2000
***************************************************************************
                             Initialization                                
***************************************************************************
Number of processors               :  96
Mesh spacing                       :  0.51 (Bohr)
Number of symmetry adapted k-points:  1
Output printed to                  :  Al4.out
Total number of atom types         :  1
Total number of atoms              :  4
Total number of electrons          :  12
Atom type 1  (valence electrons)   :  Al 3
Pseudopotential                    :  ../13_Al_3_1.9_1.9_pbe_n_v1.0.psp8
Pseudocharge radii of atom type 1  :  7.14 7.14 7.14 (x, y, z dir)
Number of atoms of type 1          :  4
Estimated total memory usage       :  2.27 MB
Estimated memory per processor     :  24.17 kB
===================================================================
                    Self Consistent Field (SCF#1)                     
===================================================================
Iteration     Free Energy (Ha/atom)   SCF Error        Timing (sec)
1            -2.2639664508E+00        1.571E-01        0.034
2            -2.2632090650E+00        9.983E-02        0.006
3            -2.2627900400E+00        5.165E-02        0.009
4            -2.2626488654E+00        5.497E-03        0.005
5            -2.2626478873E+00        4.791E-03        0.007
6            -2.2626467446E+00        7.658E-04        0.005
7            -2.2626467822E+00        1.065E-04        0.004
8            -2.2626466482E+00        5.171E-05        0.002
Total number of SCF: 8     

k = [0.000, 0.000, 0.000]
Occupation of state 9 = 0.000000000000000.
Occupation of state 10 = 0.000000000000000.
====================================================================
                    Energy and force calculation                    
====================================================================
Free energy per atom               : -2.2626466282E+00 (Ha/atom)
Total free energy                  : -9.0505865128E+00 (Ha)
Band structure energy              :  5.4349792683E-01 (Ha)
Exchange correlation energy        : -4.3675185123E+00 (Ha)
Self and correction energy         : -1.2498729966E+01 (Ha)
Entropy*kb*T                       : -1.1183638509E-02 (Ha)
Fermi level                        :  1.3021775615E-01 (Ha)
RMS force                          :  1.1614410718E-02 (Ha/Bohr)
Maximum force                      :  1.5279851042E-02 (Ha/Bohr)
Time for force calculation         :  0.015 (sec)
***************************************************************************
                               Timing info                                 
***************************************************************************
Total walltime                     :  0.153 sec
___________________________________________________________________________

***************************************************************************
*             Material Physics & Mechanics Group, Georgia Tech            *
*                       PI: Phanish Suryanarayana                         *
*                Main Developers: Qimen Xu, Abhiraj Sharma                *
*     Collaborators: J.E. Pask (LLNL), A.J. Medford (GT), E. Chow (GT)    *
*  Acknowledgements: U.S. DOE (DE-SC0019410); U.S. NSF (1333500,1553212)  *
***************************************************************************
                                                                           
