***************************************************************************
*                       SPARC (version Apr 23, 2021)                      *
*   Copyright (c) 2020 Material Physics & Mechanics Group, Georgia Tech   *
*           Distributed under GNU General Public License 3 (GPL)          *
*                   Start time: Sun Jan 22 21:08:11 2023                  *
***************************************************************************
                           Input parameters                                
***************************************************************************
CELL: 7.65 7.65 7.65 
LATVEC:
1 0 0 
0 1 0 
0 0 1 
FD_GRID: 55 55 55
FD_ORDER: 12
BC: P P P
KPOINT_GRID: 1 1 1
KPOINT_SHIFT: 0 0 0
SPIN_TYP: 0
ELEC_TEMP_TYPE: Gaussian
SMEARING: 0.007349864435
CHEB_DEGREE: 43
NSTATES: 10
#WARNING: Number of bands may be insufficient for efficient SCF convergence.
EXCHANGE_CORRELATION: GGA_PBE
CALC_STRESS: 0
CALC_PRES: 0
CHEFSI_BOUND_FLAG: 0
MAXIT_SCF: 100
MINIT_SCF: 3
MAXIT_POISSON: 3000
TOL_SCF: 1.00E-04
POISSON_SOLVER: AAR
TOL_POISSON: 1.00E-06
TOL_LANCZOS: 1.00E-02
TOL_PSEUDOCHARGE: 1.00E-06
MIXING_VARIABLE: density
MIXING_PRECOND: kerker
TOL_PRECOND: 1.93E-05
PRECOND_KERKER_KTF: 1
PRECOND_KERKER_THRESH: 0
MIXING_PARAMETER: 1
MIXING_HISTORY: 7
PULAY_FREQUENCY: 1
PULAY_RESTART: 0
REFERENCE_CUTOFF: 0.5
RHO_TRIGGER: 4
FIX_RAND: 0
VERBOSITY: 1
PRINT_FORCES: 1
PRINT_ATOMS: 0
PRINT_EIGEN: 0
PRINT_DENSITY: 0
OUTPUT_FILE: Al4
***************************************************************************
                           Parallelization                                 
***************************************************************************
NP_SPIN_PARAL: 1
NP_KPOINT_PARAL: 1
NP_BAND_PARAL: 10
NP_DOMAIN_PARAL: 1 3 3
NP_DOMAIN_PHI_PARAL: 4 4 6
EIG_SERIAL_MAXNS: 2000
***************************************************************************
                             Initialization                                
***************************************************************************
Number of processors               :  96
Mesh spacing                       :  0.139091 (Bohr)
Number of symmetry adapted k-points:  1
Output printed to                  :  Al4.out
Total number of atom types         :  1
Total number of atoms              :  4
Total number of electrons          :  12
Atom type 1  (valence electrons)   :  Al 3
Pseudopotential                    :  ../13_Al_3_1.9_1.9_pbe_n_v1.0.psp8
Pseudocharge radii of atom type 1  :  6.26 6.26 6.26 (x, y, z dir)
Number of atoms of type 1          :  4
Estimated total memory usage       :  111.70 MB
Estimated memory per processor     :  1.16 MB
===================================================================
                    Self Consistent Field (SCF#1)                     
===================================================================
Iteration     Free Energy (Ha/atom)   SCF Error        Timing (sec)
1            -2.2181643814E+00        2.474E-01        0.213
2            -2.2590902749E+00        2.245E-01        0.066
3            -2.2632319736E+00        1.223E-01        0.075
4            -2.2633066829E+00        7.958E-02        0.064
5            -2.2630499182E+00        4.274E-02        0.070
6            -2.2629607107E+00        9.763E-03        0.064
7            -2.2629597706E+00        4.649E-03        0.062
8            -2.2629567502E+00        2.335E-03        0.059
9            -2.2629565170E+00        1.708E-03        0.060
10           -2.2629562680E+00        7.499E-04        0.058
11           -2.2629561867E+00        2.898E-04        0.058
12           -2.2629561749E+00        7.998E-05        0.035
Total number of SCF: 12    

k = [0.000, 0.000, 0.000]
Occupation of state 9 = 0.000000000000000.
Occupation of state 10 = 0.000000000000000.
====================================================================
                    Energy and force calculation                    
====================================================================
Free energy per atom               : -2.2629561737E+00 (Ha/atom)
Total free energy                  : -9.0518246950E+00 (Ha)
Band structure energy              :  5.4213228934E-01 (Ha)
Exchange correlation energy        : -4.3676045127E+00 (Ha)
Self and correction energy         : -1.2498964158E+01 (Ha)
Entropy*kb*T                       : -1.1160601610E-02 (Ha)
Fermi level                        :  1.3027580270E-01 (Ha)
RMS force                          :  1.1588483659E-02 (Ha/Bohr)
Maximum force                      :  1.5118198493E-02 (Ha/Bohr)
Time for force calculation         :  0.027 (sec)
***************************************************************************
                               Timing info                                 
***************************************************************************
Total walltime                     :  1.060 sec
___________________________________________________________________________

***************************************************************************
*             Material Physics & Mechanics Group, Georgia Tech            *
*                       PI: Phanish Suryanarayana                         *
*                Main Developers: Qimen Xu, Abhiraj Sharma                *
*     Collaborators: J.E. Pask (LLNL), A.J. Medford (GT), E. Chow (GT)    *
*  Acknowledgements: U.S. DOE (DE-SC0019410); U.S. NSF (1333500,1553212)  *
***************************************************************************
                                                                           
